
LOGBASE
2016-12-08_22:28:26 FILE:../Lua/LuaInterface.cpp FUNC:LoadFile LINE:70
 	  Message:Load file[filepath=/data/game/cx/Server/ybtx/Bin_Mob/Data/Map/zuoqijinjie/FieldSpring.lua] error
LOGBASE
2016-12-08_22:28:26 FILE:../Lua/LuaInterface.cpp FUNC:LoadFile LINE:70
 	  Message:Load file[filepath=/data/game/cx/Server/ybtx/Bin_Mob/Data/Map/shenbingjinjie/FieldSpring.lua] error
LOGBASE
2016-12-08_22:28:26 FILE:../Lua/LuaInterface.cpp FUNC:LoadFile LINE:70
 	  Message:Load file[filepath=/data/game/cx/Server/ybtx/Bin_Mob/Data/Map/shenqijinjie/FieldSpring.lua] error
LOGBASE
2016-12-08_22:28:26 FILE:../Lua/LuaInterface.cpp FUNC:LoadFile LINE:70
 	  Message:Load file[filepath=/data/game/cx/Server/ybtx/Bin_Mob/Data/Map/danlujinjie/FieldSpring.lua] error
LOGBASE
2016-12-08_22:28:26 FILE:../Lua/LuaInterface.cpp FUNC:LoadFile LINE:70
 	  Message:Load file[filepath=/data/game/cx/Server/ybtx/Bin_Mob/Data/Map/xinfajinjie/FieldSpring.lua] error
LOGBASE
2016-12-08_22:28:26 FILE:../Lua/LuaInterface.cpp FUNC:LoadFile LINE:70
 	  Message:Load file[filepath=/data/game/cx/Server/ybtx/Bin_Mob/Data/Map/jingyanfuben1/FieldSpring.lua] error
LOGBASE
2016-12-08_22:28:26 FILE:../Lua/LuaInterface.cpp FUNC:LoadFile LINE:70
 	  Message:Load file[filepath=/data/game/cx/Server/ybtx/Bin_Mob/Data/Map/jingyanfuben2/FieldSpring.lua] error
LOGBASE
2016-12-08_22:28:26 FILE:../Lua/LuaInterface.cpp FUNC:LoadFile LINE:70
 	  Message:Load file[filepath=/data/game/cx/Server/ybtx/Bin_Mob/Data/Map/jingyanfuben3/FieldSpring.lua] error
LOGBASE
2016-12-08_22:28:26 FILE:../Lua/LuaInterface.cpp FUNC:LoadFile LINE:70
 	  Message:Load file[filepath=/data/game/cx/Server/ybtx/Bin_Mob/Data/Map/jingyanfuben4/FieldSpring.lua] error
LOGBASE
2016-12-08_22:28:26 FILE:../Lua/LuaInterface.cpp FUNC:LoadFile LINE:70
 	  Message:Load file[filepath=/data/game/cx/Server/ybtx/Bin_Mob/Data/Map/jingyanfuben5/FieldSpring.lua] error
LOGBASE
2016-12-08_22:28:26 FILE:../Lua/LuaInterface.cpp FUNC:LoadFile LINE:70
 	  Message:Load file[filepath=/data/game/cx/Server/ybtx/Bin_Mob/Data/Map/jingyanfuben6/FieldSpring.lua] error
LOGBASE
2016-12-08_22:28:26 FILE:../Lua/LuaInterface.cpp FUNC:LoadFile LINE:70
 	  Message:Load file[filepath=/data/game/cx/Server/ybtx/Bin_Mob/Data/Map/jingyanfuben7/FieldSpring.lua] error
LOGBASE
2016-12-08_22:28:26 FILE:../Lua/LuaInterface.cpp FUNC:LoadFile LINE:70
 	  Message:Load file[filepath=/data/game/cx/Server/ybtx/Bin_Mob/Data/Map/jingyanfuben8/FieldSpring.lua] error
LOGBASE
2016-12-08_22:28:26 FILE:../Lua/LuaInterface.cpp FUNC:LoadFile LINE:70
 	  Message:Load file[filepath=/data/game/cx/Server/ybtx/Bin_Mob/Data/Map/tongqianfuben1/FieldSpring.lua] error
LOGBASE
2016-12-08_22:28:26 FILE:../Lua/LuaInterface.cpp FUNC:LoadFile LINE:70
 	  Message:Load file[filepath=/data/game/cx/Server/ybtx/Bin_Mob/Data/Map/tongqianfuben2/FieldSpring.lua] error
LOGBASE
2016-12-08_22:28:26 FILE:../Lua/LuaInterface.cpp FUNC:LoadFile LINE:70
 	  Message:Load file[filepath=/data/game/cx/Server/ybtx/Bin_Mob/Data/Map/tongqianfuben3/FieldSpring.lua] error
LOGBASE
2016-12-08_22:28:26 FILE:../Lua/LuaInterface.cpp FUNC:LoadFile LINE:70
 	  Message:Load file[filepath=/data/game/cx/Server/ybtx/Bin_Mob/Data/Map/tongqianfuben4/FieldSpring.lua] error
LOGBASE
2016-12-08_22:28:26 FILE:../Lua/LuaInterface.cpp FUNC:LoadFile LINE:70
 	  Message:Load file[filepath=/data/game/cx/Server/ybtx/Bin_Mob/Data/Map/tongqianfuben5/FieldSpring.lua] error
LOGBASE
2016-12-08_22:28:26 FILE:../Lua/LuaInterface.cpp FUNC:LoadFile LINE:70
 	  Message:Load file[filepath=/data/game/cx/Server/ybtx/Bin_Mob/Data/Map/tongqianfuben6/FieldSpring.lua] error
LOGBASE
2016-12-08_22:28:26 FILE:../Lua/LuaInterface.cpp FUNC:LoadFile LINE:70
 	  Message:Load file[filepath=/data/game/cx/Server/ybtx/Bin_Mob/Data/Map/tongqianfuben7/FieldSpring.lua] error
LOGBASE
2016-12-08_22:28:26 FILE:../Lua/LuaInterface.cpp FUNC:LoadFile LINE:70
 	  Message:Load file[filepath=/data/game/cx/Server/ybtx/Bin_Mob/Data/Map/tongqianfuben8/FieldSpring.lua] error
LOGBASE
2016-12-08_22:28:26 FILE:../Lua/LuaInterface.cpp FUNC:LoadFile LINE:70
 	  Message:Load file[filepath=/data/game/cx/Server/ybtx/Bin_Mob/Data/Map/born/FieldSpring.lua] error
LOGBASE
2016-12-08_22:28:26 FILE:../Lua/LuaInterface.cpp FUNC:LoadFile LINE:70
 	  Message:Load file[filepath=/data/game/cx/Server/ybtx/Bin_Mob/Data/Map/jiankang/FieldSpring.lua] error
LOGBASE
2016-12-08_22:28:26 FILE:../Lua/LuaInterface.cpp FUNC:LoadFile LINE:70
 	  Message:Load file[filepath=/data/game/cx/Server/ybtx/Bin_Mob/Data/Map/changan/FieldSpring.lua] error
LOGBASE
2016-12-08_22:28:26 FILE:../Lua/LuaInterface.cpp FUNC:LoadFile LINE:70
 	  Message:Load file[filepath=/data/game/cx/Server/ybtx/Bin_Mob/Data/Map/mamingguan/FieldSpring.lua] error
LOGBASE
2016-12-08_22:28:26 FILE:../Lua/LuaInterface.cpp FUNC:LoadFile LINE:70
 	  Message:Load file[filepath=/data/game/cx/Server/ybtx/Bin_Mob/Data/Map/baibiguan/FieldSpring.lua] error
LOGBASE
2016-12-08_22:28:26 FILE:../Lua/LuaInterface.cpp FUNC:LoadFile LINE:70
 	  Message:Load file[filepath=/data/game/cx/Server/ybtx/Bin_Mob/Data/Map/taiyuancheng/FieldSpring.lua] error
LOGBASE
2016-12-08_22:28:26 FILE:../Lua/LuaInterface.cpp FUNC:LoadFile LINE:70
 	  Message:Load file[filepath=/data/game/cx/Server/ybtx/Bin_Mob/Data/Map/huanggong/FieldSpring.lua] error
LOGBASE
2016-12-08_22:28:26 FILE:../Lua/LuaInterface.cpp FUNC:LoadFile LINE:70
 	  Message:Load file[filepath=/data/game/cx/Server/ybtx/Bin_Mob/Data/Map/tiantangxian/FieldSpring.lua] error
LOGBASE
2016-12-08_22:28:26 FILE:../Lua/LuaInterface.cpp FUNC:LoadFile LINE:70
 	  Message:Load file[filepath=/data/game/cx/Server/ybtx/Bin_Mob/Data/Map/erxianzhuangwai/FieldSpring.lua] error
LOGBASE
2016-12-08_22:28:26 FILE:../Lua/LuaInterface.cpp FUNC:LoadFile LINE:70
 	  Message:Load file[filepath=/data/game/cx/Server/ybtx/Bin_Mob/Data/Map/erxianzhuang/FieldSpring.lua] error
LOGBASE
2016-12-08_22:28:26 FILE:../Lua/LuaInterface.cpp FUNC:LoadFile LINE:70
 	  Message:Load file[filepath=/data/game/cx/Server/ybtx/Bin_Mob/Data/Map/wanniangong/FieldSpring.lua] error
LOGBASE
2016-12-08_22:28:26 FILE:../Lua/LuaInterface.cpp FUNC:LoadFile LINE:70
 	  Message:Load file[filepath=/data/game/cx/Server/ybtx/Bin_Mob/Data/Map/shaohuashan/FieldSpring.lua] error
LOGBASE
2016-12-08_22:28:26 FILE:../Lua/LuaInterface.cpp FUNC:LoadFile LINE:70
 	  Message:Load file[filepath=/data/game/cx/Server/ybtx/Bin_Mob/Data/Map/hulaoguanwai/FieldSpring.lua] error
LOGBASE
2016-12-08_22:28:26 FILE:../Lua/LuaInterface.cpp FUNC:LoadFile LINE:70
 	  Message:Load file[filepath=/data/game/cx/Server/ybtx/Bin_Mob/Data/Map/hulaoguan/FieldSpring.lua] error
LOGBASE
2016-12-08_22:28:26 FILE:../Lua/LuaInterface.cpp FUNC:LoadFile LINE:70
 	  Message:Load file[filepath=/data/game/cx/Server/ybtx/Bin_Mob/Data/Map/fuben1/FieldSpring.lua] error
LOGBASE
2016-12-08_22:28:26 FILE:../Lua/LuaInterface.cpp FUNC:LoadFile LINE:70
 	  Message:Load file[filepath=/data/game/cx/Server/ybtx/Bin_Mob/Data/Map/fuben2/FieldSpring.lua] error
LOGBASE
2016-12-08_22:28:26 FILE:../Lua/LuaInterface.cpp FUNC:LoadFile LINE:70
 	  Message:Load file[filepath=/data/game/cx/Server/ybtx/Bin_Mob/Data/Map/fuben3/FieldSpring.lua] error
LOGBASE
2016-12-08_22:28:26 FILE:../Lua/LuaInterface.cpp FUNC:LoadFile LINE:70
 	  Message:Load file[filepath=/data/game/cx/Server/ybtx/Bin_Mob/Data/Map/fuben4/FieldSpring.lua] error
LOGBASE
2016-12-08_22:28:26 FILE:../Lua/LuaInterface.cpp FUNC:LoadFile LINE:70
 	  Message:Load file[filepath=/data/game/cx/Server/ybtx/Bin_Mob/Data/Map/fuben5/FieldSpring.lua] error
LOGBASE
2016-12-08_22:28:26 FILE:../Lua/LuaInterface.cpp FUNC:LoadFile LINE:70
 	  Message:Load file[filepath=/data/game/cx/Server/ybtx/Bin_Mob/Data/Map/fuben6/FieldSpring.lua] error
LOGBASE
2016-12-08_22:28:26 FILE:../Lua/LuaInterface.cpp FUNC:LoadFile LINE:70
 	  Message:Load file[filepath=/data/game/cx/Server/ybtx/Bin_Mob/Data/Map/fuben7/FieldSpring.lua] error
LOGBASE
2016-12-08_22:28:26 FILE:../Lua/LuaInterface.cpp FUNC:LoadFile LINE:70
 	  Message:Load file[filepath=/data/game/cx/Server/ybtx/Bin_Mob/Data/Map/fuben8/FieldSpring.lua] error
LOGBASE
2016-12-08_22:28:26 FILE:../Lua/LuaInterface.cpp FUNC:LoadFile LINE:70
 	  Message:Load file[filepath=/data/game/cx/Server/ybtx/Bin_Mob/Data/Map/jingying1/FieldSpring.lua] error
LOGBASE
2016-12-08_22:28:26 FILE:../Lua/LuaInterface.cpp FUNC:LoadFile LINE:70
 	  Message:Load file[filepath=/data/game/cx/Server/ybtx/Bin_Mob/Data/Map/jingying2/FieldSpring.lua] error
LOGBASE
2016-12-08_22:28:26 FILE:../Lua/LuaInterface.cpp FUNC:LoadFile LINE:70
 	  Message:Load file[filepath=/data/game/cx/Server/ybtx/Bin_Mob/Data/Map/jingying3/FieldSpring.lua] error
LOGBASE
2016-12-08_22:28:26 FILE:../Lua/LuaInterface.cpp FUNC:LoadFile LINE:70
 	  Message:Load file[filepath=/data/game/cx/Server/ybtx/Bin_Mob/Data/Map/jingying4/FieldSpring.lua] error
LOGBASE
2016-12-08_22:28:26 FILE:../Lua/LuaInterface.cpp FUNC:LoadFile LINE:70
 	  Message:Load file[filepath=/data/game/cx/Server/ybtx/Bin_Mob/Data/Map/jingying5/FieldSpring.lua] error
LOGBASE
2016-12-08_22:28:26 FILE:../Lua/LuaInterface.cpp FUNC:LoadFile LINE:70
 	  Message:Load file[filepath=/data/game/cx/Server/ybtx/Bin_Mob/Data/Map/jingying6/FieldSpring.lua] error
LOGBASE
2016-12-08_22:28:26 FILE:../Lua/LuaInterface.cpp FUNC:LoadFile LINE:70
 	  Message:Load file[filepath=/data/game/cx/Server/ybtx/Bin_Mob/Data/Map/jingying7/FieldSpring.lua] error
LOGBASE
2016-12-08_22:28:26 FILE:../Lua/LuaInterface.cpp FUNC:LoadFile LINE:70
 	  Message:Load file[filepath=/data/game/cx/Server/ybtx/Bin_Mob/Data/Map/jingying8/FieldSpring.lua] error
LOGBASE
2016-12-08_22:28:26 FILE:../Lua/LuaInterface.cpp FUNC:LoadFile LINE:70
 	  Message:Load file[filepath=/data/game/cx/Server/ybtx/Bin_Mob/Data/Map/emeng1/FieldSpring.lua] error
LOGBASE
2016-12-08_22:28:26 FILE:../Lua/LuaInterface.cpp FUNC:LoadFile LINE:70
 	  Message:Load file[filepath=/data/game/cx/Server/ybtx/Bin_Mob/Data/Map/emeng2/FieldSpring.lua] error
LOGBASE
2016-12-08_22:28:26 FILE:../Lua/LuaInterface.cpp FUNC:LoadFile LINE:70
 	  Message:Load file[filepath=/data/game/cx/Server/ybtx/Bin_Mob/Data/Map/emeng3/FieldSpring.lua] error
LOGBASE
2016-12-08_22:28:26 FILE:../Lua/LuaInterface.cpp FUNC:LoadFile LINE:70
 	  Message:Load file[filepath=/data/game/cx/Server/ybtx/Bin_Mob/Data/Map/emeng4/FieldSpring.lua] error
LOGBASE
2016-12-08_22:28:26 FILE:../Lua/LuaInterface.cpp FUNC:LoadFile LINE:70
 	  Message:Load file[filepath=/data/game/cx/Server/ybtx/Bin_Mob/Data/Map/emeng5/FieldSpring.lua] error
LOGBASE
2016-12-08_22:28:26 FILE:../Lua/LuaInterface.cpp FUNC:LoadFile LINE:70
 	  Message:Load file[filepath=/data/game/cx/Server/ybtx/Bin_Mob/Data/Map/emeng6/FieldSpring.lua] error
LOGBASE
2016-12-08_22:28:26 FILE:../Lua/LuaInterface.cpp FUNC:LoadFile LINE:70
 	  Message:Load file[filepath=/data/game/cx/Server/ybtx/Bin_Mob/Data/Map/emeng7/FieldSpring.lua] error
LOGBASE
2016-12-08_22:28:26 FILE:../Lua/LuaInterface.cpp FUNC:LoadFile LINE:70
 	  Message:Load file[filepath=/data/game/cx/Server/ybtx/Bin_Mob/Data/Map/emeng8/FieldSpring.lua] error
LOGBASE
2016-12-08_22:28:26 FILE:../Lua/LuaInterface.cpp FUNC:LoadFile LINE:70
 	  Message:Load file[filepath=/data/game/cx/Server/ybtx/Bin_Mob/Data/Map/zuduifuben1/FieldSpring.lua] error
LOGBASE
2016-12-08_22:28:26 FILE:../Lua/LuaInterface.cpp FUNC:LoadFile LINE:70
 	  Message:Load file[filepath=/data/game/cx/Server/ybtx/Bin_Mob/Data/Map/zuduifuben2/FieldSpring.lua] error
LOGBASE
2016-12-08_22:28:26 FILE:../Lua/LuaInterface.cpp FUNC:LoadFile LINE:70
 	  Message:Load file[filepath=/data/game/cx/Server/ybtx/Bin_Mob/Data/Map/zuduifuben3/FieldSpring.lua] error
LOGBASE
2016-12-08_22:28:26 FILE:../Lua/LuaInterface.cpp FUNC:LoadFile LINE:70
 	  Message:Load file[filepath=/data/game/cx/Server/ybtx/Bin_Mob/Data/Map/zuduifuben4/FieldSpring.lua] error
LOGBASE
2016-12-08_22:28:26 FILE:../Lua/LuaInterface.cpp FUNC:LoadFile LINE:70
 	  Message:Load file[filepath=/data/game/cx/Server/ybtx/Bin_Mob/Data/Map/zuduifuben5/FieldSpring.lua] error
LOGBASE
2016-12-08_22:28:26 FILE:../Lua/LuaInterface.cpp FUNC:LoadFile LINE:70
 	  Message:Load file[filepath=/data/game/cx/Server/ybtx/Bin_Mob/Data/Map/zuduifuben6/FieldSpring.lua] error
LOGBASE
2016-12-08_22:28:26 FILE:../Lua/LuaInterface.cpp FUNC:LoadFile LINE:70
 	  Message:Load file[filepath=/data/game/cx/Server/ybtx/Bin_Mob/Data/Map/zuduifuben7/FieldSpring.lua] error
LOGBASE
2016-12-08_22:28:26 FILE:../Lua/LuaInterface.cpp FUNC:LoadFile LINE:70
 	  Message:Load file[filepath=/data/game/cx/Server/ybtx/Bin_Mob/Data/Map/zuduifuben8/FieldSpring.lua] error
LOGBASE
2016-12-08_22:28:26 FILE:../Lua/LuaInterface.cpp FUNC:LoadFile LINE:70
 	  Message:Load file[filepath=/data/game/cx/Server/ybtx/Bin_Mob/Data/Map/dati/FieldSpring.lua] error
LOGBASE
2016-12-08_22:28:26 FILE:../Lua/LuaInterface.cpp FUNC:LoadFile LINE:70
 	  Message:Load file[filepath=/data/game/cx/Server/ybtx/Bin_Mob/Data/Map/jingjichang/FieldSpring.lua] error
LOGBASE
2016-12-08_22:28:26 FILE:../Lua/LuaInterface.cpp FUNC:LoadFile LINE:70
 	  Message:Load file[filepath=/data/game/cx/Server/ybtx/Bin_Mob/Data/Map/kuafu/FieldSpring.lua] error
LOGBASE
2016-12-08_22:28:26 FILE:../Lua/LuaInterface.cpp FUNC:LoadFile LINE:70
 	  Message:Load file[filepath=/data/game/cx/Server/ybtx/Bin_Mob/Data/Map/vipfuben1/FieldSpring.lua] error
LOGBASE
2016-12-08_22:28:26 FILE:../Lua/LuaInterface.cpp FUNC:LoadFile LINE:70
 	  Message:Load file[filepath=/data/game/cx/Server/ybtx/Bin_Mob/Data/Map/vipfuben2/FieldSpring.lua] error
LOGBASE
2016-12-08_22:28:26 FILE:../Lua/LuaInterface.cpp FUNC:LoadFile LINE:70
 	  Message:Load file[filepath=/data/game/cx/Server/ybtx/Bin_Mob/Data/Map/vipfuben3/FieldSpring.lua] error
LOGBASE
2016-12-08_22:28:26 FILE:../Lua/LuaInterface.cpp FUNC:LoadFile LINE:70
 	  Message:Load file[filepath=/data/game/cx/Server/ybtx/Bin_Mob/Data/Map/jiehun/FieldSpring.lua] error
LOGBASE
2016-12-08_22:28:26 FILE:../Lua/LuaInterface.cpp FUNC:LoadFile LINE:70
 	  Message:Load file[filepath=/data/game/cx/Server/ybtx/Bin_Mob/Data/Map/zhenyinBoss/FieldSpring.lua] error
LOGBASE
2016-12-08_22:28:26 FILE:../Lua/LuaInterface.cpp FUNC:LoadFile LINE:70
 	  Message:Load file[filepath=/data/game/cx/Server/ybtx/Bin_Mob/Data/Map/zhenyinzhan/FieldSpring.lua] error
LOGBASE
2016-12-08_22:28:26 FILE:../Lua/LuaInterface.cpp FUNC:LoadFile LINE:70
 	  Message:Load file[filepath=/data/game/cx/Server/ybtx/Bin_Mob/Data/Map/douzhanchonglou1/FieldSpring.lua] error
LOGBASE
2016-12-08_22:28:26 FILE:../Lua/LuaInterface.cpp FUNC:LoadFile LINE:70
 	  Message:Load file[filepath=/data/game/cx/Server/ybtx/Bin_Mob/Data/Map/douzhanchonglou2/FieldSpring.lua] error
LOGBASE
2016-12-08_22:28:26 FILE:../Lua/LuaInterface.cpp FUNC:LoadFile LINE:70
 	  Message:Load file[filepath=/data/game/cx/Server/ybtx/Bin_Mob/Data/Map/douzhanchonglou3/FieldSpring.lua] error
LOGBASE
2016-12-08_22:28:26 FILE:../Lua/LuaInterface.cpp FUNC:LoadFile LINE:70
 	  Message:Load file[filepath=/data/game/cx/Server/ybtx/Bin_Mob/Data/Map/douzhanchonglou4/FieldSpring.lua] error
LOGBASE
2016-12-08_22:28:26 FILE:../Lua/LuaInterface.cpp FUNC:LoadFile LINE:70
 	  Message:Load file[filepath=/data/game/cx/Server/ybtx/Bin_Mob/Data/Map/meiguihaitan/FieldSpring.lua] error
LOGBASE
2016-12-08_22:28:26 FILE:../Lua/LuaInterface.cpp FUNC:LoadFile LINE:70
 	  Message:Load file[filepath=/data/game/cx/Server/ybtx/Bin_Mob/Data/Map/bangpaijifensai/FieldSpring.lua] error
LOGBASE
2016-12-08_22:28:26 FILE:../Lua/LuaInterface.cpp FUNC:LoadFile LINE:70
 	  Message:Load file[filepath=/data/game/cx/Server/ybtx/Bin_Mob/Data/Map/bangpaicheng/FieldSpring.lua] error
LOGBASE
2016-12-08_22:28:26 FILE:../Lua/LuaInterface.cpp FUNC:LoadFile LINE:70
 	  Message:Load file[filepath=/data/game/cx/Server/ybtx/Bin_Mob/Data/Map/yingxiongta/FieldSpring.lua] error
LOGBASE
2016-12-08_22:28:26 FILE:../Lua/LuaInterface.cpp FUNC:LoadFile LINE:70
 	  Message:Load file[filepath=/data/game/cx/Server/ybtx/Bin_Mob/Data/Map/shijieboss/FieldSpring.lua] error
LOGBASE
2016-12-08_22:28:26 FILE:../Lua/LuaInterface.cpp FUNC:LoadFile LINE:70
 	  Message:Load file[filepath=/data/game/cx/Server/ybtx/Bin_Mob/Data/Map/guajiditu0/FieldSpring.lua] error
LOGBASE
2016-12-08_22:28:26 FILE:../Lua/LuaInterface.cpp FUNC:LoadFile LINE:70
 	  Message:Load file[filepath=/data/game/cx/Server/ybtx/Bin_Mob/Data/Map/guajiditu1/FieldSpring.lua] error
LOGBASE
2016-12-08_22:28:26 FILE:../Lua/LuaInterface.cpp FUNC:LoadFile LINE:70
 	  Message:Load file[filepath=/data/game/cx/Server/ybtx/Bin_Mob/Data/Map/guajiditu2/FieldSpring.lua] error
LOGBASE
2016-12-08_22:28:26 FILE:../Lua/LuaInterface.cpp FUNC:LoadFile LINE:70
 	  Message:Load file[filepath=/data/game/cx/Server/ybtx/Bin_Mob/Data/Map/guajiditu3/FieldSpring.lua] error
LOGBASE
2016-12-08_22:28:26 FILE:../Lua/LuaInterface.cpp FUNC:LoadFile LINE:70
 	  Message:Load file[filepath=/data/game/cx/Server/ybtx/Bin_Mob/Data/Map/guajiditu4/FieldSpring.lua] error
LOGBASE
2016-12-08_22:28:26 FILE:../Lua/LuaInterface.cpp FUNC:LoadFile LINE:70
 	  Message:Load file[filepath=/data/game/cx/Server/ybtx/Bin_Mob/Data/Map/guajiditu5/FieldSpring.lua] error
LOGBASE
2016-12-08_22:28:26 FILE:../Lua/LuaInterface.cpp FUNC:LoadFile LINE:70
 	  Message:Load file[filepath=/data/game/cx/Server/ybtx/Bin_Mob/Data/Map/guajiditu6/FieldSpring.lua] error
LOGBASE
2016-12-08_22:28:26 FILE:../Lua/LuaInterface.cpp FUNC:LoadFile LINE:70
 	  Message:Load file[filepath=/data/game/cx/Server/ybtx/Bin_Mob/Data/Map/guajiditu7/FieldSpring.lua] error
LOGBASE
2016-12-09_14:10:58 FILE:../Network/DispatchMessage.cpp FUNC:Dispatch LINE:214
 	  Message:------------------ despatch request message[id=18 , len=9] time[27338] too more-----------------
LOGBASE
2016-12-09_14:10:58 FILE:../Network/DispatchMessage.cpp FUNC:ProcessMessage LINE:554
 	  Message:dispatch[index=0] message[count = 3] time = 27340716
LOGBASE
2016-12-09_14:16:30 FILE:../Network/DispatchMessage.cpp FUNC:Dispatch LINE:214
 	  Message:------------------ despatch request message[id=18 , len=9] time[30045] too more-----------------
LOGBASE
2016-12-09_14:16:30 FILE:../Network/DispatchMessage.cpp FUNC:ProcessMessage LINE:554
 	  Message:dispatch[index=0] message[count = 2] time = 30046627