
LOGDEBUG
2016-12-22_18:02:27 FILE:../src/ServerManager.cpp FUNC:On_MSG_ACK_MSG_SIM_GT2GM_PUSHSERVERID LINE:393
 	  Message:gateServer push server id
LOGDEBUG
2016-12-22_18:02:28 FILE:../src/ServerManager.cpp FUNC:On_MSG_ACK_MSG_SIM_DB2GM_PUSHSERVERID LINE:431
 	  Message:dbServer push server id
LOGDEBUG
2016-12-22_18:02:28 FILE:../src/ServerManager.cpp FUNC:On_MSG_ACK_MSG_REQ_GM2WS_PUSHSERVERID LINE:463
 	  Message:worldserver push server id
LOGDEBUG
2016-12-22_18:02:28 FILE:../src/ServerManager.cpp FUNC:On_MSG_ACK_MSG_REQ_GM2MS_PUSHSERVERID LINE:497
 	  Message:managerServer push server id
LOGDEBUG
2016-12-22_18:02:28 FILE:../src/Map/CreatMapTask.cpp FUNC:On_MSG_REQUEST_MSG_REQ_WS2GM_CREATESCENE LINE:329
 	  Message:gateserver request gameserver create map
LOGDEBUG
2016-12-22_18:02:28 FILE:../src/Map/CreatMapTask.cpp FUNC:On_MSG_REQUEST_MSG_REQ_WS2GM_CREATESCENE LINE:329
 	  Message:gateserver request gameserver create map
LOGDEBUG
2016-12-22_18:02:28 FILE:../src/Map/CreatMapTask.cpp FUNC:On_MSG_REQUEST_MSG_REQ_WS2GM_CREATESCENE LINE:329
 	  Message:gateserver request gameserver create map
LOGDEBUG
2016-12-22_18:02:28 FILE:../src/Map/CreatMapTask.cpp FUNC:On_MSG_REQUEST_MSG_REQ_WS2GM_CREATESCENE LINE:329
 	  Message:gateserver request gameserver create map
LOGDEBUG
2016-12-22_18:02:28 FILE:../src/Map/CreatMapTask.cpp FUNC:On_MSG_REQUEST_MSG_REQ_WS2GM_CREATESCENE LINE:329
 	  Message:gateserver request gameserver create map
LOGDEBUG
2016-12-22_18:02:28 FILE:../src/Map/CreatMapTask.cpp FUNC:On_MSG_REQUEST_MSG_REQ_WS2GM_CREATESCENE LINE:329
 	  Message:gateserver request gameserver create map
LOGDEBUG
2016-12-22_18:02:28 FILE:../src/Map/CreatMapTask.cpp FUNC:On_MSG_REQUEST_MSG_REQ_WS2GM_CREATESCENE LINE:329
 	  Message:gateserver request gameserver create map
LOGDEBUG
2016-12-22_18:02:28 FILE:../src/Map/CreatMapTask.cpp FUNC:On_MSG_REQUEST_MSG_REQ_WS2GM_CREATESCENE LINE:329
 	  Message:gateserver request gameserver create map
LOGDEBUG
2016-12-22_18:02:28 FILE:../src/Map/CreatMapTask.cpp FUNC:On_MSG_REQUEST_MSG_REQ_WS2GM_CREATESCENE LINE:329
 	  Message:gateserver request gameserver create map
LOGDEBUG
2016-12-22_18:02:28 FILE:../src/Map/CreatMapTask.cpp FUNC:On_MSG_REQUEST_MSG_REQ_WS2GM_CREATESCENE LINE:329
 	  Message:gateserver request gameserver create map
LOGDEBUG
2016-12-22_18:02:28 FILE:../src/Map/CreatMapTask.cpp FUNC:On_MSG_REQUEST_MSG_REQ_WS2GM_CREATESCENE LINE:329
 	  Message:gateserver request gameserver create map
LOGDEBUG
2016-12-22_18:02:28 FILE:../src/Map/CreatMapTask.cpp FUNC:On_MSG_REQUEST_MSG_REQ_WS2GM_CREATESCENE LINE:329
 	  Message:gateserver request gameserver create map
LOGDEBUG
2016-12-22_18:02:28 FILE:../src/Map/CreatMapTask.cpp FUNC:On_MSG_REQUEST_MSG_REQ_WS2GM_CREATESCENE LINE:329
 	  Message:gateserver request gameserver create map
LOGDEBUG
2016-12-22_18:02:28 FILE:../src/Map/CreatMapTask.cpp FUNC:On_MSG_REQUEST_MSG_REQ_WS2GM_CREATESCENE LINE:329
 	  Message:gateserver request gameserver create map
LOGDEBUG
2016-12-22_18:02:28 FILE:../src/Map/CreatMapTask.cpp FUNC:On_MSG_REQUEST_MSG_REQ_WS2GM_CREATESCENE LINE:329
 	  Message:gateserver request gameserver create map
LOGDEBUG
2016-12-22_18:02:28 FILE:../src/Map/CreatMapTask.cpp FUNC:On_MSG_REQUEST_MSG_REQ_WS2GM_CREATESCENE LINE:329
 	  Message:gateserver request gameserver create map
LOGDEBUG
2016-12-22_18:02:28 FILE:../src/Map/CreatMapTask.cpp FUNC:On_MSG_REQUEST_MSG_REQ_WS2GM_CREATESCENE LINE:329
 	  Message:gateserver request gameserver create map
LOGDEBUG
2016-12-22_18:02:28 FILE:../src/Map/CreatMapTask.cpp FUNC:On_MSG_REQUEST_MSG_REQ_WS2GM_CREATESCENE LINE:329
 	  Message:gateserver request gameserver create map
LOGDEBUG
2016-12-22_18:02:28 FILE:../src/Map/CreatMapTask.cpp FUNC:On_MSG_REQUEST_MSG_REQ_WS2GM_CREATESCENE LINE:329
 	  Message:gateserver request gameserver create map
LOGDEBUG
2016-12-22_18:02:28 FILE:../src/Map/CreatMapTask.cpp FUNC:On_MSG_REQUEST_MSG_REQ_WS2GM_CREATESCENE LINE:329
 	  Message:gateserver request gameserver create map
LOGDEBUG
2016-12-22_18:02:28 FILE:../src/Map/CreatMapTask.cpp FUNC:On_MSG_REQUEST_MSG_REQ_WS2GM_CREATESCENE LINE:329
 	  Message:gateserver request gameserver create map
LOGDEBUG
2016-12-22_18:02:28 FILE:../src/Map/CreatMapTask.cpp FUNC:On_MSG_REQUEST_MSG_REQ_WS2GM_CREATESCENE LINE:329
 	  Message:gateserver request gameserver create map
LOGDEBUG
2016-12-22_18:02:44 FILE:../src/Object/Player/PlayerMessage.cpp FUNC:On_MSG_REQUEST_MSG_REQ_GT2GM_PLAYERINFO LINE:1098
 	  Message:Player login on and get playerinfo[1]
LOGDEBUG
2016-12-22_18:02:44 FILE:../src/Trade/BaseShop.cpp FUNC:FlushMyster LINE:438
 	  Message:FlushMyster ............................. 8
LOGDEBUG
2016-12-22_18:02:44 FILE:../src/Object/Player/PlayerMessage.cpp FUNC:On_MSG_ACK_MSG_REQ_GM2DB_CONTAINERINFO LINE:1688
 	  Message:gameserver request dbserver player[4294968799] container info
LOGDEBUG
2016-12-22_18:02:44 FILE:../src/Object/Player/PlayerMessage.cpp FUNC:FinishiInit LINE:4078
 	  Message:finish player[4294968799] info 
LOGDEBUG
2016-12-22_18:02:44 FILE:../src/Object/Player/PlayerMessage.cpp FUNC:FinishiInit LINE:4113
 	  Message:player login in game and finish player[4294968799] info 
LOGDEBUG
2016-12-22_18:02:44 FILE:../src/QuestNew/AcceptedQuest.cpp FUNC:updateToClient LINE:270
 	  Message:Player 281479271679455 CanSubmit Task,10001 type,1 state,3 numStar,1 rewardStar,1 times,0 nowNum,0 targeNum,0
LOGDEBUG
2016-12-22_18:02:44 FILE:../src/Mail/MailMessage.cpp FUNC:On_MSG_QUICK_REQUEST_MSG_REQ_C2GM_MAILS LINE:77
 	  Message:client req gt get mails
LOGDEBUG
2016-12-22_18:02:44 FILE:../src/Horse/HorseMessage.cpp FUNC:On_MSG_REQUEST_MSG_REQ_GT2GM_HORSEINFO LINE:72
 	  Message:Player request horse info
LOGDEBUG
2016-12-22_18:02:58 FILE:../src/QuestNew/QuestPart.cpp FUNC:submit LINE:1306
 	  Message:Player 281479271679455 Submit Task 10001
LOGDEBUG
2016-12-22_18:02:58 FILE:../src/QuestNew/AcceptedQuest.cpp FUNC:updateToClient LINE:270
 	  Message:Player 281479271679455 CanSubmit Task,10002 type,1 state,3 numStar,1 rewardStar,1 times,0 nowNum,0 targeNum,0
LOGDEBUG
2016-12-22_18:02:58 FILE:../src/QuestNew/QuestMessage.cpp FUNC:On_MSG_QUICK_REQUEST_MSG_REQ_C2GM_UPDATEQUEST LINE:104
 	  Message:Player 281479271679455 accept Task,10002 type,1 state,3 numStar,1 rewardStar,1 times,0 nowNum,0 targeNum,0
LOGDEBUG
2016-12-22_18:03:06 FILE:../src/Object/Player/PlayerMessage.cpp FUNC:On_MSG_REQUEST_MSG_REQ_GT2GM_CHARATTR LINE:1129
 	  Message:Player request battle attribute
LOGDEBUG
2016-12-22_18:03:44 FILE:../src/Trade/BaseShop.cpp FUNC:SetBaseShopInfo LINE:115
 	  Message:SetBaseShopInfo ............................. 8
LOGDEBUG
2016-12-22_18:03:56 FILE:../src/Object/Player/PlayerMessage.cpp FUNC:On_MSG_REQUEST_MSG_REQ_GT2GM_CHARATTR LINE:1129
 	  Message:Player request battle attribute
LOGDEBUG
2016-12-22_18:16:49 FILE:../src/Object/Player/PlayerMessage.cpp FUNC:On_MSG_REQUEST_MSG_REQ_GT2GM_PLAYERINFO LINE:1098
 	  Message:Player login on and get playerinfo[1]
LOGDEBUG
2016-12-22_18:16:49 FILE:../src/Trade/BaseShop.cpp FUNC:FlushMyster LINE:438
 	  Message:FlushMyster ............................. 8
LOGDEBUG
2016-12-22_18:16:49 FILE:../src/Object/Player/PlayerMessage.cpp FUNC:On_MSG_ACK_MSG_REQ_GM2DB_CONTAINERINFO LINE:1688
 	  Message:gameserver request dbserver player[4294968797] container info
LOGDEBUG
2016-12-22_18:16:49 FILE:../src/Object/Player/PlayerMessage.cpp FUNC:FinishiInit LINE:4078
 	  Message:finish player[4294968797] info 
LOGDEBUG
2016-12-22_18:16:49 FILE:../src/Object/Player/PlayerMessage.cpp FUNC:FinishiInit LINE:4113
 	  Message:player login in game and finish player[4294968797] info 
LOGDEBUG
2016-12-22_18:16:49 FILE:../src/QuestNew/AcceptedQuest.cpp FUNC:updateToClient LINE:270
 	  Message:Player 281479271679453 CanSubmit Task,10001 type,1 state,3 numStar,1 rewardStar,1 times,0 nowNum,0 targeNum,0
LOGDEBUG
2016-12-22_18:16:55 FILE:../src/Object/Player/PlayerMessage.cpp FUNC:On_MSG_REQUEST_MSG_REQ_GT2GM_PLAYERINFO LINE:1098
 	  Message:Player login on and get playerinfo[1]
LOGDEBUG
2016-12-22_18:17:10 FILE:../src/Trade/BaseShop.cpp FUNC:SetBaseShopInfo LINE:115
 	  Message:SetBaseShopInfo ............................. 8
LOGDEBUG
2016-12-22_18:18:42 FILE:../src/Object/Player/PlayerMessage.cpp FUNC:On_MSG_REQUEST_MSG_REQ_GT2GM_PLAYERINFO LINE:1098
 	  Message:Player login on and get playerinfo[1]
LOGDEBUG
2016-12-22_18:18:42 FILE:../src/Trade/BaseShop.cpp FUNC:FlushMyster LINE:438
 	  Message:FlushMyster ............................. 8
LOGDEBUG
2016-12-22_18:18:42 FILE:../src/Object/Player/PlayerMessage.cpp FUNC:On_MSG_ACK_MSG_REQ_GM2DB_CONTAINERINFO LINE:1688
 	  Message:gameserver request dbserver player[4294968797] container info
LOGDEBUG
2016-12-22_18:18:42 FILE:../src/Object/Player/PlayerMessage.cpp FUNC:FinishiInit LINE:4078
 	  Message:finish player[4294968797] info 
LOGDEBUG
2016-12-22_18:18:42 FILE:../src/Object/Player/PlayerMessage.cpp FUNC:FinishiInit LINE:4113
 	  Message:player login in game and finish player[4294968797] info 
LOGDEBUG
2016-12-22_18:18:42 FILE:../src/QuestNew/AcceptedQuest.cpp FUNC:updateToClient LINE:270
 	  Message:Player 281479271679453 CanSubmit Task,10001 type,1 state,3 numStar,1 rewardStar,1 times,0 nowNum,0 targeNum,0
LOGDEBUG
2016-12-22_18:18:43 FILE:../src/Trade/BaseShop.cpp FUNC:SetBaseShopInfo LINE:115
 	  Message:SetBaseShopInfo ............................. 8
LOGDEBUG
2016-12-22_18:18:43 FILE:../src/Mail/MailMessage.cpp FUNC:On_MSG_QUICK_REQUEST_MSG_REQ_C2GM_MAILS LINE:77
 	  Message:client req gt get mails
LOGDEBUG
2016-12-22_18:18:43 FILE:../src/Horse/HorseMessage.cpp FUNC:On_MSG_REQUEST_MSG_REQ_GT2GM_HORSEINFO LINE:72
 	  Message:Player request horse info
LOGDEBUG
2016-12-22_18:18:47 FILE:../src/Arena/ArenaMessage.cpp FUNC:On_MSG_QUICK_REQUEST_MSG_REQ_C2GM_ARENAINFO LINE:65
 	  Message:request Arena  war report info from client
LOGDEBUG
2016-12-22_18:18:51 FILE:../src/Object/Player/PlayerMessage.cpp FUNC:On_MSG_REQUEST_MSG_REQ_GT2GM_PLAYERINFO LINE:1098
 	  Message:Player login on and get playerinfo[1]
LOGDEBUG
2016-12-22_18:18:51 FILE:../src/Trade/BaseShop.cpp FUNC:FlushMyster LINE:438
 	  Message:FlushMyster ............................. 8
LOGDEBUG
2016-12-22_18:18:51 FILE:../src/Object/Player/PlayerMessage.cpp FUNC:On_MSG_ACK_MSG_REQ_GM2DB_CONTAINERINFO LINE:1688
 	  Message:gameserver request dbserver player[4294968799] container info
LOGDEBUG
2016-12-22_18:18:51 FILE:../src/Object/Player/PlayerMessage.cpp FUNC:FinishiInit LINE:4078
 	  Message:finish player[4294968799] info 
LOGDEBUG
2016-12-22_18:18:51 FILE:../src/Object/Player/PlayerMessage.cpp FUNC:FinishiInit LINE:4113
 	  Message:player login in game and finish player[4294968799] info 
LOGDEBUG
2016-12-22_18:18:51 FILE:../src/QuestNew/AcceptedQuest.cpp FUNC:updateToClient LINE:270
 	  Message:Player 281479271679455 CanSubmit Task,10002 type,1 state,3 numStar,1 rewardStar,1 times,0 nowNum,0 targeNum,0
LOGDEBUG
2016-12-22_18:18:51 FILE:../src/Mail/MailMessage.cpp FUNC:On_MSG_QUICK_REQUEST_MSG_REQ_C2GM_MAILS LINE:77
 	  Message:client req gt get mails
LOGDEBUG
2016-12-22_18:18:52 FILE:../src/Horse/HorseMessage.cpp FUNC:On_MSG_REQUEST_MSG_REQ_GT2GM_HORSEINFO LINE:72
 	  Message:Player request horse info
LOGDEBUG
2016-12-22_18:18:57 FILE:../src/Trade/BaseShop.cpp FUNC:SetBaseShopInfo LINE:115
 	  Message:SetBaseShopInfo ............................. 8
LOGDEBUG
2016-12-22_18:19:51 FILE:../src/Trade/BaseShop.cpp FUNC:SetBaseShopInfo LINE:115
 	  Message:SetBaseShopInfo ............................. 8
LOGDEBUG
2016-12-22_18:21:08 FILE:../src/Object/Player/PlayerMessage.cpp FUNC:On_MSG_REQUEST_MSG_REQ_GT2GM_PLAYERINFO LINE:1098
 	  Message:Player login on and get playerinfo[1]
LOGDEBUG
2016-12-22_18:21:08 FILE:../src/Trade/BaseShop.cpp FUNC:FlushMyster LINE:438
 	  Message:FlushMyster ............................. 8
LOGDEBUG
2016-12-22_18:21:08 FILE:../src/Object/Player/PlayerMessage.cpp FUNC:On_MSG_ACK_MSG_REQ_GM2DB_CONTAINERINFO LINE:1688
 	  Message:gameserver request dbserver player[4294968797] container info
LOGDEBUG
2016-12-22_18:21:08 FILE:../src/Object/Player/PlayerMessage.cpp FUNC:FinishiInit LINE:4078
 	  Message:finish player[4294968797] info 
LOGDEBUG
2016-12-22_18:21:08 FILE:../src/Object/Player/PlayerMessage.cpp FUNC:FinishiInit LINE:4113
 	  Message:player login in game and finish player[4294968797] info 
LOGDEBUG
2016-12-22_18:21:08 FILE:../src/QuestNew/AcceptedQuest.cpp FUNC:updateToClient LINE:270
 	  Message:Player 281479271679453 CanSubmit Task,10001 type,1 state,3 numStar,1 rewardStar,1 times,0 nowNum,0 targeNum,0
LOGDEBUG
2016-12-22_18:21:09 FILE:../src/Mail/MailMessage.cpp FUNC:On_MSG_QUICK_REQUEST_MSG_REQ_C2GM_MAILS LINE:77
 	  Message:client req gt get mails
LOGDEBUG
2016-12-22_18:21:09 FILE:../src/Horse/HorseMessage.cpp FUNC:On_MSG_REQUEST_MSG_REQ_GT2GM_HORSEINFO LINE:72
 	  Message:Player request horse info
LOGDEBUG
2016-12-22_18:21:13 FILE:../src/Arena/ArenaMessage.cpp FUNC:On_MSG_QUICK_REQUEST_MSG_REQ_C2GM_ARENAINFO LINE:65
 	  Message:request Arena  war report info from client
LOGDEBUG
2016-12-22_18:22:04 FILE:../src/Trade/BaseShop.cpp FUNC:SetBaseShopInfo LINE:115
 	  Message:SetBaseShopInfo ............................. 8
LOGDEBUG
2016-12-22_18:22:29 FILE:../src/Object/Player/PlayerMessage.cpp FUNC:On_MSG_REQUEST_MSG_REQ_GT2GM_PLAYERINFO LINE:1098
 	  Message:Player login on and get playerinfo[1]
LOGDEBUG
2016-12-22_18:22:29 FILE:../src/Trade/BaseShop.cpp FUNC:FlushMyster LINE:438
 	  Message:FlushMyster ............................. 8
LOGDEBUG
2016-12-22_18:22:29 FILE:../src/Object/Player/PlayerMessage.cpp FUNC:On_MSG_ACK_MSG_REQ_GM2DB_CONTAINERINFO LINE:1688
 	  Message:gameserver request dbserver player[4294968797] container info
LOGDEBUG
2016-12-22_18:22:30 FILE:../src/Object/Player/PlayerMessage.cpp FUNC:FinishiInit LINE:4078
 	  Message:finish player[4294968797] info 
LOGDEBUG
2016-12-22_18:22:30 FILE:../src/Object/Player/PlayerMessage.cpp FUNC:FinishiInit LINE:4113
 	  Message:player login in game and finish player[4294968797] info 
LOGDEBUG
2016-12-22_18:22:30 FILE:../src/QuestNew/AcceptedQuest.cpp FUNC:updateToClient LINE:270
 	  Message:Player 281479271679453 CanSubmit Task,10001 type,1 state,3 numStar,1 rewardStar,1 times,0 nowNum,0 targeNum,0
LOGDEBUG
2016-12-22_18:22:31 FILE:../src/Mail/MailMessage.cpp FUNC:On_MSG_QUICK_REQUEST_MSG_REQ_C2GM_MAILS LINE:77
 	  Message:client req gt get mails
LOGDEBUG
2016-12-22_18:22:31 FILE:../src/Horse/HorseMessage.cpp FUNC:On_MSG_REQUEST_MSG_REQ_GT2GM_HORSEINFO LINE:72
 	  Message:Player request horse info
LOGDEBUG
2016-12-22_18:22:32 FILE:../src/Arena/ArenaMessage.cpp FUNC:On_MSG_QUICK_REQUEST_MSG_REQ_C2GM_ARENAINFO LINE:65
 	  Message:request Arena  war report info from client
LOGDEBUG
2016-12-22_18:22:41 FILE:../src/Arena/ArenaMessage.cpp FUNC:On_MSG_QUICK_REQUEST_MSG_REQ_C2GM_RANKINGREWARD LINE:208
 	  Message:request ranking reward from client
LOGDEBUG
2016-12-22_18:22:56 FILE:../src/Arena/ArenaMessage.cpp FUNC:On_MSG_QUICK_REQUEST_MSG_REQ_C2GM_RANKINGREWARD LINE:208
 	  Message:request ranking reward from client
LOGDEBUG
2016-12-22_18:23:17 FILE:../src/Trade/BaseShop.cpp FUNC:SetBaseShopInfo LINE:115
 	  Message:SetBaseShopInfo ............................. 8
LOGDEBUG
2016-12-22_18:23:51 FILE:../src/Object/Player/PlayerMessage.cpp FUNC:On_MSG_REQUEST_MSG_REQ_GT2GM_PLAYERINFO LINE:1098
 	  Message:Player login on and get playerinfo[1]
LOGDEBUG
2016-12-22_18:23:51 FILE:../src/Trade/BaseShop.cpp FUNC:FlushMyster LINE:438
 	  Message:FlushMyster ............................. 8
LOGDEBUG
2016-12-22_18:23:51 FILE:../src/Object/Player/PlayerMessage.cpp FUNC:On_MSG_ACK_MSG_REQ_GM2DB_CONTAINERINFO LINE:1688
 	  Message:gameserver request dbserver player[4294968797] container info
LOGDEBUG
2016-12-22_18:23:51 FILE:../src/Object/Player/PlayerMessage.cpp FUNC:FinishiInit LINE:4078
 	  Message:finish player[4294968797] info 
LOGDEBUG
2016-12-22_18:23:51 FILE:../src/Object/Player/PlayerMessage.cpp FUNC:FinishiInit LINE:4113
 	  Message:player login in game and finish player[4294968797] info 
LOGDEBUG
2016-12-22_18:23:51 FILE:../src/QuestNew/AcceptedQuest.cpp FUNC:updateToClient LINE:270
 	  Message:Player 281479271679453 CanSubmit Task,10001 type,1 state,3 numStar,1 rewardStar,1 times,0 nowNum,0 targeNum,0
LOGDEBUG
2016-12-22_18:23:52 FILE:../src/Mail/MailMessage.cpp FUNC:On_MSG_QUICK_REQUEST_MSG_REQ_C2GM_MAILS LINE:77
 	  Message:client req gt get mails
LOGDEBUG
2016-12-22_18:23:52 FILE:../src/Horse/HorseMessage.cpp FUNC:On_MSG_REQUEST_MSG_REQ_GT2GM_HORSEINFO LINE:72
 	  Message:Player request horse info
LOGDEBUG
2016-12-22_18:23:55 FILE:../src/Arena/ArenaMessage.cpp FUNC:On_MSG_QUICK_REQUEST_MSG_REQ_C2GM_ARENAINFO LINE:65
 	  Message:request Arena  war report info from client
LOGDEBUG
2016-12-22_18:24:00 FILE:../src/Arena/ArenaMessage.cpp FUNC:On_MSG_QUICK_REQUEST_MSG_REQ_C2GM_RANKINGREWARD LINE:208
 	  Message:request ranking reward from client
LOGDEBUG
2016-12-22_18:24:21 FILE:../src/Trade/BaseShop.cpp FUNC:SetBaseShopInfo LINE:115
 	  Message:SetBaseShopInfo ............................. 8
LOGDEBUG
2016-12-22_18:24:44 FILE:../src/Object/Player/PlayerMessage.cpp FUNC:On_MSG_REQUEST_MSG_REQ_GT2GM_PLAYERINFO LINE:1098
 	  Message:Player login on and get playerinfo[1]
LOGDEBUG
2016-12-22_18:24:44 FILE:../src/Trade/BaseShop.cpp FUNC:FlushMyster LINE:438
 	  Message:FlushMyster ............................. 8
LOGDEBUG
2016-12-22_18:24:44 FILE:../src/Object/Player/PlayerMessage.cpp FUNC:On_MSG_ACK_MSG_REQ_GM2DB_CONTAINERINFO LINE:1688
 	  Message:gameserver request dbserver player[4294968797] container info
LOGDEBUG
2016-12-22_18:24:44 FILE:../src/Object/Player/PlayerMessage.cpp FUNC:FinishiInit LINE:4078
 	  Message:finish player[4294968797] info 
LOGDEBUG
2016-12-22_18:24:44 FILE:../src/Object/Player/PlayerMessage.cpp FUNC:FinishiInit LINE:4113
 	  Message:player login in game and finish player[4294968797] info 
LOGDEBUG
2016-12-22_18:24:44 FILE:../src/QuestNew/AcceptedQuest.cpp FUNC:updateToClient LINE:270
 	  Message:Player 281479271679453 CanSubmit Task,10001 type,1 state,3 numStar,1 rewardStar,1 times,0 nowNum,0 targeNum,0
LOGDEBUG
2016-12-22_18:24:45 FILE:../src/Mail/MailMessage.cpp FUNC:On_MSG_QUICK_REQUEST_MSG_REQ_C2GM_MAILS LINE:77
 	  Message:client req gt get mails
LOGDEBUG
2016-12-22_18:24:45 FILE:../src/Horse/HorseMessage.cpp FUNC:On_MSG_REQUEST_MSG_REQ_GT2GM_HORSEINFO LINE:72
 	  Message:Player request horse info
LOGDEBUG
2016-12-22_18:24:50 FILE:../src/Arena/ArenaMessage.cpp FUNC:On_MSG_QUICK_REQUEST_MSG_REQ_C2GM_ARENAINFO LINE:65
 	  Message:request Arena  war report info from client
LOGDEBUG
2016-12-22_18:24:56 FILE:../src/Arena/ArenaMessage.cpp FUNC:On_MSG_QUICK_REQUEST_MSG_REQ_C2GM_RANKINGREWARD LINE:208
 	  Message:request ranking reward from client
LOGDEBUG
2016-12-22_18:25:21 FILE:../src/Trade/BaseShop.cpp FUNC:SetBaseShopInfo LINE:115
 	  Message:SetBaseShopInfo ............................. 8
LOGDEBUG
2016-12-22_18:25:44 FILE:../src/Object/Player/PlayerMessage.cpp FUNC:On_MSG_REQUEST_MSG_REQ_GT2GM_PLAYERINFO LINE:1098
 	  Message:Player login on and get playerinfo[1]
LOGDEBUG
2016-12-22_18:25:45 FILE:../src/Trade/BaseShop.cpp FUNC:FlushMyster LINE:438
 	  Message:FlushMyster ............................. 8
LOGDEBUG
2016-12-22_18:25:45 FILE:../src/Object/Player/PlayerMessage.cpp FUNC:On_MSG_ACK_MSG_REQ_GM2DB_CONTAINERINFO LINE:1688
 	  Message:gameserver request dbserver player[4294968797] container info
LOGDEBUG
2016-12-22_18:25:45 FILE:../src/Object/Player/PlayerMessage.cpp FUNC:FinishiInit LINE:4078
 	  Message:finish player[4294968797] info 
LOGDEBUG
2016-12-22_18:25:45 FILE:../src/Object/Player/PlayerMessage.cpp FUNC:FinishiInit LINE:4113
 	  Message:player login in game and finish player[4294968797] info 
LOGDEBUG
2016-12-22_18:25:45 FILE:../src/QuestNew/AcceptedQuest.cpp FUNC:updateToClient LINE:270
 	  Message:Player 281479271679453 CanSubmit Task,10001 type,1 state,3 numStar,1 rewardStar,1 times,0 nowNum,0 targeNum,0
LOGDEBUG
2016-12-22_18:25:46 FILE:../src/Mail/MailMessage.cpp FUNC:On_MSG_QUICK_REQUEST_MSG_REQ_C2GM_MAILS LINE:77
 	  Message:client req gt get mails
LOGDEBUG
2016-12-22_18:25:46 FILE:../src/Horse/HorseMessage.cpp FUNC:On_MSG_REQUEST_MSG_REQ_GT2GM_HORSEINFO LINE:72
 	  Message:Player request horse info
LOGDEBUG
2016-12-22_18:25:48 FILE:../src/Arena/ArenaMessage.cpp FUNC:On_MSG_QUICK_REQUEST_MSG_REQ_C2GM_ARENAINFO LINE:65
 	  Message:request Arena  war report info from client
LOGDEBUG
2016-12-22_18:26:38 FILE:../src/Trade/BaseShop.cpp FUNC:SetBaseShopInfo LINE:115
 	  Message:SetBaseShopInfo ............................. 8