
LOGDEBUG
2016-11-22_18:26:34 FILE:../src/ServerManager.cpp FUNC:On_MSG_ACK_MSG_SIM_GT2GM_PUSHSERVERID LINE:393
 	  Message:gateServer push server id
LOGDEBUG
2016-11-22_18:26:35 FILE:../src/ServerManager.cpp FUNC:On_MSG_ACK_MSG_SIM_DB2GM_PUSHSERVERID LINE:431
 	  Message:dbServer push server id
LOGDEBUG
2016-11-22_18:26:35 FILE:../src/ServerManager.cpp FUNC:On_MSG_ACK_MSG_REQ_GM2MS_PUSHSERVERID LINE:497
 	  Message:managerServer push server id
LOGDEBUG
2016-11-22_18:26:35 FILE:../src/ServerManager.cpp FUNC:On_MSG_ACK_MSG_REQ_GM2WS_PUSHSERVERID LINE:463
 	  Message:worldserver push server id
LOGDEBUG
2016-11-22_18:26:36 FILE:../src/Map/CreatMapTask.cpp FUNC:On_MSG_REQUEST_MSG_REQ_WS2GM_CREATESCENE LINE:329
 	  Message:gateserver request gameserver create map
LOGDEBUG
2016-11-22_18:26:36 FILE:../src/Map/CreatMapTask.cpp FUNC:On_MSG_REQUEST_MSG_REQ_WS2GM_CREATESCENE LINE:329
 	  Message:gateserver request gameserver create map
LOGDEBUG
2016-11-22_18:26:36 FILE:../src/Map/CreatMapTask.cpp FUNC:On_MSG_REQUEST_MSG_REQ_WS2GM_CREATESCENE LINE:329
 	  Message:gateserver request gameserver create map
LOGDEBUG
2016-11-22_18:26:36 FILE:../src/Map/CreatMapTask.cpp FUNC:On_MSG_REQUEST_MSG_REQ_WS2GM_CREATESCENE LINE:329
 	  Message:gateserver request gameserver create map
LOGDEBUG
2016-11-22_18:26:36 FILE:../src/Map/CreatMapTask.cpp FUNC:On_MSG_REQUEST_MSG_REQ_WS2GM_CREATESCENE LINE:329
 	  Message:gateserver request gameserver create map
LOGDEBUG
2016-11-22_18:26:36 FILE:../src/Map/CreatMapTask.cpp FUNC:On_MSG_REQUEST_MSG_REQ_WS2GM_CREATESCENE LINE:329
 	  Message:gateserver request gameserver create map
LOGDEBUG
2016-11-22_18:26:36 FILE:../src/Map/CreatMapTask.cpp FUNC:On_MSG_REQUEST_MSG_REQ_WS2GM_CREATESCENE LINE:329
 	  Message:gateserver request gameserver create map
LOGDEBUG
2016-11-22_18:26:36 FILE:../src/Map/CreatMapTask.cpp FUNC:On_MSG_REQUEST_MSG_REQ_WS2GM_CREATESCENE LINE:329
 	  Message:gateserver request gameserver create map
LOGDEBUG
2016-11-22_18:26:36 FILE:../src/Map/CreatMapTask.cpp FUNC:On_MSG_REQUEST_MSG_REQ_WS2GM_CREATESCENE LINE:329
 	  Message:gateserver request gameserver create map
LOGDEBUG
2016-11-22_18:26:36 FILE:../src/Map/CreatMapTask.cpp FUNC:On_MSG_REQUEST_MSG_REQ_WS2GM_CREATESCENE LINE:329
 	  Message:gateserver request gameserver create map
LOGDEBUG
2016-11-22_18:26:36 FILE:../src/Map/CreatMapTask.cpp FUNC:On_MSG_REQUEST_MSG_REQ_WS2GM_CREATESCENE LINE:329
 	  Message:gateserver request gameserver create map
LOGDEBUG
2016-11-22_18:26:36 FILE:../src/Map/CreatMapTask.cpp FUNC:On_MSG_REQUEST_MSG_REQ_WS2GM_CREATESCENE LINE:329
 	  Message:gateserver request gameserver create map
LOGDEBUG
2016-11-22_18:26:36 FILE:../src/Map/CreatMapTask.cpp FUNC:On_MSG_REQUEST_MSG_REQ_WS2GM_CREATESCENE LINE:329
 	  Message:gateserver request gameserver create map
LOGDEBUG
2016-11-22_18:26:36 FILE:../src/Map/CreatMapTask.cpp FUNC:On_MSG_REQUEST_MSG_REQ_WS2GM_CREATESCENE LINE:329
 	  Message:gateserver request gameserver create map
LOGDEBUG
2016-11-22_18:26:36 FILE:../src/Map/CreatMapTask.cpp FUNC:On_MSG_REQUEST_MSG_REQ_WS2GM_CREATESCENE LINE:329
 	  Message:gateserver request gameserver create map
LOGDEBUG
2016-11-22_18:26:36 FILE:../src/Map/CreatMapTask.cpp FUNC:On_MSG_REQUEST_MSG_REQ_WS2GM_CREATESCENE LINE:329
 	  Message:gateserver request gameserver create map
LOGDEBUG
2016-11-22_18:26:36 FILE:../src/Map/CreatMapTask.cpp FUNC:On_MSG_REQUEST_MSG_REQ_WS2GM_CREATESCENE LINE:329
 	  Message:gateserver request gameserver create map
LOGDEBUG
2016-11-22_18:26:36 FILE:../src/Map/CreatMapTask.cpp FUNC:On_MSG_REQUEST_MSG_REQ_WS2GM_CREATESCENE LINE:329
 	  Message:gateserver request gameserver create map
LOGDEBUG
2016-11-22_18:26:36 FILE:../src/Map/CreatMapTask.cpp FUNC:On_MSG_REQUEST_MSG_REQ_WS2GM_CREATESCENE LINE:329
 	  Message:gateserver request gameserver create map
LOGDEBUG
2016-11-22_18:26:36 FILE:../src/Map/CreatMapTask.cpp FUNC:On_MSG_REQUEST_MSG_REQ_WS2GM_CREATESCENE LINE:329
 	  Message:gateserver request gameserver create map
LOGDEBUG
2016-11-22_18:26:36 FILE:../src/Map/CreatMapTask.cpp FUNC:On_MSG_REQUEST_MSG_REQ_WS2GM_CREATESCENE LINE:329
 	  Message:gateserver request gameserver create map
LOGDEBUG
2016-11-22_18:26:36 FILE:../src/Map/CreatMapTask.cpp FUNC:On_MSG_REQUEST_MSG_REQ_WS2GM_CREATESCENE LINE:329
 	  Message:gateserver request gameserver create map
LOGDEBUG
2016-11-22_18:26:50 FILE:../src/Object/Player/PlayerMessage.cpp FUNC:On_MSG_REQUEST_MSG_REQ_GT2GM_PLAYERINFO LINE:1092
 	  Message:Player login on and get playerinfo[1]
LOGDEBUG
2016-11-22_18:26:50 FILE:../src/Object/Player/Player.cpp FUNC:InitBaseInfo LINE:1188
 	  Message:iRet=1802 err:[src/OpenApiV3.cpp][278][ParamIsValid]openid is invalid

LOGDEBUG
2016-11-22_18:26:50 FILE:../src/Activity/ActivityMgr.cpp FUNC:IsCanEnterActive LINE:399
 	  Message:intanceId is invalid 247.
LOGDEBUG
2016-11-22_18:26:50 FILE:../src/Trade/BaseShop.cpp FUNC:FlushMyster LINE:438
 	  Message:FlushMyster ............................. 8
LOGDEBUG
2016-11-22_18:26:50 FILE:../src/Object/Player/PlayerMessage.cpp FUNC:On_MSG_ACK_MSG_REQ_GM2DB_CONTAINERINFO LINE:1682
 	  Message:gameserver request dbserver player[4294967320] container info
LOGDEBUG
2016-11-22_18:26:50 FILE:../src/Object/Player/PlayerMessage.cpp FUNC:FinishiInit LINE:4069
 	  Message:finish player[4294967320] info 
LOGDEBUG
2016-11-22_18:26:50 FILE:../src/Object/Player/PlayerMessage.cpp FUNC:FinishiInit LINE:4104
 	  Message:player login in game and finish player[4294967320] info 
LOGDEBUG
2016-11-22_18:26:51 FILE:../src/Mail/MailMessage.cpp FUNC:On_MSG_QUICK_REQUEST_MSG_REQ_C2GM_MAILS LINE:77
 	  Message:client req gt get mails
LOGDEBUG
2016-11-22_18:26:51 FILE:../src/Horse/HorseMessage.cpp FUNC:On_MSG_REQUEST_MSG_REQ_GT2GM_HORSEINFO LINE:72
 	  Message:Player request horse info
LOGDEBUG
2016-11-22_18:27:50 FILE:../src/Trade/BaseShop.cpp FUNC:SetBaseShopInfo LINE:115
 	  Message:SetBaseShopInfo ............................. 8
LOGDEBUG
2016-11-22_18:30:17 FILE:../src/Object/Player/PlayerMessage.cpp FUNC:On_MSG_REQUEST_MSG_REQ_GT2GM_PLAYERINFO LINE:1092
 	  Message:Player login on and get playerinfo[1]
LOGDEBUG
2016-11-22_18:30:17 FILE:../src/Object/Player/Player.cpp FUNC:InitBaseInfo LINE:1188
 	  Message:iRet=1802 err:[src/OpenApiV3.cpp][278][ParamIsValid]openid is invalid

LOGDEBUG
2016-11-22_18:30:17 FILE:../src/Trade/BaseShop.cpp FUNC:FlushMyster LINE:438
 	  Message:FlushMyster ............................. 8
LOGDEBUG
2016-11-22_18:30:17 FILE:../src/Object/Player/PlayerMessage.cpp FUNC:On_MSG_ACK_MSG_REQ_GM2DB_CONTAINERINFO LINE:1682
 	  Message:gameserver request dbserver player[4294967387] container info
LOGDEBUG
2016-11-22_18:30:17 FILE:../src/Object/Player/PlayerMessage.cpp FUNC:FinishiInit LINE:4069
 	  Message:finish player[4294967387] info 
LOGDEBUG
2016-11-22_18:30:17 FILE:../src/Object/Player/PlayerMessage.cpp FUNC:FinishiInit LINE:4104
 	  Message:player login in game and finish player[4294967387] info 
LOGDEBUG
2016-11-22_18:30:17 FILE:../src/QuestNew/AcceptedQuest.cpp FUNC:updateToClient LINE:270
 	  Message:Player 281479271678043 CanSubmit Task,10018 type,1 state,3 numStar,1 rewardStar,1 times,0 nowNum,0 targeNum,0
LOGDEBUG
2016-11-22_18:30:19 FILE:../src/Mail/MailMessage.cpp FUNC:On_MSG_QUICK_REQUEST_MSG_REQ_C2GM_MAILS LINE:77
 	  Message:client req gt get mails
LOGDEBUG
2016-11-22_18:30:19 FILE:../src/Horse/HorseMessage.cpp FUNC:On_MSG_REQUEST_MSG_REQ_GT2GM_HORSEINFO LINE:72
 	  Message:Player request horse info
LOGDEBUG
2016-11-22_18:30:32 FILE:../src/Trade/BaseShop.cpp FUNC:SetBaseShopInfo LINE:115
 	  Message:SetBaseShopInfo ............................. 8
LOGDEBUG
2016-11-22_18:30:38 FILE:../src/Object/Player/PlayerMessage.cpp FUNC:On_MSG_REQUEST_MSG_REQ_GT2GM_PLAYERINFO LINE:1092
 	  Message:Player login on and get playerinfo[1]
LOGDEBUG
2016-11-22_18:30:38 FILE:../src/Object/Player/Player.cpp FUNC:InitBaseInfo LINE:1188
 	  Message:iRet=1802 err:[src/OpenApiV3.cpp][278][ParamIsValid]openid is invalid

LOGDEBUG
2016-11-22_18:30:38 FILE:../src/Trade/BaseShop.cpp FUNC:FlushMyster LINE:438
 	  Message:FlushMyster ............................. 8
LOGDEBUG
2016-11-22_18:30:39 FILE:../src/Object/Player/PlayerMessage.cpp FUNC:On_MSG_ACK_MSG_REQ_GM2DB_CONTAINERINFO LINE:1682
 	  Message:gameserver request dbserver player[4294967320] container info
LOGDEBUG
2016-11-22_18:30:39 FILE:../src/Object/Player/PlayerMessage.cpp FUNC:FinishiInit LINE:4069
 	  Message:finish player[4294967320] info 
LOGDEBUG
2016-11-22_18:30:39 FILE:../src/Object/Player/PlayerMessage.cpp FUNC:FinishiInit LINE:4104
 	  Message:player login in game and finish player[4294967320] info 
LOGDEBUG
2016-11-22_18:30:39 FILE:../src/Mail/MailMessage.cpp FUNC:On_MSG_QUICK_REQUEST_MSG_REQ_C2GM_MAILS LINE:77
 	  Message:client req gt get mails
LOGDEBUG
2016-11-22_18:30:39 FILE:../src/Horse/HorseMessage.cpp FUNC:On_MSG_REQUEST_MSG_REQ_GT2GM_HORSEINFO LINE:72
 	  Message:Player request horse info
LOGDEBUG
2016-11-22_18:30:48 FILE:../src/Object/Player/PlayerMessage.cpp FUNC:On_MSG_REQUEST_MSG_REQ_GT2GM_CHARATTR LINE:1123
 	  Message:Player request battle attribute
LOGDEBUG
2016-11-22_18:30:53 FILE:../src/Trade/BaseShop.cpp FUNC:SetBaseShopInfo LINE:115
 	  Message:SetBaseShopInfo ............................. 8
LOGDEBUG
2016-11-22_18:30:58 FILE:../src/Trade/BaseShop.cpp FUNC:SetBaseShopInfo LINE:115
 	  Message:SetBaseShopInfo ............................. 8
LOGDEBUG
2016-11-22_18:31:14 FILE:../src/Object/Player/PlayerMessage.cpp FUNC:On_MSG_REQUEST_MSG_REQ_GT2GM_PLAYERINFO LINE:1092
 	  Message:Player login on and get playerinfo[1]
LOGDEBUG
2016-11-22_18:31:14 FILE:../src/Object/Player/Player.cpp FUNC:InitBaseInfo LINE:1188
 	  Message:iRet=1802 err:[src/OpenApiV3.cpp][278][ParamIsValid]openid is invalid

LOGDEBUG
2016-11-22_18:31:14 FILE:../src/Trade/BaseShop.cpp FUNC:FlushMyster LINE:438
 	  Message:FlushMyster ............................. 8
LOGDEBUG
2016-11-22_18:31:14 FILE:../src/Object/Player/PlayerMessage.cpp FUNC:On_MSG_ACK_MSG_REQ_GM2DB_CONTAINERINFO LINE:1682
 	  Message:gameserver request dbserver player[4294967387] container info
LOGDEBUG
2016-11-22_18:31:15 FILE:../src/Object/Player/PlayerMessage.cpp FUNC:FinishiInit LINE:4069
 	  Message:finish player[4294967387] info 
LOGDEBUG
2016-11-22_18:31:15 FILE:../src/Object/Player/PlayerMessage.cpp FUNC:FinishiInit LINE:4104
 	  Message:player login in game and finish player[4294967387] info 
LOGDEBUG
2016-11-22_18:31:15 FILE:../src/QuestNew/AcceptedQuest.cpp FUNC:updateToClient LINE:270
 	  Message:Player 281479271678043 CanSubmit Task,10018 type,1 state,3 numStar,1 rewardStar,1 times,0 nowNum,0 targeNum,0
LOGDEBUG
2016-11-22_18:31:16 FILE:../src/Mail/MailMessage.cpp FUNC:On_MSG_QUICK_REQUEST_MSG_REQ_C2GM_MAILS LINE:77
 	  Message:client req gt get mails
LOGDEBUG
2016-11-22_18:31:16 FILE:../src/Horse/HorseMessage.cpp FUNC:On_MSG_REQUEST_MSG_REQ_GT2GM_HORSEINFO LINE:72
 	  Message:Player request horse info
LOGDEBUG
2016-11-22_18:31:52 FILE:../src/Trade/BaseShop.cpp FUNC:SetBaseShopInfo LINE:115
 	  Message:SetBaseShopInfo ............................. 8
LOGDEBUG
2016-11-22_18:32:27 FILE:../src/Object/Player/PlayerMessage.cpp FUNC:On_MSG_REQUEST_MSG_REQ_GT2GM_PLAYERINFO LINE:1092
 	  Message:Player login on and get playerinfo[1]
LOGDEBUG
2016-11-22_18:32:27 FILE:../src/Object/Player/Player.cpp FUNC:InitBaseInfo LINE:1188
 	  Message:iRet=1802 err:[src/OpenApiV3.cpp][278][ParamIsValid]openid is invalid

LOGDEBUG
2016-11-22_18:32:27 FILE:../src/Trade/BaseShop.cpp FUNC:FlushMyster LINE:438
 	  Message:FlushMyster ............................. 8
LOGDEBUG
2016-11-22_18:32:27 FILE:../src/Object/Player/PlayerMessage.cpp FUNC:On_MSG_ACK_MSG_REQ_GM2DB_CONTAINERINFO LINE:1682
 	  Message:gameserver request dbserver player[4294967387] container info
LOGDEBUG
2016-11-22_18:32:28 FILE:../src/Object/Player/PlayerMessage.cpp FUNC:FinishiInit LINE:4069
 	  Message:finish player[4294967387] info 
LOGDEBUG
2016-11-22_18:32:28 FILE:../src/Object/Player/PlayerMessage.cpp FUNC:FinishiInit LINE:4104
 	  Message:player login in game and finish player[4294967387] info 
LOGDEBUG
2016-11-22_18:32:28 FILE:../src/QuestNew/AcceptedQuest.cpp FUNC:updateToClient LINE:270
 	  Message:Player 281479271678043 CanSubmit Task,10018 type,1 state,3 numStar,1 rewardStar,1 times,0 nowNum,0 targeNum,0
LOGDEBUG
2016-11-22_18:32:28 FILE:../src/Mail/MailMessage.cpp FUNC:On_MSG_QUICK_REQUEST_MSG_REQ_C2GM_MAILS LINE:77
 	  Message:client req gt get mails
LOGDEBUG
2016-11-22_18:32:29 FILE:../src/Horse/HorseMessage.cpp FUNC:On_MSG_REQUEST_MSG_REQ_GT2GM_HORSEINFO LINE:72
 	  Message:Player request horse info
LOGDEBUG
2016-11-22_18:33:01 FILE:../src/Trade/BaseShop.cpp FUNC:SetBaseShopInfo LINE:115
 	  Message:SetBaseShopInfo ............................. 8
LOGDEBUG
2016-11-22_18:33:27 FILE:../src/Object/Player/PlayerMessage.cpp FUNC:On_MSG_REQUEST_MSG_REQ_GT2GM_PLAYERINFO LINE:1092
 	  Message:Player login on and get playerinfo[1]
LOGDEBUG
2016-11-22_18:33:28 FILE:../src/Object/Player/Player.cpp FUNC:InitBaseInfo LINE:1188
 	  Message:iRet=1802 err:[src/OpenApiV3.cpp][278][ParamIsValid]openid is invalid

LOGDEBUG
2016-11-22_18:33:28 FILE:../src/Trade/BaseShop.cpp FUNC:FlushMyster LINE:438
 	  Message:FlushMyster ............................. 8
LOGDEBUG
2016-11-22_18:33:28 FILE:../src/Object/Player/PlayerMessage.cpp FUNC:On_MSG_ACK_MSG_REQ_GM2DB_CONTAINERINFO LINE:1682
 	  Message:gameserver request dbserver player[4294967387] container info
LOGDEBUG
2016-11-22_18:33:28 FILE:../src/Object/Player/PlayerMessage.cpp FUNC:FinishiInit LINE:4069
 	  Message:finish player[4294967387] info 
LOGDEBUG
2016-11-22_18:33:28 FILE:../src/Object/Player/PlayerMessage.cpp FUNC:FinishiInit LINE:4104
 	  Message:player login in game and finish player[4294967387] info 
LOGDEBUG
2016-11-22_18:33:28 FILE:../src/QuestNew/AcceptedQuest.cpp FUNC:updateToClient LINE:270
 	  Message:Player 281479271678043 CanSubmit Task,10018 type,1 state,3 numStar,1 rewardStar,1 times,0 nowNum,0 targeNum,0
LOGDEBUG
2016-11-22_18:33:29 FILE:../src/Mail/MailMessage.cpp FUNC:On_MSG_QUICK_REQUEST_MSG_REQ_C2GM_MAILS LINE:77
 	  Message:client req gt get mails
LOGDEBUG
2016-11-22_18:33:29 FILE:../src/Horse/HorseMessage.cpp FUNC:On_MSG_REQUEST_MSG_REQ_GT2GM_HORSEINFO LINE:72
 	  Message:Player request horse info
LOGDEBUG
2016-11-22_18:33:49 FILE:../src/RewardHail/RewardMgr.cpp FUNC:On_MSG_QUICK_REQUEST_MSG_REQ_C2GT_SIGNIN LINE:66
 	  Message:signin ack 281479271678043 error 338
LOGDEBUG
2016-11-22_18:33:51 FILE:../src/RewardHail/RewardMgr.cpp FUNC:On_MSG_QUICK_REQUEST_MSG_REQ_C2GT_SIGNIN LINE:66
 	  Message:signin ack 281479271678043 error 338
LOGDEBUG
2016-11-22_18:33:52 FILE:../src/RewardHail/RewardMgr.cpp FUNC:On_MSG_QUICK_REQUEST_MSG_REQ_C2GT_SIGNIN LINE:66
 	  Message:signin ack 281479271678043 error 338
LOGDEBUG
2016-11-22_18:33:54 FILE:../src/RewardHail/RewardMgr.cpp FUNC:On_MSG_QUICK_REQUEST_MSG_REQ_C2GT_SIGNIN LINE:66
 	  Message:signin ack 281479271678043 error 338
LOGDEBUG
2016-11-22_18:33:55 FILE:../src/RewardHail/RewardMgr.cpp FUNC:On_MSG_QUICK_REQUEST_MSG_REQ_C2GT_SIGNIN LINE:66
 	  Message:signin ack 281479271678043 error 338
LOGDEBUG
2016-11-22_18:33:59 FILE:../src/RewardHail/RewardMgr.cpp FUNC:On_MSG_QUICK_REQUEST_MSG_REQ_C2GT_SIGNIN LINE:66
 	  Message:signin ack 281479271678043 error 338
LOGDEBUG
2016-11-22_18:34:01 FILE:../src/RewardHail/RewardMgr.cpp FUNC:On_MSG_QUICK_REQUEST_MSG_REQ_C2GT_SIGNIN LINE:66
 	  Message:signin ack 281479271678043 error 338
LOGDEBUG
2016-11-22_18:34:06 FILE:../src/RewardHail/RewardMgr.cpp FUNC:On_MSG_QUICK_REQUEST_MSG_REQ_C2GT_SIGNIN LINE:66
 	  Message:signin ack 281479271678043 error 338
LOGDEBUG
2016-11-22_18:34:28 FILE:../src/Trade/BaseShop.cpp FUNC:SetBaseShopInfo LINE:115
 	  Message:SetBaseShopInfo ............................. 8
LOGDEBUG
2016-11-22_18:34:49 FILE:../src/RewardHail/RewardMgr.cpp FUNC:On_MSG_QUICK_REQUEST_MSG_REQ_C2GT_SIGNIN LINE:66
 	  Message:signin ack 281479271678043 error 338
LOGDEBUG
2016-11-22_18:34:56 FILE:../src/RewardHail/SignIn.cpp FUNC:SetSignIn LINE:305
 	  Message:setSignin 281479271678043 day 21
LOGDEBUG
2016-11-22_18:34:56 FILE:../src/RewardHail/RewardMgr.cpp FUNC:On_MSG_QUICK_REQUEST_MSG_REQ_C2GT_SIGNIN LINE:66
 	  Message:signin ack 281479271678043 error 0
LOGDEBUG
2016-11-22_18:35:04 FILE:../src/Trade/BaseShop.cpp FUNC:SetBaseShopInfo LINE:115
 	  Message:SetBaseShopInfo ............................. 8
LOGDEBUG
2016-11-23_09:54:39 FILE:../src/Object/Player/PlayerMessage.cpp FUNC:On_MSG_REQUEST_MSG_REQ_GT2GM_PLAYERINFO LINE:1092
 	  Message:Player login on and get playerinfo[1]
LOGDEBUG
2016-11-23_09:54:39 FILE:../src/Object/Player/Player.cpp FUNC:InitBaseInfo LINE:1188
 	  Message:iRet=1802 err:[src/OpenApiV3.cpp][278][ParamIsValid]openid is invalid

LOGDEBUG
2016-11-23_09:54:39 FILE:../src/Activity/ActivityMgr.cpp FUNC:IsCanEnterActive LINE:399
 	  Message:intanceId is invalid 247.
LOGDEBUG
2016-11-23_09:54:39 FILE:../src/Trade/BaseShop.cpp FUNC:FlushMyster LINE:438
 	  Message:FlushMyster ............................. 8
LOGDEBUG
2016-11-23_09:54:39 FILE:../src/Object/Player/PlayerMessage.cpp FUNC:On_MSG_ACK_MSG_REQ_GM2DB_CONTAINERINFO LINE:1682
 	  Message:gameserver request dbserver player[4294967387] container info
LOGDEBUG
2016-11-23_09:54:39 FILE:../src/Object/Player/PlayerMessage.cpp FUNC:FinishiInit LINE:4069
 	  Message:finish player[4294967387] info 
LOGDEBUG
2016-11-23_09:54:39 FILE:../src/Object/Player/PlayerMessage.cpp FUNC:FinishiInit LINE:4104
 	  Message:player login in game and finish player[4294967387] info 
LOGDEBUG
2016-11-23_09:54:39 FILE:../src/QuestNew/AcceptedQuest.cpp FUNC:updateToClient LINE:270
 	  Message:Player 281479271678043 CanSubmit Task,10018 type,1 state,3 numStar,1 rewardStar,1 times,0 nowNum,0 targeNum,0
LOGDEBUG
2016-11-23_09:54:40 FILE:../src/Mail/MailMessage.cpp FUNC:On_MSG_QUICK_REQUEST_MSG_REQ_C2GM_MAILS LINE:77
 	  Message:client req gt get mails
LOGDEBUG
2016-11-23_09:54:40 FILE:../src/Horse/HorseMessage.cpp FUNC:On_MSG_REQUEST_MSG_REQ_GT2GM_HORSEINFO LINE:72
 	  Message:Player request horse info
LOGDEBUG
2016-11-23_09:57:16 FILE:../src/RewardHail/RewardMgr.cpp FUNC:On_MSG_QUICK_REQUEST_MSG_REQ_C2GT_SIGNIN LINE:66
 	  Message:signin ack 281479271678043 error 338
LOGDEBUG
2016-11-23_09:57:18 FILE:../src/Trade/BaseShop.cpp FUNC:SetBaseShopInfo LINE:115
 	  Message:SetBaseShopInfo ............................. 8
LOGDEBUG
2016-11-23_10:02:38 FILE:../src/Trade/BaseShop.cpp FUNC:SetBaseShopInfo LINE:115
 	  Message:SetBaseShopInfo ............................. 8
LOGDEBUG
2016-11-23_10:08:37 FILE:../src/Object/Player/PlayerMessage.cpp FUNC:On_MSG_REQUEST_MSG_REQ_GT2GM_PLAYERINFO LINE:1092
 	  Message:Player login on and get playerinfo[1]
LOGDEBUG
2016-11-23_10:08:37 FILE:../src/Object/Player/Player.cpp FUNC:InitBaseInfo LINE:1188
 	  Message:iRet=1802 err:[src/OpenApiV3.cpp][278][ParamIsValid]openid is invalid

LOGDEBUG
2016-11-23_10:08:37 FILE:../src/Trade/BaseShop.cpp FUNC:FlushMyster LINE:438
 	  Message:FlushMyster ............................. 8
LOGDEBUG
2016-11-23_10:08:37 FILE:../src/Object/Player/PlayerMessage.cpp FUNC:On_MSG_ACK_MSG_REQ_GM2DB_CONTAINERINFO LINE:1682
 	  Message:gameserver request dbserver player[4294967387] container info
LOGDEBUG
2016-11-23_10:08:37 FILE:../src/Object/Player/PlayerMessage.cpp FUNC:FinishiInit LINE:4069
 	  Message:finish player[4294967387] info 
LOGDEBUG
2016-11-23_10:08:37 FILE:../src/Object/Player/PlayerMessage.cpp FUNC:FinishiInit LINE:4104
 	  Message:player login in game and finish player[4294967387] info 
LOGDEBUG
2016-11-23_10:08:37 FILE:../src/QuestNew/AcceptedQuest.cpp FUNC:updateToClient LINE:270
 	  Message:Player 281479271678043 CanSubmit Task,10018 type,1 state,3 numStar,1 rewardStar,1 times,0 nowNum,0 targeNum,0
LOGDEBUG
2016-11-23_10:08:38 FILE:../src/Mail/MailMessage.cpp FUNC:On_MSG_QUICK_REQUEST_MSG_REQ_C2GM_MAILS LINE:77
 	  Message:client req gt get mails
LOGDEBUG
2016-11-23_10:08:38 FILE:../src/Horse/HorseMessage.cpp FUNC:On_MSG_REQUEST_MSG_REQ_GT2GM_HORSEINFO LINE:72
 	  Message:Player request horse info
LOGDEBUG
2016-11-23_10:08:56 FILE:../src/RewardHail/SignIn.cpp FUNC:SetSignIn LINE:305
 	  Message:setSignin 281479271678043 day 22
LOGDEBUG
2016-11-23_10:08:56 FILE:../src/RewardHail/RewardMgr.cpp FUNC:On_MSG_QUICK_REQUEST_MSG_REQ_C2GT_SIGNIN LINE:66
 	  Message:signin ack 281479271678043 error 0
LOGDEBUG
2016-11-23_10:09:37 FILE:../src/Trade/BaseShop.cpp FUNC:SetBaseShopInfo LINE:115
 	  Message:SetBaseShopInfo ............................. 8
LOGDEBUG
2016-11-23_10:11:05 FILE:../src/Trade/BaseShop.cpp FUNC:SetBaseShopInfo LINE:115
 	  Message:SetBaseShopInfo ............................. 8
LOGDEBUG
2016-11-23_10:11:36 FILE:../src/Object/Player/PlayerMessage.cpp FUNC:On_MSG_REQUEST_MSG_REQ_GT2GM_PLAYERINFO LINE:1092
 	  Message:Player login on and get playerinfo[1]
LOGDEBUG
2016-11-23_10:11:36 FILE:../src/Object/Player/Player.cpp FUNC:InitBaseInfo LINE:1188
 	  Message:iRet=1802 err:[src/OpenApiV3.cpp][278][ParamIsValid]openid is invalid

LOGDEBUG
2016-11-23_10:11:36 FILE:../src/Trade/BaseShop.cpp FUNC:FlushMyster LINE:438
 	  Message:FlushMyster ............................. 8
LOGDEBUG
2016-11-23_10:11:36 FILE:../src/Object/Player/PlayerMessage.cpp FUNC:On_MSG_ACK_MSG_REQ_GM2DB_CONTAINERINFO LINE:1682
 	  Message:gameserver request dbserver player[4294967387] container info
LOGDEBUG
2016-11-23_10:11:37 FILE:../src/Object/Player/PlayerMessage.cpp FUNC:FinishiInit LINE:4069
 	  Message:finish player[4294967387] info 
LOGDEBUG
2016-11-23_10:11:37 FILE:../src/Object/Player/PlayerMessage.cpp FUNC:FinishiInit LINE:4104
 	  Message:player login in game and finish player[4294967387] info 
LOGDEBUG
2016-11-23_10:11:37 FILE:../src/QuestNew/AcceptedQuest.cpp FUNC:updateToClient LINE:270
 	  Message:Player 281479271678043 CanSubmit Task,10018 type,1 state,3 numStar,1 rewardStar,1 times,0 nowNum,0 targeNum,0
LOGDEBUG
2016-11-23_10:11:38 FILE:../src/Mail/MailMessage.cpp FUNC:On_MSG_QUICK_REQUEST_MSG_REQ_C2GM_MAILS LINE:77
 	  Message:client req gt get mails
LOGDEBUG
2016-11-23_10:11:38 FILE:../src/Horse/HorseMessage.cpp FUNC:On_MSG_REQUEST_MSG_REQ_GT2GM_HORSEINFO LINE:72
 	  Message:Player request horse info
LOGDEBUG
2016-11-23_10:11:47 FILE:../src/RewardHail/SignIn.cpp FUNC:SetSignIn LINE:305
 	  Message:setSignin 281479271678043 day 20
LOGDEBUG
2016-11-23_10:11:47 FILE:../src/RewardHail/RewardMgr.cpp FUNC:On_MSG_QUICK_REQUEST_MSG_REQ_C2GT_SIGNIN LINE:66
 	  Message:signin ack 281479271678043 error 0
LOGDEBUG
2016-11-23_10:11:59 FILE:../src/RewardHail/SignIn.cpp FUNC:SetSignIn LINE:305
 	  Message:setSignin 281479271678043 day 19
LOGDEBUG
2016-11-23_10:11:59 FILE:../src/RewardHail/RewardMgr.cpp FUNC:On_MSG_QUICK_REQUEST_MSG_REQ_C2GT_SIGNIN LINE:66
 	  Message:signin ack 281479271678043 error 0
LOGDEBUG
2016-11-23_10:12:36 FILE:../src/Trade/BaseShop.cpp FUNC:SetBaseShopInfo LINE:115
 	  Message:SetBaseShopInfo ............................. 8