
LOGDEBUG
2016-12-22_15:43:49 FILE:../src/ServerManager.cpp FUNC:On_MSG_ACK_MSG_SIM_GT2GM_PUSHSERVERID LINE:393
 	  Message:gateServer push server id
LOGDEBUG
2016-12-22_15:43:50 FILE:../src/ServerManager.cpp FUNC:On_MSG_ACK_MSG_SIM_DB2GM_PUSHSERVERID LINE:431
 	  Message:dbServer push server id
LOGDEBUG
2016-12-22_15:43:51 FILE:../src/ServerManager.cpp FUNC:On_MSG_ACK_MSG_REQ_GM2WS_PUSHSERVERID LINE:463
 	  Message:worldserver push server id
LOGDEBUG
2016-12-22_15:43:51 FILE:../src/ServerManager.cpp FUNC:On_MSG_ACK_MSG_REQ_GM2MS_PUSHSERVERID LINE:497
 	  Message:managerServer push server id
LOGDEBUG
2016-12-22_15:43:51 FILE:../src/Map/CreatMapTask.cpp FUNC:On_MSG_REQUEST_MSG_REQ_WS2GM_CREATESCENE LINE:329
 	  Message:gateserver request gameserver create map
LOGDEBUG
2016-12-22_15:43:51 FILE:../src/Map/CreatMapTask.cpp FUNC:On_MSG_REQUEST_MSG_REQ_WS2GM_CREATESCENE LINE:329
 	  Message:gateserver request gameserver create map
LOGDEBUG
2016-12-22_15:43:51 FILE:../src/Map/CreatMapTask.cpp FUNC:On_MSG_REQUEST_MSG_REQ_WS2GM_CREATESCENE LINE:329
 	  Message:gateserver request gameserver create map
LOGDEBUG
2016-12-22_15:43:51 FILE:../src/Map/CreatMapTask.cpp FUNC:On_MSG_REQUEST_MSG_REQ_WS2GM_CREATESCENE LINE:329
 	  Message:gateserver request gameserver create map
LOGDEBUG
2016-12-22_15:43:51 FILE:../src/Map/CreatMapTask.cpp FUNC:On_MSG_REQUEST_MSG_REQ_WS2GM_CREATESCENE LINE:329
 	  Message:gateserver request gameserver create map
LOGDEBUG
2016-12-22_15:43:51 FILE:../src/Map/CreatMapTask.cpp FUNC:On_MSG_REQUEST_MSG_REQ_WS2GM_CREATESCENE LINE:329
 	  Message:gateserver request gameserver create map
LOGDEBUG
2016-12-22_15:43:51 FILE:../src/Map/CreatMapTask.cpp FUNC:On_MSG_REQUEST_MSG_REQ_WS2GM_CREATESCENE LINE:329
 	  Message:gateserver request gameserver create map
LOGDEBUG
2016-12-22_15:43:51 FILE:../src/Map/CreatMapTask.cpp FUNC:On_MSG_REQUEST_MSG_REQ_WS2GM_CREATESCENE LINE:329
 	  Message:gateserver request gameserver create map
LOGDEBUG
2016-12-22_15:43:51 FILE:../src/Map/CreatMapTask.cpp FUNC:On_MSG_REQUEST_MSG_REQ_WS2GM_CREATESCENE LINE:329
 	  Message:gateserver request gameserver create map
LOGDEBUG
2016-12-22_15:43:51 FILE:../src/Map/CreatMapTask.cpp FUNC:On_MSG_REQUEST_MSG_REQ_WS2GM_CREATESCENE LINE:329
 	  Message:gateserver request gameserver create map
LOGDEBUG
2016-12-22_15:43:51 FILE:../src/Map/CreatMapTask.cpp FUNC:On_MSG_REQUEST_MSG_REQ_WS2GM_CREATESCENE LINE:329
 	  Message:gateserver request gameserver create map
LOGDEBUG
2016-12-22_15:43:51 FILE:../src/Map/CreatMapTask.cpp FUNC:On_MSG_REQUEST_MSG_REQ_WS2GM_CREATESCENE LINE:329
 	  Message:gateserver request gameserver create map
LOGDEBUG
2016-12-22_15:43:51 FILE:../src/Map/CreatMapTask.cpp FUNC:On_MSG_REQUEST_MSG_REQ_WS2GM_CREATESCENE LINE:329
 	  Message:gateserver request gameserver create map
LOGDEBUG
2016-12-22_15:43:51 FILE:../src/Map/CreatMapTask.cpp FUNC:On_MSG_REQUEST_MSG_REQ_WS2GM_CREATESCENE LINE:329
 	  Message:gateserver request gameserver create map
LOGDEBUG
2016-12-22_15:43:51 FILE:../src/Map/CreatMapTask.cpp FUNC:On_MSG_REQUEST_MSG_REQ_WS2GM_CREATESCENE LINE:329
 	  Message:gateserver request gameserver create map
LOGDEBUG
2016-12-22_15:43:51 FILE:../src/Map/CreatMapTask.cpp FUNC:On_MSG_REQUEST_MSG_REQ_WS2GM_CREATESCENE LINE:329
 	  Message:gateserver request gameserver create map
LOGDEBUG
2016-12-22_15:43:51 FILE:../src/Map/CreatMapTask.cpp FUNC:On_MSG_REQUEST_MSG_REQ_WS2GM_CREATESCENE LINE:329
 	  Message:gateserver request gameserver create map
LOGDEBUG
2016-12-22_15:43:51 FILE:../src/Map/CreatMapTask.cpp FUNC:On_MSG_REQUEST_MSG_REQ_WS2GM_CREATESCENE LINE:329
 	  Message:gateserver request gameserver create map
LOGDEBUG
2016-12-22_15:43:51 FILE:../src/Map/CreatMapTask.cpp FUNC:On_MSG_REQUEST_MSG_REQ_WS2GM_CREATESCENE LINE:329
 	  Message:gateserver request gameserver create map
LOGDEBUG
2016-12-22_15:43:51 FILE:../src/Map/CreatMapTask.cpp FUNC:On_MSG_REQUEST_MSG_REQ_WS2GM_CREATESCENE LINE:329
 	  Message:gateserver request gameserver create map
LOGDEBUG
2016-12-22_15:43:51 FILE:../src/Map/CreatMapTask.cpp FUNC:On_MSG_REQUEST_MSG_REQ_WS2GM_CREATESCENE LINE:329
 	  Message:gateserver request gameserver create map
LOGDEBUG
2016-12-22_15:43:51 FILE:../src/Map/CreatMapTask.cpp FUNC:On_MSG_REQUEST_MSG_REQ_WS2GM_CREATESCENE LINE:329
 	  Message:gateserver request gameserver create map
LOGDEBUG
2016-12-22_15:46:57 FILE:../src/Object/Player/PlayerMessage.cpp FUNC:On_MSG_REQUEST_MSG_REQ_GT2GM_PLAYERINFO LINE:1098
 	  Message:Player login on and get playerinfo[1]
LOGDEBUG
2016-12-22_15:46:57 FILE:../src/Trade/BaseShop.cpp FUNC:FlushMyster LINE:438
 	  Message:FlushMyster ............................. 8
LOGDEBUG
2016-12-22_15:46:57 FILE:../src/Object/Player/PlayerMessage.cpp FUNC:On_MSG_ACK_MSG_REQ_GM2DB_CONTAINERINFO LINE:1688
 	  Message:gameserver request dbserver player[4294968819] container info
LOGDEBUG
2016-12-22_15:46:57 FILE:../src/Object/Player/PlayerMessage.cpp FUNC:FinishiInit LINE:4078
 	  Message:finish player[4294968819] info 
LOGDEBUG
2016-12-22_15:46:57 FILE:../src/Object/Player/PlayerMessage.cpp FUNC:FinishiInit LINE:4113
 	  Message:player login in game and finish player[4294968819] info 
LOGDEBUG
2016-12-22_15:46:57 FILE:../src/QuestNew/AcceptedQuest.cpp FUNC:updateToClient LINE:270
 	  Message:Player 281479271679475 CanSubmit Task,10001 type,1 state,3 numStar,1 rewardStar,1 times,0 nowNum,0 targeNum,0
LOGDEBUG
2016-12-22_15:46:59 FILE:../src/Mail/MailMessage.cpp FUNC:On_MSG_QUICK_REQUEST_MSG_REQ_C2GM_MAILS LINE:77
 	  Message:client req gt get mails
LOGDEBUG
2016-12-22_15:46:59 FILE:../src/Horse/HorseMessage.cpp FUNC:On_MSG_REQUEST_MSG_REQ_GT2GM_HORSEINFO LINE:72
 	  Message:Player request horse info
LOGDEBUG
2016-12-22_15:47:02 FILE:../src/Arena/ArenaMessage.cpp FUNC:On_MSG_QUICK_REQUEST_MSG_REQ_C2GM_ARENAINFO LINE:65
 	  Message:request Arena  war report info from client
LOGDEBUG
2016-12-22_15:47:03 FILE:../src/Map/CreatMapTask.cpp FUNC:On_MSG_REQUEST_MSG_REQ_WS2GM_CREATESCENE LINE:329
 	  Message:gateserver request gameserver create map
LOGDEBUG
2016-12-22_15:47:03 FILE:../src/MapInstance/MapInstanceMessage.cpp FUNC:On_MSG_ACK_MSG_REQ_GM2WS_CREATEINSTANCE LINE:809
 	  Message:gameserver request worldserver create map
LOGDEBUG
2016-12-22_15:47:08 FILE:../src/Arena/ArenaMessage.cpp FUNC:On_MSG_ACK_MSG_REQ_GM2DB_ARENAINFO LINE:398
 	  Message:gameserver request dbserver ranking player
LOGDEBUG
2016-12-22_15:47:08 FILE:../src/Map/GameZone.cpp FUNC:InitMonsterByPlayer LINE:295
 	  Message:SKIL ID = 1001
LOGDEBUG
2016-12-22_15:47:08 FILE:../src/Map/GameZone.cpp FUNC:InitMonsterByPlayer LINE:295
 	  Message:SKIL ID = 1101
LOGDEBUG
2016-12-22_15:47:08 FILE:../src/Map/GameZone.cpp FUNC:InitMonsterByPlayer LINE:295
 	  Message:SKIL ID = 1201
LOGDEBUG
2016-12-22_15:47:08 FILE:../src/Map/GameZone.cpp FUNC:InitMonsterByPlayer LINE:295
 	  Message:SKIL ID = 1301
LOGDEBUG
2016-12-22_15:47:08 FILE:../src/Map/GameZone.cpp FUNC:InitMonsterByPlayer LINE:295
 	  Message:SKIL ID = 1401
LOGDEBUG
2016-12-22_15:47:08 FILE:../src/Map/GameZone.cpp FUNC:InitMonsterByPlayer LINE:295
 	  Message:SKIL ID = 1501
LOGDEBUG
2016-12-22_15:47:08 FILE:../src/Map/GameZone.cpp FUNC:InitMonsterByPlayer LINE:295
 	  Message:SKIL ID = 1601
LOGDEBUG
2016-12-22_15:47:08 FILE:../src/Map/GameZone.cpp FUNC:InitMonsterByPlayer LINE:295
 	  Message:SKIL ID = 1701
LOGDEBUG
2016-12-22_15:47:09 FILE:../src/Skill/SkillClass.cpp FUNC:Result LINE:183
 	  Message:CSkillBlink::Result............m_xpos = 36 ...............m_ypos = 29
LOGDEBUG
2016-12-22_15:47:14 FILE:../src/Skill/SkillClass.cpp FUNC:Result LINE:183
 	  Message:CSkillBlink::Result............m_xpos = 42 ...............m_ypos = 34
LOGDEBUG
2016-12-22_15:47:19 FILE:../src/Skill/SkillClass.cpp FUNC:Result LINE:183
 	  Message:CSkillBlink::Result............m_xpos = 44 ...............m_ypos = 32
LOGDEBUG
2016-12-22_15:47:57 FILE:../src/Trade/BaseShop.cpp FUNC:SetBaseShopInfo LINE:115
 	  Message:SetBaseShopInfo ............................. 8
LOGDEBUG
2016-12-22_15:48:37 FILE:../src/Trade/BaseShop.cpp FUNC:SetBaseShopInfo LINE:115
 	  Message:SetBaseShopInfo ............................. 8
LOGDEBUG
2016-12-22_15:48:41 FILE:../src/Map/DuplicateMgr.cpp FUNC:UpdateTimer LINE:76
 	  Message:m_duplicate destory instance map id = 211
LOGDEBUG
2016-12-22_15:49:44 FILE:../src/Object/Player/PlayerMessage.cpp FUNC:On_MSG_REQUEST_MSG_REQ_GT2GM_PLAYERINFO LINE:1098
 	  Message:Player login on and get playerinfo[1]
LOGDEBUG
2016-12-22_15:49:45 FILE:../src/Trade/BaseShop.cpp FUNC:FlushMyster LINE:438
 	  Message:FlushMyster ............................. 8
LOGDEBUG
2016-12-22_15:49:45 FILE:../src/Object/Player/PlayerMessage.cpp FUNC:On_MSG_ACK_MSG_REQ_GM2DB_CONTAINERINFO LINE:1688
 	  Message:gameserver request dbserver player[4294968819] container info
LOGDEBUG
2016-12-22_15:49:45 FILE:../src/Object/Player/PlayerMessage.cpp FUNC:FinishiInit LINE:4078
 	  Message:finish player[4294968819] info 
LOGDEBUG
2016-12-22_15:49:45 FILE:../src/Object/Player/PlayerMessage.cpp FUNC:FinishiInit LINE:4113
 	  Message:player login in game and finish player[4294968819] info 
LOGDEBUG
2016-12-22_15:49:45 FILE:../src/QuestNew/AcceptedQuest.cpp FUNC:updateToClient LINE:270
 	  Message:Player 281479271679475 CanSubmit Task,10001 type,1 state,3 numStar,1 rewardStar,1 times,0 nowNum,0 targeNum,0
LOGDEBUG
2016-12-22_15:49:46 FILE:../src/Mail/MailMessage.cpp FUNC:On_MSG_QUICK_REQUEST_MSG_REQ_C2GM_MAILS LINE:77
 	  Message:client req gt get mails
LOGDEBUG
2016-12-22_15:49:46 FILE:../src/Horse/HorseMessage.cpp FUNC:On_MSG_REQUEST_MSG_REQ_GT2GM_HORSEINFO LINE:72
 	  Message:Player request horse info
LOGDEBUG
2016-12-22_15:49:48 FILE:../src/Arena/ArenaMessage.cpp FUNC:On_MSG_QUICK_REQUEST_MSG_REQ_C2GM_ARENAINFO LINE:65
 	  Message:request Arena  war report info from client
LOGDEBUG
2016-12-22_15:49:50 FILE:../src/Map/CreatMapTask.cpp FUNC:On_MSG_REQUEST_MSG_REQ_WS2GM_CREATESCENE LINE:329
 	  Message:gateserver request gameserver create map
LOGDEBUG
2016-12-22_15:49:51 FILE:../src/MapInstance/MapInstanceMessage.cpp FUNC:On_MSG_ACK_MSG_REQ_GM2WS_CREATEINSTANCE LINE:809
 	  Message:gameserver request worldserver create map
LOGDEBUG
2016-12-22_15:49:56 FILE:../src/Arena/ArenaMessage.cpp FUNC:On_MSG_ACK_MSG_REQ_GM2DB_ARENAINFO LINE:398
 	  Message:gameserver request dbserver ranking player
LOGDEBUG
2016-12-22_15:49:56 FILE:../src/Map/GameZone.cpp FUNC:InitMonsterByPlayer LINE:295
 	  Message:SKIL ID = 1001
LOGDEBUG
2016-12-22_15:49:56 FILE:../src/Map/GameZone.cpp FUNC:InitMonsterByPlayer LINE:295
 	  Message:SKIL ID = 1101
LOGDEBUG
2016-12-22_15:49:56 FILE:../src/Map/GameZone.cpp FUNC:InitMonsterByPlayer LINE:295
 	  Message:SKIL ID = 1201
LOGDEBUG
2016-12-22_15:49:56 FILE:../src/Map/GameZone.cpp FUNC:InitMonsterByPlayer LINE:295
 	  Message:SKIL ID = 1301
LOGDEBUG
2016-12-22_15:49:56 FILE:../src/Map/GameZone.cpp FUNC:InitMonsterByPlayer LINE:295
 	  Message:SKIL ID = 1401
LOGDEBUG
2016-12-22_15:49:56 FILE:../src/Map/GameZone.cpp FUNC:InitMonsterByPlayer LINE:295
 	  Message:SKIL ID = 1501
LOGDEBUG
2016-12-22_15:49:56 FILE:../src/Map/GameZone.cpp FUNC:InitMonsterByPlayer LINE:295
 	  Message:SKIL ID = 1601
LOGDEBUG
2016-12-22_15:49:56 FILE:../src/Map/GameZone.cpp FUNC:InitMonsterByPlayer LINE:295
 	  Message:SKIL ID = 1701
LOGDEBUG
2016-12-22_15:49:57 FILE:../src/Skill/SkillClass.cpp FUNC:Result LINE:183
 	  Message:CSkillBlink::Result............m_xpos = 36 ...............m_ypos = 29
LOGDEBUG
2016-12-22_15:49:58 FILE:../src/Skill/SkillClass.cpp FUNC:Result LINE:183
 	  Message:CSkillBlink::Result............m_xpos = 36 ...............m_ypos = 29
LOGDEBUG
2016-12-22_15:50:03 FILE:../src/Skill/SkillClass.cpp FUNC:Result LINE:183
 	  Message:CSkillBlink::Result............m_xpos = 36 ...............m_ypos = 29
LOGDEBUG
2016-12-22_15:50:06 FILE:../src/Map/GameDuplicate.cpp FUNC:HandleMonsterDeadEvent LINE:715
 	  Message:CGameDuplicate::HandleMonsterDeadEvent 	 10000
LOGDEBUG
2016-12-22_15:50:06 FILE:../src/Arena/ArenaMessage.cpp FUNC:On_MSG_ACK_MSG_REQ_GM2WS_SYNCARENA LINE:433
 	  Message:gameserver request worldserver  synch player info 
LOGDEBUG
2016-12-22_15:50:45 FILE:../src/Trade/BaseShop.cpp FUNC:SetBaseShopInfo LINE:115
 	  Message:SetBaseShopInfo ............................. 8
LOGDEBUG
2016-12-22_15:52:53 FILE:../src/Trade/BaseShop.cpp FUNC:SetBaseShopInfo LINE:115
 	  Message:SetBaseShopInfo ............................. 8
LOGDEBUG
2016-12-22_15:52:54 FILE:../src/Map/DuplicateMgr.cpp FUNC:UpdateTimer LINE:76
 	  Message:m_duplicate destory instance map id = 211
LOGDEBUG
2016-12-22_15:53:17 FILE:../src/Object/Player/PlayerMessage.cpp FUNC:On_MSG_REQUEST_MSG_REQ_GT2GM_PLAYERINFO LINE:1098
 	  Message:Player login on and get playerinfo[1]
LOGDEBUG
2016-12-22_15:53:17 FILE:../src/Trade/BaseShop.cpp FUNC:FlushMyster LINE:438
 	  Message:FlushMyster ............................. 8
LOGDEBUG
2016-12-22_15:53:17 FILE:../src/Object/Player/PlayerMessage.cpp FUNC:On_MSG_ACK_MSG_REQ_GM2DB_CONTAINERINFO LINE:1688
 	  Message:gameserver request dbserver player[4294968819] container info
LOGDEBUG
2016-12-22_15:53:17 FILE:../src/Object/Player/PlayerMessage.cpp FUNC:FinishiInit LINE:4078
 	  Message:finish player[4294968819] info 
LOGDEBUG
2016-12-22_15:53:17 FILE:../src/Object/Player/PlayerMessage.cpp FUNC:FinishiInit LINE:4113
 	  Message:player login in game and finish player[4294968819] info 
LOGDEBUG
2016-12-22_15:53:17 FILE:../src/QuestNew/AcceptedQuest.cpp FUNC:updateToClient LINE:270
 	  Message:Player 281479271679475 CanSubmit Task,10001 type,1 state,3 numStar,1 rewardStar,1 times,0 nowNum,0 targeNum,0
LOGDEBUG
2016-12-22_15:53:18 FILE:../src/Mail/MailMessage.cpp FUNC:On_MSG_QUICK_REQUEST_MSG_REQ_C2GM_MAILS LINE:77
 	  Message:client req gt get mails
LOGDEBUG
2016-12-22_15:53:19 FILE:../src/Horse/HorseMessage.cpp FUNC:On_MSG_REQUEST_MSG_REQ_GT2GM_HORSEINFO LINE:72
 	  Message:Player request horse info
LOGDEBUG
2016-12-22_15:53:22 FILE:../src/Arena/ArenaMessage.cpp FUNC:On_MSG_QUICK_REQUEST_MSG_REQ_C2GM_ARENAINFO LINE:65
 	  Message:request Arena  war report info from client
LOGDEBUG
2016-12-22_15:53:26 FILE:../src/Map/CreatMapTask.cpp FUNC:On_MSG_REQUEST_MSG_REQ_WS2GM_CREATESCENE LINE:329
 	  Message:gateserver request gameserver create map
LOGDEBUG
2016-12-22_15:53:26 FILE:../src/MapInstance/MapInstanceMessage.cpp FUNC:On_MSG_ACK_MSG_REQ_GM2WS_CREATEINSTANCE LINE:809
 	  Message:gameserver request worldserver create map
LOGDEBUG
2016-12-22_15:53:31 FILE:../src/Arena/ArenaMessage.cpp FUNC:On_MSG_ACK_MSG_REQ_GM2DB_ARENAINFO LINE:398
 	  Message:gameserver request dbserver ranking player
LOGDEBUG
2016-12-22_15:53:31 FILE:../src/Map/GameZone.cpp FUNC:InitMonsterByPlayer LINE:295
 	  Message:SKIL ID = 7001
LOGDEBUG
2016-12-22_15:54:33 FILE:../src/Trade/BaseShop.cpp FUNC:SetBaseShopInfo LINE:115
 	  Message:SetBaseShopInfo ............................. 8
LOGDEBUG
2016-12-22_15:55:49 FILE:../src/Trade/BaseShop.cpp FUNC:SetBaseShopInfo LINE:115
 	  Message:SetBaseShopInfo ............................. 8
LOGDEBUG
2016-12-22_15:55:53 FILE:../src/Map/DuplicateMgr.cpp FUNC:UpdateTimer LINE:76
 	  Message:m_duplicate destory instance map id = 211