
LOGDEBUG
2016-09-30_11:29:50 FILE:../src/ServerManager.cpp FUNC:On_MSG_ACK_MSG_SIM_GT2GM_PUSHSERVERID LINE:393
 	  Message:gateServer push server id
LOGDEBUG
2016-09-30_11:29:51 FILE:../src/ServerManager.cpp FUNC:On_MSG_ACK_MSG_SIM_DB2GM_PUSHSERVERID LINE:431
 	  Message:dbServer push server id
LOGDEBUG
2016-09-30_11:29:51 FILE:../src/ServerManager.cpp FUNC:On_MSG_ACK_MSG_REQ_GM2WS_PUSHSERVERID LINE:463
 	  Message:worldserver push server id
LOGDEBUG
2016-09-30_11:29:51 FILE:../src/ServerManager.cpp FUNC:On_MSG_ACK_MSG_REQ_GM2MS_PUSHSERVERID LINE:497
 	  Message:managerServer push server id
LOGDEBUG
2016-09-30_11:29:51 FILE:../src/Map/CreatMapTask.cpp FUNC:On_MSG_REQUEST_MSG_REQ_WS2GM_CREATESCENE LINE:303
 	  Message:gateserver request gameserver create map
LOGDEBUG
2016-09-30_11:29:51 FILE:../src/Map/CreatMapTask.cpp FUNC:On_MSG_REQUEST_MSG_REQ_WS2GM_CREATESCENE LINE:303
 	  Message:gateserver request gameserver create map
LOGDEBUG
2016-09-30_11:29:51 FILE:../src/Map/CreatMapTask.cpp FUNC:On_MSG_REQUEST_MSG_REQ_WS2GM_CREATESCENE LINE:303
 	  Message:gateserver request gameserver create map
LOGDEBUG
2016-09-30_11:29:51 FILE:../src/Map/CreatMapTask.cpp FUNC:On_MSG_REQUEST_MSG_REQ_WS2GM_CREATESCENE LINE:303
 	  Message:gateserver request gameserver create map
LOGDEBUG
2016-09-30_11:29:51 FILE:../src/Map/CreatMapTask.cpp FUNC:On_MSG_REQUEST_MSG_REQ_WS2GM_CREATESCENE LINE:303
 	  Message:gateserver request gameserver create map
LOGDEBUG
2016-09-30_11:29:51 FILE:../src/Map/CreatMapTask.cpp FUNC:On_MSG_REQUEST_MSG_REQ_WS2GM_CREATESCENE LINE:303
 	  Message:gateserver request gameserver create map
LOGDEBUG
2016-09-30_11:29:51 FILE:../src/Map/CreatMapTask.cpp FUNC:On_MSG_REQUEST_MSG_REQ_WS2GM_CREATESCENE LINE:303
 	  Message:gateserver request gameserver create map
LOGDEBUG
2016-09-30_11:29:51 FILE:../src/Map/CreatMapTask.cpp FUNC:On_MSG_REQUEST_MSG_REQ_WS2GM_CREATESCENE LINE:303
 	  Message:gateserver request gameserver create map
LOGDEBUG
2016-09-30_11:29:51 FILE:../src/Map/CreatMapTask.cpp FUNC:On_MSG_REQUEST_MSG_REQ_WS2GM_CREATESCENE LINE:303
 	  Message:gateserver request gameserver create map
LOGDEBUG
2016-09-30_11:29:51 FILE:../src/Map/CreatMapTask.cpp FUNC:On_MSG_REQUEST_MSG_REQ_WS2GM_CREATESCENE LINE:303
 	  Message:gateserver request gameserver create map
LOGDEBUG
2016-09-30_11:29:51 FILE:../src/Map/CreatMapTask.cpp FUNC:On_MSG_REQUEST_MSG_REQ_WS2GM_CREATESCENE LINE:303
 	  Message:gateserver request gameserver create map
LOGDEBUG
2016-09-30_11:29:51 FILE:../src/Map/CreatMapTask.cpp FUNC:On_MSG_REQUEST_MSG_REQ_WS2GM_CREATESCENE LINE:303
 	  Message:gateserver request gameserver create map
LOGDEBUG
2016-09-30_11:29:51 FILE:../src/Map/CreatMapTask.cpp FUNC:On_MSG_REQUEST_MSG_REQ_WS2GM_CREATESCENE LINE:303
 	  Message:gateserver request gameserver create map
LOGDEBUG
2016-09-30_11:29:51 FILE:../src/Map/CreatMapTask.cpp FUNC:On_MSG_REQUEST_MSG_REQ_WS2GM_CREATESCENE LINE:303
 	  Message:gateserver request gameserver create map
LOGDEBUG
2016-09-30_11:29:51 FILE:../src/Map/CreatMapTask.cpp FUNC:On_MSG_REQUEST_MSG_REQ_WS2GM_CREATESCENE LINE:303
 	  Message:gateserver request gameserver create map
LOGDEBUG
2016-09-30_11:29:51 FILE:../src/Map/CreatMapTask.cpp FUNC:On_MSG_REQUEST_MSG_REQ_WS2GM_CREATESCENE LINE:303
 	  Message:gateserver request gameserver create map
LOGDEBUG
2016-09-30_11:29:51 FILE:../src/Map/CreatMapTask.cpp FUNC:On_MSG_REQUEST_MSG_REQ_WS2GM_CREATESCENE LINE:303
 	  Message:gateserver request gameserver create map
LOGDEBUG
2016-09-30_11:29:51 FILE:../src/Map/CreatMapTask.cpp FUNC:On_MSG_REQUEST_MSG_REQ_WS2GM_CREATESCENE LINE:303
 	  Message:gateserver request gameserver create map
LOGDEBUG
2016-09-30_11:29:51 FILE:../src/Map/CreatMapTask.cpp FUNC:On_MSG_REQUEST_MSG_REQ_WS2GM_CREATESCENE LINE:303
 	  Message:gateserver request gameserver create map
LOGDEBUG
2016-09-30_11:29:51 FILE:../src/Map/CreatMapTask.cpp FUNC:On_MSG_REQUEST_MSG_REQ_WS2GM_CREATESCENE LINE:303
 	  Message:gateserver request gameserver create map
LOGDEBUG
2016-09-30_11:30:25 FILE:../src/Object/Player/PlayerMessage.cpp FUNC:On_MSG_REQUEST_MSG_REQ_GT2GM_PLAYERINFO LINE:1091
 	  Message:Player login on and get playerinfo[1]
LOGDEBUG
2016-09-30_11:30:25 FILE:../src/Object/Player/Player.cpp FUNC:InitBaseInfo LINE:1205
 	  Message:iRet=1802 err:[src/OpenApiV3.cpp][278][ParamIsValid]openid is invalid

LOGDEBUG
2016-09-30_11:30:25 FILE:../src/Object/Player/PlayerMessage.cpp FUNC:On_MSG_ACK_MSG_REQ_GM2DB_CONTAINERINFO LINE:1671
 	  Message:gameserver request dbserver player[4294967314] container info
LOGDEBUG
2016-09-30_11:30:25 FILE:../src/Object/Player/PlayerMessage.cpp FUNC:FinishiInit LINE:4050
 	  Message:finish player[4294967314] info 
LOGDEBUG
2016-09-30_11:30:25 FILE:../src/Object/Player/PlayerMessage.cpp FUNC:FinishiInit LINE:4085
 	  Message:player login in game and finish player[4294967314] info 
LOGDEBUG
2016-09-30_11:30:25 FILE:../src/QuestNew/AcceptedQuest.cpp FUNC:updateToClient LINE:270
 	  Message:Player 281479271677970 CanSubmit Task,10001 type,1 state,3 numStar,1 rewardStar,1 times,0 nowNum,0 targeNum,0
LOGDEBUG
2016-09-30_11:30:26 FILE:../src/Mail/MailMessage.cpp FUNC:On_MSG_QUICK_REQUEST_MSG_REQ_C2GM_MAILS LINE:77
 	  Message:client req gt get mails
LOGDEBUG
2016-09-30_11:30:26 FILE:../src/Horse/HorseMessage.cpp FUNC:On_MSG_REQUEST_MSG_REQ_GT2GM_HORSEINFO LINE:72
 	  Message:Player request horse info
LOGDEBUG
2016-09-30_11:32:01 FILE:../src/Object/Player/PlayerMessage.cpp FUNC:On_MSG_REQUEST_MSG_REQ_GT2GM_PLAYERINFO LINE:1091
 	  Message:Player login on and get playerinfo[1]
LOGDEBUG
2016-09-30_11:32:01 FILE:../src/Object/Player/Player.cpp FUNC:InitBaseInfo LINE:1205
 	  Message:iRet=1802 err:[src/OpenApiV3.cpp][278][ParamIsValid]openid is invalid

LOGDEBUG
2016-09-30_11:32:01 FILE:../src/Object/Player/PlayerMessage.cpp FUNC:On_MSG_ACK_MSG_REQ_GM2DB_CONTAINERINFO LINE:1671
 	  Message:gameserver request dbserver player[4294967314] container info
LOGDEBUG
2016-09-30_11:32:01 FILE:../src/Object/Player/PlayerMessage.cpp FUNC:FinishiInit LINE:4050
 	  Message:finish player[4294967314] info 
LOGDEBUG
2016-09-30_11:32:01 FILE:../src/Object/Player/PlayerMessage.cpp FUNC:FinishiInit LINE:4085
 	  Message:player login in game and finish player[4294967314] info 
LOGDEBUG
2016-09-30_11:32:01 FILE:../src/QuestNew/AcceptedQuest.cpp FUNC:updateToClient LINE:270
 	  Message:Player 281479271677970 CanSubmit Task,10001 type,1 state,3 numStar,1 rewardStar,1 times,0 nowNum,0 targeNum,0
LOGDEBUG
2016-09-30_11:32:02 FILE:../src/Mail/MailMessage.cpp FUNC:On_MSG_QUICK_REQUEST_MSG_REQ_C2GM_MAILS LINE:77
 	  Message:client req gt get mails
LOGDEBUG
2016-09-30_11:32:02 FILE:../src/Horse/HorseMessage.cpp FUNC:On_MSG_REQUEST_MSG_REQ_GT2GM_HORSEINFO LINE:72
 	  Message:Player request horse info
LOGDEBUG
2016-09-30_11:32:18 FILE:../src/QuestNew/QuestPart.cpp FUNC:submit LINE:1323
 	  Message:Player 281479271677970 Submit Task 10001
LOGDEBUG
2016-09-30_11:32:18 FILE:../src/QuestNew/AcceptedQuest.cpp FUNC:updateToClient LINE:270
 	  Message:Player 281479271677970 CanSubmit Task,10002 type,1 state,3 numStar,1 rewardStar,1 times,0 nowNum,0 targeNum,0
LOGDEBUG
2016-09-30_11:32:18 FILE:../src/QuestNew/QuestMessage.cpp FUNC:On_MSG_QUICK_REQUEST_MSG_REQ_C2GM_UPDATEQUEST LINE:104
 	  Message:Player 281479271677970 accept Task,10002 type,1 state,3 numStar,1 rewardStar,1 times,0 nowNum,0 targeNum,0
LOGDEBUG
2016-09-30_11:32:26 FILE:../src/QuestNew/QuestPart.cpp FUNC:submit LINE:1323
 	  Message:Player 281479271677970 Submit Task 10002
LOGDEBUG
2016-09-30_11:32:26 FILE:../src/QuestNew/QuestMessage.cpp FUNC:On_MSG_QUICK_REQUEST_MSG_REQ_C2GM_UPDATEQUEST LINE:104
 	  Message:Player 281479271677970 accept Task,10003 type,1 state,2 numStar,1 rewardStar,1 times,0 nowNum,0 targeNum,1
LOGDEBUG
2016-09-30_11:32:33 FILE:../src/QuestNew/AcceptedQuest.cpp FUNC:updateToClient LINE:270
 	  Message:Player 281479271677970 CanSubmit Task,10003 type,1 state,3 numStar,1 rewardStar,1 times,0 nowNum,1 targeNum,1
LOGDEBUG
2016-09-30_11:32:45 FILE:../src/QuestNew/QuestPart.cpp FUNC:submit LINE:1323
 	  Message:Player 281479271677970 Submit Task 10003
LOGDEBUG
2016-09-30_11:32:45 FILE:../src/QuestNew/QuestMessage.cpp FUNC:On_MSG_QUICK_REQUEST_MSG_REQ_C2GM_UPDATEQUEST LINE:104
 	  Message:Player 281479271677970 accept Task,10004 type,1 state,2 numStar,1 rewardStar,1 times,0 nowNum,0 targeNum,0
LOGDEBUG
2016-09-30_11:32:49 FILE:../src/QuestNew/AcceptedQuest.cpp FUNC:updateToClient LINE:270
 	  Message:Player 281479271677970 CanSubmit Task,10004 type,1 state,3 numStar,1 rewardStar,1 times,0 nowNum,0 targeNum,0
LOGDEBUG
2016-09-30_11:32:51 FILE:../src/QuestNew/QuestPart.cpp FUNC:submit LINE:1323
 	  Message:Player 281479271677970 Submit Task 10004
LOGDEBUG
2016-09-30_11:32:51 FILE:../src/QuestNew/QuestMessage.cpp FUNC:On_MSG_QUICK_REQUEST_MSG_REQ_C2GM_UPDATEQUEST LINE:104
 	  Message:Player 281479271677970 accept Task,10005 type,1 state,2 numStar,1 rewardStar,1 times,0 nowNum,0 targeNum,1
LOGDEBUG
2016-09-30_11:32:54 FILE:../src/QuestNew/AcceptedQuest.cpp FUNC:updateToClient LINE:270
 	  Message:Player 281479271677970 CanSubmit Task,10005 type,1 state,3 numStar,1 rewardStar,1 times,0 nowNum,1 targeNum,1
LOGDEBUG
2016-09-30_11:32:59 FILE:../src/QuestNew/QuestPart.cpp FUNC:submit LINE:1323
 	  Message:Player 281479271677970 Submit Task 10005
LOGDEBUG
2016-09-30_11:32:59 FILE:../src/QuestNew/AcceptedQuest.cpp FUNC:updateToClient LINE:270
 	  Message:Player 281479271677970 CanSubmit Task,10006 type,1 state,3 numStar,1 rewardStar,1 times,0 nowNum,0 targeNum,0
LOGDEBUG
2016-09-30_11:32:59 FILE:../src/QuestNew/QuestMessage.cpp FUNC:On_MSG_QUICK_REQUEST_MSG_REQ_C2GM_UPDATEQUEST LINE:104
 	  Message:Player 281479271677970 accept Task,10006 type,1 state,3 numStar,1 rewardStar,1 times,0 nowNum,0 targeNum,0
LOGDEBUG
2016-09-30_11:33:17 FILE:../src/QuestNew/QuestPart.cpp FUNC:submit LINE:1323
 	  Message:Player 281479271677970 Submit Task 10006
LOGDEBUG
2016-09-30_11:33:17 FILE:../src/QuestNew/QuestMessage.cpp FUNC:On_MSG_QUICK_REQUEST_MSG_REQ_C2GM_UPDATEQUEST LINE:104
 	  Message:Player 281479271677970 accept Task,10007 type,1 state,2 numStar,1 rewardStar,1 times,0 nowNum,0 targeNum,3
LOGDEBUG
2016-09-30_11:33:37 FILE:../src/QuestNew/AcceptedQuest.cpp FUNC:updateToClient LINE:270
 	  Message:Player 281479271677970 CanSubmit Task,10007 type,1 state,3 numStar,1 rewardStar,1 times,0 nowNum,3 targeNum,3
LOGDEBUG
2016-09-30_11:33:44 FILE:../src/QuestNew/QuestPart.cpp FUNC:submit LINE:1323
 	  Message:Player 281479271677970 Submit Task 10007
LOGDEBUG
2016-09-30_11:33:44 FILE:../src/QuestNew/AcceptedQuest.cpp FUNC:updateToClient LINE:270
 	  Message:Player 281479271677970 CanSubmit Task,10008 type,1 state,3 numStar,1 rewardStar,1 times,0 nowNum,0 targeNum,0
LOGDEBUG
2016-09-30_11:33:44 FILE:../src/QuestNew/QuestMessage.cpp FUNC:On_MSG_QUICK_REQUEST_MSG_REQ_C2GM_UPDATEQUEST LINE:104
 	  Message:Player 281479271677970 accept Task,10008 type,1 state,3 numStar,1 rewardStar,1 times,0 nowNum,0 targeNum,0
LOGDEBUG
2016-09-30_11:33:55 FILE:../src/QuestNew/QuestPart.cpp FUNC:submit LINE:1323
 	  Message:Player 281479271677970 Submit Task 10008
LOGDEBUG
2016-09-30_11:33:55 FILE:../src/QuestNew/QuestMessage.cpp FUNC:On_MSG_QUICK_REQUEST_MSG_REQ_C2GM_UPDATEQUEST LINE:104
 	  Message:Player 281479271677970 accept Task,10009 type,1 state,2 numStar,1 rewardStar,1 times,0 nowNum,0 targeNum,4
LOGDEBUG
2016-09-30_11:34:02 FILE:../src/QuestNew/AcceptedQuest.cpp FUNC:updateToClient LINE:270
 	  Message:Player 281479271677970 CanSubmit Task,10009 type,1 state,3 numStar,1 rewardStar,1 times,0 nowNum,4 targeNum,4
LOGDEBUG
2016-09-30_11:34:12 FILE:../src/QuestNew/QuestPart.cpp FUNC:submit LINE:1323
 	  Message:Player 281479271677970 Submit Task 10009
LOGDEBUG
2016-09-30_11:34:12 FILE:../src/QuestNew/AcceptedQuest.cpp FUNC:updateToClient LINE:270
 	  Message:Player 281479271677970 CanSubmit Task,10010 type,1 state,3 numStar,1 rewardStar,1 times,0 nowNum,0 targeNum,0
LOGDEBUG
2016-09-30_11:34:12 FILE:../src/QuestNew/QuestMessage.cpp FUNC:On_MSG_QUICK_REQUEST_MSG_REQ_C2GM_UPDATEQUEST LINE:104
 	  Message:Player 281479271677970 accept Task,10010 type,1 state,3 numStar,1 rewardStar,1 times,0 nowNum,0 targeNum,0
LOGDEBUG
2016-09-30_11:34:20 FILE:../src/QuestNew/QuestPart.cpp FUNC:submit LINE:1323
 	  Message:Player 281479271677970 Submit Task 10010
LOGDEBUG
2016-09-30_11:34:20 FILE:../src/QuestNew/AcceptedQuest.cpp FUNC:updateToClient LINE:270
 	  Message:Player 281479271677970 CanSubmit Task,10011 type,1 state,3 numStar,1 rewardStar,1 times,0 nowNum,0 targeNum,0
LOGDEBUG
2016-09-30_11:34:20 FILE:../src/QuestNew/QuestMessage.cpp FUNC:On_MSG_QUICK_REQUEST_MSG_REQ_C2GM_UPDATEQUEST LINE:104
 	  Message:Player 281479271677970 accept Task,10011 type,1 state,3 numStar,1 rewardStar,1 times,0 nowNum,0 targeNum,0
LOGDEBUG
2016-09-30_11:34:24 FILE:../src/QuestNew/QuestPart.cpp FUNC:submit LINE:1323
 	  Message:Player 281479271677970 Submit Task 10011
LOGDEBUG
2016-09-30_11:34:24 FILE:../src/QuestNew/AcceptedQuest.cpp FUNC:updateToClient LINE:270
 	  Message:Player 281479271677970 CanSubmit Task,10012 type,1 state,3 numStar,1 rewardStar,1 times,0 nowNum,0 targeNum,0
LOGDEBUG
2016-09-30_11:34:24 FILE:../src/QuestNew/QuestMessage.cpp FUNC:On_MSG_QUICK_REQUEST_MSG_REQ_C2GM_UPDATEQUEST LINE:104
 	  Message:Player 281479271677970 accept Task,10012 type,1 state,3 numStar,1 rewardStar,1 times,0 nowNum,0 targeNum,0
LOGDEBUG
2016-09-30_11:34:26 FILE:../src/QuestNew/QuestPart.cpp FUNC:submit LINE:1323
 	  Message:Player 281479271677970 Submit Task 10012
LOGDEBUG
2016-09-30_11:34:26 FILE:../src/QuestNew/QuestMessage.cpp FUNC:On_MSG_QUICK_REQUEST_MSG_REQ_C2GM_UPDATEQUEST LINE:104
 	  Message:Player 281479271677970 accept Task,10013 type,1 state,2 numStar,1 rewardStar,1 times,0 nowNum,0 targeNum,5
LOGDEBUG
2016-09-30_11:34:30 FILE:../src/QuestNew/AcceptedQuest.cpp FUNC:updateToClient LINE:270
 	  Message:Player 281479271677970 CanSubmit Task,10013 type,1 state,3 numStar,1 rewardStar,1 times,0 nowNum,5 targeNum,5
LOGDEBUG
2016-09-30_11:34:33 FILE:../src/QuestNew/QuestPart.cpp FUNC:submit LINE:1323
 	  Message:Player 281479271677970 Submit Task 10013
LOGDEBUG
2016-09-30_11:34:33 FILE:../src/QuestNew/AcceptedQuest.cpp FUNC:updateToClient LINE:270
 	  Message:Player 281479271677970 CanSubmit Task,10014 type,1 state,3 numStar,1 rewardStar,1 times,0 nowNum,0 targeNum,0
LOGDEBUG
2016-09-30_11:34:33 FILE:../src/QuestNew/QuestMessage.cpp FUNC:On_MSG_QUICK_REQUEST_MSG_REQ_C2GM_UPDATEQUEST LINE:104
 	  Message:Player 281479271677970 accept Task,10014 type,1 state,3 numStar,1 rewardStar,1 times,0 nowNum,0 targeNum,0
LOGDEBUG
2016-09-30_11:34:36 FILE:../src/QuestNew/QuestPart.cpp FUNC:submit LINE:1323
 	  Message:Player 281479271677970 Submit Task 10014
LOGDEBUG
2016-09-30_11:34:36 FILE:../src/QuestNew/QuestMessage.cpp FUNC:On_MSG_QUICK_REQUEST_MSG_REQ_C2GM_UPDATEQUEST LINE:104
 	  Message:Player 281479271677970 accept Task,10015 type,1 state,2 numStar,1 rewardStar,1 times,0 nowNum,0 targeNum,1
LOGDEBUG
2016-09-30_11:34:41 FILE:../src/QuestNew/AcceptedQuest.cpp FUNC:updateToClient LINE:270
 	  Message:Player 281479271677970 CanSubmit Task,10015 type,1 state,3 numStar,1 rewardStar,1 times,0 nowNum,1 targeNum,1
LOGDEBUG
2016-09-30_11:34:44 FILE:../src/QuestNew/QuestPart.cpp FUNC:submit LINE:1323
 	  Message:Player 281479271677970 Submit Task 10015
LOGDEBUG
2016-09-30_11:34:44 FILE:../src/QuestNew/QuestMessage.cpp FUNC:On_MSG_QUICK_REQUEST_MSG_REQ_C2GM_UPDATEQUEST LINE:104
 	  Message:Player 281479271677970 accept Task,10016 type,1 state,2 numStar,1 rewardStar,1 times,0 nowNum,0 targeNum,3
LOGDEBUG
2016-09-30_11:34:48 FILE:../src/QuestNew/AcceptedQuest.cpp FUNC:updateToClient LINE:270
 	  Message:Player 281479271677970 CanSubmit Task,10016 type,1 state,3 numStar,1 rewardStar,1 times,0 nowNum,3 targeNum,3
LOGDEBUG
2016-09-30_11:34:55 FILE:../src/QuestNew/QuestPart.cpp FUNC:submit LINE:1323
 	  Message:Player 281479271677970 Submit Task 10016
LOGDEBUG
2016-09-30_11:34:55 FILE:../src/QuestNew/AcceptedQuest.cpp FUNC:updateToClient LINE:270
 	  Message:Player 281479271677970 CanSubmit Task,10017 type,1 state,3 numStar,1 rewardStar,1 times,0 nowNum,0 targeNum,0
LOGDEBUG
2016-09-30_11:34:55 FILE:../src/QuestNew/QuestMessage.cpp FUNC:On_MSG_QUICK_REQUEST_MSG_REQ_C2GM_UPDATEQUEST LINE:104
 	  Message:Player 281479271677970 accept Task,10017 type,1 state,3 numStar,1 rewardStar,1 times,0 nowNum,0 targeNum,0
LOGDEBUG
2016-09-30_11:35:02 FILE:../src/QuestNew/QuestPart.cpp FUNC:submit LINE:1323
 	  Message:Player 281479271677970 Submit Task 10017
LOGDEBUG
2016-09-30_11:35:02 FILE:../src/QuestNew/AcceptedQuest.cpp FUNC:updateToClient LINE:270
 	  Message:Player 281479271677970 CanSubmit Task,10018 type,1 state,3 numStar,1 rewardStar,1 times,0 nowNum,0 targeNum,0
LOGDEBUG
2016-09-30_11:35:02 FILE:../src/QuestNew/QuestMessage.cpp FUNC:On_MSG_QUICK_REQUEST_MSG_REQ_C2GM_UPDATEQUEST LINE:104
 	  Message:Player 281479271677970 accept Task,10018 type,1 state,3 numStar,1 rewardStar,1 times,0 nowNum,0 targeNum,0
LOGDEBUG
2016-09-30_11:35:21 FILE:../src/QuestNew/QuestPart.cpp FUNC:submit LINE:1323
 	  Message:Player 281479271677970 Submit Task 10018
LOGDEBUG
2016-09-30_11:35:21 FILE:../src/QuestNew/QuestMessage.cpp FUNC:On_MSG_QUICK_REQUEST_MSG_REQ_C2GM_UPDATEQUEST LINE:104
 	  Message:Player 281479271677970 accept Task,10019 type,1 state,2 numStar,1 rewardStar,1 times,0 nowNum,0 targeNum,1
LOGDEBUG
2016-09-30_11:35:37 FILE:../src/QuestNew/AcceptedQuest.cpp FUNC:updateToClient LINE:270
 	  Message:Player 281479271677970 CanSubmit Task,10019 type,1 state,3 numStar,1 rewardStar,1 times,0 nowNum,1 targeNum,1
LOGDEBUG
2016-09-30_11:35:44 FILE:../src/QuestNew/QuestPart.cpp FUNC:submit LINE:1323
 	  Message:Player 281479271677970 Submit Task 10019
LOGDEBUG
2016-09-30_11:35:44 FILE:../src/QuestNew/QuestMessage.cpp FUNC:On_MSG_QUICK_REQUEST_MSG_REQ_C2GM_UPDATEQUEST LINE:104
 	  Message:Player 281479271677970 accept Task,10020 type,1 state,2 numStar,1 rewardStar,1 times,0 nowNum,0 targeNum,5
LOGDEBUG
2016-09-30_11:35:49 FILE:../src/QuestNew/AcceptedQuest.cpp FUNC:updateToClient LINE:270
 	  Message:Player 281479271677970 CanSubmit Task,10020 type,1 state,3 numStar,1 rewardStar,1 times,0 nowNum,5 targeNum,5
LOGDEBUG
2016-09-30_11:35:56 FILE:../src/QuestNew/QuestPart.cpp FUNC:submit LINE:1323
 	  Message:Player 281479271677970 Submit Task 10020
LOGDEBUG
2016-09-30_11:35:56 FILE:../src/QuestNew/AcceptedQuest.cpp FUNC:updateToClient LINE:270
 	  Message:Player 281479271677970 CanSubmit Task,10021 type,1 state,3 numStar,1 rewardStar,1 times,0 nowNum,0 targeNum,0
LOGDEBUG
2016-09-30_11:35:56 FILE:../src/QuestNew/QuestMessage.cpp FUNC:On_MSG_QUICK_REQUEST_MSG_REQ_C2GM_UPDATEQUEST LINE:104
 	  Message:Player 281479271677970 accept Task,10021 type,1 state,3 numStar,1 rewardStar,1 times,0 nowNum,0 targeNum,0
LOGDEBUG
2016-09-30_11:36:08 FILE:../src/QuestNew/QuestPart.cpp FUNC:submit LINE:1323
 	  Message:Player 281479271677970 Submit Task 10021
LOGDEBUG
2016-09-30_11:36:08 FILE:../src/QuestNew/QuestMessage.cpp FUNC:On_MSG_QUICK_REQUEST_MSG_REQ_C2GM_UPDATEQUEST LINE:104
 	  Message:Player 281479271677970 accept Task,10022 type,1 state,2 numStar,1 rewardStar,1 times,0 nowNum,0 targeNum,3
LOGDEBUG
2016-09-30_11:36:14 FILE:../src/QuestNew/AcceptedQuest.cpp FUNC:updateToClient LINE:270
 	  Message:Player 281479271677970 CanSubmit Task,10022 type,1 state,3 numStar,1 rewardStar,1 times,0 nowNum,3 targeNum,3
LOGDEBUG
2016-09-30_11:36:19 FILE:../src/QuestNew/QuestPart.cpp FUNC:submit LINE:1323
 	  Message:Player 281479271677970 Submit Task 10022
LOGDEBUG
2016-09-30_11:36:19 FILE:../src/QuestNew/AcceptedQuest.cpp FUNC:updateToClient LINE:270
 	  Message:Player 281479271677970 CanSubmit Task,10023 type,1 state,3 numStar,1 rewardStar,1 times,0 nowNum,0 targeNum,0
LOGDEBUG
2016-09-30_11:36:19 FILE:../src/QuestNew/QuestMessage.cpp FUNC:On_MSG_QUICK_REQUEST_MSG_REQ_C2GM_UPDATEQUEST LINE:104
 	  Message:Player 281479271677970 accept Task,10023 type,1 state,3 numStar,1 rewardStar,1 times,0 nowNum,0 targeNum,0
LOGDEBUG
2016-09-30_11:36:20 FILE:../src/QuestNew/QuestPart.cpp FUNC:submit LINE:1323
 	  Message:Player 281479271677970 Submit Task 10023
LOGDEBUG
2016-09-30_11:36:21 FILE:../src/QuestNew/AcceptedQuest.cpp FUNC:updateToClient LINE:270
 	  Message:Player 281479271677970 CanSubmit Task,10024 type,1 state,3 numStar,1 rewardStar,1 times,0 nowNum,0 targeNum,0
LOGDEBUG
2016-09-30_11:36:21 FILE:../src/QuestNew/QuestMessage.cpp FUNC:On_MSG_QUICK_REQUEST_MSG_REQ_C2GM_UPDATEQUEST LINE:104
 	  Message:Player 281479271677970 accept Task,10024 type,1 state,3 numStar,1 rewardStar,1 times,0 nowNum,0 targeNum,0
LOGDEBUG
2016-09-30_11:36:30 FILE:../src/QuestNew/QuestPart.cpp FUNC:submit LINE:1323
 	  Message:Player 281479271677970 Submit Task 10024
LOGDEBUG
2016-09-30_11:36:30 FILE:../src/QuestNew/AcceptedQuest.cpp FUNC:updateToClient LINE:270
 	  Message:Player 281479271677970 CanSubmit Task,10025 type,1 state,3 numStar,1 rewardStar,1 times,0 nowNum,0 targeNum,0
LOGDEBUG
2016-09-30_11:36:30 FILE:../src/QuestNew/QuestMessage.cpp FUNC:On_MSG_QUICK_REQUEST_MSG_REQ_C2GM_UPDATEQUEST LINE:104
 	  Message:Player 281479271677970 accept Task,10025 type,1 state,3 numStar,1 rewardStar,1 times,0 nowNum,0 targeNum,0
LOGDEBUG
2016-09-30_11:36:35 FILE:../src/QuestNew/QuestPart.cpp FUNC:submit LINE:1323
 	  Message:Player 281479271677970 Submit Task 10025
LOGDEBUG
2016-09-30_11:36:35 FILE:../src/QuestNew/AcceptedQuest.cpp FUNC:updateToClient LINE:270
 	  Message:Player 281479271677970 CanSubmit Task,10026 type,1 state,3 numStar,1 rewardStar,1 times,0 nowNum,0 targeNum,0
LOGDEBUG
2016-09-30_11:36:35 FILE:../src/QuestNew/QuestMessage.cpp FUNC:On_MSG_QUICK_REQUEST_MSG_REQ_C2GM_UPDATEQUEST LINE:104
 	  Message:Player 281479271677970 accept Task,10026 type,1 state,3 numStar,1 rewardStar,1 times,0 nowNum,0 targeNum,0
LOGDEBUG
2016-09-30_11:36:42 FILE:../src/QuestNew/QuestPart.cpp FUNC:submit LINE:1323
 	  Message:Player 281479271677970 Submit Task 10026
LOGDEBUG
2016-09-30_11:36:42 FILE:../src/QuestNew/AcceptedQuest.cpp FUNC:updateToClient LINE:270
 	  Message:Player 281479271677970 CanSubmit Task,10027 type,1 state,3 numStar,1 rewardStar,1 times,0 nowNum,0 targeNum,0
LOGDEBUG
2016-09-30_11:36:42 FILE:../src/QuestNew/QuestMessage.cpp FUNC:On_MSG_QUICK_REQUEST_MSG_REQ_C2GM_UPDATEQUEST LINE:104
 	  Message:Player 281479271677970 accept Task,10027 type,1 state,3 numStar,1 rewardStar,1 times,0 nowNum,0 targeNum,0
LOGDEBUG
2016-09-30_11:37:03 FILE:../src/QuestNew/QuestPart.cpp FUNC:submit LINE:1323
 	  Message:Player 281479271677970 Submit Task 10027
LOGDEBUG
2016-09-30_11:37:03 FILE:../src/QuestNew/AcceptedQuest.cpp FUNC:updateToClient LINE:270
 	  Message:Player 281479271677970 CanSubmit Task,10028 type,1 state,3 numStar,1 rewardStar,1 times,0 nowNum,0 targeNum,0
LOGDEBUG
2016-09-30_11:37:03 FILE:../src/QuestNew/QuestMessage.cpp FUNC:On_MSG_QUICK_REQUEST_MSG_REQ_C2GM_UPDATEQUEST LINE:104
 	  Message:Player 281479271677970 accept Task,10028 type,1 state,3 numStar,1 rewardStar,1 times,0 nowNum,0 targeNum,0
LOGDEBUG
2016-09-30_11:37:22 FILE:../src/QuestNew/QuestPart.cpp FUNC:submit LINE:1323
 	  Message:Player 281479271677970 Submit Task 10028
LOGDEBUG
2016-09-30_11:37:22 FILE:../src/QuestNew/AcceptedQuest.cpp FUNC:updateToClient LINE:270
 	  Message:Player 281479271677970 CanSubmit Task,10029 type,1 state,3 numStar,1 rewardStar,1 times,0 nowNum,0 targeNum,0
LOGDEBUG
2016-09-30_11:37:22 FILE:../src/QuestNew/QuestMessage.cpp FUNC:On_MSG_QUICK_REQUEST_MSG_REQ_C2GM_UPDATEQUEST LINE:104
 	  Message:Player 281479271677970 accept Task,10029 type,1 state,3 numStar,1 rewardStar,1 times,0 nowNum,0 targeNum,0
LOGDEBUG
2016-09-30_11:37:30 FILE:../src/QuestNew/QuestPart.cpp FUNC:submit LINE:1323
 	  Message:Player 281479271677970 Submit Task 10029
LOGDEBUG
2016-09-30_11:37:30 FILE:../src/QuestNew/QuestMessage.cpp FUNC:On_MSG_QUICK_REQUEST_MSG_REQ_C2GM_UPDATEQUEST LINE:104
 	  Message:Player 281479271677970 accept Task,10030 type,1 state,2 numStar,1 rewardStar,1 times,0 nowNum,0 targeNum,0
LOGDEBUG
2016-09-30_11:37:34 FILE:../src/QuestNew/AcceptedQuest.cpp FUNC:updateToClient LINE:270
 	  Message:Player 281479271677970 CanSubmit Task,10030 type,1 state,3 numStar,1 rewardStar,1 times,0 nowNum,0 targeNum,0
LOGDEBUG
2016-09-30_11:37:41 FILE:../src/QuestNew/QuestPart.cpp FUNC:submit LINE:1323
 	  Message:Player 281479271677970 Submit Task 10030
LOGDEBUG
2016-09-30_11:37:41 FILE:../src/QuestNew/AcceptedQuest.cpp FUNC:updateToClient LINE:270
 	  Message:Player 281479271677970 CanSubmit Task,10031 type,1 state,3 numStar,1 rewardStar,1 times,0 nowNum,0 targeNum,0
LOGDEBUG
2016-09-30_11:37:41 FILE:../src/QuestNew/QuestMessage.cpp FUNC:On_MSG_QUICK_REQUEST_MSG_REQ_C2GM_UPDATEQUEST LINE:104
 	  Message:Player 281479271677970 accept Task,10031 type,1 state,3 numStar,1 rewardStar,1 times,0 nowNum,0 targeNum,0
LOGDEBUG
2016-09-30_11:37:46 FILE:../src/QuestNew/QuestPart.cpp FUNC:submit LINE:1323
 	  Message:Player 281479271677970 Submit Task 10031
LOGDEBUG
2016-09-30_11:37:46 FILE:../src/QuestNew/AcceptedQuest.cpp FUNC:updateToClient LINE:270
 	  Message:Player 281479271677970 CanSubmit Task,10032 type,1 state,3 numStar,1 rewardStar,1 times,0 nowNum,0 targeNum,0
LOGDEBUG
2016-09-30_11:37:46 FILE:../src/QuestNew/QuestMessage.cpp FUNC:On_MSG_QUICK_REQUEST_MSG_REQ_C2GM_UPDATEQUEST LINE:104
 	  Message:Player 281479271677970 accept Task,10032 type,1 state,3 numStar,1 rewardStar,1 times,0 nowNum,0 targeNum,0
LOGDEBUG
2016-09-30_11:38:04 FILE:../src/QuestNew/QuestPart.cpp FUNC:submit LINE:1323
 	  Message:Player 281479271677970 Submit Task 10032
LOGDEBUG
2016-09-30_11:38:04 FILE:../src/QuestNew/AcceptedQuest.cpp FUNC:updateToClient LINE:270
 	  Message:Player 281479271677970 CanSubmit Task,10033 type,1 state,3 numStar,1 rewardStar,1 times,0 nowNum,0 targeNum,0
LOGDEBUG
2016-09-30_11:38:04 FILE:../src/QuestNew/QuestMessage.cpp FUNC:On_MSG_QUICK_REQUEST_MSG_REQ_C2GM_UPDATEQUEST LINE:104
 	  Message:Player 281479271677970 accept Task,10033 type,1 state,3 numStar,1 rewardStar,1 times,0 nowNum,0 targeNum,0
LOGDEBUG
2016-09-30_11:38:18 FILE:../src/QuestNew/QuestPart.cpp FUNC:submit LINE:1323
 	  Message:Player 281479271677970 Submit Task 10033
LOGDEBUG
2016-09-30_11:38:18 FILE:../src/QuestNew/QuestMessage.cpp FUNC:On_MSG_QUICK_REQUEST_MSG_REQ_C2GM_UPDATEQUEST LINE:104
 	  Message:Player 281479271677970 accept Task,10034 type,1 state,2 numStar,1 rewardStar,1 times,0 nowNum,0 targeNum,9
LOGDEBUG
2016-09-30_11:38:25 FILE:../src/QuestNew/AcceptedQuest.cpp FUNC:updateToClient LINE:270
 	  Message:Player 281479271677970 CanSubmit Task,10034 type,1 state,3 numStar,1 rewardStar,1 times,0 nowNum,9 targeNum,9
LOGDEBUG
2016-09-30_11:38:36 FILE:../src/QuestNew/QuestPart.cpp FUNC:submit LINE:1323
 	  Message:Player 281479271677970 Submit Task 10034
LOGDEBUG
2016-09-30_11:38:36 FILE:../src/QuestNew/AcceptedQuest.cpp FUNC:updateToClient LINE:270
 	  Message:Player 281479271677970 CanSubmit Task,10035 type,1 state,3 numStar,1 rewardStar,1 times,0 nowNum,0 targeNum,0
LOGDEBUG
2016-09-30_11:38:36 FILE:../src/QuestNew/QuestMessage.cpp FUNC:On_MSG_QUICK_REQUEST_MSG_REQ_C2GM_UPDATEQUEST LINE:104
 	  Message:Player 281479271677970 accept Task,10035 type,1 state,3 numStar,1 rewardStar,1 times,0 nowNum,0 targeNum,0
LOGDEBUG
2016-09-30_11:38:42 FILE:../src/QuestNew/QuestPart.cpp FUNC:submit LINE:1323
 	  Message:Player 281479271677970 Submit Task 10035
LOGDEBUG
2016-09-30_11:38:42 FILE:../src/QuestNew/QuestMessage.cpp FUNC:On_MSG_QUICK_REQUEST_MSG_REQ_C2GM_UPDATEQUEST LINE:104
 	  Message:Player 281479271677970 accept Task,10036 type,1 state,2 numStar,1 rewardStar,1 times,0 nowNum,0 targeNum,9
LOGDEBUG
2016-09-30_11:38:57 FILE:../src/QuestNew/AcceptedQuest.cpp FUNC:updateToClient LINE:270
 	  Message:Player 281479271677970 CanSubmit Task,10036 type,1 state,3 numStar,1 rewardStar,1 times,0 nowNum,9 targeNum,9
LOGDEBUG
2016-09-30_11:39:03 FILE:../src/QuestNew/QuestPart.cpp FUNC:submit LINE:1323
 	  Message:Player 281479271677970 Submit Task 10036
LOGDEBUG
2016-09-30_11:39:03 FILE:../src/QuestNew/QuestMessage.cpp FUNC:On_MSG_QUICK_REQUEST_MSG_REQ_C2GM_UPDATEQUEST LINE:104
 	  Message:Player 281479271677970 accept Task,10037 type,1 state,2 numStar,1 rewardStar,1 times,0 nowNum,0 targeNum,1