
LOGDEBUG
2016-12-06_14:28:41 FILE:../src/ServerManager.cpp FUNC:On_MSG_ACK_MSG_SIM_GT2GM_PUSHSERVERID LINE:393
 	  Message:gateServer push server id
LOGDEBUG
2016-12-06_14:28:42 FILE:../src/ServerManager.cpp FUNC:On_MSG_ACK_MSG_SIM_DB2GM_PUSHSERVERID LINE:431
 	  Message:dbServer push server id
LOGDEBUG
2016-12-06_14:28:42 FILE:../src/ServerManager.cpp FUNC:On_MSG_ACK_MSG_REQ_GM2MS_PUSHSERVERID LINE:497
 	  Message:managerServer push server id
LOGDEBUG
2016-12-06_14:28:42 FILE:../src/ServerManager.cpp FUNC:On_MSG_ACK_MSG_REQ_GM2WS_PUSHSERVERID LINE:463
 	  Message:worldserver push server id
LOGDEBUG
2016-12-06_14:28:42 FILE:../src/Map/CreatMapTask.cpp FUNC:On_MSG_REQUEST_MSG_REQ_WS2GM_CREATESCENE LINE:329
 	  Message:gateserver request gameserver create map
LOGDEBUG
2016-12-06_14:28:42 FILE:../src/Map/CreatMapTask.cpp FUNC:On_MSG_REQUEST_MSG_REQ_WS2GM_CREATESCENE LINE:329
 	  Message:gateserver request gameserver create map
LOGDEBUG
2016-12-06_14:28:42 FILE:../src/Map/CreatMapTask.cpp FUNC:On_MSG_REQUEST_MSG_REQ_WS2GM_CREATESCENE LINE:329
 	  Message:gateserver request gameserver create map
LOGDEBUG
2016-12-06_14:28:42 FILE:../src/Map/CreatMapTask.cpp FUNC:On_MSG_REQUEST_MSG_REQ_WS2GM_CREATESCENE LINE:329
 	  Message:gateserver request gameserver create map
LOGDEBUG
2016-12-06_14:28:42 FILE:../src/Map/CreatMapTask.cpp FUNC:On_MSG_REQUEST_MSG_REQ_WS2GM_CREATESCENE LINE:329
 	  Message:gateserver request gameserver create map
LOGDEBUG
2016-12-06_14:28:42 FILE:../src/Map/CreatMapTask.cpp FUNC:On_MSG_REQUEST_MSG_REQ_WS2GM_CREATESCENE LINE:329
 	  Message:gateserver request gameserver create map
LOGDEBUG
2016-12-06_14:28:42 FILE:../src/Map/CreatMapTask.cpp FUNC:On_MSG_REQUEST_MSG_REQ_WS2GM_CREATESCENE LINE:329
 	  Message:gateserver request gameserver create map
LOGDEBUG
2016-12-06_14:28:42 FILE:../src/Map/CreatMapTask.cpp FUNC:On_MSG_REQUEST_MSG_REQ_WS2GM_CREATESCENE LINE:329
 	  Message:gateserver request gameserver create map
LOGDEBUG
2016-12-06_14:28:42 FILE:../src/Map/CreatMapTask.cpp FUNC:On_MSG_REQUEST_MSG_REQ_WS2GM_CREATESCENE LINE:329
 	  Message:gateserver request gameserver create map
LOGDEBUG
2016-12-06_14:28:42 FILE:../src/Map/CreatMapTask.cpp FUNC:On_MSG_REQUEST_MSG_REQ_WS2GM_CREATESCENE LINE:329
 	  Message:gateserver request gameserver create map
LOGDEBUG
2016-12-06_14:28:42 FILE:../src/Map/CreatMapTask.cpp FUNC:On_MSG_REQUEST_MSG_REQ_WS2GM_CREATESCENE LINE:329
 	  Message:gateserver request gameserver create map
LOGDEBUG
2016-12-06_14:28:42 FILE:../src/Map/CreatMapTask.cpp FUNC:On_MSG_REQUEST_MSG_REQ_WS2GM_CREATESCENE LINE:329
 	  Message:gateserver request gameserver create map
LOGDEBUG
2016-12-06_14:28:42 FILE:../src/Map/CreatMapTask.cpp FUNC:On_MSG_REQUEST_MSG_REQ_WS2GM_CREATESCENE LINE:329
 	  Message:gateserver request gameserver create map
LOGDEBUG
2016-12-06_14:28:42 FILE:../src/Map/CreatMapTask.cpp FUNC:On_MSG_REQUEST_MSG_REQ_WS2GM_CREATESCENE LINE:329
 	  Message:gateserver request gameserver create map
LOGDEBUG
2016-12-06_14:28:42 FILE:../src/Map/CreatMapTask.cpp FUNC:On_MSG_REQUEST_MSG_REQ_WS2GM_CREATESCENE LINE:329
 	  Message:gateserver request gameserver create map
LOGDEBUG
2016-12-06_14:28:42 FILE:../src/Map/CreatMapTask.cpp FUNC:On_MSG_REQUEST_MSG_REQ_WS2GM_CREATESCENE LINE:329
 	  Message:gateserver request gameserver create map
LOGDEBUG
2016-12-06_14:28:42 FILE:../src/Map/CreatMapTask.cpp FUNC:On_MSG_REQUEST_MSG_REQ_WS2GM_CREATESCENE LINE:329
 	  Message:gateserver request gameserver create map
LOGDEBUG
2016-12-06_14:28:42 FILE:../src/Map/CreatMapTask.cpp FUNC:On_MSG_REQUEST_MSG_REQ_WS2GM_CREATESCENE LINE:329
 	  Message:gateserver request gameserver create map
LOGDEBUG
2016-12-06_14:28:42 FILE:../src/Map/CreatMapTask.cpp FUNC:On_MSG_REQUEST_MSG_REQ_WS2GM_CREATESCENE LINE:329
 	  Message:gateserver request gameserver create map
LOGDEBUG
2016-12-06_14:28:42 FILE:../src/Map/CreatMapTask.cpp FUNC:On_MSG_REQUEST_MSG_REQ_WS2GM_CREATESCENE LINE:329
 	  Message:gateserver request gameserver create map
LOGDEBUG
2016-12-06_14:28:42 FILE:../src/Map/CreatMapTask.cpp FUNC:On_MSG_REQUEST_MSG_REQ_WS2GM_CREATESCENE LINE:329
 	  Message:gateserver request gameserver create map
LOGDEBUG
2016-12-06_14:28:42 FILE:../src/Map/CreatMapTask.cpp FUNC:On_MSG_REQUEST_MSG_REQ_WS2GM_CREATESCENE LINE:329
 	  Message:gateserver request gameserver create map
LOGDEBUG
2016-12-06_14:31:35 FILE:../src/Object/Player/PlayerMessage.cpp FUNC:On_MSG_REQUEST_MSG_REQ_GT2GM_PLAYERINFO LINE:1093
 	  Message:Player login on and get playerinfo[1]
LOGDEBUG
2016-12-06_14:31:35 FILE:../src/Object/Player/Player.cpp FUNC:InitBaseInfo LINE:1188
 	  Message:iRet=1802 err:[src/OpenApiV3.cpp][278][ParamIsValid]openid is invalid

LOGDEBUG
2016-12-06_14:31:35 FILE:../src/Trade/BaseShop.cpp FUNC:FlushMyster LINE:438
 	  Message:FlushMyster ............................. 8
LOGDEBUG
2016-12-06_14:31:35 FILE:../src/Object/Player/PlayerMessage.cpp FUNC:On_MSG_ACK_MSG_REQ_GM2DB_CONTAINERINFO LINE:1683
 	  Message:gameserver request dbserver player[4294968879] container info
LOGDEBUG
2016-12-06_14:31:35 FILE:../src/Object/Player/PlayerMessage.cpp FUNC:FinishiInit LINE:4068
 	  Message:finish player[4294968879] info 
LOGDEBUG
2016-12-06_14:31:35 FILE:../src/Object/Player/PlayerMessage.cpp FUNC:FinishiInit LINE:4103
 	  Message:player login in game and finish player[4294968879] info 
LOGDEBUG
2016-12-06_14:31:35 FILE:../src/QuestNew/AcceptedQuest.cpp FUNC:updateToClient LINE:270
 	  Message:Player 281479271679535 CanSubmit Task,10001 type,1 state,3 numStar,1 rewardStar,1 times,0 nowNum,0 targeNum,0
LOGDEBUG
2016-12-06_14:31:36 FILE:../src/Mail/MailMessage.cpp FUNC:On_MSG_QUICK_REQUEST_MSG_REQ_C2GM_MAILS LINE:77
 	  Message:client req gt get mails
LOGDEBUG
2016-12-06_14:31:36 FILE:../src/Horse/HorseMessage.cpp FUNC:On_MSG_REQUEST_MSG_REQ_GT2GM_HORSEINFO LINE:72
 	  Message:Player request horse info
LOGDEBUG
2016-12-06_14:31:47 FILE:../src/Settings/SettingsMgr.cpp FUNC:On_MSG_QUICK_REQUEST_MSG_REQ_C2GM_SETTINGS LINE:47
 	  Message:client req settings
LOGDEBUG
2016-12-06_14:32:05 FILE:../src/Chat/ChatMgr.cpp FUNC:Marquee LINE:326
 	  Message:gameserver marquee type:38 name:骆嘉勋 target:3 param: !
LOGDEBUG
2016-12-06_14:32:06 FILE:../src/Chat/ChatMgr.cpp FUNC:Marquee LINE:326
 	  Message:gameserver marquee type:38 name:骆嘉勋 target:4 param: !
LOGDEBUG
2016-12-06_14:32:14 FILE:../src/Arena/ArenaMessage.cpp FUNC:On_MSG_ACK_MSG_REQ_GM2WS_SYNCARENA LINE:330
 	  Message:gameserver request worldserver  synch player info 
LOGDEBUG
2016-12-06_14:32:35 FILE:../src/Trade/BaseShop.cpp FUNC:SetBaseShopInfo LINE:115
 	  Message:SetBaseShopInfo ............................. 8
LOGDEBUG
2016-12-06_14:32:53 FILE:../src/QuestNew/QuestDaily.cpp FUNC:updateToClient LINE:542
 	  Message:Player 281479271679535 CanSubmit Task,20027 type,2 state,3 numStar,1 rewardStar,1 times,0 nowNum,40 targeNum,40
LOGDEBUG
2016-12-06_14:32:53 FILE:../src/QuestNew/QuestPart.cpp FUNC:submit LINE:1323
 	  Message:Player 281479271679535 Submit Task 20027
LOGDEBUG
2016-12-06_14:32:53 FILE:../src/QuestNew/QuestMessage.cpp FUNC:On_MSG_QUICK_REQUEST_MSG_REQ_C2GM_UPDATEQUEST LINE:104
 	  Message:Player 281479271679535 accept Task,20026 type,2 state,2 numStar,1 rewardStar,1 times,1 nowNum,0 targeNum,40
LOGDEBUG
2016-12-06_14:32:53 FILE:../src/QuestNew/QuestDaily.cpp FUNC:updateToClient LINE:542
 	  Message:Player 281479271679535 CanSubmit Task,20026 type,2 state,3 numStar,1 rewardStar,1 times,1 nowNum,40 targeNum,40
LOGDEBUG
2016-12-06_14:32:54 FILE:../src/QuestNew/QuestPart.cpp FUNC:submit LINE:1323
 	  Message:Player 281479271679535 Submit Task 20026
LOGDEBUG
2016-12-06_14:32:54 FILE:../src/QuestNew/QuestMessage.cpp FUNC:On_MSG_QUICK_REQUEST_MSG_REQ_C2GM_UPDATEQUEST LINE:104
 	  Message:Player 281479271679535 accept Task,20027 type,2 state,2 numStar,1 rewardStar,1 times,2 nowNum,0 targeNum,40
LOGDEBUG
2016-12-06_14:32:54 FILE:../src/QuestNew/QuestDaily.cpp FUNC:updateToClient LINE:542
 	  Message:Player 281479271679535 CanSubmit Task,20027 type,2 state,3 numStar,1 rewardStar,1 times,2 nowNum,40 targeNum,40
LOGDEBUG
2016-12-06_14:32:54 FILE:../src/QuestNew/QuestPart.cpp FUNC:submit LINE:1323
 	  Message:Player 281479271679535 Submit Task 20027
LOGDEBUG
2016-12-06_14:32:54 FILE:../src/QuestNew/QuestMessage.cpp FUNC:On_MSG_QUICK_REQUEST_MSG_REQ_C2GM_UPDATEQUEST LINE:104
 	  Message:Player 281479271679535 accept Task,20028 type,2 state,2 numStar,1 rewardStar,1 times,3 nowNum,0 targeNum,40
LOGDEBUG
2016-12-06_14:32:54 FILE:../src/QuestNew/QuestDaily.cpp FUNC:updateToClient LINE:542
 	  Message:Player 281479271679535 CanSubmit Task,20028 type,2 state,3 numStar,1 rewardStar,1 times,3 nowNum,40 targeNum,40
LOGDEBUG
2016-12-06_14:32:54 FILE:../src/QuestNew/QuestPart.cpp FUNC:submit LINE:1323
 	  Message:Player 281479271679535 Submit Task 20028
LOGDEBUG
2016-12-06_14:32:54 FILE:../src/QuestNew/QuestMessage.cpp FUNC:On_MSG_QUICK_REQUEST_MSG_REQ_C2GM_UPDATEQUEST LINE:104
 	  Message:Player 281479271679535 accept Task,20027 type,2 state,2 numStar,1 rewardStar,1 times,4 nowNum,0 targeNum,40
LOGDEBUG
2016-12-06_14:32:54 FILE:../src/QuestNew/QuestDaily.cpp FUNC:updateToClient LINE:542
 	  Message:Player 281479271679535 CanSubmit Task,20027 type,2 state,3 numStar,1 rewardStar,1 times,4 nowNum,40 targeNum,40
LOGDEBUG
2016-12-06_14:32:55 FILE:../src/QuestNew/QuestPart.cpp FUNC:submit LINE:1323
 	  Message:Player 281479271679535 Submit Task 20027
LOGDEBUG
2016-12-06_14:32:55 FILE:../src/QuestNew/QuestMessage.cpp FUNC:On_MSG_QUICK_REQUEST_MSG_REQ_C2GM_UPDATEQUEST LINE:104
 	  Message:Player 281479271679535 accept Task,20028 type,2 state,2 numStar,1 rewardStar,1 times,5 nowNum,0 targeNum,40
LOGDEBUG
2016-12-06_14:32:55 FILE:../src/QuestNew/QuestDaily.cpp FUNC:updateToClient LINE:542
 	  Message:Player 281479271679535 CanSubmit Task,20028 type,2 state,3 numStar,1 rewardStar,1 times,5 nowNum,40 targeNum,40
LOGDEBUG
2016-12-06_14:32:55 FILE:../src/QuestNew/QuestPart.cpp FUNC:submit LINE:1323
 	  Message:Player 281479271679535 Submit Task 20028
LOGDEBUG
2016-12-06_14:32:55 FILE:../src/QuestNew/QuestMessage.cpp FUNC:On_MSG_QUICK_REQUEST_MSG_REQ_C2GM_UPDATEQUEST LINE:104
 	  Message:Player 281479271679535 accept Task,20026 type,2 state,2 numStar,1 rewardStar,1 times,6 nowNum,0 targeNum,40
LOGDEBUG
2016-12-06_14:32:55 FILE:../src/QuestNew/QuestDaily.cpp FUNC:updateToClient LINE:542
 	  Message:Player 281479271679535 CanSubmit Task,20026 type,2 state,3 numStar,1 rewardStar,1 times,6 nowNum,40 targeNum,40
LOGDEBUG
2016-12-06_14:32:55 FILE:../src/QuestNew/QuestPart.cpp FUNC:submit LINE:1323
 	  Message:Player 281479271679535 Submit Task 20026
LOGDEBUG
2016-12-06_14:32:55 FILE:../src/QuestNew/QuestMessage.cpp FUNC:On_MSG_QUICK_REQUEST_MSG_REQ_C2GM_UPDATEQUEST LINE:104
 	  Message:Player 281479271679535 accept Task,20028 type,2 state,2 numStar,1 rewardStar,1 times,7 nowNum,0 targeNum,40
LOGDEBUG
2016-12-06_14:32:55 FILE:../src/QuestNew/QuestDaily.cpp FUNC:updateToClient LINE:542
 	  Message:Player 281479271679535 CanSubmit Task,20028 type,2 state,3 numStar,1 rewardStar,1 times,7 nowNum,40 targeNum,40
LOGDEBUG
2016-12-06_14:32:56 FILE:../src/QuestNew/QuestPart.cpp FUNC:submit LINE:1323
 	  Message:Player 281479271679535 Submit Task 20028
LOGDEBUG
2016-12-06_14:32:56 FILE:../src/QuestNew/QuestMessage.cpp FUNC:On_MSG_QUICK_REQUEST_MSG_REQ_C2GM_UPDATEQUEST LINE:104
 	  Message:Player 281479271679535 accept Task,20027 type,2 state,2 numStar,1 rewardStar,1 times,8 nowNum,0 targeNum,40
LOGDEBUG
2016-12-06_14:32:56 FILE:../src/QuestNew/QuestDaily.cpp FUNC:updateToClient LINE:542
 	  Message:Player 281479271679535 CanSubmit Task,20027 type,2 state,3 numStar,1 rewardStar,1 times,8 nowNum,40 targeNum,40
LOGDEBUG
2016-12-06_14:32:56 FILE:../src/QuestNew/QuestPart.cpp FUNC:submit LINE:1323
 	  Message:Player 281479271679535 Submit Task 20027
LOGDEBUG
2016-12-06_14:32:56 FILE:../src/QuestNew/QuestMessage.cpp FUNC:On_MSG_QUICK_REQUEST_MSG_REQ_C2GM_UPDATEQUEST LINE:104
 	  Message:Player 281479271679535 accept Task,20028 type,2 state,2 numStar,1 rewardStar,1 times,9 nowNum,0 targeNum,40
LOGDEBUG
2016-12-06_14:32:56 FILE:../src/QuestNew/QuestDaily.cpp FUNC:updateToClient LINE:542
 	  Message:Player 281479271679535 CanSubmit Task,20028 type,2 state,3 numStar,1 rewardStar,1 times,9 nowNum,40 targeNum,40
LOGDEBUG
2016-12-06_14:32:56 FILE:../src/QuestNew/QuestPart.cpp FUNC:submit LINE:1323
 	  Message:Player 281479271679535 Submit Task 20028
LOGDEBUG
2016-12-06_14:32:56 FILE:../src/QuestNew/QuestMessage.cpp FUNC:On_MSG_QUICK_REQUEST_MSG_REQ_C2GM_UPDATEQUEST LINE:104
 	  Message:Player 281479271679535 accept Task,20026 type,2 state,2 numStar,1 rewardStar,1 times,10 nowNum,0 targeNum,40
LOGDEBUG
2016-12-06_14:32:56 FILE:../src/QuestNew/QuestDaily.cpp FUNC:updateToClient LINE:542
 	  Message:Player 281479271679535 CanSubmit Task,20026 type,2 state,3 numStar,1 rewardStar,1 times,10 nowNum,40 targeNum,40
LOGDEBUG
2016-12-06_14:32:56 FILE:../src/QuestNew/QuestPart.cpp FUNC:submit LINE:1323
 	  Message:Player 281479271679535 Submit Task 20026
LOGDEBUG
2016-12-06_14:32:56 FILE:../src/QuestNew/QuestMessage.cpp FUNC:On_MSG_QUICK_REQUEST_MSG_REQ_C2GM_UPDATEQUEST LINE:104
 	  Message:Player 281479271679535 accept Task,20028 type,2 state,2 numStar,1 rewardStar,1 times,11 nowNum,0 targeNum,40
LOGDEBUG
2016-12-06_14:32:56 FILE:../src/QuestNew/QuestDaily.cpp FUNC:updateToClient LINE:542
 	  Message:Player 281479271679535 CanSubmit Task,20028 type,2 state,3 numStar,1 rewardStar,1 times,11 nowNum,40 targeNum,40
LOGDEBUG
2016-12-06_14:32:57 FILE:../src/QuestNew/QuestPart.cpp FUNC:submit LINE:1323
 	  Message:Player 281479271679535 Submit Task 20028
LOGDEBUG
2016-12-06_14:32:57 FILE:../src/QuestNew/QuestMessage.cpp FUNC:On_MSG_QUICK_REQUEST_MSG_REQ_C2GM_UPDATEQUEST LINE:104
 	  Message:Player 281479271679535 accept Task,20026 type,2 state,2 numStar,1 rewardStar,1 times,12 nowNum,0 targeNum,40
LOGDEBUG
2016-12-06_14:32:57 FILE:../src/QuestNew/QuestDaily.cpp FUNC:updateToClient LINE:542
 	  Message:Player 281479271679535 CanSubmit Task,20026 type,2 state,3 numStar,1 rewardStar,1 times,12 nowNum,40 targeNum,40
LOGDEBUG
2016-12-06_14:32:57 FILE:../src/QuestNew/QuestPart.cpp FUNC:submit LINE:1323
 	  Message:Player 281479271679535 Submit Task 20026
LOGDEBUG
2016-12-06_14:32:57 FILE:../src/QuestNew/QuestMessage.cpp FUNC:On_MSG_QUICK_REQUEST_MSG_REQ_C2GM_UPDATEQUEST LINE:104
 	  Message:Player 281479271679535 accept Task,20027 type,2 state,2 numStar,1 rewardStar,1 times,13 nowNum,0 targeNum,40
LOGDEBUG
2016-12-06_14:32:57 FILE:../src/QuestNew/QuestDaily.cpp FUNC:updateToClient LINE:542
 	  Message:Player 281479271679535 CanSubmit Task,20027 type,2 state,3 numStar,1 rewardStar,1 times,13 nowNum,40 targeNum,40
LOGDEBUG
2016-12-06_14:32:57 FILE:../src/QuestNew/QuestPart.cpp FUNC:submit LINE:1323
 	  Message:Player 281479271679535 Submit Task 20027
LOGDEBUG
2016-12-06_14:32:57 FILE:../src/QuestNew/QuestMessage.cpp FUNC:On_MSG_QUICK_REQUEST_MSG_REQ_C2GM_UPDATEQUEST LINE:104
 	  Message:Player 281479271679535 accept Task,20026 type,2 state,2 numStar,1 rewardStar,1 times,14 nowNum,0 targeNum,40
LOGDEBUG
2016-12-06_14:32:57 FILE:../src/QuestNew/QuestDaily.cpp FUNC:updateToClient LINE:542
 	  Message:Player 281479271679535 CanSubmit Task,20026 type,2 state,3 numStar,1 rewardStar,1 times,14 nowNum,40 targeNum,40
LOGDEBUG
2016-12-06_14:32:57 FILE:../src/QuestNew/QuestPart.cpp FUNC:submit LINE:1323
 	  Message:Player 281479271679535 Submit Task 20026
LOGDEBUG
2016-12-06_14:32:57 FILE:../src/QuestNew/QuestMessage.cpp FUNC:On_MSG_QUICK_REQUEST_MSG_REQ_C2GM_UPDATEQUEST LINE:104
 	  Message:Player 281479271679535 accept Task,20027 type,2 state,2 numStar,1 rewardStar,1 times,15 nowNum,0 targeNum,40
LOGDEBUG
2016-12-06_14:32:58 FILE:../src/QuestNew/QuestDaily.cpp FUNC:updateToClient LINE:542
 	  Message:Player 281479271679535 CanSubmit Task,20027 type,2 state,3 numStar,1 rewardStar,1 times,15 nowNum,40 targeNum,40
LOGDEBUG
2016-12-06_14:32:58 FILE:../src/QuestNew/QuestPart.cpp FUNC:submit LINE:1323
 	  Message:Player 281479271679535 Submit Task 20027
LOGDEBUG
2016-12-06_14:32:58 FILE:../src/QuestNew/QuestMessage.cpp FUNC:On_MSG_QUICK_REQUEST_MSG_REQ_C2GM_UPDATEQUEST LINE:104
 	  Message:Player 281479271679535 accept Task,20028 type,2 state,2 numStar,1 rewardStar,1 times,16 nowNum,0 targeNum,40
LOGDEBUG
2016-12-06_14:32:58 FILE:../src/QuestNew/QuestDaily.cpp FUNC:updateToClient LINE:542
 	  Message:Player 281479271679535 CanSubmit Task,20028 type,2 state,3 numStar,1 rewardStar,1 times,16 nowNum,40 targeNum,40
LOGDEBUG
2016-12-06_14:32:58 FILE:../src/QuestNew/QuestPart.cpp FUNC:submit LINE:1323
 	  Message:Player 281479271679535 Submit Task 20028
LOGDEBUG
2016-12-06_14:32:58 FILE:../src/QuestNew/QuestMessage.cpp FUNC:On_MSG_QUICK_REQUEST_MSG_REQ_C2GM_UPDATEQUEST LINE:104
 	  Message:Player 281479271679535 accept Task,20027 type,2 state,2 numStar,1 rewardStar,1 times,17 nowNum,0 targeNum,40
LOGDEBUG
2016-12-06_14:32:59 FILE:../src/QuestNew/QuestDaily.cpp FUNC:updateToClient LINE:542
 	  Message:Player 281479271679535 CanSubmit Task,20027 type,2 state,3 numStar,1 rewardStar,1 times,17 nowNum,40 targeNum,40
LOGDEBUG
2016-12-06_14:32:59 FILE:../src/QuestNew/QuestPart.cpp FUNC:submit LINE:1323
 	  Message:Player 281479271679535 Submit Task 20027
LOGDEBUG
2016-12-06_14:32:59 FILE:../src/QuestNew/QuestMessage.cpp FUNC:On_MSG_QUICK_REQUEST_MSG_REQ_C2GM_UPDATEQUEST LINE:104
 	  Message:Player 281479271679535 accept Task,20026 type,2 state,2 numStar,1 rewardStar,1 times,18 nowNum,0 targeNum,40
LOGDEBUG
2016-12-06_14:32:59 FILE:../src/QuestNew/QuestDaily.cpp FUNC:updateToClient LINE:542
 	  Message:Player 281479271679535 CanSubmit Task,20026 type,2 state,3 numStar,1 rewardStar,1 times,18 nowNum,40 targeNum,40
LOGDEBUG
2016-12-06_14:33:00 FILE:../src/QuestNew/QuestPart.cpp FUNC:submit LINE:1323
 	  Message:Player 281479271679535 Submit Task 20026
LOGDEBUG
2016-12-06_14:33:00 FILE:../src/QuestNew/QuestMessage.cpp FUNC:On_MSG_QUICK_REQUEST_MSG_REQ_C2GM_UPDATEQUEST LINE:104
 	  Message:Player 281479271679535 accept Task,20028 type,2 state,2 numStar,1 rewardStar,1 times,19 nowNum,0 targeNum,40
LOGDEBUG
2016-12-06_14:36:25 FILE:../src/Settings/SettingsMgr.cpp FUNC:On_MSG_QUICK_REQUEST_MSG_REQ_C2GM_SETTINGS LINE:47
 	  Message:client req settings
LOGDEBUG
2016-12-06_14:36:27 FILE:../src/QuestNew/QuestDaily.cpp FUNC:updateToClient LINE:542
 	  Message:Player 281479271679535 CanSubmit Task,20028 type,2 state,3 numStar,1 rewardStar,1 times,19 nowNum,40 targeNum,40
LOGDEBUG
2016-12-06_14:36:27 FILE:../src/QuestNew/QuestPart.cpp FUNC:submit LINE:1323
 	  Message:Player 281479271679535 Submit Task 20028
LOGDEBUG
2016-12-06_14:37:43 FILE:../src/QuestNew/QuestPart.cpp FUNC:submit LINE:1323
 	  Message:Player 281479271679535 Submit Task 20028
LOGDEBUG
2016-12-06_14:37:46 FILE:../src/QuestNew/QuestPart.cpp FUNC:submit LINE:1323
 	  Message:Player 281479271679535 Submit Task 20028
LOGDEBUG
2016-12-06_14:37:52 FILE:../src/QuestNew/QuestPart.cpp FUNC:submit LINE:1323
 	  Message:Player 281479271679535 Submit Task 20028
LOGDEBUG
2016-12-06_14:38:06 FILE:../src/QuestNew/QuestPart.cpp FUNC:submit LINE:1323
 	  Message:Player 281479271679535 Submit Task 20028
LOGDEBUG
2016-12-06_14:38:30 FILE:../src/QuestNew/QuestPart.cpp FUNC:submit LINE:1323
 	  Message:Player 281479271679535 Submit Task 20028