
LOGDEBUG
2016-12-23_11:42:27 FILE:../src/ServerManager.cpp FUNC:On_MSG_ACK_MSG_SIM_GT2GM_PUSHSERVERID LINE:393
 	  Message:gateServer push server id
LOGDEBUG
2016-12-23_11:42:28 FILE:../src/ServerManager.cpp FUNC:On_MSG_ACK_MSG_SIM_DB2GM_PUSHSERVERID LINE:431
 	  Message:dbServer push server id
LOGDEBUG
2016-12-23_11:42:28 FILE:../src/ServerManager.cpp FUNC:On_MSG_ACK_MSG_REQ_GM2WS_PUSHSERVERID LINE:463
 	  Message:worldserver push server id
LOGDEBUG
2016-12-23_11:42:28 FILE:../src/ServerManager.cpp FUNC:On_MSG_ACK_MSG_REQ_GM2MS_PUSHSERVERID LINE:497
 	  Message:managerServer push server id
LOGDEBUG
2016-12-23_11:42:28 FILE:../src/Map/CreatMapTask.cpp FUNC:On_MSG_REQUEST_MSG_REQ_WS2GM_CREATESCENE LINE:329
 	  Message:gateserver request gameserver create map
LOGDEBUG
2016-12-23_11:42:28 FILE:../src/Map/CreatMapTask.cpp FUNC:On_MSG_REQUEST_MSG_REQ_WS2GM_CREATESCENE LINE:329
 	  Message:gateserver request gameserver create map
LOGDEBUG
2016-12-23_11:42:28 FILE:../src/Map/CreatMapTask.cpp FUNC:On_MSG_REQUEST_MSG_REQ_WS2GM_CREATESCENE LINE:329
 	  Message:gateserver request gameserver create map
LOGDEBUG
2016-12-23_11:42:28 FILE:../src/Map/CreatMapTask.cpp FUNC:On_MSG_REQUEST_MSG_REQ_WS2GM_CREATESCENE LINE:329
 	  Message:gateserver request gameserver create map
LOGDEBUG
2016-12-23_11:42:28 FILE:../src/Map/CreatMapTask.cpp FUNC:On_MSG_REQUEST_MSG_REQ_WS2GM_CREATESCENE LINE:329
 	  Message:gateserver request gameserver create map
LOGDEBUG
2016-12-23_11:42:28 FILE:../src/Map/CreatMapTask.cpp FUNC:On_MSG_REQUEST_MSG_REQ_WS2GM_CREATESCENE LINE:329
 	  Message:gateserver request gameserver create map
LOGDEBUG
2016-12-23_11:42:28 FILE:../src/Map/CreatMapTask.cpp FUNC:On_MSG_REQUEST_MSG_REQ_WS2GM_CREATESCENE LINE:329
 	  Message:gateserver request gameserver create map
LOGDEBUG
2016-12-23_11:42:28 FILE:../src/Map/CreatMapTask.cpp FUNC:On_MSG_REQUEST_MSG_REQ_WS2GM_CREATESCENE LINE:329
 	  Message:gateserver request gameserver create map
LOGDEBUG
2016-12-23_11:42:28 FILE:../src/Map/CreatMapTask.cpp FUNC:On_MSG_REQUEST_MSG_REQ_WS2GM_CREATESCENE LINE:329
 	  Message:gateserver request gameserver create map
LOGDEBUG
2016-12-23_11:42:28 FILE:../src/Map/CreatMapTask.cpp FUNC:On_MSG_REQUEST_MSG_REQ_WS2GM_CREATESCENE LINE:329
 	  Message:gateserver request gameserver create map
LOGDEBUG
2016-12-23_11:42:28 FILE:../src/Map/CreatMapTask.cpp FUNC:On_MSG_REQUEST_MSG_REQ_WS2GM_CREATESCENE LINE:329
 	  Message:gateserver request gameserver create map
LOGDEBUG
2016-12-23_11:42:28 FILE:../src/Map/CreatMapTask.cpp FUNC:On_MSG_REQUEST_MSG_REQ_WS2GM_CREATESCENE LINE:329
 	  Message:gateserver request gameserver create map
LOGDEBUG
2016-12-23_11:42:28 FILE:../src/Map/CreatMapTask.cpp FUNC:On_MSG_REQUEST_MSG_REQ_WS2GM_CREATESCENE LINE:329
 	  Message:gateserver request gameserver create map
LOGDEBUG
2016-12-23_11:42:28 FILE:../src/Map/CreatMapTask.cpp FUNC:On_MSG_REQUEST_MSG_REQ_WS2GM_CREATESCENE LINE:329
 	  Message:gateserver request gameserver create map
LOGDEBUG
2016-12-23_11:42:28 FILE:../src/Map/CreatMapTask.cpp FUNC:On_MSG_REQUEST_MSG_REQ_WS2GM_CREATESCENE LINE:329
 	  Message:gateserver request gameserver create map
LOGDEBUG
2016-12-23_11:42:28 FILE:../src/Map/CreatMapTask.cpp FUNC:On_MSG_REQUEST_MSG_REQ_WS2GM_CREATESCENE LINE:329
 	  Message:gateserver request gameserver create map
LOGDEBUG
2016-12-23_11:42:28 FILE:../src/Map/CreatMapTask.cpp FUNC:On_MSG_REQUEST_MSG_REQ_WS2GM_CREATESCENE LINE:329
 	  Message:gateserver request gameserver create map
LOGDEBUG
2016-12-23_11:42:28 FILE:../src/Map/CreatMapTask.cpp FUNC:On_MSG_REQUEST_MSG_REQ_WS2GM_CREATESCENE LINE:329
 	  Message:gateserver request gameserver create map
LOGDEBUG
2016-12-23_11:42:28 FILE:../src/Map/CreatMapTask.cpp FUNC:On_MSG_REQUEST_MSG_REQ_WS2GM_CREATESCENE LINE:329
 	  Message:gateserver request gameserver create map
LOGDEBUG
2016-12-23_11:42:28 FILE:../src/Map/CreatMapTask.cpp FUNC:On_MSG_REQUEST_MSG_REQ_WS2GM_CREATESCENE LINE:329
 	  Message:gateserver request gameserver create map
LOGDEBUG
2016-12-23_11:42:28 FILE:../src/Map/CreatMapTask.cpp FUNC:On_MSG_REQUEST_MSG_REQ_WS2GM_CREATESCENE LINE:329
 	  Message:gateserver request gameserver create map
LOGDEBUG
2016-12-23_11:42:28 FILE:../src/Map/CreatMapTask.cpp FUNC:On_MSG_REQUEST_MSG_REQ_WS2GM_CREATESCENE LINE:329
 	  Message:gateserver request gameserver create map
LOGDEBUG
2016-12-23_11:42:35 FILE:../src/Object/Player/PlayerMessage.cpp FUNC:On_MSG_REQUEST_MSG_REQ_GT2GM_PLAYERINFO LINE:1098
 	  Message:Player login on and get playerinfo[1]
LOGDEBUG
2016-12-23_11:42:35 FILE:../src/Trade/BaseShop.cpp FUNC:FlushMyster LINE:438
 	  Message:FlushMyster ............................. 8
LOGDEBUG
2016-12-23_11:42:35 FILE:../src/Object/Player/PlayerMessage.cpp FUNC:On_MSG_ACK_MSG_REQ_GM2DB_CONTAINERINFO LINE:1688
 	  Message:gameserver request dbserver player[4294968799] container info
LOGDEBUG
2016-12-23_11:42:35 FILE:../src/Object/Player/PlayerMessage.cpp FUNC:FinishiInit LINE:4078
 	  Message:finish player[4294968799] info 
LOGDEBUG
2016-12-23_11:42:35 FILE:../src/Object/Player/PlayerMessage.cpp FUNC:FinishiInit LINE:4113
 	  Message:player login in game and finish player[4294968799] info 
LOGDEBUG
2016-12-23_11:42:35 FILE:../src/QuestNew/AcceptedQuest.cpp FUNC:updateToClient LINE:270
 	  Message:Player 281479271679455 CanSubmit Task,10002 type,1 state,3 numStar,1 rewardStar,1 times,0 nowNum,0 targeNum,0
LOGDEBUG
2016-12-23_11:42:36 FILE:../src/Mail/MailMessage.cpp FUNC:On_MSG_QUICK_REQUEST_MSG_REQ_C2GM_MAILS LINE:77
 	  Message:client req gt get mails
LOGDEBUG
2016-12-23_11:42:36 FILE:../src/Horse/HorseMessage.cpp FUNC:On_MSG_REQUEST_MSG_REQ_GT2GM_HORSEINFO LINE:72
 	  Message:Player request horse info
LOGDEBUG
2016-12-23_11:42:38 FILE:../src/Arena/ArenaMessage.cpp FUNC:On_MSG_QUICK_REQUEST_MSG_REQ_C2GM_ARENAINFO LINE:65
 	  Message:request Arena  war report info from client
LOGDEBUG
2016-12-23_11:42:42 FILE:../src/Map/CreatMapTask.cpp FUNC:On_MSG_REQUEST_MSG_REQ_WS2GM_CREATESCENE LINE:329
 	  Message:gateserver request gameserver create map
LOGDEBUG
2016-12-23_11:42:42 FILE:../src/MapInstance/MapInstanceMessage.cpp FUNC:On_MSG_ACK_MSG_REQ_GM2WS_CREATEINSTANCE LINE:809
 	  Message:gameserver request worldserver create map
LOGDEBUG
2016-12-23_11:42:47 FILE:../src/Arena/ArenaMessage.cpp FUNC:On_MSG_ACK_MSG_REQ_GM2DB_ARENAINFO LINE:401
 	  Message:gameserver request dbserver ranking player
LOGDEBUG
2016-12-23_11:42:47 FILE:../src/Map/GameZone.cpp FUNC:InitMonsterByPlayer LINE:295
 	  Message:SKIL ID = 1135
LOGDEBUG
2016-12-23_11:42:47 FILE:../src/Map/GameZone.cpp FUNC:InitMonsterByPlayer LINE:295
 	  Message:SKIL ID = 1335
LOGDEBUG
2016-12-23_11:42:47 FILE:../src/Map/GameZone.cpp FUNC:InitMonsterByPlayer LINE:295
 	  Message:SKIL ID = 1735
LOGDEBUG
2016-12-23_11:42:47 FILE:../src/Map/GameZone.cpp FUNC:InitMonsterByPlayer LINE:295
 	  Message:SKIL ID = 1435
LOGDEBUG
2016-12-23_11:42:47 FILE:../src/Map/GameZone.cpp FUNC:InitMonsterByPlayer LINE:295
 	  Message:SKIL ID = 1635
LOGDEBUG
2016-12-23_11:42:48 FILE:../src/Skill/SkillClass.cpp FUNC:Result LINE:183
 	  Message:CSkillBlink::Result............m_xpos = 36 ...............m_ypos = 31
LOGDEBUG
2016-12-23_11:42:49 FILE:../src/Skill/SkillClass.cpp FUNC:Result LINE:183
 	  Message:CSkillBlink::Result............m_xpos = 36 ...............m_ypos = 31
LOGDEBUG
2016-12-23_11:42:49 FILE:../src/Skill/SkillClass.cpp FUNC:Result LINE:183
 	  Message:CSkillBlink::Result............m_xpos = 36 ...............m_ypos = 31
LOGDEBUG
2016-12-23_11:42:54 FILE:../src/Skill/SkillClass.cpp FUNC:Result LINE:183
 	  Message:CSkillBlink::Result............m_xpos = 32 ...............m_ypos = 31
LOGDEBUG
2016-12-23_11:42:55 FILE:../src/Skill/SkillClass.cpp FUNC:Result LINE:183
 	  Message:CSkillBlink::Result............m_xpos = 32 ...............m_ypos = 31
LOGDEBUG
2016-12-23_11:42:55 FILE:../src/Map/GameDuplicate.cpp FUNC:HandleMonsterDeadEvent LINE:715
 	  Message:CGameDuplicate::HandleMonsterDeadEvent 	 10000
LOGDEBUG
2016-12-23_11:42:55 FILE:../src/Arena/ArenaMessage.cpp FUNC:On_MSG_ACK_MSG_REQ_GM2WS_SYNCARENA LINE:436
 	  Message:gameserver request worldserver  synch player info 
LOGDEBUG
2016-12-23_11:42:58 FILE:../src/Map/DuplicateMgr.cpp FUNC:UpdateTimer LINE:76
 	  Message:m_duplicate destory instance map id = 211
LOGDEBUG
2016-12-23_11:43:00 FILE:../src/Arena/ArenaMessage.cpp FUNC:On_MSG_QUICK_REQUEST_MSG_REQ_C2GM_ARENAINFO LINE:65
 	  Message:request Arena  war report info from client
LOGDEBUG
2016-12-23_11:43:03 FILE:../src/Arena/ArenaMessage.cpp FUNC:On_MSG_QUICK_REQUEST_MSG_REQ_C2GM_RANKINGREWARD LINE:208
 	  Message:request ranking reward from client
LOGDEBUG
2016-12-23_11:43:09 FILE:../src/Arena/ArenaMessage.cpp FUNC:On_MSG_QUICK_REQUEST_MSG_REQ_C2GM_RANKINGREWARD LINE:208
 	  Message:request ranking reward from client
LOGDEBUG
2016-12-23_11:43:13 FILE:../src/Arena/ArenaMessage.cpp FUNC:On_MSG_QUICK_REQUEST_MSG_REQ_C2GM_RANKINGREWARD LINE:208
 	  Message:request ranking reward from client
LOGDEBUG
2016-12-23_11:43:19 FILE:../src/Arena/ArenaMessage.cpp FUNC:On_MSG_QUICK_REQUEST_MSG_REQ_C2GM_RANKINGREWARD LINE:208
 	  Message:request ranking reward from client
LOGDEBUG
2016-12-23_11:44:12 FILE:../src/Trade/BaseShop.cpp FUNC:SetBaseShopInfo LINE:115
 	  Message:SetBaseShopInfo ............................. 8
LOGDEBUG
2016-12-23_11:44:36 FILE:../src/Arena/ArenaMessage.cpp FUNC:On_MSG_QUICK_REQUEST_MSG_REQ_C2GM_RANKINGREWARD LINE:208
 	  Message:request ranking reward from client
LOGDEBUG
2016-12-23_11:44:45 FILE:../src/Arena/ArenaMessage.cpp FUNC:On_MSG_QUICK_REQUEST_MSG_REQ_C2GM_RANKINGREWARD LINE:208
 	  Message:request ranking reward from client
LOGDEBUG
2016-12-23_11:44:50 FILE:../src/Arena/ArenaMessage.cpp FUNC:On_MSG_QUICK_REQUEST_MSG_REQ_C2GM_RANKINGREWARD LINE:208
 	  Message:request ranking reward from client
LOGDEBUG
2016-12-23_11:46:00 FILE:../src/Map/CreatMapTask.cpp FUNC:On_MSG_REQUEST_MSG_REQ_WS2GM_CREATESCENE LINE:329
 	  Message:gateserver request gameserver create map
LOGDEBUG
2016-12-23_11:46:00 FILE:../src/MapInstance/MapInstanceMessage.cpp FUNC:On_MSG_ACK_MSG_REQ_GM2WS_CREATEINSTANCE LINE:809
 	  Message:gameserver request worldserver create map
LOGDEBUG
2016-12-23_11:46:05 FILE:../src/Arena/ArenaMessage.cpp FUNC:On_MSG_ACK_MSG_REQ_GM2DB_ARENAINFO LINE:401
 	  Message:gameserver request dbserver ranking player
LOGDEBUG
2016-12-23_11:46:05 FILE:../src/Map/GameZone.cpp FUNC:InitMonsterByPlayer LINE:295
 	  Message:SKIL ID = 1135
LOGDEBUG
2016-12-23_11:46:05 FILE:../src/Map/GameZone.cpp FUNC:InitMonsterByPlayer LINE:295
 	  Message:SKIL ID = 1335
LOGDEBUG
2016-12-23_11:46:05 FILE:../src/Map/GameZone.cpp FUNC:InitMonsterByPlayer LINE:295
 	  Message:SKIL ID = 1735
LOGDEBUG
2016-12-23_11:46:05 FILE:../src/Map/GameZone.cpp FUNC:InitMonsterByPlayer LINE:295
 	  Message:SKIL ID = 1435
LOGDEBUG
2016-12-23_11:46:05 FILE:../src/Map/GameZone.cpp FUNC:InitMonsterByPlayer LINE:295
 	  Message:SKIL ID = 1635
LOGDEBUG
2016-12-23_11:46:06 FILE:../src/Skill/SkillClass.cpp FUNC:Result LINE:183
 	  Message:CSkillBlink::Result............m_xpos = 36 ...............m_ypos = 31
LOGDEBUG
2016-12-23_11:46:07 FILE:../src/Skill/SkillClass.cpp FUNC:Result LINE:183
 	  Message:CSkillBlink::Result............m_xpos = 36 ...............m_ypos = 31
LOGDEBUG
2016-12-23_11:46:07 FILE:../src/Skill/SkillClass.cpp FUNC:Result LINE:183
 	  Message:CSkillBlink::Result............m_xpos = 36 ...............m_ypos = 31
LOGDEBUG
2016-12-23_11:46:12 FILE:../src/Skill/SkillClass.cpp FUNC:Result LINE:183
 	  Message:CSkillBlink::Result............m_xpos = 32 ...............m_ypos = 31
LOGDEBUG
2016-12-23_11:46:13 FILE:../src/Skill/SkillClass.cpp FUNC:Result LINE:183
 	  Message:CSkillBlink::Result............m_xpos = 32 ...............m_ypos = 31
LOGDEBUG
2016-12-23_11:46:15 FILE:../src/Map/GameDuplicate.cpp FUNC:HandleMonsterDeadEvent LINE:715
 	  Message:CGameDuplicate::HandleMonsterDeadEvent 	 10000
LOGDEBUG
2016-12-23_11:46:49 FILE:../src/Map/DuplicateMgr.cpp FUNC:UpdateTimer LINE:76
 	  Message:m_duplicate destory instance map id = 211
LOGDEBUG
2016-12-23_11:47:00 FILE:../src/Trade/BaseShop.cpp FUNC:SetBaseShopInfo LINE:115
 	  Message:SetBaseShopInfo ............................. 8