
LOGDEBUG
2016-12-08_18:11:11 FILE:../src/ServerManager.cpp FUNC:On_MSG_ACK_MSG_SIM_GT2GM_PUSHSERVERID LINE:393
 	  Message:gateServer push server id
LOGDEBUG
2016-12-08_18:11:12 FILE:../src/ServerManager.cpp FUNC:On_MSG_ACK_MSG_SIM_DB2GM_PUSHSERVERID LINE:431
 	  Message:dbServer push server id
LOGDEBUG
2016-12-08_18:11:12 FILE:../src/ServerManager.cpp FUNC:On_MSG_ACK_MSG_REQ_GM2WS_PUSHSERVERID LINE:463
 	  Message:worldserver push server id
LOGDEBUG
2016-12-08_18:11:12 FILE:../src/ServerManager.cpp FUNC:On_MSG_ACK_MSG_REQ_GM2MS_PUSHSERVERID LINE:497
 	  Message:managerServer push server id
LOGDEBUG
2016-12-08_18:11:13 FILE:../src/Map/CreatMapTask.cpp FUNC:On_MSG_REQUEST_MSG_REQ_WS2GM_CREATESCENE LINE:329
 	  Message:gateserver request gameserver create map
LOGDEBUG
2016-12-08_18:11:13 FILE:../src/Map/CreatMapTask.cpp FUNC:On_MSG_REQUEST_MSG_REQ_WS2GM_CREATESCENE LINE:329
 	  Message:gateserver request gameserver create map
LOGDEBUG
2016-12-08_18:11:13 FILE:../src/Map/CreatMapTask.cpp FUNC:On_MSG_REQUEST_MSG_REQ_WS2GM_CREATESCENE LINE:329
 	  Message:gateserver request gameserver create map
LOGDEBUG
2016-12-08_18:11:13 FILE:../src/Map/CreatMapTask.cpp FUNC:On_MSG_REQUEST_MSG_REQ_WS2GM_CREATESCENE LINE:329
 	  Message:gateserver request gameserver create map
LOGDEBUG
2016-12-08_18:11:13 FILE:../src/Map/CreatMapTask.cpp FUNC:On_MSG_REQUEST_MSG_REQ_WS2GM_CREATESCENE LINE:329
 	  Message:gateserver request gameserver create map
LOGDEBUG
2016-12-08_18:11:13 FILE:../src/Map/CreatMapTask.cpp FUNC:On_MSG_REQUEST_MSG_REQ_WS2GM_CREATESCENE LINE:329
 	  Message:gateserver request gameserver create map
LOGDEBUG
2016-12-08_18:11:13 FILE:../src/Map/CreatMapTask.cpp FUNC:On_MSG_REQUEST_MSG_REQ_WS2GM_CREATESCENE LINE:329
 	  Message:gateserver request gameserver create map
LOGDEBUG
2016-12-08_18:11:13 FILE:../src/Map/CreatMapTask.cpp FUNC:On_MSG_REQUEST_MSG_REQ_WS2GM_CREATESCENE LINE:329
 	  Message:gateserver request gameserver create map
LOGDEBUG
2016-12-08_18:11:13 FILE:../src/Map/CreatMapTask.cpp FUNC:On_MSG_REQUEST_MSG_REQ_WS2GM_CREATESCENE LINE:329
 	  Message:gateserver request gameserver create map
LOGDEBUG
2016-12-08_18:11:13 FILE:../src/Map/CreatMapTask.cpp FUNC:On_MSG_REQUEST_MSG_REQ_WS2GM_CREATESCENE LINE:329
 	  Message:gateserver request gameserver create map
LOGDEBUG
2016-12-08_18:11:13 FILE:../src/Map/CreatMapTask.cpp FUNC:On_MSG_REQUEST_MSG_REQ_WS2GM_CREATESCENE LINE:329
 	  Message:gateserver request gameserver create map
LOGDEBUG
2016-12-08_18:11:13 FILE:../src/Map/CreatMapTask.cpp FUNC:On_MSG_REQUEST_MSG_REQ_WS2GM_CREATESCENE LINE:329
 	  Message:gateserver request gameserver create map
LOGDEBUG
2016-12-08_18:11:13 FILE:../src/Map/CreatMapTask.cpp FUNC:On_MSG_REQUEST_MSG_REQ_WS2GM_CREATESCENE LINE:329
 	  Message:gateserver request gameserver create map
LOGDEBUG
2016-12-08_18:11:13 FILE:../src/Map/CreatMapTask.cpp FUNC:On_MSG_REQUEST_MSG_REQ_WS2GM_CREATESCENE LINE:329
 	  Message:gateserver request gameserver create map
LOGDEBUG
2016-12-08_18:11:13 FILE:../src/Map/CreatMapTask.cpp FUNC:On_MSG_REQUEST_MSG_REQ_WS2GM_CREATESCENE LINE:329
 	  Message:gateserver request gameserver create map
LOGDEBUG
2016-12-08_18:11:13 FILE:../src/Map/CreatMapTask.cpp FUNC:On_MSG_REQUEST_MSG_REQ_WS2GM_CREATESCENE LINE:329
 	  Message:gateserver request gameserver create map
LOGDEBUG
2016-12-08_18:11:13 FILE:../src/Map/CreatMapTask.cpp FUNC:On_MSG_REQUEST_MSG_REQ_WS2GM_CREATESCENE LINE:329
 	  Message:gateserver request gameserver create map
LOGDEBUG
2016-12-08_18:11:13 FILE:../src/Map/CreatMapTask.cpp FUNC:On_MSG_REQUEST_MSG_REQ_WS2GM_CREATESCENE LINE:329
 	  Message:gateserver request gameserver create map
LOGDEBUG
2016-12-08_18:11:13 FILE:../src/Map/CreatMapTask.cpp FUNC:On_MSG_REQUEST_MSG_REQ_WS2GM_CREATESCENE LINE:329
 	  Message:gateserver request gameserver create map
LOGDEBUG
2016-12-08_18:11:13 FILE:../src/Map/CreatMapTask.cpp FUNC:On_MSG_REQUEST_MSG_REQ_WS2GM_CREATESCENE LINE:329
 	  Message:gateserver request gameserver create map
LOGDEBUG
2016-12-08_18:11:13 FILE:../src/Map/CreatMapTask.cpp FUNC:On_MSG_REQUEST_MSG_REQ_WS2GM_CREATESCENE LINE:329
 	  Message:gateserver request gameserver create map
LOGDEBUG
2016-12-08_18:11:13 FILE:../src/Map/CreatMapTask.cpp FUNC:On_MSG_REQUEST_MSG_REQ_WS2GM_CREATESCENE LINE:329
 	  Message:gateserver request gameserver create map
LOGDEBUG
2016-12-08_18:24:05 FILE:../src/Object/Player/PlayerMessage.cpp FUNC:On_MSG_REQUEST_MSG_REQ_GT2GM_PLAYERINFO LINE:1093
 	  Message:Player login on and get playerinfo[1]
LOGDEBUG
2016-12-08_18:24:05 FILE:../src/Object/Player/Player.cpp FUNC:InitBaseInfo LINE:1188
 	  Message:iRet=1802 err:[src/OpenApiV3.cpp][278][ParamIsValid]openid is invalid

LOGDEBUG
2016-12-08_18:24:05 FILE:../src/Trade/BaseShop.cpp FUNC:FlushMyster LINE:438
 	  Message:FlushMyster ............................. 8
LOGDEBUG
2016-12-08_18:24:05 FILE:../src/Object/Player/PlayerMessage.cpp FUNC:On_MSG_ACK_MSG_REQ_GM2DB_CONTAINERINFO LINE:1683
 	  Message:gameserver request dbserver player[4294968911] container info
LOGDEBUG
2016-12-08_18:24:05 FILE:../src/Object/Player/PlayerMessage.cpp FUNC:FinishiInit LINE:4068
 	  Message:finish player[4294968911] info 
LOGDEBUG
2016-12-08_18:24:05 FILE:../src/Object/Player/PlayerMessage.cpp FUNC:FinishiInit LINE:4103
 	  Message:player login in game and finish player[4294968911] info 
LOGDEBUG
2016-12-08_18:24:05 FILE:../src/QuestNew/AcceptedQuest.cpp FUNC:updateToClient LINE:270
 	  Message:Player 281479271679567 CanSubmit Task,10050 type,1 state,3 numStar,1 rewardStar,1 times,0 nowNum,12 targeNum,12
LOGDEBUG
2016-12-08_18:24:05 FILE:../src/Mail/MailMessage.cpp FUNC:On_MSG_QUICK_REQUEST_MSG_REQ_C2GM_MAILS LINE:77
 	  Message:client req gt get mails
LOGDEBUG
2016-12-08_18:24:05 FILE:../src/Horse/HorseMessage.cpp FUNC:On_MSG_REQUEST_MSG_REQ_GT2GM_HORSEINFO LINE:72
 	  Message:Player request horse info
LOGDEBUG
2016-12-08_18:24:28 FILE:../src/Map/CreatMapTask.cpp FUNC:On_MSG_REQUEST_MSG_REQ_WS2GM_CREATESCENE LINE:329
 	  Message:gateserver request gameserver create map
LOGDEBUG
2016-12-08_18:24:28 FILE:../src/MapInstance/MapInstanceMessage.cpp FUNC:On_MSG_ACK_MSG_REQ_GM2WS_CREATEINSTANCE LINE:856
 	  Message:gameserver request worldserver create map
LOGDEBUG
2016-12-08_18:24:30 FILE:../src/Skill/SkillClass.cpp FUNC:Result LINE:183
 	  Message:CSkillBlink::Result............m_xpos = 17 ...............m_ypos = 37
LOGDEBUG
2016-12-08_18:24:30 FILE:../src/Map/GameDuplicate.cpp FUNC:HandleMonsterDeadEvent LINE:715
 	  Message:CGameDuplicate::HandleMonsterDeadEvent 	 41920001
LOGDEBUG
2016-12-08_18:24:30 FILE:../src/Skill/SkillClass.cpp FUNC:Result LINE:183
 	  Message:CSkillBlink::Result............m_xpos = 25 ...............m_ypos = 33
LOGDEBUG
2016-12-08_18:24:30 FILE:../src/Map/GameDuplicate.cpp FUNC:HandleMonsterDeadEvent LINE:715
 	  Message:CGameDuplicate::HandleMonsterDeadEvent 	 41920001
LOGDEBUG
2016-12-08_18:24:31 FILE:../src/Map/GameDuplicate.cpp FUNC:HandleMonsterDeadEvent LINE:715
 	  Message:CGameDuplicate::HandleMonsterDeadEvent 	 41920001
LOGDEBUG
2016-12-08_18:24:31 FILE:../src/Map/GameDuplicate.cpp FUNC:HandleMonsterDeadEvent LINE:715
 	  Message:CGameDuplicate::HandleMonsterDeadEvent 	 41920001
LOGDEBUG
2016-12-08_18:24:31 FILE:../src/Map/GameDuplicate.cpp FUNC:HandleMonsterDeadEvent LINE:715
 	  Message:CGameDuplicate::HandleMonsterDeadEvent 	 41920001
LOGDEBUG
2016-12-08_18:24:31 FILE:../src/Map/GameDuplicate.cpp FUNC:HandleMonsterDeadEvent LINE:715
 	  Message:CGameDuplicate::HandleMonsterDeadEvent 	 41920001
LOGDEBUG
2016-12-08_18:24:31 FILE:../src/Map/GameDuplicate.cpp FUNC:HandleMonsterDeadEvent LINE:715
 	  Message:CGameDuplicate::HandleMonsterDeadEvent 	 41920001
LOGDEBUG
2016-12-08_18:24:31 FILE:../src/Map/GameDuplicate.cpp FUNC:HandleMonsterDeadEvent LINE:715
 	  Message:CGameDuplicate::HandleMonsterDeadEvent 	 41920001
LOGDEBUG
2016-12-08_18:24:31 FILE:../src/Map/GameDuplicate.cpp FUNC:HandleMonsterDeadEvent LINE:715
 	  Message:CGameDuplicate::HandleMonsterDeadEvent 	 41920002
LOGDEBUG
2016-12-08_18:24:31 FILE:../src/Map/GameDuplicate.cpp FUNC:HandleMonsterDeadEvent LINE:715
 	  Message:CGameDuplicate::HandleMonsterDeadEvent 	 41920002
LOGDEBUG
2016-12-08_18:24:32 FILE:../src/Map/GameDuplicate.cpp FUNC:HandleMonsterDeadEvent LINE:715
 	  Message:CGameDuplicate::HandleMonsterDeadEvent 	 41920002
LOGDEBUG
2016-12-08_18:24:32 FILE:../src/Map/GameDuplicate.cpp FUNC:HandleMonsterDeadEvent LINE:715
 	  Message:CGameDuplicate::HandleMonsterDeadEvent 	 41920002
LOGDEBUG
2016-12-08_18:24:32 FILE:../src/Map/GameDuplicate.cpp FUNC:HandleMonsterDeadEvent LINE:715
 	  Message:CGameDuplicate::HandleMonsterDeadEvent 	 41920002
LOGDEBUG
2016-12-08_18:24:33 FILE:../src/Map/GameDuplicate.cpp FUNC:HandleMonsterDeadEvent LINE:715
 	  Message:CGameDuplicate::HandleMonsterDeadEvent 	 41920002
LOGDEBUG
2016-12-08_18:24:33 FILE:../src/Map/GameDuplicate.cpp FUNC:HandleMonsterDeadEvent LINE:715
 	  Message:CGameDuplicate::HandleMonsterDeadEvent 	 41920002
LOGDEBUG
2016-12-08_18:24:33 FILE:../src/Map/GameDuplicate.cpp FUNC:HandleMonsterDeadEvent LINE:715
 	  Message:CGameDuplicate::HandleMonsterDeadEvent 	 41920002
LOGDEBUG
2016-12-08_18:24:35 FILE:../src/Skill/SkillClass.cpp FUNC:Result LINE:183
 	  Message:CSkillBlink::Result............m_xpos = 36 ...............m_ypos = 20
LOGDEBUG
2016-12-08_18:24:35 FILE:../src/Map/GameDuplicate.cpp FUNC:HandleMonsterDeadEvent LINE:715
 	  Message:CGameDuplicate::HandleMonsterDeadEvent 	 41920003
LOGDEBUG
2016-12-08_18:24:36 FILE:../src/Map/GameDuplicate.cpp FUNC:HandleMonsterDeadEvent LINE:715
 	  Message:CGameDuplicate::HandleMonsterDeadEvent 	 41920003
LOGDEBUG
2016-12-08_18:24:36 FILE:../src/Map/GameDuplicate.cpp FUNC:HandleMonsterDeadEvent LINE:715
 	  Message:CGameDuplicate::HandleMonsterDeadEvent 	 41920003
LOGDEBUG
2016-12-08_18:24:36 FILE:../src/Map/GameDuplicate.cpp FUNC:HandleMonsterDeadEvent LINE:715
 	  Message:CGameDuplicate::HandleMonsterDeadEvent 	 41920003
LOGDEBUG
2016-12-08_18:24:36 FILE:../src/Map/GameDuplicate.cpp FUNC:HandleMonsterDeadEvent LINE:715
 	  Message:CGameDuplicate::HandleMonsterDeadEvent 	 41920003
LOGDEBUG
2016-12-08_18:24:36 FILE:../src/Map/GameDuplicate.cpp FUNC:HandleMonsterDeadEvent LINE:715
 	  Message:CGameDuplicate::HandleMonsterDeadEvent 	 41920003
LOGDEBUG
2016-12-08_18:24:36 FILE:../src/Skill/SkillClass.cpp FUNC:Result LINE:183
 	  Message:CSkillBlink::Result............m_xpos = 29 ...............m_ypos = 13
LOGDEBUG
2016-12-08_18:24:37 FILE:../src/Map/GameDuplicate.cpp FUNC:HandleMonsterDeadEvent LINE:715
 	  Message:CGameDuplicate::HandleMonsterDeadEvent 	 41920003
LOGDEBUG
2016-12-08_18:24:37 FILE:../src/Map/GameDuplicate.cpp FUNC:HandleMonsterDeadEvent LINE:715
 	  Message:CGameDuplicate::HandleMonsterDeadEvent 	 41920003
LOGDEBUG
2016-12-08_18:24:37 FILE:../src/Map/GameDuplicate.cpp FUNC:HandleMonsterDeadEvent LINE:715
 	  Message:CGameDuplicate::HandleMonsterDeadEvent 	 41920003
LOGDEBUG
2016-12-08_18:24:37 FILE:../src/Map/GameDuplicate.cpp FUNC:HandleMonsterDeadEvent LINE:715
 	  Message:CGameDuplicate::HandleMonsterDeadEvent 	 41920003
LOGDEBUG
2016-12-08_18:24:39 FILE:../src/Map/GameDuplicate.cpp FUNC:HandleMonsterDeadEvent LINE:715
 	  Message:CGameDuplicate::HandleMonsterDeadEvent 	 42000001
LOGDEBUG
2016-12-08_18:24:41 FILE:../src/MapInstance/InstanceMgr.cpp FUNC:SendAwardToPlayer LINE:2113
 	  Message:Send to intance award to player simple message player 281479271679567
LOGDEBUG
2016-12-08_18:24:43 FILE:../src/Map/DuplicateMgr.cpp FUNC:UpdateTimer LINE:76
 	  Message:m_duplicate destory instance map id = 170
LOGDEBUG
2016-12-08_18:25:05 FILE:../src/Trade/BaseShop.cpp FUNC:SetBaseShopInfo LINE:115
 	  Message:SetBaseShopInfo ............................. 8
LOGDEBUG
2016-12-08_18:25:24 FILE:../src/Trade/BaseShop.cpp FUNC:SetBaseShopInfo LINE:115
 	  Message:SetBaseShopInfo ............................. 8
LOGDEBUG
2016-12-08_18:25:45 FILE:../src/Object/Player/PlayerMessage.cpp FUNC:On_MSG_REQUEST_MSG_REQ_GT2GM_PLAYERINFO LINE:1093
 	  Message:Player login on and get playerinfo[1]
LOGDEBUG
2016-12-08_18:25:45 FILE:../src/Object/Player/Player.cpp FUNC:InitBaseInfo LINE:1188
 	  Message:iRet=1802 err:[src/OpenApiV3.cpp][278][ParamIsValid]openid is invalid

LOGDEBUG
2016-12-08_18:25:45 FILE:../src/Trade/BaseShop.cpp FUNC:FlushMyster LINE:438
 	  Message:FlushMyster ............................. 8
LOGDEBUG
2016-12-08_18:25:45 FILE:../src/Object/Player/PlayerMessage.cpp FUNC:On_MSG_ACK_MSG_REQ_GM2DB_CONTAINERINFO LINE:1683
 	  Message:gameserver request dbserver player[4294968911] container info
LOGDEBUG
2016-12-08_18:25:45 FILE:../src/Object/Player/PlayerMessage.cpp FUNC:FinishiInit LINE:4068
 	  Message:finish player[4294968911] info 
LOGDEBUG
2016-12-08_18:25:45 FILE:../src/Object/Player/PlayerMessage.cpp FUNC:FinishiInit LINE:4103
 	  Message:player login in game and finish player[4294968911] info 
LOGDEBUG
2016-12-08_18:25:45 FILE:../src/QuestNew/AcceptedQuest.cpp FUNC:updateToClient LINE:270
 	  Message:Player 281479271679567 CanSubmit Task,10050 type,1 state,3 numStar,1 rewardStar,1 times,0 nowNum,12 targeNum,12
LOGDEBUG
2016-12-08_18:25:46 FILE:../src/Mail/MailMessage.cpp FUNC:On_MSG_QUICK_REQUEST_MSG_REQ_C2GM_MAILS LINE:77
 	  Message:client req gt get mails
LOGDEBUG
2016-12-08_18:25:46 FILE:../src/Horse/HorseMessage.cpp FUNC:On_MSG_REQUEST_MSG_REQ_GT2GM_HORSEINFO LINE:72
 	  Message:Player request horse info
LOGDEBUG
2016-12-08_18:26:45 FILE:../src/Trade/BaseShop.cpp FUNC:SetBaseShopInfo LINE:115
 	  Message:SetBaseShopInfo ............................. 8
LOGDEBUG
2016-12-08_18:27:33 FILE:../src/Trade/BaseShop.cpp FUNC:SetBaseShopInfo LINE:115
 	  Message:SetBaseShopInfo ............................. 8
LOGDEBUG
2016-12-08_18:27:38 FILE:../src/Object/Player/PlayerMessage.cpp FUNC:On_MSG_REQUEST_MSG_REQ_GT2GM_PLAYERINFO LINE:1093
 	  Message:Player login on and get playerinfo[1]
LOGDEBUG
2016-12-08_18:27:39 FILE:../src/Object/Player/Player.cpp FUNC:InitBaseInfo LINE:1188
 	  Message:iRet=1802 err:[src/OpenApiV3.cpp][278][ParamIsValid]openid is invalid

LOGDEBUG
2016-12-08_18:27:39 FILE:../src/Trade/BaseShop.cpp FUNC:FlushMyster LINE:438
 	  Message:FlushMyster ............................. 8
LOGDEBUG
2016-12-08_18:27:39 FILE:../src/Object/Player/PlayerMessage.cpp FUNC:On_MSG_ACK_MSG_REQ_GM2DB_CONTAINERINFO LINE:1683
 	  Message:gameserver request dbserver player[4294968911] container info
LOGDEBUG
2016-12-08_18:27:39 FILE:../src/Object/Player/PlayerMessage.cpp FUNC:FinishiInit LINE:4068
 	  Message:finish player[4294968911] info 
LOGDEBUG
2016-12-08_18:27:39 FILE:../src/Object/Player/PlayerMessage.cpp FUNC:FinishiInit LINE:4103
 	  Message:player login in game and finish player[4294968911] info 
LOGDEBUG
2016-12-08_18:27:39 FILE:../src/QuestNew/AcceptedQuest.cpp FUNC:updateToClient LINE:270
 	  Message:Player 281479271679567 CanSubmit Task,10050 type,1 state,3 numStar,1 rewardStar,1 times,0 nowNum,12 targeNum,12
LOGDEBUG
2016-12-08_18:27:43 FILE:../src/Mail/MailMessage.cpp FUNC:On_MSG_QUICK_REQUEST_MSG_REQ_C2GM_MAILS LINE:77
 	  Message:client req gt get mails
LOGDEBUG
2016-12-08_18:27:43 FILE:../src/Horse/HorseMessage.cpp FUNC:On_MSG_REQUEST_MSG_REQ_GT2GM_HORSEINFO LINE:72
 	  Message:Player request horse info
LOGDEBUG
2016-12-08_18:28:38 FILE:../src/Trade/BaseShop.cpp FUNC:SetBaseShopInfo LINE:115
 	  Message:SetBaseShopInfo ............................. 8
LOGDEBUG
2016-12-08_18:31:12 FILE:../src/Trade/BaseShop.cpp FUNC:SetBaseShopInfo LINE:115
 	  Message:SetBaseShopInfo ............................. 8