
LOGDEBUG
2016-11-09_17:44:13 FILE:../src/ServerManager.cpp FUNC:On_MSG_ACK_MSG_SIM_GT2GM_PUSHSERVERID LINE:393
 	  Message:gateServer push server id
LOGDEBUG
2016-11-09_17:44:14 FILE:../src/ServerManager.cpp FUNC:On_MSG_ACK_MSG_SIM_DB2GM_PUSHSERVERID LINE:431
 	  Message:dbServer push server id
LOGDEBUG
2016-11-09_17:44:14 FILE:../src/ServerManager.cpp FUNC:On_MSG_ACK_MSG_REQ_GM2WS_PUSHSERVERID LINE:463
 	  Message:worldserver push server id
LOGDEBUG
2016-11-09_17:44:14 FILE:../src/ServerManager.cpp FUNC:On_MSG_ACK_MSG_REQ_GM2MS_PUSHSERVERID LINE:497
 	  Message:managerServer push server id
LOGDEBUG
2016-11-09_17:44:14 FILE:../src/Map/CreatMapTask.cpp FUNC:On_MSG_REQUEST_MSG_REQ_WS2GM_CREATESCENE LINE:329
 	  Message:gateserver request gameserver create map
LOGDEBUG
2016-11-09_17:44:14 FILE:../src/Map/CreatMapTask.cpp FUNC:On_MSG_REQUEST_MSG_REQ_WS2GM_CREATESCENE LINE:329
 	  Message:gateserver request gameserver create map
LOGDEBUG
2016-11-09_17:44:14 FILE:../src/Map/CreatMapTask.cpp FUNC:On_MSG_REQUEST_MSG_REQ_WS2GM_CREATESCENE LINE:329
 	  Message:gateserver request gameserver create map
LOGDEBUG
2016-11-09_17:44:14 FILE:../src/Map/CreatMapTask.cpp FUNC:On_MSG_REQUEST_MSG_REQ_WS2GM_CREATESCENE LINE:329
 	  Message:gateserver request gameserver create map
LOGDEBUG
2016-11-09_17:44:14 FILE:../src/Map/CreatMapTask.cpp FUNC:On_MSG_REQUEST_MSG_REQ_WS2GM_CREATESCENE LINE:329
 	  Message:gateserver request gameserver create map
LOGDEBUG
2016-11-09_17:44:14 FILE:../src/Map/CreatMapTask.cpp FUNC:On_MSG_REQUEST_MSG_REQ_WS2GM_CREATESCENE LINE:329
 	  Message:gateserver request gameserver create map
LOGDEBUG
2016-11-09_17:44:14 FILE:../src/Map/CreatMapTask.cpp FUNC:On_MSG_REQUEST_MSG_REQ_WS2GM_CREATESCENE LINE:329
 	  Message:gateserver request gameserver create map
LOGDEBUG
2016-11-09_17:44:14 FILE:../src/Map/CreatMapTask.cpp FUNC:On_MSG_REQUEST_MSG_REQ_WS2GM_CREATESCENE LINE:329
 	  Message:gateserver request gameserver create map
LOGDEBUG
2016-11-09_17:44:14 FILE:../src/Map/CreatMapTask.cpp FUNC:On_MSG_REQUEST_MSG_REQ_WS2GM_CREATESCENE LINE:329
 	  Message:gateserver request gameserver create map
LOGDEBUG
2016-11-09_17:44:14 FILE:../src/Map/CreatMapTask.cpp FUNC:On_MSG_REQUEST_MSG_REQ_WS2GM_CREATESCENE LINE:329
 	  Message:gateserver request gameserver create map
LOGDEBUG
2016-11-09_17:44:14 FILE:../src/Map/CreatMapTask.cpp FUNC:On_MSG_REQUEST_MSG_REQ_WS2GM_CREATESCENE LINE:329
 	  Message:gateserver request gameserver create map
LOGDEBUG
2016-11-09_17:44:14 FILE:../src/Map/CreatMapTask.cpp FUNC:On_MSG_REQUEST_MSG_REQ_WS2GM_CREATESCENE LINE:329
 	  Message:gateserver request gameserver create map
LOGDEBUG
2016-11-09_17:44:14 FILE:../src/Map/CreatMapTask.cpp FUNC:On_MSG_REQUEST_MSG_REQ_WS2GM_CREATESCENE LINE:329
 	  Message:gateserver request gameserver create map
LOGDEBUG
2016-11-09_17:44:14 FILE:../src/Map/CreatMapTask.cpp FUNC:On_MSG_REQUEST_MSG_REQ_WS2GM_CREATESCENE LINE:329
 	  Message:gateserver request gameserver create map
LOGDEBUG
2016-11-09_17:44:14 FILE:../src/Map/CreatMapTask.cpp FUNC:On_MSG_REQUEST_MSG_REQ_WS2GM_CREATESCENE LINE:329
 	  Message:gateserver request gameserver create map
LOGDEBUG
2016-11-09_17:44:14 FILE:../src/Map/CreatMapTask.cpp FUNC:On_MSG_REQUEST_MSG_REQ_WS2GM_CREATESCENE LINE:329
 	  Message:gateserver request gameserver create map
LOGDEBUG
2016-11-09_17:44:14 FILE:../src/Map/CreatMapTask.cpp FUNC:On_MSG_REQUEST_MSG_REQ_WS2GM_CREATESCENE LINE:329
 	  Message:gateserver request gameserver create map
LOGDEBUG
2016-11-09_17:44:14 FILE:../src/Map/CreatMapTask.cpp FUNC:On_MSG_REQUEST_MSG_REQ_WS2GM_CREATESCENE LINE:329
 	  Message:gateserver request gameserver create map
LOGDEBUG
2016-11-09_17:44:14 FILE:../src/Map/CreatMapTask.cpp FUNC:On_MSG_REQUEST_MSG_REQ_WS2GM_CREATESCENE LINE:329
 	  Message:gateserver request gameserver create map
LOGDEBUG
2016-11-09_17:44:14 FILE:../src/Map/CreatMapTask.cpp FUNC:On_MSG_REQUEST_MSG_REQ_WS2GM_CREATESCENE LINE:329
 	  Message:gateserver request gameserver create map
LOGDEBUG
2016-11-09_17:44:14 FILE:../src/Map/CreatMapTask.cpp FUNC:On_MSG_REQUEST_MSG_REQ_WS2GM_CREATESCENE LINE:329
 	  Message:gateserver request gameserver create map
LOGDEBUG
2016-11-09_17:44:14 FILE:../src/Map/CreatMapTask.cpp FUNC:On_MSG_REQUEST_MSG_REQ_WS2GM_CREATESCENE LINE:329
 	  Message:gateserver request gameserver create map
LOGDEBUG
2016-11-09_17:45:16 FILE:../src/Object/Player/PlayerMessage.cpp FUNC:On_MSG_REQUEST_MSG_REQ_GT2GM_PLAYERINFO LINE:1092
 	  Message:Player login on and get playerinfo[1]
LOGDEBUG
2016-11-09_17:45:16 FILE:../src/Object/Player/Player.cpp FUNC:InitBaseInfo LINE:1204
 	  Message:iRet=1802 err:[src/OpenApiV3.cpp][278][ParamIsValid]openid is invalid

LOGDEBUG
2016-11-09_17:45:16 FILE:../src/Object/Player/PlayerMessage.cpp FUNC:On_MSG_ACK_MSG_REQ_GM2DB_CONTAINERINFO LINE:1678
 	  Message:gameserver request dbserver player[4294967337] container info
LOGDEBUG
2016-11-09_17:45:16 FILE:../src/Object/Player/PlayerMessage.cpp FUNC:FinishiInit LINE:4065
 	  Message:finish player[4294967337] info 
LOGDEBUG
2016-11-09_17:45:16 FILE:../src/Object/Player/PlayerMessage.cpp FUNC:FinishiInit LINE:4100
 	  Message:player login in game and finish player[4294967337] info 
LOGDEBUG
2016-11-09_17:45:16 FILE:../src/QuestNew/AcceptedQuest.cpp FUNC:updateToClient LINE:270
 	  Message:Player 281479271677993 CanSubmit Task,10001 type,1 state,3 numStar,1 rewardStar,1 times,0 nowNum,0 targeNum,0
LOGDEBUG
2016-11-09_17:45:17 FILE:../src/Mail/MailMessage.cpp FUNC:On_MSG_QUICK_REQUEST_MSG_REQ_C2GM_MAILS LINE:77
 	  Message:client req gt get mails
LOGDEBUG
2016-11-09_17:45:17 FILE:../src/Horse/HorseMessage.cpp FUNC:On_MSG_REQUEST_MSG_REQ_GT2GM_HORSEINFO LINE:72
 	  Message:Player request horse info
LOGDEBUG
2016-11-09_17:46:30 FILE:../src/Object/Player/PlayerMessage.cpp FUNC:On_MSG_REQUEST_MSG_REQ_GT2GM_PLAYERINFO LINE:1092
 	  Message:Player login on and get playerinfo[1]
LOGDEBUG
2016-11-09_17:46:30 FILE:../src/Object/Player/Player.cpp FUNC:InitBaseInfo LINE:1204
 	  Message:iRet=1802 err:[src/OpenApiV3.cpp][278][ParamIsValid]openid is invalid

LOGDEBUG
2016-11-09_17:46:30 FILE:../src/Object/Player/PlayerMessage.cpp FUNC:On_MSG_ACK_MSG_REQ_GM2DB_CONTAINERINFO LINE:1678
 	  Message:gameserver request dbserver player[4294967337] container info
LOGDEBUG
2016-11-09_17:46:30 FILE:../src/Object/Player/PlayerMessage.cpp FUNC:FinishiInit LINE:4065
 	  Message:finish player[4294967337] info 
LOGDEBUG
2016-11-09_17:46:30 FILE:../src/Object/Player/PlayerMessage.cpp FUNC:FinishiInit LINE:4100
 	  Message:player login in game and finish player[4294967337] info 
LOGDEBUG
2016-11-09_17:46:30 FILE:../src/QuestNew/AcceptedQuest.cpp FUNC:updateToClient LINE:270
 	  Message:Player 281479271677993 CanSubmit Task,10001 type,1 state,3 numStar,1 rewardStar,1 times,0 nowNum,0 targeNum,0
LOGDEBUG
2016-11-09_17:46:31 FILE:../src/Mail/MailMessage.cpp FUNC:On_MSG_QUICK_REQUEST_MSG_REQ_C2GM_MAILS LINE:77
 	  Message:client req gt get mails
LOGDEBUG
2016-11-09_17:46:31 FILE:../src/Horse/HorseMessage.cpp FUNC:On_MSG_REQUEST_MSG_REQ_GT2GM_HORSEINFO LINE:72
 	  Message:Player request horse info
LOGDEBUG
2016-11-09_17:48:36 FILE:../src/Object/Player/PlayerMessage.cpp FUNC:On_MSG_REQUEST_MSG_REQ_GT2GM_PLAYERINFO LINE:1092
 	  Message:Player login on and get playerinfo[1]
LOGDEBUG
2016-11-09_17:48:36 FILE:../src/Object/Player/Player.cpp FUNC:InitBaseInfo LINE:1204
 	  Message:iRet=1802 err:[src/OpenApiV3.cpp][278][ParamIsValid]openid is invalid

LOGDEBUG
2016-11-09_17:48:36 FILE:../src/Object/Player/PlayerMessage.cpp FUNC:On_MSG_ACK_MSG_REQ_GM2DB_CONTAINERINFO LINE:1678
 	  Message:gameserver request dbserver player[4294967337] container info
LOGDEBUG
2016-11-09_17:48:36 FILE:../src/Object/Player/PlayerMessage.cpp FUNC:FinishiInit LINE:4065
 	  Message:finish player[4294967337] info 
LOGDEBUG
2016-11-09_17:48:36 FILE:../src/Object/Player/PlayerMessage.cpp FUNC:FinishiInit LINE:4100
 	  Message:player login in game and finish player[4294967337] info 
LOGDEBUG
2016-11-09_17:48:36 FILE:../src/QuestNew/AcceptedQuest.cpp FUNC:updateToClient LINE:270
 	  Message:Player 281479271677993 CanSubmit Task,10001 type,1 state,3 numStar,1 rewardStar,1 times,0 nowNum,0 targeNum,0
LOGDEBUG
2016-11-09_17:48:37 FILE:../src/Mail/MailMessage.cpp FUNC:On_MSG_QUICK_REQUEST_MSG_REQ_C2GM_MAILS LINE:77
 	  Message:client req gt get mails
LOGDEBUG
2016-11-09_17:48:37 FILE:../src/Horse/HorseMessage.cpp FUNC:On_MSG_REQUEST_MSG_REQ_GT2GM_HORSEINFO LINE:72
 	  Message:Player request horse info
LOGDEBUG
2016-11-09_17:51:04 FILE:../src/Object/Player/PlayerMessage.cpp FUNC:On_MSG_REQUEST_MSG_REQ_GT2GM_PLAYERINFO LINE:1092
 	  Message:Player login on and get playerinfo[1]
LOGDEBUG
2016-11-09_17:51:04 FILE:../src/Object/Player/Player.cpp FUNC:InitBaseInfo LINE:1204
 	  Message:iRet=1802 err:[src/OpenApiV3.cpp][278][ParamIsValid]openid is invalid

LOGDEBUG
2016-11-09_17:51:04 FILE:../src/Object/Player/PlayerMessage.cpp FUNC:On_MSG_ACK_MSG_REQ_GM2DB_CONTAINERINFO LINE:1678
 	  Message:gameserver request dbserver player[4294967337] container info
LOGDEBUG
2016-11-09_17:51:04 FILE:../src/Object/Player/PlayerMessage.cpp FUNC:FinishiInit LINE:4065
 	  Message:finish player[4294967337] info 
LOGDEBUG
2016-11-09_17:51:04 FILE:../src/Object/Player/PlayerMessage.cpp FUNC:FinishiInit LINE:4100
 	  Message:player login in game and finish player[4294967337] info 
LOGDEBUG
2016-11-09_17:51:04 FILE:../src/QuestNew/AcceptedQuest.cpp FUNC:updateToClient LINE:270
 	  Message:Player 281479271677993 CanSubmit Task,10001 type,1 state,3 numStar,1 rewardStar,1 times,0 nowNum,0 targeNum,0
LOGDEBUG
2016-11-09_17:51:05 FILE:../src/Mail/MailMessage.cpp FUNC:On_MSG_QUICK_REQUEST_MSG_REQ_C2GM_MAILS LINE:77
 	  Message:client req gt get mails
LOGDEBUG
2016-11-09_17:51:05 FILE:../src/Horse/HorseMessage.cpp FUNC:On_MSG_REQUEST_MSG_REQ_GT2GM_HORSEINFO LINE:72
 	  Message:Player request horse info
LOGDEBUG
2016-11-09_17:52:20 FILE:../src/Object/Player/PlayerMessage.cpp FUNC:On_MSG_REQUEST_MSG_REQ_GT2GM_PLAYERINFO LINE:1092
 	  Message:Player login on and get playerinfo[1]
LOGDEBUG
2016-11-09_17:52:20 FILE:../src/Object/Player/Player.cpp FUNC:InitBaseInfo LINE:1204
 	  Message:iRet=1802 err:[src/OpenApiV3.cpp][278][ParamIsValid]openid is invalid

LOGDEBUG
2016-11-09_17:52:27 FILE:../src/Object/Player/PlayerMessage.cpp FUNC:On_MSG_ACK_MSG_REQ_GM2DB_CONTAINERINFO LINE:1678
 	  Message:gameserver request dbserver player[4294967337] container info
LOGDEBUG
2016-11-09_17:52:27 FILE:../src/Object/Player/PlayerMessage.cpp FUNC:FinishiInit LINE:4065
 	  Message:finish player[4294967337] info 
LOGDEBUG
2016-11-09_17:52:27 FILE:../src/Object/Player/PlayerMessage.cpp FUNC:FinishiInit LINE:4100
 	  Message:player login in game and finish player[4294967337] info 
LOGDEBUG
2016-11-09_17:52:27 FILE:../src/QuestNew/AcceptedQuest.cpp FUNC:updateToClient LINE:270
 	  Message:Player 281479271677993 CanSubmit Task,10001 type,1 state,3 numStar,1 rewardStar,1 times,0 nowNum,0 targeNum,0
LOGDEBUG
2016-11-09_17:52:28 FILE:../src/Mail/MailMessage.cpp FUNC:On_MSG_QUICK_REQUEST_MSG_REQ_C2GM_MAILS LINE:77
 	  Message:client req gt get mails
LOGDEBUG
2016-11-09_17:52:28 FILE:../src/Horse/HorseMessage.cpp FUNC:On_MSG_REQUEST_MSG_REQ_GT2GM_HORSEINFO LINE:72
 	  Message:Player request horse info
LOGDEBUG
2016-11-09_18:00:41 FILE:../src/Object/Player/PlayerMessage.cpp FUNC:On_MSG_REQUEST_MSG_REQ_GT2GM_PLAYERINFO LINE:1092
 	  Message:Player login on and get playerinfo[1]
LOGDEBUG
2016-11-09_18:00:41 FILE:../src/Object/Player/Player.cpp FUNC:InitBaseInfo LINE:1204
 	  Message:iRet=1802 err:[src/OpenApiV3.cpp][278][ParamIsValid]openid is invalid

LOGDEBUG
2016-11-09_18:00:41 FILE:../src/Object/Player/PlayerMessage.cpp FUNC:On_MSG_ACK_MSG_REQ_GM2DB_CONTAINERINFO LINE:1678
 	  Message:gameserver request dbserver player[4294967337] container info
LOGDEBUG
2016-11-09_18:00:41 FILE:../src/Object/Player/PlayerMessage.cpp FUNC:FinishiInit LINE:4065
 	  Message:finish player[4294967337] info 
LOGDEBUG
2016-11-09_18:00:41 FILE:../src/Object/Player/PlayerMessage.cpp FUNC:FinishiInit LINE:4100
 	  Message:player login in game and finish player[4294967337] info 
LOGDEBUG
2016-11-09_18:00:41 FILE:../src/QuestNew/AcceptedQuest.cpp FUNC:updateToClient LINE:270
 	  Message:Player 281479271677993 CanSubmit Task,10001 type,1 state,3 numStar,1 rewardStar,1 times,0 nowNum,0 targeNum,0
LOGDEBUG
2016-11-09_18:00:42 FILE:../src/Mail/MailMessage.cpp FUNC:On_MSG_QUICK_REQUEST_MSG_REQ_C2GM_MAILS LINE:77
 	  Message:client req gt get mails
LOGDEBUG
2016-11-09_18:00:42 FILE:../src/Horse/HorseMessage.cpp FUNC:On_MSG_REQUEST_MSG_REQ_GT2GM_HORSEINFO LINE:72
 	  Message:Player request horse info
LOGDEBUG
2016-11-09_18:01:04 FILE:../src/Object/Player/PlayerMessage.cpp FUNC:On_MSG_REQUEST_MSG_REQ_GT2GM_PLAYERINFO LINE:1092
 	  Message:Player login on and get playerinfo[1]
LOGDEBUG
2016-11-09_18:01:04 FILE:../src/Object/Player/Player.cpp FUNC:InitBaseInfo LINE:1204
 	  Message:iRet=1802 err:[src/OpenApiV3.cpp][278][ParamIsValid]openid is invalid

LOGDEBUG
2016-11-09_18:01:04 FILE:../src/Object/Player/PlayerMessage.cpp FUNC:On_MSG_ACK_MSG_REQ_GM2DB_CONTAINERINFO LINE:1678
 	  Message:gameserver request dbserver player[4294967337] container info
LOGDEBUG
2016-11-09_18:01:05 FILE:../src/Object/Player/PlayerMessage.cpp FUNC:FinishiInit LINE:4065
 	  Message:finish player[4294967337] info 
LOGDEBUG
2016-11-09_18:01:05 FILE:../src/Object/Player/PlayerMessage.cpp FUNC:FinishiInit LINE:4100
 	  Message:player login in game and finish player[4294967337] info 
LOGDEBUG
2016-11-09_18:01:05 FILE:../src/QuestNew/AcceptedQuest.cpp FUNC:updateToClient LINE:270
 	  Message:Player 281479271677993 CanSubmit Task,10001 type,1 state,3 numStar,1 rewardStar,1 times,0 nowNum,0 targeNum,0
LOGDEBUG
2016-11-09_18:01:05 FILE:../src/Mail/MailMessage.cpp FUNC:On_MSG_QUICK_REQUEST_MSG_REQ_C2GM_MAILS LINE:77
 	  Message:client req gt get mails
LOGDEBUG
2016-11-09_18:01:06 FILE:../src/Horse/HorseMessage.cpp FUNC:On_MSG_REQUEST_MSG_REQ_GT2GM_HORSEINFO LINE:72
 	  Message:Player request horse info
LOGDEBUG
2016-11-09_18:03:09 FILE:../src/Object/Player/PlayerMessage.cpp FUNC:On_MSG_REQUEST_MSG_REQ_GT2GM_PLAYERINFO LINE:1092
 	  Message:Player login on and get playerinfo[1]
LOGDEBUG
2016-11-09_18:03:09 FILE:../src/Object/Player/Player.cpp FUNC:InitBaseInfo LINE:1204
 	  Message:iRet=1802 err:[src/OpenApiV3.cpp][278][ParamIsValid]openid is invalid

LOGDEBUG
2016-11-09_18:03:10 FILE:../src/Object/Player/PlayerMessage.cpp FUNC:On_MSG_ACK_MSG_REQ_GM2DB_CONTAINERINFO LINE:1678
 	  Message:gameserver request dbserver player[4294967337] container info
LOGDEBUG
2016-11-09_18:03:10 FILE:../src/Object/Player/PlayerMessage.cpp FUNC:FinishiInit LINE:4065
 	  Message:finish player[4294967337] info 
LOGDEBUG
2016-11-09_18:03:10 FILE:../src/Object/Player/PlayerMessage.cpp FUNC:FinishiInit LINE:4100
 	  Message:player login in game and finish player[4294967337] info 
LOGDEBUG
2016-11-09_18:03:10 FILE:../src/QuestNew/AcceptedQuest.cpp FUNC:updateToClient LINE:270
 	  Message:Player 281479271677993 CanSubmit Task,10001 type,1 state,3 numStar,1 rewardStar,1 times,0 nowNum,0 targeNum,0
LOGDEBUG
2016-11-09_18:03:11 FILE:../src/Mail/MailMessage.cpp FUNC:On_MSG_QUICK_REQUEST_MSG_REQ_C2GM_MAILS LINE:77
 	  Message:client req gt get mails
LOGDEBUG
2016-11-09_18:03:11 FILE:../src/Horse/HorseMessage.cpp FUNC:On_MSG_REQUEST_MSG_REQ_GT2GM_HORSEINFO LINE:72
 	  Message:Player request horse info