
LOGDEBUG
2016-09-19_15:53:37 FILE:../src/ServerManager.cpp FUNC:On_MSG_ACK_MSG_SIM_GT2GM_PUSHSERVERID LINE:393
 	  Message:gateServer push server id
LOGDEBUG
2016-09-19_15:53:38 FILE:../src/ServerManager.cpp FUNC:On_MSG_ACK_MSG_SIM_DB2GM_PUSHSERVERID LINE:431
 	  Message:dbServer push server id
LOGDEBUG
2016-09-19_15:53:38 FILE:../src/ServerManager.cpp FUNC:On_MSG_ACK_MSG_REQ_GM2MS_PUSHSERVERID LINE:497
 	  Message:managerServer push server id
LOGDEBUG
2016-09-19_15:53:38 FILE:../src/ServerManager.cpp FUNC:On_MSG_ACK_MSG_REQ_GM2WS_PUSHSERVERID LINE:463
 	  Message:worldserver push server id
LOGDEBUG
2016-09-19_15:53:38 FILE:../src/Map/CreatMapTask.cpp FUNC:On_MSG_REQUEST_MSG_REQ_WS2GM_CREATESCENE LINE:303
 	  Message:gateserver request gameserver create map
LOGDEBUG
2016-09-19_15:53:38 FILE:../src/Map/CreatMapTask.cpp FUNC:On_MSG_REQUEST_MSG_REQ_WS2GM_CREATESCENE LINE:303
 	  Message:gateserver request gameserver create map
LOGDEBUG
2016-09-19_15:53:38 FILE:../src/Map/CreatMapTask.cpp FUNC:On_MSG_REQUEST_MSG_REQ_WS2GM_CREATESCENE LINE:303
 	  Message:gateserver request gameserver create map
LOGDEBUG
2016-09-19_15:53:38 FILE:../src/Map/CreatMapTask.cpp FUNC:On_MSG_REQUEST_MSG_REQ_WS2GM_CREATESCENE LINE:303
 	  Message:gateserver request gameserver create map
LOGDEBUG
2016-09-19_15:53:38 FILE:../src/Map/CreatMapTask.cpp FUNC:On_MSG_REQUEST_MSG_REQ_WS2GM_CREATESCENE LINE:303
 	  Message:gateserver request gameserver create map
LOGDEBUG
2016-09-19_15:53:38 FILE:../src/Map/CreatMapTask.cpp FUNC:On_MSG_REQUEST_MSG_REQ_WS2GM_CREATESCENE LINE:303
 	  Message:gateserver request gameserver create map
LOGDEBUG
2016-09-19_15:53:38 FILE:../src/Map/CreatMapTask.cpp FUNC:On_MSG_REQUEST_MSG_REQ_WS2GM_CREATESCENE LINE:303
 	  Message:gateserver request gameserver create map
LOGDEBUG
2016-09-19_15:53:38 FILE:../src/Map/CreatMapTask.cpp FUNC:On_MSG_REQUEST_MSG_REQ_WS2GM_CREATESCENE LINE:303
 	  Message:gateserver request gameserver create map
LOGDEBUG
2016-09-19_15:53:38 FILE:../src/Map/CreatMapTask.cpp FUNC:On_MSG_REQUEST_MSG_REQ_WS2GM_CREATESCENE LINE:303
 	  Message:gateserver request gameserver create map
LOGDEBUG
2016-09-19_15:53:38 FILE:../src/Map/CreatMapTask.cpp FUNC:On_MSG_REQUEST_MSG_REQ_WS2GM_CREATESCENE LINE:303
 	  Message:gateserver request gameserver create map
LOGDEBUG
2016-09-19_15:53:38 FILE:../src/Map/CreatMapTask.cpp FUNC:On_MSG_REQUEST_MSG_REQ_WS2GM_CREATESCENE LINE:303
 	  Message:gateserver request gameserver create map
LOGDEBUG
2016-09-19_15:53:38 FILE:../src/Map/CreatMapTask.cpp FUNC:On_MSG_REQUEST_MSG_REQ_WS2GM_CREATESCENE LINE:303
 	  Message:gateserver request gameserver create map
LOGDEBUG
2016-09-19_15:53:38 FILE:../src/Map/CreatMapTask.cpp FUNC:On_MSG_REQUEST_MSG_REQ_WS2GM_CREATESCENE LINE:303
 	  Message:gateserver request gameserver create map
LOGDEBUG
2016-09-19_15:53:38 FILE:../src/Map/CreatMapTask.cpp FUNC:On_MSG_REQUEST_MSG_REQ_WS2GM_CREATESCENE LINE:303
 	  Message:gateserver request gameserver create map
LOGDEBUG
2016-09-19_15:53:38 FILE:../src/Map/CreatMapTask.cpp FUNC:On_MSG_REQUEST_MSG_REQ_WS2GM_CREATESCENE LINE:303
 	  Message:gateserver request gameserver create map
LOGDEBUG
2016-09-19_15:53:38 FILE:../src/Map/CreatMapTask.cpp FUNC:On_MSG_REQUEST_MSG_REQ_WS2GM_CREATESCENE LINE:303
 	  Message:gateserver request gameserver create map
LOGDEBUG
2016-09-19_15:53:38 FILE:../src/Map/CreatMapTask.cpp FUNC:On_MSG_REQUEST_MSG_REQ_WS2GM_CREATESCENE LINE:303
 	  Message:gateserver request gameserver create map
LOGDEBUG
2016-09-19_15:53:38 FILE:../src/Map/CreatMapTask.cpp FUNC:On_MSG_REQUEST_MSG_REQ_WS2GM_CREATESCENE LINE:303
 	  Message:gateserver request gameserver create map
LOGDEBUG
2016-09-19_15:53:38 FILE:../src/Map/CreatMapTask.cpp FUNC:On_MSG_REQUEST_MSG_REQ_WS2GM_CREATESCENE LINE:303
 	  Message:gateserver request gameserver create map
LOGDEBUG
2016-09-19_15:53:38 FILE:../src/Map/CreatMapTask.cpp FUNC:On_MSG_REQUEST_MSG_REQ_WS2GM_CREATESCENE LINE:303
 	  Message:gateserver request gameserver create map
LOGDEBUG
2016-09-19_15:54:12 FILE:../src/Object/Player/PlayerMessage.cpp FUNC:On_MSG_REQUEST_MSG_REQ_GT2GM_PLAYERINFO LINE:1091
 	  Message:Player login on and get playerinfo[1]
LOGDEBUG
2016-09-19_15:54:12 FILE:../src/Object/Player/Player.cpp FUNC:InitBaseInfo LINE:1205
 	  Message:iRet=1802 err:[src/OpenApiV3.cpp][278][ParamIsValid]openid is invalid

LOGDEBUG
2016-09-19_15:54:12 FILE:../src/Object/Player/PlayerMessage.cpp FUNC:On_MSG_ACK_MSG_REQ_GM2DB_CONTAINERINFO LINE:1671
 	  Message:gameserver request dbserver player[12884901891] container info
LOGDEBUG
2016-09-19_15:54:12 FILE:../src/Object/Player/PlayerMessage.cpp FUNC:FinishiInit LINE:4050
 	  Message:finish player[12884901891] info 
LOGDEBUG
2016-09-19_15:54:12 FILE:../src/Object/Player/PlayerMessage.cpp FUNC:FinishiInit LINE:4085
 	  Message:player login in game and finish player[12884901891] info 
LOGDEBUG
2016-09-19_15:54:13 FILE:../src/Mail/MailMessage.cpp FUNC:On_MSG_QUICK_REQUEST_MSG_REQ_C2GM_MAILS LINE:80
 	  Message:client req gt get mails
LOGDEBUG
2016-09-19_15:54:14 FILE:../src/Horse/HorseMessage.cpp FUNC:On_MSG_REQUEST_MSG_REQ_GT2GM_HORSEINFO LINE:72
 	  Message:Player request horse info
LOGDEBUG
2016-09-19_15:57:57 FILE:../src/Object/Player/PlayerMessage.cpp FUNC:On_MSG_REQUEST_MSG_REQ_GT2GM_PLAYERINFO LINE:1091
 	  Message:Player login on and get playerinfo[1]
LOGDEBUG
2016-09-19_15:57:57 FILE:../src/Object/Player/Player.cpp FUNC:InitBaseInfo LINE:1205
 	  Message:iRet=1802 err:[src/OpenApiV3.cpp][278][ParamIsValid]openid is invalid

LOGDEBUG
2016-09-19_15:57:57 FILE:../src/Object/Player/PlayerMessage.cpp FUNC:On_MSG_ACK_MSG_REQ_GM2DB_CONTAINERINFO LINE:1671
 	  Message:gameserver request dbserver player[12884901891] container info
LOGDEBUG
2016-09-19_15:57:57 FILE:../src/Object/Player/PlayerMessage.cpp FUNC:FinishiInit LINE:4050
 	  Message:finish player[12884901891] info 
LOGDEBUG
2016-09-19_15:57:57 FILE:../src/Object/Player/PlayerMessage.cpp FUNC:FinishiInit LINE:4085
 	  Message:player login in game and finish player[12884901891] info 
LOGDEBUG
2016-09-19_15:57:59 FILE:../src/Horse/HorseMessage.cpp FUNC:On_MSG_REQUEST_MSG_REQ_GT2GM_HORSEINFO LINE:72
 	  Message:Player request horse info
LOGDEBUG
2016-09-19_15:58:01 FILE:../src/Object/Player/PlayerMessage.cpp FUNC:On_MSG_REQUEST_MSG_REQ_GT2GM_CHARATTR LINE:1122
 	  Message:Player request battle attribute
LOGDEBUG
2016-09-19_15:58:14 FILE:../src/EquipSmith/EquipSmithEx/EquipSmithExMgr.cpp FUNC:On_MSG_REQUEST_MSG_REQ_GT2GM_STRENGTHEQUIP LINE:532
 	  Message:Player start to strength equip
LOGDEBUG
2016-09-19_15:58:42 FILE:../src/Object/Player/PlayerMessage.cpp FUNC:On_MSG_REQUEST_MSG_REQ_GT2GM_PLAYERINFO LINE:1091
 	  Message:Player login on and get playerinfo[1]
LOGDEBUG
2016-09-19_15:58:42 FILE:../src/Object/Player/Player.cpp FUNC:InitBaseInfo LINE:1205
 	  Message:iRet=1802 err:[src/OpenApiV3.cpp][278][ParamIsValid]openid is invalid

LOGDEBUG
2016-09-19_15:58:42 FILE:../src/Object/Player/PlayerMessage.cpp FUNC:On_MSG_ACK_MSG_REQ_GM2DB_CONTAINERINFO LINE:1671
 	  Message:gameserver request dbserver player[12884901891] container info
LOGDEBUG
2016-09-19_15:58:42 FILE:../src/Object/Player/PlayerMessage.cpp FUNC:FinishiInit LINE:4050
 	  Message:finish player[12884901891] info 
LOGDEBUG
2016-09-19_15:58:42 FILE:../src/Object/Player/PlayerMessage.cpp FUNC:FinishiInit LINE:4085
 	  Message:player login in game and finish player[12884901891] info 
LOGDEBUG
2016-09-19_15:58:44 FILE:../src/Horse/HorseMessage.cpp FUNC:On_MSG_REQUEST_MSG_REQ_GT2GM_HORSEINFO LINE:72
 	  Message:Player request horse info
LOGDEBUG
2016-09-19_16:00:03 FILE:../src/Map/CreatMapTask.cpp FUNC:On_MSG_REQUEST_MSG_REQ_WS2GM_CREATESCENE LINE:303
 	  Message:gateserver request gameserver create map
LOGDEBUG
2016-09-19_16:02:53 FILE:../src/Object/Player/PlayerMessage.cpp FUNC:On_MSG_REQUEST_MSG_REQ_GT2GM_CHARATTR LINE:1122
 	  Message:Player request battle attribute
LOGDEBUG
2016-09-19_16:04:03 FILE:../src/Object/Player/PlayerMessage.cpp FUNC:On_MSG_REQUEST_MSG_REQ_GT2GM_PLAYERINFO LINE:1091
 	  Message:Player login on and get playerinfo[1]
LOGDEBUG
2016-09-19_16:04:04 FILE:../src/Object/Player/Player.cpp FUNC:InitBaseInfo LINE:1205
 	  Message:iRet=1802 err:[src/OpenApiV3.cpp][278][ParamIsValid]openid is invalid

LOGDEBUG
2016-09-19_16:04:04 FILE:../src/Object/Player/PlayerMessage.cpp FUNC:On_MSG_ACK_MSG_REQ_GM2DB_CONTAINERINFO LINE:1671
 	  Message:gameserver request dbserver player[12884901891] container info
LOGDEBUG
2016-09-19_16:04:04 FILE:../src/Object/Player/PlayerMessage.cpp FUNC:FinishiInit LINE:4050
 	  Message:finish player[12884901891] info 
LOGDEBUG
2016-09-19_16:04:04 FILE:../src/Object/Player/PlayerMessage.cpp FUNC:FinishiInit LINE:4085
 	  Message:player login in game and finish player[12884901891] info 
LOGDEBUG
2016-09-19_16:05:59 FILE:../src/Object/Player/PlayerMessage.cpp FUNC:On_MSG_REQUEST_MSG_REQ_GT2GM_PLAYERINFO LINE:1091
 	  Message:Player login on and get playerinfo[1]
LOGDEBUG
2016-09-19_16:05:59 FILE:../src/Object/Player/Player.cpp FUNC:InitBaseInfo LINE:1205
 	  Message:iRet=1802 err:[src/OpenApiV3.cpp][278][ParamIsValid]openid is invalid

LOGDEBUG
2016-09-19_16:05:59 FILE:../src/Object/Player/PlayerMessage.cpp FUNC:On_MSG_ACK_MSG_REQ_GM2DB_CONTAINERINFO LINE:1671
 	  Message:gameserver request dbserver player[12884901891] container info
LOGDEBUG
2016-09-19_16:05:59 FILE:../src/Object/Player/PlayerMessage.cpp FUNC:FinishiInit LINE:4050
 	  Message:finish player[12884901891] info 
LOGDEBUG
2016-09-19_16:05:59 FILE:../src/Object/Player/PlayerMessage.cpp FUNC:FinishiInit LINE:4085
 	  Message:player login in game and finish player[12884901891] info 
LOGDEBUG
2016-09-19_16:07:47 FILE:../src/Object/Player/PlayerMessage.cpp FUNC:On_MSG_REQUEST_MSG_REQ_GT2GM_PLAYERINFO LINE:1091
 	  Message:Player login on and get playerinfo[1]
LOGDEBUG
2016-09-19_16:07:48 FILE:../src/Object/Player/Player.cpp FUNC:InitBaseInfo LINE:1205
 	  Message:iRet=1802 err:[src/OpenApiV3.cpp][278][ParamIsValid]openid is invalid

LOGDEBUG
2016-09-19_16:07:48 FILE:../src/Object/Player/PlayerMessage.cpp FUNC:On_MSG_ACK_MSG_REQ_GM2DB_CONTAINERINFO LINE:1671
 	  Message:gameserver request dbserver player[12884901891] container info
LOGDEBUG
2016-09-19_16:07:48 FILE:../src/Object/Player/PlayerMessage.cpp FUNC:FinishiInit LINE:4050
 	  Message:finish player[12884901891] info 
LOGDEBUG
2016-09-19_16:07:48 FILE:../src/Object/Player/PlayerMessage.cpp FUNC:FinishiInit LINE:4085
 	  Message:player login in game and finish player[12884901891] info 
LOGDEBUG
2016-09-19_16:07:56 FILE:../src/Horse/HorseMessage.cpp FUNC:On_MSG_REQUEST_MSG_REQ_GT2GM_HORSEINFO LINE:72
 	  Message:Player request horse info
LOGDEBUG
2016-09-19_16:07:58 FILE:../src/Object/Player/PlayerMessage.cpp FUNC:On_MSG_REQUEST_MSG_REQ_GT2GM_CHARATTR LINE:1122
 	  Message:Player request battle attribute
LOGDEBUG
2016-09-19_16:09:11 FILE:../src/Object/Player/PlayerMessage.cpp FUNC:On_MSG_REQUEST_MSG_REQ_GT2GM_PLAYERINFO LINE:1091
 	  Message:Player login on and get playerinfo[1]
LOGDEBUG
2016-09-19_16:09:12 FILE:../src/Object/Player/Player.cpp FUNC:InitBaseInfo LINE:1205
 	  Message:iRet=1802 err:[src/OpenApiV3.cpp][278][ParamIsValid]openid is invalid

LOGDEBUG
2016-09-19_16:09:12 FILE:../src/Object/Player/PlayerMessage.cpp FUNC:On_MSG_ACK_MSG_REQ_GM2DB_CONTAINERINFO LINE:1671
 	  Message:gameserver request dbserver player[12884901891] container info
LOGDEBUG
2016-09-19_16:09:12 FILE:../src/Object/Player/PlayerMessage.cpp FUNC:FinishiInit LINE:4050
 	  Message:finish player[12884901891] info 
LOGDEBUG
2016-09-19_16:09:12 FILE:../src/Object/Player/PlayerMessage.cpp FUNC:FinishiInit LINE:4085
 	  Message:player login in game and finish player[12884901891] info 
LOGDEBUG
2016-09-19_16:09:14 FILE:../src/Horse/HorseMessage.cpp FUNC:On_MSG_REQUEST_MSG_REQ_GT2GM_HORSEINFO LINE:72
 	  Message:Player request horse info
LOGDEBUG
2016-09-19_16:09:16 FILE:../src/Object/Player/PlayerMessage.cpp FUNC:On_MSG_REQUEST_MSG_REQ_GT2GM_CHARATTR LINE:1122
 	  Message:Player request battle attribute
LOGDEBUG
2016-09-19_16:09:40 FILE:../src/EquipSmith/EquipSmithEx/EquipSmithExMgr.cpp FUNC:On_MSG_REQUEST_MSG_REQ_GT2GM_STRENGTHEQUIP LINE:532
 	  Message:Player start to strength equip
LOGDEBUG
2016-09-19_16:09:47 FILE:../src/Object/Player/PlayerMessage.cpp FUNC:On_MSG_REQUEST_MSG_REQ_GT2GM_PLAYERINFO LINE:1091
 	  Message:Player login on and get playerinfo[1]
LOGDEBUG
2016-09-19_16:09:48 FILE:../src/Object/Player/Player.cpp FUNC:InitBaseInfo LINE:1205
 	  Message:iRet=1802 err:[src/OpenApiV3.cpp][278][ParamIsValid]openid is invalid

LOGDEBUG
2016-09-19_16:09:48 FILE:../src/Object/Player/PlayerMessage.cpp FUNC:On_MSG_ACK_MSG_REQ_GM2DB_CONTAINERINFO LINE:1671
 	  Message:gameserver request dbserver player[12884901891] container info
LOGDEBUG
2016-09-19_16:09:48 FILE:../src/Object/Player/PlayerMessage.cpp FUNC:FinishiInit LINE:4050
 	  Message:finish player[12884901891] info 
LOGDEBUG
2016-09-19_16:09:48 FILE:../src/Object/Player/PlayerMessage.cpp FUNC:FinishiInit LINE:4085
 	  Message:player login in game and finish player[12884901891] info 
LOGDEBUG
2016-09-19_16:09:49 FILE:../src/Horse/HorseMessage.cpp FUNC:On_MSG_REQUEST_MSG_REQ_GT2GM_HORSEINFO LINE:72
 	  Message:Player request horse info
LOGDEBUG
2016-09-19_16:09:51 FILE:../src/Object/Player/PlayerMessage.cpp FUNC:On_MSG_REQUEST_MSG_REQ_GT2GM_CHARATTR LINE:1122
 	  Message:Player request battle attribute
LOGDEBUG
2016-09-19_16:11:40 FILE:../src/EquipSmith/EquipSmithEx/EquipSmithExMgr.cpp FUNC:On_MSG_REQUEST_MSG_REQ_GT2GM_STRENGTHEQUIP LINE:532
 	  Message:Player start to strength equip
LOGDEBUG
2016-09-19_16:11:41 FILE:../src/EquipSmith/EquipSmithEx/EquipSmithExMgr.cpp FUNC:On_MSG_REQUEST_MSG_REQ_GT2GM_STRENGTHEQUIP LINE:532
 	  Message:Player start to strength equip
LOGDEBUG
2016-09-19_16:11:41 FILE:../src/EquipSmith/EquipSmithEx/EquipSmithExMgr.cpp FUNC:On_MSG_REQUEST_MSG_REQ_GT2GM_STRENGTHEQUIP LINE:532
 	  Message:Player start to strength equip
LOGDEBUG
2016-09-19_16:11:42 FILE:../src/EquipSmith/EquipSmithEx/EquipSmithExMgr.cpp FUNC:On_MSG_REQUEST_MSG_REQ_GT2GM_STRENGTHEQUIP LINE:532
 	  Message:Player start to strength equip
LOGDEBUG
2016-09-19_16:11:42 FILE:../src/EquipSmith/EquipSmithEx/EquipSmithExMgr.cpp FUNC:On_MSG_REQUEST_MSG_REQ_GT2GM_STRENGTHEQUIP LINE:532
 	  Message:Player start to strength equip
LOGDEBUG
2016-09-19_16:12:03 FILE:../src/Object/Player/PlayerMessage.cpp FUNC:On_MSG_REQUEST_MSG_REQ_GT2GM_CHARATTR LINE:1122
 	  Message:Player request battle attribute
LOGDEBUG
2016-09-19_16:16:18 FILE:../src/Object/Player/PlayerMessage.cpp FUNC:On_MSG_REQUEST_MSG_REQ_GT2GM_PLAYERINFO LINE:1091
 	  Message:Player login on and get playerinfo[1]
LOGDEBUG
2016-09-19_16:16:18 FILE:../src/Object/Player/Player.cpp FUNC:InitBaseInfo LINE:1205
 	  Message:iRet=1802 err:[src/OpenApiV3.cpp][278][ParamIsValid]openid is invalid

LOGDEBUG
2016-09-19_16:16:18 FILE:../src/Object/Player/PlayerMessage.cpp FUNC:On_MSG_ACK_MSG_REQ_GM2DB_CONTAINERINFO LINE:1671
 	  Message:gameserver request dbserver player[12884901891] container info
LOGDEBUG
2016-09-19_16:16:18 FILE:../src/Object/Player/PlayerMessage.cpp FUNC:FinishiInit LINE:4050
 	  Message:finish player[12884901891] info 
LOGDEBUG
2016-09-19_16:16:18 FILE:../src/Object/Player/PlayerMessage.cpp FUNC:FinishiInit LINE:4085
 	  Message:player login in game and finish player[12884901891] info 
LOGDEBUG
2016-09-19_16:16:31 FILE:../src/Object/Player/PlayerMessage.cpp FUNC:On_MSG_REQUEST_MSG_REQ_GT2GM_PLAYERINFO LINE:1091
 	  Message:Player login on and get playerinfo[1]
LOGDEBUG
2016-09-19_16:16:31 FILE:../src/Object/Player/Player.cpp FUNC:InitBaseInfo LINE:1205
 	  Message:iRet=1802 err:[src/OpenApiV3.cpp][278][ParamIsValid]openid is invalid

LOGDEBUG
2016-09-19_16:16:31 FILE:../src/Object/Player/PlayerMessage.cpp FUNC:On_MSG_ACK_MSG_REQ_GM2DB_CONTAINERINFO LINE:1671
 	  Message:gameserver request dbserver player[12884901891] container info
LOGDEBUG
2016-09-19_16:16:31 FILE:../src/Object/Player/PlayerMessage.cpp FUNC:FinishiInit LINE:4050
 	  Message:finish player[12884901891] info 
LOGDEBUG
2016-09-19_16:16:31 FILE:../src/Object/Player/PlayerMessage.cpp FUNC:FinishiInit LINE:4085
 	  Message:player login in game and finish player[12884901891] info 
LOGDEBUG
2016-09-19_16:16:33 FILE:../src/Horse/HorseMessage.cpp FUNC:On_MSG_REQUEST_MSG_REQ_GT2GM_HORSEINFO LINE:72
 	  Message:Player request horse info
LOGDEBUG
2016-09-19_16:16:34 FILE:../src/Object/Player/PlayerMessage.cpp FUNC:On_MSG_REQUEST_MSG_REQ_GT2GM_CHARATTR LINE:1122
 	  Message:Player request battle attribute
LOGDEBUG
2016-09-19_16:16:49 FILE:../src/EquipSmith/EquipSmithEx/EquipSmithExMgr.cpp FUNC:On_MSG_REQUEST_MSG_REQ_GT2GM_STRENGTHEQUIP LINE:532
 	  Message:Player start to strength equip
LOGDEBUG
2016-09-19_16:16:51 FILE:../src/EquipSmith/EquipSmithEx/EquipSmithExMgr.cpp FUNC:On_MSG_REQUEST_MSG_REQ_GT2GM_STRENGTHEQUIP LINE:532
 	  Message:Player start to strength equip
LOGDEBUG
2016-09-19_16:16:52 FILE:../src/EquipSmith/EquipSmithEx/EquipSmithExMgr.cpp FUNC:On_MSG_REQUEST_MSG_REQ_GT2GM_STRENGTHEQUIP LINE:532
 	  Message:Player start to strength equip
LOGDEBUG
2016-09-19_16:16:52 FILE:../src/Chat/ChatMgr.cpp FUNC:Marquee LINE:326
 	  Message:gameserver marquee type:1 name:党华采 target:21020012 param:12 !
LOGDEBUG
2016-09-19_16:16:52 FILE:../src/EquipSmith/EquipSmithEx/EquipSmithExMgr.cpp FUNC:On_MSG_REQUEST_MSG_REQ_GT2GM_STRENGTHEQUIP LINE:532
 	  Message:Player start to strength equip
LOGDEBUG
2016-09-19_16:16:53 FILE:../src/EquipSmith/EquipSmithEx/EquipSmithExMgr.cpp FUNC:On_MSG_REQUEST_MSG_REQ_GT2GM_STRENGTHEQUIP LINE:532
 	  Message:Player start to strength equip
LOGDEBUG
2016-09-19_16:16:53 FILE:../src/EquipSmith/EquipSmithEx/EquipSmithExMgr.cpp FUNC:On_MSG_REQUEST_MSG_REQ_GT2GM_STRENGTHEQUIP LINE:532
 	  Message:Player start to strength equip
LOGDEBUG
2016-09-19_16:16:53 FILE:../src/EquipSmith/EquipSmithEx/EquipSmithExMgr.cpp FUNC:On_MSG_REQUEST_MSG_REQ_GT2GM_STRENGTHEQUIP LINE:532
 	  Message:Player start to strength equip
LOGDEBUG
2016-09-19_16:16:53 FILE:../src/EquipSmith/EquipSmithEx/EquipSmithExMgr.cpp FUNC:On_MSG_REQUEST_MSG_REQ_GT2GM_STRENGTHEQUIP LINE:532
 	  Message:Player start to strength equip
LOGDEBUG
2016-09-19_16:16:53 FILE:../src/EquipSmith/EquipSmithEx/EquipSmithExMgr.cpp FUNC:On_MSG_REQUEST_MSG_REQ_GT2GM_STRENGTHEQUIP LINE:532
 	  Message:Player start to strength equip
LOGDEBUG
2016-09-19_16:16:54 FILE:../src/EquipSmith/EquipSmithEx/EquipSmithExMgr.cpp FUNC:On_MSG_REQUEST_MSG_REQ_GT2GM_STRENGTHEQUIP LINE:532
 	  Message:Player start to strength equip
LOGDEBUG
2016-09-19_16:16:55 FILE:../src/EquipSmith/EquipSmithEx/EquipSmithExMgr.cpp FUNC:On_MSG_REQUEST_MSG_REQ_GT2GM_STRENGTHEQUIP LINE:532
 	  Message:Player start to strength equip
LOGDEBUG
2016-09-19_16:16:56 FILE:../src/EquipSmith/EquipSmithEx/EquipSmithExMgr.cpp FUNC:On_MSG_REQUEST_MSG_REQ_GT2GM_STRENGTHEQUIP LINE:532
 	  Message:Player start to strength equip
LOGDEBUG
2016-09-19_16:16:59 FILE:../src/EquipSmith/EquipSmithEx/EquipSmithExMgr.cpp FUNC:On_MSG_REQUEST_MSG_REQ_GT2GM_STRENGTHEQUIP LINE:532
 	  Message:Player start to strength equip
LOGDEBUG
2016-09-19_16:17:07 FILE:../src/EquipSmith/EquipSmithEx/EquipSmithExMgr.cpp FUNC:On_MSG_REQUEST_MSG_REQ_GT2GM_STRENGTHEQUIP LINE:532
 	  Message:Player start to strength equip
LOGDEBUG
2016-09-19_16:17:08 FILE:../src/EquipSmith/EquipSmithEx/EquipSmithExMgr.cpp FUNC:On_MSG_REQUEST_MSG_REQ_GT2GM_STRENGTHEQUIP LINE:532
 	  Message:Player start to strength equip
LOGDEBUG
2016-09-19_16:17:11 FILE:../src/EquipSmith/EquipSmithEx/EquipSmithExMgr.cpp FUNC:On_MSG_REQUEST_MSG_REQ_GT2GM_STRENGTHEQUIP LINE:532
 	  Message:Player start to strength equip
LOGDEBUG
2016-09-19_16:17:11 FILE:../src/EquipSmith/EquipSmithEx/EquipSmithExMgr.cpp FUNC:On_MSG_REQUEST_MSG_REQ_GT2GM_STRENGTHEQUIP LINE:532
 	  Message:Player start to strength equip
LOGDEBUG
2016-09-19_16:17:11 FILE:../src/EquipSmith/EquipSmithEx/EquipSmithExMgr.cpp FUNC:On_MSG_REQUEST_MSG_REQ_GT2GM_STRENGTHEQUIP LINE:532
 	  Message:Player start to strength equip
LOGDEBUG
2016-09-19_16:17:12 FILE:../src/EquipSmith/EquipSmithEx/EquipSmithExMgr.cpp FUNC:On_MSG_REQUEST_MSG_REQ_GT2GM_STRENGTHEQUIP LINE:532
 	  Message:Player start to strength equip
LOGDEBUG
2016-09-19_16:17:12 FILE:../src/EquipSmith/EquipSmithEx/EquipSmithExMgr.cpp FUNC:On_MSG_REQUEST_MSG_REQ_GT2GM_STRENGTHEQUIP LINE:532
 	  Message:Player start to strength equip
LOGDEBUG
2016-09-19_16:17:12 FILE:../src/EquipSmith/EquipSmithEx/EquipSmithExMgr.cpp FUNC:On_MSG_REQUEST_MSG_REQ_GT2GM_STRENGTHEQUIP LINE:532
 	  Message:Player start to strength equip
LOGDEBUG
2016-09-19_16:17:12 FILE:../src/EquipSmith/EquipSmithEx/EquipSmithExMgr.cpp FUNC:On_MSG_REQUEST_MSG_REQ_GT2GM_STRENGTHEQUIP LINE:532
 	  Message:Player start to strength equip
LOGDEBUG
2016-09-19_16:17:12 FILE:../src/EquipSmith/EquipSmithEx/EquipSmithExMgr.cpp FUNC:On_MSG_REQUEST_MSG_REQ_GT2GM_STRENGTHEQUIP LINE:532
 	  Message:Player start to strength equip
LOGDEBUG
2016-09-19_16:17:13 FILE:../src/EquipSmith/EquipSmithEx/EquipSmithExMgr.cpp FUNC:On_MSG_REQUEST_MSG_REQ_GT2GM_STRENGTHEQUIP LINE:532
 	  Message:Player start to strength equip
LOGDEBUG
2016-09-19_16:17:13 FILE:../src/EquipSmith/EquipSmithEx/EquipSmithExMgr.cpp FUNC:On_MSG_REQUEST_MSG_REQ_GT2GM_STRENGTHEQUIP LINE:532
 	  Message:Player start to strength equip
LOGDEBUG
2016-09-19_16:17:13 FILE:../src/EquipSmith/EquipSmithEx/EquipSmithExMgr.cpp FUNC:On_MSG_REQUEST_MSG_REQ_GT2GM_STRENGTHEQUIP LINE:532
 	  Message:Player start to strength equip
LOGDEBUG
2016-09-19_16:17:13 FILE:../src/EquipSmith/EquipSmithEx/EquipSmithExMgr.cpp FUNC:On_MSG_REQUEST_MSG_REQ_GT2GM_STRENGTHEQUIP LINE:532
 	  Message:Player start to strength equip
LOGDEBUG
2016-09-19_16:17:13 FILE:../src/EquipSmith/EquipSmithEx/EquipSmithExMgr.cpp FUNC:On_MSG_REQUEST_MSG_REQ_GT2GM_STRENGTHEQUIP LINE:532
 	  Message:Player start to strength equip
LOGDEBUG
2016-09-19_16:17:14 FILE:../src/EquipSmith/EquipSmithEx/EquipSmithExMgr.cpp FUNC:On_MSG_REQUEST_MSG_REQ_GT2GM_STRENGTHEQUIP LINE:532
 	  Message:Player start to strength equip
LOGDEBUG
2016-09-19_16:17:44 FILE:../src/EquipSmith/EquipSmithEx/EquipSmithExMgr.cpp FUNC:On_MSG_REQUEST_MSG_REQ_GT2GM_STRENGTHEQUIP LINE:532
 	  Message:Player start to strength equip
LOGDEBUG
2016-09-19_16:17:57 FILE:../src/Object/Player/PlayerMessage.cpp FUNC:On_MSG_REQUEST_MSG_REQ_GT2GM_PLAYERINFO LINE:1091
 	  Message:Player login on and get playerinfo[1]
LOGDEBUG
2016-09-19_16:17:57 FILE:../src/Object/Player/Player.cpp FUNC:InitBaseInfo LINE:1205
 	  Message:iRet=1802 err:[src/OpenApiV3.cpp][278][ParamIsValid]openid is invalid

LOGDEBUG
2016-09-19_16:17:57 FILE:../src/Object/Player/PlayerMessage.cpp FUNC:On_MSG_ACK_MSG_REQ_GM2DB_CONTAINERINFO LINE:1671
 	  Message:gameserver request dbserver player[12884901891] container info
LOGDEBUG
2016-09-19_16:17:58 FILE:../src/Object/Player/PlayerMessage.cpp FUNC:FinishiInit LINE:4050
 	  Message:finish player[12884901891] info 
LOGDEBUG
2016-09-19_16:17:58 FILE:../src/Object/Player/PlayerMessage.cpp FUNC:FinishiInit LINE:4085
 	  Message:player login in game and finish player[12884901891] info 
LOGDEBUG
2016-09-19_16:17:59 FILE:../src/Mail/MailMessage.cpp FUNC:On_MSG_QUICK_REQUEST_MSG_REQ_C2GM_MAILS LINE:80
 	  Message:client req gt get mails
LOGDEBUG
2016-09-19_16:17:59 FILE:../src/Horse/HorseMessage.cpp FUNC:On_MSG_REQUEST_MSG_REQ_GT2GM_HORSEINFO LINE:72
 	  Message:Player request horse info
LOGDEBUG
2016-09-19_16:18:07 FILE:../src/EquipSmith/EquipSmithEx/EquipSmithExMgr.cpp FUNC:On_MSG_REQUEST_MSG_REQ_GT2GM_STRENGTHEQUIP LINE:532
 	  Message:Player start to strength equip
LOGDEBUG
2016-09-19_16:18:07 FILE:../src/EquipSmith/EquipSmithEx/EquipSmithExMgr.cpp FUNC:On_MSG_REQUEST_MSG_REQ_GT2GM_STRENGTHEQUIP LINE:532
 	  Message:Player start to strength equip
LOGDEBUG
2016-09-19_16:18:07 FILE:../src/EquipSmith/EquipSmithEx/EquipSmithExMgr.cpp FUNC:On_MSG_REQUEST_MSG_REQ_GT2GM_STRENGTHEQUIP LINE:532
 	  Message:Player start to strength equip
LOGDEBUG
2016-09-19_16:18:07 FILE:../src/EquipSmith/EquipSmithEx/EquipSmithExMgr.cpp FUNC:On_MSG_REQUEST_MSG_REQ_GT2GM_STRENGTHEQUIP LINE:532
 	  Message:Player start to strength equip
LOGDEBUG
2016-09-19_16:19:01 FILE:../src/Object/Player/PlayerMessage.cpp FUNC:On_MSG_REQUEST_MSG_REQ_GT2GM_PLAYERINFO LINE:1091
 	  Message:Player login on and get playerinfo[1]
LOGDEBUG
2016-09-19_16:19:01 FILE:../src/Object/Player/Player.cpp FUNC:InitBaseInfo LINE:1205
 	  Message:iRet=1802 err:[src/OpenApiV3.cpp][278][ParamIsValid]openid is invalid

LOGDEBUG
2016-09-19_16:19:01 FILE:../src/Object/Player/PlayerMessage.cpp FUNC:On_MSG_ACK_MSG_REQ_GM2DB_CONTAINERINFO LINE:1671
 	  Message:gameserver request dbserver player[12884901891] container info
LOGDEBUG
2016-09-19_16:19:01 FILE:../src/Object/Player/PlayerMessage.cpp FUNC:FinishiInit LINE:4050
 	  Message:finish player[12884901891] info 
LOGDEBUG
2016-09-19_16:19:01 FILE:../src/Object/Player/PlayerMessage.cpp FUNC:FinishiInit LINE:4085
 	  Message:player login in game and finish player[12884901891] info 
LOGDEBUG
2016-09-19_16:19:03 FILE:../src/Horse/HorseMessage.cpp FUNC:On_MSG_REQUEST_MSG_REQ_GT2GM_HORSEINFO LINE:72
 	  Message:Player request horse info
LOGDEBUG
2016-09-19_16:19:04 FILE:../src/Object/Player/PlayerMessage.cpp FUNC:On_MSG_REQUEST_MSG_REQ_GT2GM_CHARATTR LINE:1122
 	  Message:Player request battle attribute
LOGDEBUG
2016-09-19_16:19:22 FILE:../src/EquipSmith/EquipSmithEx/EquipSmithExMgr.cpp FUNC:On_MSG_REQUEST_MSG_REQ_GT2GM_STRENGTHEQUIP LINE:532
 	  Message:Player start to strength equip
LOGDEBUG
2016-09-19_16:19:32 FILE:../src/EquipSmith/EquipSmithEx/EquipSmithExMgr.cpp FUNC:On_MSG_REQUEST_MSG_REQ_GT2GM_STRENGTHEQUIP LINE:532
 	  Message:Player start to strength equip
LOGDEBUG
2016-09-19_16:21:53 FILE:../src/Object/Player/PlayerMessage.cpp FUNC:On_MSG_REQUEST_MSG_REQ_GT2GM_PLAYERINFO LINE:1091
 	  Message:Player login on and get playerinfo[1]
LOGDEBUG
2016-09-19_16:21:53 FILE:../src/Object/Player/Player.cpp FUNC:InitBaseInfo LINE:1205
 	  Message:iRet=1802 err:[src/OpenApiV3.cpp][278][ParamIsValid]openid is invalid

LOGDEBUG
2016-09-19_16:21:53 FILE:../src/Object/Player/PlayerMessage.cpp FUNC:On_MSG_ACK_MSG_REQ_GM2DB_CONTAINERINFO LINE:1671
 	  Message:gameserver request dbserver player[12884901891] container info
LOGDEBUG
2016-09-19_16:21:53 FILE:../src/Object/Player/PlayerMessage.cpp FUNC:FinishiInit LINE:4050
 	  Message:finish player[12884901891] info 
LOGDEBUG
2016-09-19_16:21:53 FILE:../src/Object/Player/PlayerMessage.cpp FUNC:FinishiInit LINE:4085
 	  Message:player login in game and finish player[12884901891] info 
LOGDEBUG
2016-09-19_16:21:55 FILE:../src/Horse/HorseMessage.cpp FUNC:On_MSG_REQUEST_MSG_REQ_GT2GM_HORSEINFO LINE:72
 	  Message:Player request horse info
LOGDEBUG
2016-09-19_16:23:17 FILE:../src/Object/Player/PlayerMessage.cpp FUNC:On_MSG_REQUEST_MSG_REQ_GT2GM_CHARATTR LINE:1122
 	  Message:Player request battle attribute
LOGDEBUG
2016-09-19_16:26:28 FILE:../src/Object/Player/PlayerMessage.cpp FUNC:On_MSG_REQUEST_MSG_REQ_GT2GM_PLAYERINFO LINE:1091
 	  Message:Player login on and get playerinfo[1]
LOGDEBUG
2016-09-19_16:26:29 FILE:../src/Object/Player/Player.cpp FUNC:InitBaseInfo LINE:1205
 	  Message:iRet=1802 err:[src/OpenApiV3.cpp][278][ParamIsValid]openid is invalid

LOGDEBUG
2016-09-19_16:26:29 FILE:../src/Object/Player/PlayerMessage.cpp FUNC:On_MSG_ACK_MSG_REQ_GM2DB_CONTAINERINFO LINE:1671
 	  Message:gameserver request dbserver player[12884901891] container info
LOGDEBUG
2016-09-19_16:26:29 FILE:../src/Object/Player/PlayerMessage.cpp FUNC:FinishiInit LINE:4050
 	  Message:finish player[12884901891] info 
LOGDEBUG
2016-09-19_16:26:29 FILE:../src/Object/Player/PlayerMessage.cpp FUNC:FinishiInit LINE:4085
 	  Message:player login in game and finish player[12884901891] info 
LOGDEBUG
2016-09-19_16:26:31 FILE:../src/Horse/HorseMessage.cpp FUNC:On_MSG_REQUEST_MSG_REQ_GT2GM_HORSEINFO LINE:72
 	  Message:Player request horse info
LOGDEBUG
2016-09-19_16:26:39 FILE:../src/Object/Player/PlayerMessage.cpp FUNC:On_MSG_REQUEST_MSG_REQ_GT2GM_CHARATTR LINE:1122
 	  Message:Player request battle attribute
LOGDEBUG
2016-09-19_16:27:34 FILE:../src/Object/Player/PlayerMessage.cpp FUNC:On_MSG_REQUEST_MSG_REQ_GT2GM_PLAYERINFO LINE:1091
 	  Message:Player login on and get playerinfo[1]
LOGDEBUG
2016-09-19_16:27:34 FILE:../src/Object/Player/Player.cpp FUNC:InitBaseInfo LINE:1205
 	  Message:iRet=1802 err:[src/OpenApiV3.cpp][278][ParamIsValid]openid is invalid

LOGDEBUG
2016-09-19_16:27:34 FILE:../src/Object/Player/PlayerMessage.cpp FUNC:On_MSG_ACK_MSG_REQ_GM2DB_CONTAINERINFO LINE:1671
 	  Message:gameserver request dbserver player[12884901891] container info
LOGDEBUG
2016-09-19_16:27:34 FILE:../src/Object/Player/PlayerMessage.cpp FUNC:FinishiInit LINE:4050
 	  Message:finish player[12884901891] info 
LOGDEBUG
2016-09-19_16:27:34 FILE:../src/Object/Player/PlayerMessage.cpp FUNC:FinishiInit LINE:4085
 	  Message:player login in game and finish player[12884901891] info 
LOGDEBUG
2016-09-19_16:27:36 FILE:../src/Horse/HorseMessage.cpp FUNC:On_MSG_REQUEST_MSG_REQ_GT2GM_HORSEINFO LINE:72
 	  Message:Player request horse info
LOGDEBUG
2016-09-19_16:27:38 FILE:../src/Object/Player/PlayerMessage.cpp FUNC:On_MSG_REQUEST_MSG_REQ_GT2GM_CHARATTR LINE:1122
 	  Message:Player request battle attribute
LOGDEBUG
2016-09-19_16:28:35 FILE:../src/Object/Player/PlayerMessage.cpp FUNC:On_MSG_REQUEST_MSG_REQ_GT2GM_PLAYERINFO LINE:1091
 	  Message:Player login on and get playerinfo[1]
LOGDEBUG
2016-09-19_16:28:35 FILE:../src/Object/Player/Player.cpp FUNC:InitBaseInfo LINE:1205
 	  Message:iRet=1802 err:[src/OpenApiV3.cpp][278][ParamIsValid]openid is invalid

LOGDEBUG
2016-09-19_16:28:35 FILE:../src/Object/Player/PlayerMessage.cpp FUNC:On_MSG_ACK_MSG_REQ_GM2DB_CONTAINERINFO LINE:1671
 	  Message:gameserver request dbserver player[12884901891] container info
LOGDEBUG
2016-09-19_16:28:35 FILE:../src/Object/Player/PlayerMessage.cpp FUNC:FinishiInit LINE:4050
 	  Message:finish player[12884901891] info 
LOGDEBUG
2016-09-19_16:28:35 FILE:../src/Object/Player/PlayerMessage.cpp FUNC:FinishiInit LINE:4085
 	  Message:player login in game and finish player[12884901891] info 
LOGDEBUG
2016-09-19_16:28:37 FILE:../src/Horse/HorseMessage.cpp FUNC:On_MSG_REQUEST_MSG_REQ_GT2GM_HORSEINFO LINE:72
 	  Message:Player request horse info
LOGDEBUG
2016-09-19_16:28:39 FILE:../src/Object/Player/PlayerMessage.cpp FUNC:On_MSG_REQUEST_MSG_REQ_GT2GM_CHARATTR LINE:1122
 	  Message:Player request battle attribute
LOGDEBUG
2016-09-19_16:29:20 FILE:../src/Object/Player/PlayerMessage.cpp FUNC:On_MSG_REQUEST_MSG_REQ_GT2GM_PLAYERINFO LINE:1091
 	  Message:Player login on and get playerinfo[1]
LOGDEBUG
2016-09-19_16:29:20 FILE:../src/Object/Player/Player.cpp FUNC:InitBaseInfo LINE:1205
 	  Message:iRet=1802 err:[src/OpenApiV3.cpp][278][ParamIsValid]openid is invalid

LOGDEBUG
2016-09-19_16:29:20 FILE:../src/Object/Player/PlayerMessage.cpp FUNC:On_MSG_ACK_MSG_REQ_GM2DB_CONTAINERINFO LINE:1671
 	  Message:gameserver request dbserver player[12884901891] container info
LOGDEBUG
2016-09-19_16:29:20 FILE:../src/Object/Player/PlayerMessage.cpp FUNC:FinishiInit LINE:4050
 	  Message:finish player[12884901891] info 
LOGDEBUG
2016-09-19_16:29:20 FILE:../src/Object/Player/PlayerMessage.cpp FUNC:FinishiInit LINE:4085
 	  Message:player login in game and finish player[12884901891] info 
LOGDEBUG
2016-09-19_16:29:22 FILE:../src/Horse/HorseMessage.cpp FUNC:On_MSG_REQUEST_MSG_REQ_GT2GM_HORSEINFO LINE:72
 	  Message:Player request horse info
LOGDEBUG
2016-09-19_16:29:24 FILE:../src/Object/Player/PlayerMessage.cpp FUNC:On_MSG_REQUEST_MSG_REQ_GT2GM_CHARATTR LINE:1122
 	  Message:Player request battle attribute
LOGDEBUG
2016-09-19_16:31:49 FILE:../src/Object/Player/PlayerMessage.cpp FUNC:On_MSG_REQUEST_MSG_REQ_GT2GM_PLAYERINFO LINE:1091
 	  Message:Player login on and get playerinfo[1]
LOGDEBUG
2016-09-19_16:31:49 FILE:../src/Object/Player/Player.cpp FUNC:InitBaseInfo LINE:1205
 	  Message:iRet=1802 err:[src/OpenApiV3.cpp][278][ParamIsValid]openid is invalid

LOGDEBUG
2016-09-19_16:31:49 FILE:../src/Object/Player/PlayerMessage.cpp FUNC:On_MSG_ACK_MSG_REQ_GM2DB_CONTAINERINFO LINE:1671
 	  Message:gameserver request dbserver player[12884901891] container info
LOGDEBUG
2016-09-19_16:31:49 FILE:../src/Object/Player/PlayerMessage.cpp FUNC:FinishiInit LINE:4050
 	  Message:finish player[12884901891] info 
LOGDEBUG
2016-09-19_16:31:49 FILE:../src/Object/Player/PlayerMessage.cpp FUNC:FinishiInit LINE:4085
 	  Message:player login in game and finish player[12884901891] info 
LOGDEBUG
2016-09-19_16:31:51 FILE:../src/Horse/HorseMessage.cpp FUNC:On_MSG_REQUEST_MSG_REQ_GT2GM_HORSEINFO LINE:72
 	  Message:Player request horse info
LOGDEBUG
2016-09-19_16:31:53 FILE:../src/Object/Player/PlayerMessage.cpp FUNC:On_MSG_REQUEST_MSG_REQ_GT2GM_CHARATTR LINE:1122
 	  Message:Player request battle attribute
LOGDEBUG
2016-09-19_16:32:02 FILE:../src/Object/Player/PlayerMessage.cpp FUNC:On_MSG_REQUEST_MSG_REQ_GT2GM_CHARATTR LINE:1122
 	  Message:Player request battle attribute
LOGDEBUG
2016-09-19_16:32:04 FILE:../src/Object/Player/PlayerMessage.cpp FUNC:On_MSG_REQUEST_MSG_REQ_GT2GM_CHARATTR LINE:1122
 	  Message:Player request battle attribute
LOGDEBUG
2016-09-19_16:36:01 FILE:../src/Object/Player/PlayerMessage.cpp FUNC:On_MSG_REQUEST_MSG_REQ_GT2GM_PLAYERINFO LINE:1091
 	  Message:Player login on and get playerinfo[1]
LOGDEBUG
2016-09-19_16:36:01 FILE:../src/Object/Player/Player.cpp FUNC:InitBaseInfo LINE:1205
 	  Message:iRet=1802 err:[src/OpenApiV3.cpp][278][ParamIsValid]openid is invalid

LOGDEBUG
2016-09-19_16:36:01 FILE:../src/Object/Player/PlayerMessage.cpp FUNC:On_MSG_ACK_MSG_REQ_GM2DB_CONTAINERINFO LINE:1671
 	  Message:gameserver request dbserver player[12884901891] container info
LOGDEBUG
2016-09-19_16:36:01 FILE:../src/Object/Player/PlayerMessage.cpp FUNC:FinishiInit LINE:4050
 	  Message:finish player[12884901891] info 
LOGDEBUG
2016-09-19_16:36:01 FILE:../src/Object/Player/PlayerMessage.cpp FUNC:FinishiInit LINE:4085
 	  Message:player login in game and finish player[12884901891] info 
LOGDEBUG
2016-09-19_16:37:36 FILE:../src/Object/Player/PlayerMessage.cpp FUNC:On_MSG_REQUEST_MSG_REQ_GT2GM_PLAYERINFO LINE:1091
 	  Message:Player login on and get playerinfo[1]
LOGDEBUG
2016-09-19_16:37:36 FILE:../src/Object/Player/Player.cpp FUNC:InitBaseInfo LINE:1205
 	  Message:iRet=1802 err:[src/OpenApiV3.cpp][278][ParamIsValid]openid is invalid

LOGDEBUG
2016-09-19_16:37:36 FILE:../src/Object/Player/PlayerMessage.cpp FUNC:On_MSG_ACK_MSG_REQ_GM2DB_CONTAINERINFO LINE:1671
 	  Message:gameserver request dbserver player[12884901891] container info
LOGDEBUG
2016-09-19_16:37:36 FILE:../src/Object/Player/PlayerMessage.cpp FUNC:FinishiInit LINE:4050
 	  Message:finish player[12884901891] info 
LOGDEBUG
2016-09-19_16:37:36 FILE:../src/Object/Player/PlayerMessage.cpp FUNC:FinishiInit LINE:4085
 	  Message:player login in game and finish player[12884901891] info 
LOGDEBUG
2016-09-19_16:37:38 FILE:../src/Horse/HorseMessage.cpp FUNC:On_MSG_REQUEST_MSG_REQ_GT2GM_HORSEINFO LINE:72
 	  Message:Player request horse info
LOGDEBUG
2016-09-19_16:37:40 FILE:../src/Object/Player/PlayerMessage.cpp FUNC:On_MSG_REQUEST_MSG_REQ_GT2GM_CHARATTR LINE:1122
 	  Message:Player request battle attribute
LOGDEBUG
2016-09-19_16:37:47 FILE:../src/EquipSmith/EquipSmithEx/EquipSmithExMgr.cpp FUNC:On_MSG_REQUEST_MSG_REQ_GT2GM_STRENGTHEQUIP LINE:532
 	  Message:Player start to strength equip
LOGDEBUG
2016-09-19_16:37:59 FILE:../src/EquipSmith/EquipSmithEx/EquipSmithExMgr.cpp FUNC:On_MSG_REQUEST_MSG_REQ_GT2GM_STRENGTHEQUIP LINE:532
 	  Message:Player start to strength equip
LOGDEBUG
2016-09-19_16:38:00 FILE:../src/EquipSmith/EquipSmithEx/EquipSmithExMgr.cpp FUNC:On_MSG_REQUEST_MSG_REQ_GT2GM_STRENGTHEQUIP LINE:532
 	  Message:Player start to strength equip
LOGDEBUG
2016-09-19_16:38:00 FILE:../src/EquipSmith/EquipSmithEx/EquipSmithExMgr.cpp FUNC:On_MSG_REQUEST_MSG_REQ_GT2GM_STRENGTHEQUIP LINE:532
 	  Message:Player start to strength equip
LOGDEBUG
2016-09-19_16:38:00 FILE:../src/EquipSmith/EquipSmithEx/EquipSmithExMgr.cpp FUNC:On_MSG_REQUEST_MSG_REQ_GT2GM_STRENGTHEQUIP LINE:532
 	  Message:Player start to strength equip
LOGDEBUG
2016-09-19_16:38:00 FILE:../src/EquipSmith/EquipSmithEx/EquipSmithExMgr.cpp FUNC:On_MSG_REQUEST_MSG_REQ_GT2GM_STRENGTHEQUIP LINE:532
 	  Message:Player start to strength equip
LOGDEBUG
2016-09-19_16:38:00 FILE:../src/EquipSmith/EquipSmithEx/EquipSmithExMgr.cpp FUNC:On_MSG_REQUEST_MSG_REQ_GT2GM_STRENGTHEQUIP LINE:532
 	  Message:Player start to strength equip
LOGDEBUG
2016-09-19_16:38:00 FILE:../src/EquipSmith/EquipSmithEx/EquipSmithExMgr.cpp FUNC:On_MSG_REQUEST_MSG_REQ_GT2GM_STRENGTHEQUIP LINE:532
 	  Message:Player start to strength equip
LOGDEBUG
2016-09-19_16:38:01 FILE:../src/EquipSmith/EquipSmithEx/EquipSmithExMgr.cpp FUNC:On_MSG_REQUEST_MSG_REQ_GT2GM_STRENGTHEQUIP LINE:532
 	  Message:Player start to strength equip
LOGDEBUG
2016-09-19_16:38:01 FILE:../src/EquipSmith/EquipSmithEx/EquipSmithExMgr.cpp FUNC:On_MSG_REQUEST_MSG_REQ_GT2GM_STRENGTHEQUIP LINE:532
 	  Message:Player start to strength equip
LOGDEBUG
2016-09-19_16:38:01 FILE:../src/EquipSmith/EquipSmithEx/EquipSmithExMgr.cpp FUNC:On_MSG_REQUEST_MSG_REQ_GT2GM_STRENGTHEQUIP LINE:532
 	  Message:Player start to strength equip
LOGDEBUG
2016-09-19_16:38:01 FILE:../src/EquipSmith/EquipSmithEx/EquipSmithExMgr.cpp FUNC:On_MSG_REQUEST_MSG_REQ_GT2GM_STRENGTHEQUIP LINE:532
 	  Message:Player start to strength equip
LOGDEBUG
2016-09-19_16:38:01 FILE:../src/Chat/ChatMgr.cpp FUNC:Marquee LINE:326
 	  Message:gameserver marquee type:1 name:党华采 target:21021025 param:12 !
LOGDEBUG
2016-09-19_16:38:01 FILE:../src/EquipSmith/EquipSmithEx/EquipSmithExMgr.cpp FUNC:On_MSG_REQUEST_MSG_REQ_GT2GM_STRENGTHEQUIP LINE:532
 	  Message:Player start to strength equip
LOGDEBUG
2016-09-19_16:38:13 FILE:../src/EquipSmith/EquipSmithEx/EquipSmithExMgr.cpp FUNC:On_MSG_REQUEST_MSG_REQ_GT2GM_STRENGTHEQUIP LINE:532
 	  Message:Player start to strength equip
LOGDEBUG
2016-09-19_16:38:13 FILE:../src/EquipSmith/EquipSmithEx/EquipSmithExMgr.cpp FUNC:On_MSG_REQUEST_MSG_REQ_GT2GM_STRENGTHEQUIP LINE:532
 	  Message:Player start to strength equip
LOGDEBUG
2016-09-19_16:38:13 FILE:../src/EquipSmith/EquipSmithEx/EquipSmithExMgr.cpp FUNC:On_MSG_REQUEST_MSG_REQ_GT2GM_STRENGTHEQUIP LINE:532
 	  Message:Player start to strength equip
LOGDEBUG
2016-09-19_16:38:13 FILE:../src/EquipSmith/EquipSmithEx/EquipSmithExMgr.cpp FUNC:On_MSG_REQUEST_MSG_REQ_GT2GM_STRENGTHEQUIP LINE:532
 	  Message:Player start to strength equip
LOGDEBUG
2016-09-19_16:38:14 FILE:../src/EquipSmith/EquipSmithEx/EquipSmithExMgr.cpp FUNC:On_MSG_REQUEST_MSG_REQ_GT2GM_STRENGTHEQUIP LINE:532
 	  Message:Player start to strength equip
LOGDEBUG
2016-09-19_16:38:14 FILE:../src/EquipSmith/EquipSmithEx/EquipSmithExMgr.cpp FUNC:On_MSG_REQUEST_MSG_REQ_GT2GM_STRENGTHEQUIP LINE:532
 	  Message:Player start to strength equip
LOGDEBUG
2016-09-19_16:38:14 FILE:../src/EquipSmith/EquipSmithEx/EquipSmithExMgr.cpp FUNC:On_MSG_REQUEST_MSG_REQ_GT2GM_STRENGTHEQUIP LINE:532
 	  Message:Player start to strength equip
LOGDEBUG
2016-09-19_16:38:56 FILE:../src/EquipSmith/EquipSmithEx/EquipSmithExMgr.cpp FUNC:On_MSG_REQUEST_MSG_REQ_GT2GM_STRENGTHEQUIP LINE:532
 	  Message:Player start to strength equip
LOGDEBUG
2016-09-19_16:38:58 FILE:../src/EquipSmith/EquipSmithEx/EquipSmithExMgr.cpp FUNC:On_MSG_REQUEST_MSG_REQ_GT2GM_STRENGTHEQUIP LINE:532
 	  Message:Player start to strength equip
LOGDEBUG
2016-09-19_16:39:00 FILE:../src/EquipSmith/EquipSmithEx/EquipSmithExMgr.cpp FUNC:On_MSG_REQUEST_MSG_REQ_GT2GM_STRENGTHEQUIP LINE:532
 	  Message:Player start to strength equip
LOGDEBUG
2016-09-19_16:39:00 FILE:../src/EquipSmith/EquipSmithEx/EquipSmithExMgr.cpp FUNC:On_MSG_REQUEST_MSG_REQ_GT2GM_STRENGTHEQUIP LINE:532
 	  Message:Player start to strength equip
LOGDEBUG
2016-09-19_16:39:01 FILE:../src/EquipSmith/EquipSmithEx/EquipSmithExMgr.cpp FUNC:On_MSG_REQUEST_MSG_REQ_GT2GM_STRENGTHEQUIP LINE:532
 	  Message:Player start to strength equip
LOGDEBUG
2016-09-19_16:39:01 FILE:../src/EquipSmith/EquipSmithEx/EquipSmithExMgr.cpp FUNC:On_MSG_REQUEST_MSG_REQ_GT2GM_STRENGTHEQUIP LINE:532
 	  Message:Player start to strength equip
LOGDEBUG
2016-09-19_16:39:02 FILE:../src/EquipSmith/EquipSmithEx/EquipSmithExMgr.cpp FUNC:On_MSG_REQUEST_MSG_REQ_GT2GM_STRENGTHEQUIP LINE:532
 	  Message:Player start to strength equip
LOGDEBUG
2016-09-19_16:39:02 FILE:../src/EquipSmith/EquipSmithEx/EquipSmithExMgr.cpp FUNC:On_MSG_REQUEST_MSG_REQ_GT2GM_STRENGTHEQUIP LINE:532
 	  Message:Player start to strength equip
LOGDEBUG
2016-09-19_16:39:03 FILE:../src/EquipSmith/EquipSmithEx/EquipSmithExMgr.cpp FUNC:On_MSG_REQUEST_MSG_REQ_GT2GM_STRENGTHEQUIP LINE:532
 	  Message:Player start to strength equip
LOGDEBUG
2016-09-19_16:39:04 FILE:../src/EquipSmith/EquipSmithEx/EquipSmithExMgr.cpp FUNC:On_MSG_REQUEST_MSG_REQ_GT2GM_STRENGTHEQUIP LINE:532
 	  Message:Player start to strength equip
LOGDEBUG
2016-09-19_16:39:07 FILE:../src/EquipSmith/EquipSmithEx/EquipSmithExMgr.cpp FUNC:On_MSG_REQUEST_MSG_REQ_GT2GM_STRENGTHEQUIP LINE:532
 	  Message:Player start to strength equip
LOGDEBUG
2016-09-19_16:39:07 FILE:../src/Chat/ChatMgr.cpp FUNC:Marquee LINE:326
 	  Message:gameserver marquee type:1 name:党华采 target:21050012 param:12 !
LOGDEBUG
2016-09-19_16:39:28 FILE:../src/Object/Player/PlayerMessage.cpp FUNC:On_MSG_REQUEST_MSG_REQ_GT2GM_PLAYERINFO LINE:1091
 	  Message:Player login on and get playerinfo[1]
LOGDEBUG
2016-09-19_16:39:28 FILE:../src/Object/Player/Player.cpp FUNC:InitBaseInfo LINE:1205
 	  Message:iRet=1802 err:[src/OpenApiV3.cpp][278][ParamIsValid]openid is invalid

LOGDEBUG
2016-09-19_16:39:29 FILE:../src/Object/Player/PlayerMessage.cpp FUNC:On_MSG_ACK_MSG_REQ_GM2DB_CONTAINERINFO LINE:1671
 	  Message:gameserver request dbserver player[12884901891] container info
LOGDEBUG
2016-09-19_16:39:29 FILE:../src/Object/Player/PlayerMessage.cpp FUNC:FinishiInit LINE:4050
 	  Message:finish player[12884901891] info 
LOGDEBUG
2016-09-19_16:39:29 FILE:../src/Object/Player/PlayerMessage.cpp FUNC:FinishiInit LINE:4085
 	  Message:player login in game and finish player[12884901891] info 
LOGDEBUG
2016-09-19_16:39:30 FILE:../src/Horse/HorseMessage.cpp FUNC:On_MSG_REQUEST_MSG_REQ_GT2GM_HORSEINFO LINE:72
 	  Message:Player request horse info
LOGDEBUG
2016-09-19_16:39:33 FILE:../src/Object/Player/PlayerMessage.cpp FUNC:On_MSG_REQUEST_MSG_REQ_GT2GM_CHARATTR LINE:1122
 	  Message:Player request battle attribute
LOGDEBUG
2016-09-19_16:39:38 FILE:../src/EquipSmith/EquipSmithEx/EquipSmithExMgr.cpp FUNC:On_MSG_REQUEST_MSG_REQ_GT2GM_STRENGTHEQUIP LINE:532
 	  Message:Player start to strength equip
LOGDEBUG
2016-09-19_16:39:38 FILE:../src/EquipSmith/EquipSmithEx/EquipSmithExMgr.cpp FUNC:On_MSG_REQUEST_MSG_REQ_GT2GM_STRENGTHEQUIP LINE:532
 	  Message:Player start to strength equip
LOGDEBUG
2016-09-19_16:39:38 FILE:../src/EquipSmith/EquipSmithEx/EquipSmithExMgr.cpp FUNC:On_MSG_REQUEST_MSG_REQ_GT2GM_STRENGTHEQUIP LINE:532
 	  Message:Player start to strength equip
LOGDEBUG
2016-09-19_16:39:38 FILE:../src/EquipSmith/EquipSmithEx/EquipSmithExMgr.cpp FUNC:On_MSG_REQUEST_MSG_REQ_GT2GM_STRENGTHEQUIP LINE:532
 	  Message:Player start to strength equip
LOGDEBUG
2016-09-19_16:39:38 FILE:../src/EquipSmith/EquipSmithEx/EquipSmithExMgr.cpp FUNC:On_MSG_REQUEST_MSG_REQ_GT2GM_STRENGTHEQUIP LINE:532
 	  Message:Player start to strength equip
LOGDEBUG
2016-09-19_16:39:39 FILE:../src/EquipSmith/EquipSmithEx/EquipSmithExMgr.cpp FUNC:On_MSG_REQUEST_MSG_REQ_GT2GM_STRENGTHEQUIP LINE:532
 	  Message:Player start to strength equip
LOGDEBUG
2016-09-19_16:39:39 FILE:../src/EquipSmith/EquipSmithEx/EquipSmithExMgr.cpp FUNC:On_MSG_REQUEST_MSG_REQ_GT2GM_STRENGTHEQUIP LINE:532
 	  Message:Player start to strength equip
LOGDEBUG
2016-09-19_16:39:39 FILE:../src/EquipSmith/EquipSmithEx/EquipSmithExMgr.cpp FUNC:On_MSG_REQUEST_MSG_REQ_GT2GM_STRENGTHEQUIP LINE:532
 	  Message:Player start to strength equip
LOGDEBUG
2016-09-19_16:39:39 FILE:../src/Chat/ChatMgr.cpp FUNC:Marquee LINE:326
 	  Message:gameserver marquee type:1 name:党华采 target:21030047 param:12 !
LOGDEBUG
2016-09-19_16:39:39 FILE:../src/EquipSmith/EquipSmithEx/EquipSmithExMgr.cpp FUNC:On_MSG_REQUEST_MSG_REQ_GT2GM_STRENGTHEQUIP LINE:532
 	  Message:Player start to strength equip
LOGDEBUG
2016-09-19_16:39:40 FILE:../src/EquipSmith/EquipSmithEx/EquipSmithExMgr.cpp FUNC:On_MSG_REQUEST_MSG_REQ_GT2GM_STRENGTHEQUIP LINE:532
 	  Message:Player start to strength equip
LOGDEBUG
2016-09-19_16:39:40 FILE:../src/EquipSmith/EquipSmithEx/EquipSmithExMgr.cpp FUNC:On_MSG_REQUEST_MSG_REQ_GT2GM_STRENGTHEQUIP LINE:532
 	  Message:Player start to strength equip
LOGDEBUG
2016-09-19_16:39:40 FILE:../src/EquipSmith/EquipSmithEx/EquipSmithExMgr.cpp FUNC:On_MSG_REQUEST_MSG_REQ_GT2GM_STRENGTHEQUIP LINE:532
 	  Message:Player start to strength equip
LOGDEBUG
2016-09-19_16:40:14 FILE:../src/Object/Player/PlayerMessage.cpp FUNC:On_MSG_REQUEST_MSG_REQ_GT2GM_PLAYERINFO LINE:1091
 	  Message:Player login on and get playerinfo[1]
LOGDEBUG
2016-09-19_16:40:14 FILE:../src/Object/Player/Player.cpp FUNC:InitBaseInfo LINE:1205
 	  Message:iRet=1802 err:[src/OpenApiV3.cpp][278][ParamIsValid]openid is invalid

LOGDEBUG
2016-09-19_16:40:14 FILE:../src/Object/Player/PlayerMessage.cpp FUNC:On_MSG_ACK_MSG_REQ_GM2DB_CONTAINERINFO LINE:1671
 	  Message:gameserver request dbserver player[12884901891] container info
LOGDEBUG
2016-09-19_16:40:14 FILE:../src/Object/Player/PlayerMessage.cpp FUNC:FinishiInit LINE:4050
 	  Message:finish player[12884901891] info 
LOGDEBUG
2016-09-19_16:40:14 FILE:../src/Object/Player/PlayerMessage.cpp FUNC:FinishiInit LINE:4085
 	  Message:player login in game and finish player[12884901891] info 
LOGDEBUG
2016-09-19_16:40:16 FILE:../src/Horse/HorseMessage.cpp FUNC:On_MSG_REQUEST_MSG_REQ_GT2GM_HORSEINFO LINE:72
 	  Message:Player request horse info
LOGDEBUG
2016-09-19_16:40:18 FILE:../src/Object/Player/PlayerMessage.cpp FUNC:On_MSG_REQUEST_MSG_REQ_GT2GM_CHARATTR LINE:1122
 	  Message:Player request battle attribute
LOGDEBUG
2016-09-19_16:41:06 FILE:../src/Object/Player/PlayerMessage.cpp FUNC:On_MSG_REQUEST_MSG_REQ_GT2GM_PLAYERINFO LINE:1091
 	  Message:Player login on and get playerinfo[1]
LOGDEBUG
2016-09-19_16:41:07 FILE:../src/Object/Player/Player.cpp FUNC:InitBaseInfo LINE:1205
 	  Message:iRet=1802 err:[src/OpenApiV3.cpp][278][ParamIsValid]openid is invalid

LOGDEBUG
2016-09-19_16:41:07 FILE:../src/Object/Player/PlayerMessage.cpp FUNC:On_MSG_ACK_MSG_REQ_GM2DB_CONTAINERINFO LINE:1671
 	  Message:gameserver request dbserver player[12884901891] container info
LOGDEBUG
2016-09-19_16:41:07 FILE:../src/Object/Player/PlayerMessage.cpp FUNC:FinishiInit LINE:4050
 	  Message:finish player[12884901891] info 
LOGDEBUG
2016-09-19_16:41:07 FILE:../src/Object/Player/PlayerMessage.cpp FUNC:FinishiInit LINE:4085
 	  Message:player login in game and finish player[12884901891] info 
LOGDEBUG
2016-09-19_16:41:08 FILE:../src/Horse/HorseMessage.cpp FUNC:On_MSG_REQUEST_MSG_REQ_GT2GM_HORSEINFO LINE:72
 	  Message:Player request horse info
LOGDEBUG
2016-09-19_16:41:10 FILE:../src/Object/Player/PlayerMessage.cpp FUNC:On_MSG_REQUEST_MSG_REQ_GT2GM_CHARATTR LINE:1122
 	  Message:Player request battle attribute
LOGDEBUG
2016-09-19_16:41:52 FILE:../src/Object/Player/PlayerMessage.cpp FUNC:On_MSG_REQUEST_MSG_REQ_GT2GM_PLAYERINFO LINE:1091
 	  Message:Player login on and get playerinfo[1]
LOGDEBUG
2016-09-19_16:41:52 FILE:../src/Object/Player/Player.cpp FUNC:InitBaseInfo LINE:1205
 	  Message:iRet=1802 err:[src/OpenApiV3.cpp][278][ParamIsValid]openid is invalid

LOGDEBUG
2016-09-19_16:41:52 FILE:../src/Object/Player/PlayerMessage.cpp FUNC:On_MSG_ACK_MSG_REQ_GM2DB_CONTAINERINFO LINE:1671
 	  Message:gameserver request dbserver player[12884901891] container info
LOGDEBUG
2016-09-19_16:41:52 FILE:../src/Object/Player/PlayerMessage.cpp FUNC:FinishiInit LINE:4050
 	  Message:finish player[12884901891] info 
LOGDEBUG
2016-09-19_16:41:52 FILE:../src/Object/Player/PlayerMessage.cpp FUNC:FinishiInit LINE:4085
 	  Message:player login in game and finish player[12884901891] info 
LOGDEBUG
2016-09-19_16:41:54 FILE:../src/Horse/HorseMessage.cpp FUNC:On_MSG_REQUEST_MSG_REQ_GT2GM_HORSEINFO LINE:72
 	  Message:Player request horse info
LOGDEBUG
2016-09-19_16:41:57 FILE:../src/Object/Player/PlayerMessage.cpp FUNC:On_MSG_REQUEST_MSG_REQ_GT2GM_CHARATTR LINE:1122
 	  Message:Player request battle attribute
LOGDEBUG
2016-09-19_16:42:18 FILE:../src/EquipSmith/EquipSmithEx/EquipSmithExMgr.cpp FUNC:On_MSG_REQUEST_MSG_REQ_GT2GM_STRENGTHEQUIP LINE:532
 	  Message:Player start to strength equip
LOGDEBUG
2016-09-19_16:42:24 FILE:../src/EquipSmith/EquipSmithEx/EquipSmithExMgr.cpp FUNC:On_MSG_REQUEST_MSG_REQ_GT2GM_STRENGTHEQUIP LINE:532
 	  Message:Player start to strength equip
LOGDEBUG
2016-09-19_16:42:24 FILE:../src/Chat/ChatMgr.cpp FUNC:Marquee LINE:326
 	  Message:gameserver marquee type:1 name:党华采 target:21061012 param:12 !
LOGDEBUG
2016-09-19_16:42:26 FILE:../src/EquipSmith/EquipSmithEx/EquipSmithExMgr.cpp FUNC:On_MSG_REQUEST_MSG_REQ_GT2GM_STRENGTHEQUIP LINE:532
 	  Message:Player start to strength equip
LOGDEBUG
2016-09-19_16:42:26 FILE:../src/EquipSmith/EquipSmithEx/EquipSmithExMgr.cpp FUNC:On_MSG_REQUEST_MSG_REQ_GT2GM_STRENGTHEQUIP LINE:532
 	  Message:Player start to strength equip
LOGDEBUG
2016-09-19_16:42:26 FILE:../src/EquipSmith/EquipSmithEx/EquipSmithExMgr.cpp FUNC:On_MSG_REQUEST_MSG_REQ_GT2GM_STRENGTHEQUIP LINE:532
 	  Message:Player start to strength equip
LOGDEBUG
2016-09-19_16:42:46 FILE:../src/EquipSmith/EquipSmithEx/EquipSmithExMgr.cpp FUNC:On_MSG_REQUEST_MSG_REQ_GT2GM_STONEDAADEL LINE:766
 	  Message:Player add or delete stone on stone
LOGDEBUG
2016-09-19_16:45:42 FILE:../src/Object/Player/PlayerMessage.cpp FUNC:On_MSG_REQUEST_MSG_REQ_GT2GM_PLAYERINFO LINE:1091
 	  Message:Player login on and get playerinfo[1]
LOGDEBUG
2016-09-19_16:45:42 FILE:../src/Object/Player/Player.cpp FUNC:InitBaseInfo LINE:1205
 	  Message:iRet=1802 err:[src/OpenApiV3.cpp][278][ParamIsValid]openid is invalid

LOGDEBUG
2016-09-19_16:45:42 FILE:../src/Object/Player/PlayerMessage.cpp FUNC:On_MSG_ACK_MSG_REQ_GM2DB_CONTAINERINFO LINE:1671
 	  Message:gameserver request dbserver player[12884901891] container info
LOGDEBUG
2016-09-19_16:45:42 FILE:../src/Object/Player/PlayerMessage.cpp FUNC:FinishiInit LINE:4050
 	  Message:finish player[12884901891] info 
LOGDEBUG
2016-09-19_16:45:42 FILE:../src/Object/Player/PlayerMessage.cpp FUNC:FinishiInit LINE:4085
 	  Message:player login in game and finish player[12884901891] info 
LOGDEBUG
2016-09-19_16:45:44 FILE:../src/Horse/HorseMessage.cpp FUNC:On_MSG_REQUEST_MSG_REQ_GT2GM_HORSEINFO LINE:72
 	  Message:Player request horse info
LOGDEBUG
2016-09-19_16:45:45 FILE:../src/Object/Player/PlayerMessage.cpp FUNC:On_MSG_REQUEST_MSG_REQ_GT2GM_CHARATTR LINE:1122
 	  Message:Player request battle attribute
LOGDEBUG
2016-09-19_16:46:07 FILE:../src/EquipSmith/EquipSmithEx/EquipSmithExMgr.cpp FUNC:On_MSG_REQUEST_MSG_REQ_GT2GM_STONEDAADEL LINE:766
 	  Message:Player add or delete stone on stone
LOGDEBUG
2016-09-19_16:46:08 FILE:../src/EquipSmith/EquipSmithEx/EquipSmithExMgr.cpp FUNC:On_MSG_REQUEST_MSG_REQ_GT2GM_STONEDAADEL LINE:766
 	  Message:Player add or delete stone on stone
LOGDEBUG
2016-09-19_16:47:14 FILE:../src/Object/Player/PlayerMessage.cpp FUNC:On_MSG_REQUEST_MSG_REQ_GT2GM_PLAYERINFO LINE:1091
 	  Message:Player login on and get playerinfo[1]
LOGDEBUG
2016-09-19_16:47:14 FILE:../src/Object/Player/Player.cpp FUNC:InitBaseInfo LINE:1205
 	  Message:iRet=1802 err:[src/OpenApiV3.cpp][278][ParamIsValid]openid is invalid

LOGDEBUG
2016-09-19_16:47:14 FILE:../src/Object/Player/PlayerMessage.cpp FUNC:On_MSG_ACK_MSG_REQ_GM2DB_CONTAINERINFO LINE:1671
 	  Message:gameserver request dbserver player[12884901892] container info
LOGDEBUG
2016-09-19_16:47:14 FILE:../src/Object/Player/PlayerMessage.cpp FUNC:FinishiInit LINE:4050
 	  Message:finish player[12884901892] info 
LOGDEBUG
2016-09-19_16:47:14 FILE:../src/Object/Player/PlayerMessage.cpp FUNC:FinishiInit LINE:4085
 	  Message:player login in game and finish player[12884901892] info 
LOGDEBUG
2016-09-19_16:47:14 FILE:../src/QuestNew/AcceptedQuest.cpp FUNC:updateToClient LINE:270
 	  Message:Player 281487861612548 CanSubmit Task,10001 type,1 state,3 numStar,1 rewardStar,1 times,0 nowNum,0 targeNum,0
LOGDEBUG
2016-09-19_16:47:17 FILE:../src/Horse/HorseMessage.cpp FUNC:On_MSG_REQUEST_MSG_REQ_GT2GM_HORSEINFO LINE:72
 	  Message:Player request horse info
LOGDEBUG
2016-09-19_16:47:18 FILE:../src/Object/Player/PlayerMessage.cpp FUNC:On_MSG_REQUEST_MSG_REQ_GT2GM_CHARATTR LINE:1122
 	  Message:Player request battle attribute
LOGDEBUG
2016-09-19_16:47:23 FILE:../src/Object/Player/PlayerMessage.cpp FUNC:On_MSG_REQUEST_MSG_REQ_GT2GM_CHARATTR LINE:1122
 	  Message:Player request battle attribute
LOGDEBUG
2016-09-19_16:47:27 FILE:../src/Object/Player/PlayerMessage.cpp FUNC:On_MSG_REQUEST_MSG_REQ_GT2GM_CHARATTR LINE:1122
 	  Message:Player request battle attribute
LOGDEBUG
2016-09-19_16:47:43 FILE:../src/Object/Player/PlayerMessage.cpp FUNC:On_MSG_REQUEST_MSG_REQ_GT2GM_PLAYERINFO LINE:1091
 	  Message:Player login on and get playerinfo[1]
LOGDEBUG
2016-09-19_16:47:43 FILE:../src/Object/Player/Player.cpp FUNC:InitBaseInfo LINE:1205
 	  Message:iRet=1802 err:[src/OpenApiV3.cpp][278][ParamIsValid]openid is invalid

LOGDEBUG
2016-09-19_16:47:43 FILE:../src/Object/Player/PlayerMessage.cpp FUNC:On_MSG_ACK_MSG_REQ_GM2DB_CONTAINERINFO LINE:1671
 	  Message:gameserver request dbserver player[12884901890] container info
LOGDEBUG
2016-09-19_16:47:43 FILE:../src/Object/Player/PlayerMessage.cpp FUNC:FinishiInit LINE:4050
 	  Message:finish player[12884901890] info 
LOGDEBUG
2016-09-19_16:47:43 FILE:../src/Object/Player/PlayerMessage.cpp FUNC:FinishiInit LINE:4085
 	  Message:player login in game and finish player[12884901890] info 
LOGDEBUG
2016-09-19_16:47:45 FILE:../src/Horse/HorseMessage.cpp FUNC:On_MSG_REQUEST_MSG_REQ_GT2GM_HORSEINFO LINE:72
 	  Message:Player request horse info
LOGDEBUG
2016-09-19_16:47:46 FILE:../src/Object/Player/PlayerMessage.cpp FUNC:On_MSG_REQUEST_MSG_REQ_GT2GM_CHARATTR LINE:1122
 	  Message:Player request battle attribute
LOGDEBUG
2016-09-19_16:47:53 FILE:../src/EquipSmith/EquipSmithEx/EquipSmithExMgr.cpp FUNC:On_MSG_REQUEST_MSG_REQ_GT2GM_STONEDAADEL LINE:766
 	  Message:Player add or delete stone on stone
LOGDEBUG
2016-09-19_16:48:21 FILE:../src/EquipSmith/EquipSmithEx/EquipSmithExMgr.cpp FUNC:On_MSG_REQUEST_MSG_REQ_GT2GM_STONEDAADEL LINE:766
 	  Message:Player add or delete stone on stone
LOGDEBUG
2016-09-19_16:49:39 FILE:../src/Object/Player/PlayerMessage.cpp FUNC:On_MSG_REQUEST_MSG_REQ_GT2GM_PLAYERINFO LINE:1091
 	  Message:Player login on and get playerinfo[1]
LOGDEBUG
2016-09-19_16:49:39 FILE:../src/Object/Player/Player.cpp FUNC:InitBaseInfo LINE:1205
 	  Message:iRet=1802 err:[src/OpenApiV3.cpp][278][ParamIsValid]openid is invalid

LOGDEBUG
2016-09-19_16:49:39 FILE:../src/Object/Player/PlayerMessage.cpp FUNC:On_MSG_ACK_MSG_REQ_GM2DB_CONTAINERINFO LINE:1671
 	  Message:gameserver request dbserver player[12884901890] container info
LOGDEBUG
2016-09-19_16:49:39 FILE:../src/Object/Player/PlayerMessage.cpp FUNC:FinishiInit LINE:4050
 	  Message:finish player[12884901890] info 
LOGDEBUG
2016-09-19_16:49:39 FILE:../src/Object/Player/PlayerMessage.cpp FUNC:FinishiInit LINE:4085
 	  Message:player login in game and finish player[12884901890] info 
LOGDEBUG
2016-09-19_16:49:49 FILE:../src/Horse/HorseMessage.cpp FUNC:On_MSG_REQUEST_MSG_REQ_GT2GM_HORSEINFO LINE:72
 	  Message:Player request horse info
LOGDEBUG
2016-09-19_16:49:50 FILE:../src/Object/Player/PlayerMessage.cpp FUNC:On_MSG_REQUEST_MSG_REQ_GT2GM_CHARATTR LINE:1122
 	  Message:Player request battle attribute
LOGDEBUG
2016-09-19_16:50:00 FILE:../src/EquipSmith/EquipSmithEx/EquipSmithExMgr.cpp FUNC:On_MSG_REQUEST_MSG_REQ_GT2GM_STONEDAADEL LINE:766
 	  Message:Player add or delete stone on stone
LOGDEBUG
2016-09-19_16:53:10 FILE:../src/Object/Player/PlayerMessage.cpp FUNC:On_MSG_REQUEST_MSG_REQ_GT2GM_PLAYERINFO LINE:1091
 	  Message:Player login on and get playerinfo[1]
LOGDEBUG
2016-09-19_16:53:10 FILE:../src/Object/Player/Player.cpp FUNC:InitBaseInfo LINE:1205
 	  Message:iRet=1802 err:[src/OpenApiV3.cpp][278][ParamIsValid]openid is invalid

LOGDEBUG
2016-09-19_16:53:10 FILE:../src/Object/Player/PlayerMessage.cpp FUNC:On_MSG_ACK_MSG_REQ_GM2DB_CONTAINERINFO LINE:1671
 	  Message:gameserver request dbserver player[12884901890] container info
LOGDEBUG
2016-09-19_16:53:10 FILE:../src/Object/Player/PlayerMessage.cpp FUNC:FinishiInit LINE:4050
 	  Message:finish player[12884901890] info 
LOGDEBUG
2016-09-19_16:53:10 FILE:../src/Object/Player/PlayerMessage.cpp FUNC:FinishiInit LINE:4085
 	  Message:player login in game and finish player[12884901890] info 
LOGDEBUG
2016-09-19_16:53:16 FILE:../src/Horse/HorseMessage.cpp FUNC:On_MSG_REQUEST_MSG_REQ_GT2GM_HORSEINFO LINE:72
 	  Message:Player request horse info
LOGDEBUG
2016-09-19_16:53:18 FILE:../src/Object/Player/PlayerMessage.cpp FUNC:On_MSG_REQUEST_MSG_REQ_GT2GM_CHARATTR LINE:1122
 	  Message:Player request battle attribute
LOGDEBUG
2016-09-19_16:53:33 FILE:../src/EquipSmith/EquipSmithEx/EquipSmithExMgr.cpp FUNC:On_MSG_REQUEST_MSG_REQ_GT2GM_STONEDAADEL LINE:766
 	  Message:Player add or delete stone on stone
LOGDEBUG
2016-09-19_16:54:38 FILE:../src/Object/Player/PlayerMessage.cpp FUNC:On_MSG_REQUEST_MSG_REQ_GT2GM_PLAYERINFO LINE:1091
 	  Message:Player login on and get playerinfo[1]
LOGDEBUG
2016-09-19_16:54:38 FILE:../src/Object/Player/Player.cpp FUNC:InitBaseInfo LINE:1205
 	  Message:iRet=1802 err:[src/OpenApiV3.cpp][278][ParamIsValid]openid is invalid

LOGDEBUG
2016-09-19_16:54:38 FILE:../src/Object/Player/PlayerMessage.cpp FUNC:On_MSG_ACK_MSG_REQ_GM2DB_CONTAINERINFO LINE:1671
 	  Message:gameserver request dbserver player[12884901890] container info
LOGDEBUG
2016-09-19_16:54:38 FILE:../src/Object/Player/PlayerMessage.cpp FUNC:FinishiInit LINE:4050
 	  Message:finish player[12884901890] info 
LOGDEBUG
2016-09-19_16:54:38 FILE:../src/Object/Player/PlayerMessage.cpp FUNC:FinishiInit LINE:4085
 	  Message:player login in game and finish player[12884901890] info 
LOGDEBUG
2016-09-19_16:54:40 FILE:../src/Horse/HorseMessage.cpp FUNC:On_MSG_REQUEST_MSG_REQ_GT2GM_HORSEINFO LINE:72
 	  Message:Player request horse info
LOGDEBUG
2016-09-19_16:54:46 FILE:../src/Object/Player/PlayerMessage.cpp FUNC:On_MSG_REQUEST_MSG_REQ_GT2GM_CHARATTR LINE:1122
 	  Message:Player request battle attribute
LOGDEBUG
2016-09-19_16:57:51 FILE:../src/Object/Player/PlayerMessage.cpp FUNC:On_MSG_REQUEST_MSG_REQ_GT2GM_PLAYERINFO LINE:1091
 	  Message:Player login on and get playerinfo[1]
LOGDEBUG
2016-09-19_16:57:51 FILE:../src/Object/Player/Player.cpp FUNC:InitBaseInfo LINE:1205
 	  Message:iRet=1802 err:[src/OpenApiV3.cpp][278][ParamIsValid]openid is invalid

LOGDEBUG
2016-09-19_16:57:52 FILE:../src/Object/Player/PlayerMessage.cpp FUNC:On_MSG_ACK_MSG_REQ_GM2DB_CONTAINERINFO LINE:1671
 	  Message:gameserver request dbserver player[12884901890] container info
LOGDEBUG
2016-09-19_16:57:52 FILE:../src/Object/Player/PlayerMessage.cpp FUNC:FinishiInit LINE:4050
 	  Message:finish player[12884901890] info 
LOGDEBUG
2016-09-19_16:57:52 FILE:../src/Object/Player/PlayerMessage.cpp FUNC:FinishiInit LINE:4085
 	  Message:player login in game and finish player[12884901890] info 
LOGDEBUG
2016-09-19_16:57:54 FILE:../src/Horse/HorseMessage.cpp FUNC:On_MSG_REQUEST_MSG_REQ_GT2GM_HORSEINFO LINE:72
 	  Message:Player request horse info
LOGDEBUG
2016-09-19_16:58:08 FILE:../src/Object/Player/PlayerMessage.cpp FUNC:On_MSG_REQUEST_MSG_REQ_GT2GM_PLAYERINFO LINE:1091
 	  Message:Player login on and get playerinfo[1]
LOGDEBUG
2016-09-19_16:58:08 FILE:../src/Object/Player/Player.cpp FUNC:InitBaseInfo LINE:1205
 	  Message:iRet=1802 err:[src/OpenApiV3.cpp][278][ParamIsValid]openid is invalid

LOGDEBUG
2016-09-19_16:58:08 FILE:../src/Object/Player/PlayerMessage.cpp FUNC:On_MSG_ACK_MSG_REQ_GM2DB_CONTAINERINFO LINE:1671
 	  Message:gameserver request dbserver player[12884901890] container info
LOGDEBUG
2016-09-19_16:58:08 FILE:../src/Object/Player/PlayerMessage.cpp FUNC:FinishiInit LINE:4050
 	  Message:finish player[12884901890] info 
LOGDEBUG
2016-09-19_16:58:08 FILE:../src/Object/Player/PlayerMessage.cpp FUNC:FinishiInit LINE:4085
 	  Message:player login in game and finish player[12884901890] info 
LOGDEBUG
2016-09-19_16:58:10 FILE:../src/Horse/HorseMessage.cpp FUNC:On_MSG_REQUEST_MSG_REQ_GT2GM_HORSEINFO LINE:72
 	  Message:Player request horse info
LOGDEBUG
2016-09-19_16:58:11 FILE:../src/Object/Player/PlayerMessage.cpp FUNC:On_MSG_REQUEST_MSG_REQ_GT2GM_CHARATTR LINE:1122
 	  Message:Player request battle attribute
LOGDEBUG
2016-09-19_16:59:34 FILE:../src/Object/Player/PlayerMessage.cpp FUNC:On_MSG_REQUEST_MSG_REQ_GT2GM_PLAYERINFO LINE:1091
 	  Message:Player login on and get playerinfo[1]
LOGDEBUG
2016-09-19_16:59:34 FILE:../src/Object/Player/Player.cpp FUNC:InitBaseInfo LINE:1205
 	  Message:iRet=1802 err:[src/OpenApiV3.cpp][278][ParamIsValid]openid is invalid

LOGDEBUG
2016-09-19_16:59:34 FILE:../src/Object/Player/PlayerMessage.cpp FUNC:On_MSG_ACK_MSG_REQ_GM2DB_CONTAINERINFO LINE:1671
 	  Message:gameserver request dbserver player[12884901890] container info
LOGDEBUG
2016-09-19_16:59:35 FILE:../src/Object/Player/PlayerMessage.cpp FUNC:FinishiInit LINE:4050
 	  Message:finish player[12884901890] info 
LOGDEBUG
2016-09-19_16:59:35 FILE:../src/Object/Player/PlayerMessage.cpp FUNC:FinishiInit LINE:4085
 	  Message:player login in game and finish player[12884901890] info 
LOGDEBUG
2016-09-19_16:59:36 FILE:../src/Horse/HorseMessage.cpp FUNC:On_MSG_REQUEST_MSG_REQ_GT2GM_HORSEINFO LINE:72
 	  Message:Player request horse info
LOGDEBUG
2016-09-19_16:59:38 FILE:../src/Object/Player/PlayerMessage.cpp FUNC:On_MSG_REQUEST_MSG_REQ_GT2GM_CHARATTR LINE:1122
 	  Message:Player request battle attribute
LOGDEBUG
2016-09-19_17:00:36 FILE:../src/Object/Player/PlayerMessage.cpp FUNC:On_MSG_REQUEST_MSG_REQ_GT2GM_PLAYERINFO LINE:1091
 	  Message:Player login on and get playerinfo[1]
LOGDEBUG
2016-09-19_17:00:36 FILE:../src/Object/Player/Player.cpp FUNC:InitBaseInfo LINE:1205
 	  Message:iRet=1802 err:[src/OpenApiV3.cpp][278][ParamIsValid]openid is invalid

LOGDEBUG
2016-09-19_17:00:36 FILE:../src/Object/Player/PlayerMessage.cpp FUNC:On_MSG_ACK_MSG_REQ_GM2DB_CONTAINERINFO LINE:1671
 	  Message:gameserver request dbserver player[12884901890] container info
LOGDEBUG
2016-09-19_17:00:36 FILE:../src/Object/Player/PlayerMessage.cpp FUNC:FinishiInit LINE:4050
 	  Message:finish player[12884901890] info 
LOGDEBUG
2016-09-19_17:00:36 FILE:../src/Object/Player/PlayerMessage.cpp FUNC:FinishiInit LINE:4085
 	  Message:player login in game and finish player[12884901890] info 
LOGDEBUG
2016-09-19_17:00:38 FILE:../src/Horse/HorseMessage.cpp FUNC:On_MSG_REQUEST_MSG_REQ_GT2GM_HORSEINFO LINE:72
 	  Message:Player request horse info
LOGDEBUG
2016-09-19_17:00:40 FILE:../src/Object/Player/PlayerMessage.cpp FUNC:On_MSG_REQUEST_MSG_REQ_GT2GM_CHARATTR LINE:1122
 	  Message:Player request battle attribute
LOGDEBUG
2016-09-19_17:01:26 FILE:../src/Object/Player/PlayerMessage.cpp FUNC:On_MSG_REQUEST_MSG_REQ_GT2GM_PLAYERINFO LINE:1091
 	  Message:Player login on and get playerinfo[1]
LOGDEBUG
2016-09-19_17:01:26 FILE:../src/Object/Player/Player.cpp FUNC:InitBaseInfo LINE:1205
 	  Message:iRet=1802 err:[src/OpenApiV3.cpp][278][ParamIsValid]openid is invalid

LOGDEBUG
2016-09-19_17:01:26 FILE:../src/Object/Player/PlayerMessage.cpp FUNC:On_MSG_ACK_MSG_REQ_GM2DB_CONTAINERINFO LINE:1671
 	  Message:gameserver request dbserver player[12884901890] container info
LOGDEBUG
2016-09-19_17:01:26 FILE:../src/Object/Player/PlayerMessage.cpp FUNC:FinishiInit LINE:4050
 	  Message:finish player[12884901890] info 
LOGDEBUG
2016-09-19_17:01:26 FILE:../src/Object/Player/PlayerMessage.cpp FUNC:FinishiInit LINE:4085
 	  Message:player login in game and finish player[12884901890] info 
LOGDEBUG
2016-09-19_17:01:28 FILE:../src/Horse/HorseMessage.cpp FUNC:On_MSG_REQUEST_MSG_REQ_GT2GM_HORSEINFO LINE:72
 	  Message:Player request horse info
LOGDEBUG
2016-09-19_17:01:29 FILE:../src/Object/Player/PlayerMessage.cpp FUNC:On_MSG_REQUEST_MSG_REQ_GT2GM_CHARATTR LINE:1122
 	  Message:Player request battle attribute
LOGDEBUG
2016-09-19_17:02:31 FILE:../src/EquipSmith/EquipSmithEx/EquipSmithExMgr.cpp FUNC:On_MSG_REQUEST_MSG_REQ_GT2GM_STONEDAADEL LINE:766
 	  Message:Player add or delete stone on stone
LOGDEBUG
2016-09-19_17:02:37 FILE:../src/EquipSmith/EquipSmithEx/EquipSmithExMgr.cpp FUNC:On_MSG_REQUEST_MSG_REQ_GT2GM_STONEDAADEL LINE:766
 	  Message:Player add or delete stone on stone
LOGDEBUG
2016-09-19_17:02:50 FILE:../src/Object/Player/PlayerMessage.cpp FUNC:On_MSG_REQUEST_MSG_REQ_GT2GM_PLAYERINFO LINE:1091
 	  Message:Player login on and get playerinfo[1]
LOGDEBUG
2016-09-19_17:02:50 FILE:../src/Object/Player/Player.cpp FUNC:InitBaseInfo LINE:1205
 	  Message:iRet=1802 err:[src/OpenApiV3.cpp][278][ParamIsValid]openid is invalid

LOGDEBUG
2016-09-19_17:02:50 FILE:../src/Object/Player/PlayerMessage.cpp FUNC:On_MSG_ACK_MSG_REQ_GM2DB_CONTAINERINFO LINE:1671
 	  Message:gameserver request dbserver player[12884901890] container info
LOGDEBUG
2016-09-19_17:02:50 FILE:../src/Object/Player/PlayerMessage.cpp FUNC:FinishiInit LINE:4050
 	  Message:finish player[12884901890] info 
LOGDEBUG
2016-09-19_17:02:50 FILE:../src/Object/Player/PlayerMessage.cpp FUNC:FinishiInit LINE:4085
 	  Message:player login in game and finish player[12884901890] info 
LOGDEBUG
2016-09-19_17:02:52 FILE:../src/Horse/HorseMessage.cpp FUNC:On_MSG_REQUEST_MSG_REQ_GT2GM_HORSEINFO LINE:72
 	  Message:Player request horse info
LOGDEBUG
2016-09-19_17:02:52 FILE:../src/Object/Player/PlayerMessage.cpp FUNC:On_MSG_REQUEST_MSG_REQ_GT2GM_CHARATTR LINE:1122
 	  Message:Player request battle attribute
LOGDEBUG
2016-09-19_17:03:30 FILE:../src/EquipSmith/EquipSmithEx/EquipSmithExMgr.cpp FUNC:On_MSG_REQUEST_MSG_REQ_GT2GM_STONEDAADEL LINE:766
 	  Message:Player add or delete stone on stone
LOGDEBUG
2016-09-19_17:04:24 FILE:../src/Object/Player/PlayerMessage.cpp FUNC:On_MSG_REQUEST_MSG_REQ_GT2GM_PLAYERINFO LINE:1091
 	  Message:Player login on and get playerinfo[1]
LOGDEBUG
2016-09-19_17:04:24 FILE:../src/Object/Player/Player.cpp FUNC:InitBaseInfo LINE:1205
 	  Message:iRet=1802 err:[src/OpenApiV3.cpp][278][ParamIsValid]openid is invalid

LOGDEBUG
2016-09-19_17:04:24 FILE:../src/Object/Player/PlayerMessage.cpp FUNC:On_MSG_ACK_MSG_REQ_GM2DB_CONTAINERINFO LINE:1671
 	  Message:gameserver request dbserver player[12884901890] container info
LOGDEBUG
2016-09-19_17:04:24 FILE:../src/Object/Player/PlayerMessage.cpp FUNC:FinishiInit LINE:4050
 	  Message:finish player[12884901890] info 
LOGDEBUG
2016-09-19_17:04:24 FILE:../src/Object/Player/PlayerMessage.cpp FUNC:FinishiInit LINE:4085
 	  Message:player login in game and finish player[12884901890] info 
LOGDEBUG
2016-09-19_17:04:26 FILE:../src/Object/Player/PlayerMessage.cpp FUNC:On_MSG_REQUEST_MSG_REQ_GT2GM_CHARATTR LINE:1122
 	  Message:Player request battle attribute
LOGDEBUG
2016-09-19_17:04:26 FILE:../src/Horse/HorseMessage.cpp FUNC:On_MSG_REQUEST_MSG_REQ_GT2GM_HORSEINFO LINE:72
 	  Message:Player request horse info
LOGDEBUG
2016-09-19_17:06:36 FILE:../src/Object/Player/PlayerMessage.cpp FUNC:On_MSG_REQUEST_MSG_REQ_GT2GM_PLAYERINFO LINE:1091
 	  Message:Player login on and get playerinfo[1]
LOGDEBUG
2016-09-19_17:06:36 FILE:../src/Object/Player/Player.cpp FUNC:InitBaseInfo LINE:1205
 	  Message:iRet=1802 err:[src/OpenApiV3.cpp][278][ParamIsValid]openid is invalid

LOGDEBUG
2016-09-19_17:06:36 FILE:../src/Object/Player/PlayerMessage.cpp FUNC:On_MSG_ACK_MSG_REQ_GM2DB_CONTAINERINFO LINE:1671
 	  Message:gameserver request dbserver player[12884901890] container info
LOGDEBUG
2016-09-19_17:06:37 FILE:../src/Object/Player/PlayerMessage.cpp FUNC:FinishiInit LINE:4050
 	  Message:finish player[12884901890] info 
LOGDEBUG
2016-09-19_17:06:37 FILE:../src/Object/Player/PlayerMessage.cpp FUNC:FinishiInit LINE:4085
 	  Message:player login in game and finish player[12884901890] info 
LOGDEBUG
2016-09-19_17:06:38 FILE:../src/Horse/HorseMessage.cpp FUNC:On_MSG_REQUEST_MSG_REQ_GT2GM_HORSEINFO LINE:72
 	  Message:Player request horse info
LOGDEBUG
2016-09-19_17:06:40 FILE:../src/Object/Player/PlayerMessage.cpp FUNC:On_MSG_REQUEST_MSG_REQ_GT2GM_CHARATTR LINE:1122
 	  Message:Player request battle attribute
LOGDEBUG
2016-09-19_17:07:45 FILE:../src/EquipSmith/EquipSmithEx/EquipSmithExMgr.cpp FUNC:On_MSG_REQUEST_MSG_REQ_GT2GM_STONEDAADEL LINE:766
 	  Message:Player add or delete stone on stone
LOGDEBUG
2016-09-19_17:11:49 FILE:../src/Object/Player/PlayerMessage.cpp FUNC:On_MSG_REQUEST_MSG_REQ_GT2GM_PLAYERINFO LINE:1091
 	  Message:Player login on and get playerinfo[1]
LOGDEBUG
2016-09-19_17:11:49 FILE:../src/Object/Player/Player.cpp FUNC:InitBaseInfo LINE:1205
 	  Message:iRet=1802 err:[src/OpenApiV3.cpp][278][ParamIsValid]openid is invalid

LOGDEBUG
2016-09-19_17:11:49 FILE:../src/Object/Player/PlayerMessage.cpp FUNC:On_MSG_ACK_MSG_REQ_GM2DB_CONTAINERINFO LINE:1671
 	  Message:gameserver request dbserver player[12884901890] container info
LOGDEBUG
2016-09-19_17:11:49 FILE:../src/Object/Player/PlayerMessage.cpp FUNC:FinishiInit LINE:4050
 	  Message:finish player[12884901890] info 
LOGDEBUG
2016-09-19_17:11:49 FILE:../src/Object/Player/PlayerMessage.cpp FUNC:FinishiInit LINE:4085
 	  Message:player login in game and finish player[12884901890] info 
LOGDEBUG
2016-09-19_17:12:26 FILE:../src/Object/Player/PlayerMessage.cpp FUNC:On_MSG_REQUEST_MSG_REQ_GT2GM_PLAYERINFO LINE:1091
 	  Message:Player login on and get playerinfo[1]
LOGDEBUG
2016-09-19_17:12:26 FILE:../src/Object/Player/Player.cpp FUNC:InitBaseInfo LINE:1205
 	  Message:iRet=1802 err:[src/OpenApiV3.cpp][278][ParamIsValid]openid is invalid

LOGDEBUG
2016-09-19_17:12:26 FILE:../src/Object/Player/PlayerMessage.cpp FUNC:On_MSG_ACK_MSG_REQ_GM2DB_CONTAINERINFO LINE:1671
 	  Message:gameserver request dbserver player[12884901890] container info
LOGDEBUG
2016-09-19_17:12:26 FILE:../src/Object/Player/PlayerMessage.cpp FUNC:FinishiInit LINE:4050
 	  Message:finish player[12884901890] info 
LOGDEBUG
2016-09-19_17:12:26 FILE:../src/Object/Player/PlayerMessage.cpp FUNC:FinishiInit LINE:4085
 	  Message:player login in game and finish player[12884901890] info 
LOGDEBUG
2016-09-19_17:12:28 FILE:../src/Horse/HorseMessage.cpp FUNC:On_MSG_REQUEST_MSG_REQ_GT2GM_HORSEINFO LINE:72
 	  Message:Player request horse info
LOGDEBUG
2016-09-19_17:12:33 FILE:../src/Object/Player/PlayerMessage.cpp FUNC:On_MSG_REQUEST_MSG_REQ_GT2GM_CHARATTR LINE:1122
 	  Message:Player request battle attribute
LOGDEBUG
2016-09-19_17:12:55 FILE:../src/EquipSmith/EquipSmithEx/EquipSmithExMgr.cpp FUNC:On_MSG_REQUEST_MSG_REQ_GT2GM_STONEDAADEL LINE:766
 	  Message:Player add or delete stone on stone
LOGDEBUG
2016-09-19_17:13:48 FILE:../src/Object/Player/PlayerMessage.cpp FUNC:On_MSG_REQUEST_MSG_REQ_GT2GM_PLAYERINFO LINE:1091
 	  Message:Player login on and get playerinfo[1]
LOGDEBUG
2016-09-19_17:13:48 FILE:../src/Object/Player/Player.cpp FUNC:InitBaseInfo LINE:1205
 	  Message:iRet=1802 err:[src/OpenApiV3.cpp][278][ParamIsValid]openid is invalid

LOGDEBUG
2016-09-19_17:13:48 FILE:../src/Object/Player/PlayerMessage.cpp FUNC:On_MSG_ACK_MSG_REQ_GM2DB_CONTAINERINFO LINE:1671
 	  Message:gameserver request dbserver player[12884901890] container info
LOGDEBUG
2016-09-19_17:13:48 FILE:../src/Object/Player/PlayerMessage.cpp FUNC:FinishiInit LINE:4050
 	  Message:finish player[12884901890] info 
LOGDEBUG
2016-09-19_17:13:48 FILE:../src/Object/Player/PlayerMessage.cpp FUNC:FinishiInit LINE:4085
 	  Message:player login in game and finish player[12884901890] info 
LOGDEBUG
2016-09-19_17:13:50 FILE:../src/Horse/HorseMessage.cpp FUNC:On_MSG_REQUEST_MSG_REQ_GT2GM_HORSEINFO LINE:72
 	  Message:Player request horse info
LOGDEBUG
2016-09-19_17:13:52 FILE:../src/Object/Player/PlayerMessage.cpp FUNC:On_MSG_REQUEST_MSG_REQ_GT2GM_CHARATTR LINE:1122
 	  Message:Player request battle attribute
LOGDEBUG
2016-09-19_17:14:41 FILE:../src/EquipSmith/EquipSmithEx/EquipSmithExMgr.cpp FUNC:On_MSG_REQUEST_MSG_REQ_GT2GM_STONEDAADEL LINE:766
 	  Message:Player add or delete stone on stone
LOGDEBUG
2016-09-19_17:14:47 FILE:../src/Object/Player/PlayerMessage.cpp FUNC:On_MSG_REQUEST_MSG_REQ_GT2GM_PLAYERINFO LINE:1091
 	  Message:Player login on and get playerinfo[1]
LOGDEBUG
2016-09-19_17:14:47 FILE:../src/Object/Player/Player.cpp FUNC:InitBaseInfo LINE:1205
 	  Message:iRet=1802 err:[src/OpenApiV3.cpp][278][ParamIsValid]openid is invalid

LOGDEBUG
2016-09-19_17:14:47 FILE:../src/Object/Player/PlayerMessage.cpp FUNC:On_MSG_ACK_MSG_REQ_GM2DB_CONTAINERINFO LINE:1671
 	  Message:gameserver request dbserver player[12884901890] container info
LOGDEBUG
2016-09-19_17:14:47 FILE:../src/Object/Player/PlayerMessage.cpp FUNC:FinishiInit LINE:4050
 	  Message:finish player[12884901890] info 
LOGDEBUG
2016-09-19_17:14:47 FILE:../src/Object/Player/PlayerMessage.cpp FUNC:FinishiInit LINE:4085
 	  Message:player login in game and finish player[12884901890] info 
LOGDEBUG
2016-09-19_17:14:49 FILE:../src/Horse/HorseMessage.cpp FUNC:On_MSG_REQUEST_MSG_REQ_GT2GM_HORSEINFO LINE:72
 	  Message:Player request horse info
LOGDEBUG
2016-09-19_17:14:51 FILE:../src/Object/Player/PlayerMessage.cpp FUNC:On_MSG_REQUEST_MSG_REQ_GT2GM_CHARATTR LINE:1122
 	  Message:Player request battle attribute
LOGDEBUG
2016-09-19_17:16:37 FILE:../src/EquipSmith/EquipSmithEx/EquipSmithExMgr.cpp FUNC:On_MSG_REQUEST_MSG_REQ_GT2GM_STONEDAADEL LINE:766
 	  Message:Player add or delete stone on stone
LOGDEBUG
2016-09-19_17:16:55 FILE:../src/Object/Player/PlayerMessage.cpp FUNC:On_MSG_REQUEST_MSG_REQ_GT2GM_PLAYERINFO LINE:1091
 	  Message:Player login on and get playerinfo[1]
LOGDEBUG
2016-09-19_17:16:55 FILE:../src/Object/Player/Player.cpp FUNC:InitBaseInfo LINE:1205
 	  Message:iRet=1802 err:[src/OpenApiV3.cpp][278][ParamIsValid]openid is invalid

LOGDEBUG
2016-09-19_17:16:55 FILE:../src/Object/Player/PlayerMessage.cpp FUNC:On_MSG_ACK_MSG_REQ_GM2DB_CONTAINERINFO LINE:1671
 	  Message:gameserver request dbserver player[12884901890] container info
LOGDEBUG
2016-09-19_17:16:55 FILE:../src/Object/Player/PlayerMessage.cpp FUNC:FinishiInit LINE:4050
 	  Message:finish player[12884901890] info 
LOGDEBUG
2016-09-19_17:16:55 FILE:../src/Object/Player/PlayerMessage.cpp FUNC:FinishiInit LINE:4085
 	  Message:player login in game and finish player[12884901890] info 
LOGDEBUG
2016-09-19_17:16:57 FILE:../src/Horse/HorseMessage.cpp FUNC:On_MSG_REQUEST_MSG_REQ_GT2GM_HORSEINFO LINE:72
 	  Message:Player request horse info
LOGDEBUG
2016-09-19_17:17:00 FILE:../src/Object/Player/PlayerMessage.cpp FUNC:On_MSG_REQUEST_MSG_REQ_GT2GM_CHARATTR LINE:1122
 	  Message:Player request battle attribute
LOGDEBUG
2016-09-19_17:18:42 FILE:../src/Object/Player/PlayerMessage.cpp FUNC:On_MSG_REQUEST_MSG_REQ_GT2GM_PLAYERINFO LINE:1091
 	  Message:Player login on and get playerinfo[1]
LOGDEBUG
2016-09-19_17:18:42 FILE:../src/Object/Player/Player.cpp FUNC:InitBaseInfo LINE:1205
 	  Message:iRet=1802 err:[src/OpenApiV3.cpp][278][ParamIsValid]openid is invalid

LOGDEBUG
2016-09-19_17:18:42 FILE:../src/Object/Player/PlayerMessage.cpp FUNC:On_MSG_ACK_MSG_REQ_GM2DB_CONTAINERINFO LINE:1671
 	  Message:gameserver request dbserver player[12884901890] container info
LOGDEBUG
2016-09-19_17:18:42 FILE:../src/Object/Player/PlayerMessage.cpp FUNC:FinishiInit LINE:4050
 	  Message:finish player[12884901890] info 
LOGDEBUG
2016-09-19_17:18:42 FILE:../src/Object/Player/PlayerMessage.cpp FUNC:FinishiInit LINE:4085
 	  Message:player login in game and finish player[12884901890] info 
LOGDEBUG
2016-09-19_17:18:44 FILE:../src/Horse/HorseMessage.cpp FUNC:On_MSG_REQUEST_MSG_REQ_GT2GM_HORSEINFO LINE:72
 	  Message:Player request horse info
LOGDEBUG
2016-09-19_17:18:46 FILE:../src/Object/Player/PlayerMessage.cpp FUNC:On_MSG_REQUEST_MSG_REQ_GT2GM_CHARATTR LINE:1122
 	  Message:Player request battle attribute
LOGDEBUG
2016-09-19_17:20:49 FILE:../src/Object/Player/PlayerMessage.cpp FUNC:On_MSG_REQUEST_MSG_REQ_GT2GM_PLAYERINFO LINE:1091
 	  Message:Player login on and get playerinfo[1]
LOGDEBUG
2016-09-19_17:20:49 FILE:../src/Object/Player/Player.cpp FUNC:InitBaseInfo LINE:1205
 	  Message:iRet=1802 err:[src/OpenApiV3.cpp][278][ParamIsValid]openid is invalid

LOGDEBUG
2016-09-19_17:20:49 FILE:../src/Object/Player/PlayerMessage.cpp FUNC:On_MSG_ACK_MSG_REQ_GM2DB_CONTAINERINFO LINE:1671
 	  Message:gameserver request dbserver player[12884901890] container info
LOGDEBUG
2016-09-19_17:20:49 FILE:../src/Object/Player/PlayerMessage.cpp FUNC:FinishiInit LINE:4050
 	  Message:finish player[12884901890] info 
LOGDEBUG
2016-09-19_17:20:49 FILE:../src/Object/Player/PlayerMessage.cpp FUNC:FinishiInit LINE:4085
 	  Message:player login in game and finish player[12884901890] info 
LOGDEBUG
2016-09-19_17:20:51 FILE:../src/Horse/HorseMessage.cpp FUNC:On_MSG_REQUEST_MSG_REQ_GT2GM_HORSEINFO LINE:72
 	  Message:Player request horse info
LOGDEBUG
2016-09-19_17:20:53 FILE:../src/Object/Player/PlayerMessage.cpp FUNC:On_MSG_REQUEST_MSG_REQ_GT2GM_CHARATTR LINE:1122
 	  Message:Player request battle attribute
LOGDEBUG
2016-09-19_17:27:59 FILE:../src/Object/Player/PlayerMessage.cpp FUNC:On_MSG_REQUEST_MSG_REQ_GT2GM_PLAYERINFO LINE:1091
 	  Message:Player login on and get playerinfo[1]
LOGDEBUG
2016-09-19_17:27:59 FILE:../src/Object/Player/Player.cpp FUNC:InitBaseInfo LINE:1205
 	  Message:iRet=1802 err:[src/OpenApiV3.cpp][278][ParamIsValid]openid is invalid

LOGDEBUG
2016-09-19_17:27:59 FILE:../src/Object/Player/PlayerMessage.cpp FUNC:On_MSG_ACK_MSG_REQ_GM2DB_CONTAINERINFO LINE:1671
 	  Message:gameserver request dbserver player[12884901890] container info
LOGDEBUG
2016-09-19_17:27:59 FILE:../src/Object/Player/PlayerMessage.cpp FUNC:FinishiInit LINE:4050
 	  Message:finish player[12884901890] info 
LOGDEBUG
2016-09-19_17:27:59 FILE:../src/Object/Player/PlayerMessage.cpp FUNC:FinishiInit LINE:4085
 	  Message:player login in game and finish player[12884901890] info 
LOGDEBUG
2016-09-19_17:28:01 FILE:../src/Horse/HorseMessage.cpp FUNC:On_MSG_REQUEST_MSG_REQ_GT2GM_HORSEINFO LINE:72
 	  Message:Player request horse info
LOGDEBUG
2016-09-19_17:28:03 FILE:../src/Object/Player/PlayerMessage.cpp FUNC:On_MSG_REQUEST_MSG_REQ_GT2GM_CHARATTR LINE:1122
 	  Message:Player request battle attribute
LOGDEBUG
2016-09-19_17:29:18 FILE:../src/Object/Player/PlayerMessage.cpp FUNC:On_MSG_REQUEST_MSG_REQ_GT2GM_PLAYERINFO LINE:1091
 	  Message:Player login on and get playerinfo[1]
LOGDEBUG
2016-09-19_17:29:18 FILE:../src/Object/Player/Player.cpp FUNC:InitBaseInfo LINE:1205
 	  Message:iRet=1802 err:[src/OpenApiV3.cpp][278][ParamIsValid]openid is invalid

LOGDEBUG
2016-09-19_17:29:18 FILE:../src/Object/Player/PlayerMessage.cpp FUNC:On_MSG_ACK_MSG_REQ_GM2DB_CONTAINERINFO LINE:1671
 	  Message:gameserver request dbserver player[12884901890] container info
LOGDEBUG
2016-09-19_17:29:19 FILE:../src/Object/Player/PlayerMessage.cpp FUNC:FinishiInit LINE:4050
 	  Message:finish player[12884901890] info 
LOGDEBUG
2016-09-19_17:29:19 FILE:../src/Object/Player/PlayerMessage.cpp FUNC:FinishiInit LINE:4085
 	  Message:player login in game and finish player[12884901890] info 
LOGDEBUG
2016-09-19_17:29:21 FILE:../src/Horse/HorseMessage.cpp FUNC:On_MSG_REQUEST_MSG_REQ_GT2GM_HORSEINFO LINE:72
 	  Message:Player request horse info
LOGDEBUG
2016-09-19_17:29:22 FILE:../src/Object/Player/PlayerMessage.cpp FUNC:On_MSG_REQUEST_MSG_REQ_GT2GM_CHARATTR LINE:1122
 	  Message:Player request battle attribute
LOGDEBUG
2016-09-19_17:30:03 FILE:../src/Map/CreatMapTask.cpp FUNC:On_MSG_REQUEST_MSG_REQ_WS2GM_CREATESCENE LINE:303
 	  Message:gateserver request gameserver create map