
LOGDEBUG
2016-09-10_15:25:05 FILE:../src/ServerManager.cpp FUNC:On_MSG_ACK_MSG_SIM_GT2GM_PUSHSERVERID LINE:393
 	  Message:gateServer push server id
LOGDEBUG
2016-09-10_15:25:06 FILE:../src/ServerManager.cpp FUNC:On_MSG_ACK_MSG_SIM_DB2GM_PUSHSERVERID LINE:431
 	  Message:dbServer push server id
LOGDEBUG
2016-09-10_15:25:06 FILE:../src/ServerManager.cpp FUNC:On_MSG_ACK_MSG_REQ_GM2WS_PUSHSERVERID LINE:463
 	  Message:worldserver push server id
LOGDEBUG
2016-09-10_15:25:06 FILE:../src/ServerManager.cpp FUNC:On_MSG_ACK_MSG_REQ_GM2MS_PUSHSERVERID LINE:497
 	  Message:managerServer push server id
LOGDEBUG
2016-09-10_15:25:06 FILE:../src/Map/CreatMapTask.cpp FUNC:On_MSG_REQUEST_MSG_REQ_WS2GM_CREATESCENE LINE:303
 	  Message:gateserver request gameserver create map
LOGDEBUG
2016-09-10_15:25:06 FILE:../src/Map/CreatMapTask.cpp FUNC:On_MSG_REQUEST_MSG_REQ_WS2GM_CREATESCENE LINE:303
 	  Message:gateserver request gameserver create map
LOGDEBUG
2016-09-10_15:25:06 FILE:../src/Map/CreatMapTask.cpp FUNC:On_MSG_REQUEST_MSG_REQ_WS2GM_CREATESCENE LINE:303
 	  Message:gateserver request gameserver create map
LOGDEBUG
2016-09-10_15:25:06 FILE:../src/Map/CreatMapTask.cpp FUNC:On_MSG_REQUEST_MSG_REQ_WS2GM_CREATESCENE LINE:303
 	  Message:gateserver request gameserver create map
LOGDEBUG
2016-09-10_15:25:06 FILE:../src/Map/CreatMapTask.cpp FUNC:On_MSG_REQUEST_MSG_REQ_WS2GM_CREATESCENE LINE:303
 	  Message:gateserver request gameserver create map
LOGDEBUG
2016-09-10_15:25:06 FILE:../src/Map/CreatMapTask.cpp FUNC:On_MSG_REQUEST_MSG_REQ_WS2GM_CREATESCENE LINE:303
 	  Message:gateserver request gameserver create map
LOGDEBUG
2016-09-10_15:25:06 FILE:../src/Map/CreatMapTask.cpp FUNC:On_MSG_REQUEST_MSG_REQ_WS2GM_CREATESCENE LINE:303
 	  Message:gateserver request gameserver create map
LOGDEBUG
2016-09-10_15:25:06 FILE:../src/Map/CreatMapTask.cpp FUNC:On_MSG_REQUEST_MSG_REQ_WS2GM_CREATESCENE LINE:303
 	  Message:gateserver request gameserver create map
LOGDEBUG
2016-09-10_15:25:06 FILE:../src/Map/CreatMapTask.cpp FUNC:On_MSG_REQUEST_MSG_REQ_WS2GM_CREATESCENE LINE:303
 	  Message:gateserver request gameserver create map
LOGDEBUG
2016-09-10_15:25:06 FILE:../src/Map/CreatMapTask.cpp FUNC:On_MSG_REQUEST_MSG_REQ_WS2GM_CREATESCENE LINE:303
 	  Message:gateserver request gameserver create map
LOGDEBUG
2016-09-10_15:25:06 FILE:../src/Map/CreatMapTask.cpp FUNC:On_MSG_REQUEST_MSG_REQ_WS2GM_CREATESCENE LINE:303
 	  Message:gateserver request gameserver create map
LOGDEBUG
2016-09-10_15:25:06 FILE:../src/Map/CreatMapTask.cpp FUNC:On_MSG_REQUEST_MSG_REQ_WS2GM_CREATESCENE LINE:303
 	  Message:gateserver request gameserver create map
LOGDEBUG
2016-09-10_15:25:06 FILE:../src/Map/CreatMapTask.cpp FUNC:On_MSG_REQUEST_MSG_REQ_WS2GM_CREATESCENE LINE:303
 	  Message:gateserver request gameserver create map
LOGDEBUG
2016-09-10_15:25:06 FILE:../src/Map/CreatMapTask.cpp FUNC:On_MSG_REQUEST_MSG_REQ_WS2GM_CREATESCENE LINE:303
 	  Message:gateserver request gameserver create map
LOGDEBUG
2016-09-10_15:25:06 FILE:../src/Map/CreatMapTask.cpp FUNC:On_MSG_REQUEST_MSG_REQ_WS2GM_CREATESCENE LINE:303
 	  Message:gateserver request gameserver create map
LOGDEBUG
2016-09-10_15:25:06 FILE:../src/Map/CreatMapTask.cpp FUNC:On_MSG_REQUEST_MSG_REQ_WS2GM_CREATESCENE LINE:303
 	  Message:gateserver request gameserver create map
LOGDEBUG
2016-09-10_15:25:06 FILE:../src/Map/CreatMapTask.cpp FUNC:On_MSG_REQUEST_MSG_REQ_WS2GM_CREATESCENE LINE:303
 	  Message:gateserver request gameserver create map
LOGDEBUG
2016-09-10_15:25:06 FILE:../src/Map/CreatMapTask.cpp FUNC:On_MSG_REQUEST_MSG_REQ_WS2GM_CREATESCENE LINE:303
 	  Message:gateserver request gameserver create map
LOGDEBUG
2016-09-10_15:25:06 FILE:../src/Map/CreatMapTask.cpp FUNC:On_MSG_REQUEST_MSG_REQ_WS2GM_CREATESCENE LINE:303
 	  Message:gateserver request gameserver create map
LOGDEBUG
2016-09-10_15:25:06 FILE:../src/Map/CreatMapTask.cpp FUNC:On_MSG_REQUEST_MSG_REQ_WS2GM_CREATESCENE LINE:303
 	  Message:gateserver request gameserver create map
LOGDEBUG
2016-09-10_15:26:37 FILE:../src/Object/Player/PlayerMessage.cpp FUNC:On_MSG_REQUEST_MSG_REQ_GT2GM_PLAYERINFO LINE:1091
 	  Message:Player login on and get playerinfo[1]
LOGDEBUG
2016-09-10_15:26:37 FILE:../src/Object/Player/Player.cpp FUNC:InitBaseInfo LINE:1205
 	  Message:iRet=1802 err:[src/OpenApiV3.cpp][278][ParamIsValid]openid is invalid

LOGDEBUG
2016-09-10_15:26:37 FILE:../src/Object/Player/PlayerMessage.cpp FUNC:On_MSG_ACK_MSG_REQ_GM2DB_CONTAINERINFO LINE:1671
 	  Message:gameserver request dbserver player[4294968829] container info
LOGDEBUG
2016-09-10_15:26:37 FILE:../src/Object/Player/PlayerMessage.cpp FUNC:FinishiInit LINE:4050
 	  Message:finish player[4294968829] info 
LOGDEBUG
2016-09-10_15:26:37 FILE:../src/Object/Player/PlayerMessage.cpp FUNC:FinishiInit LINE:4085
 	  Message:player login in game and finish player[4294968829] info 
LOGDEBUG
2016-09-10_15:26:37 FILE:../src/QuestNew/AcceptedQuest.cpp FUNC:updateToClient LINE:270
 	  Message:Player 281479271679485 CanSubmit Task,10005 type,1 state,3 numStar,1 rewardStar,1 times,0 nowNum,1 targeNum,1
LOGDEBUG
2016-09-10_15:26:38 FILE:../src/Mail/MailMessage.cpp FUNC:On_MSG_QUICK_REQUEST_MSG_REQ_C2GM_MAILS LINE:80
 	  Message:client req gt get mails
LOGDEBUG
2016-09-10_15:26:39 FILE:../src/Horse/HorseMessage.cpp FUNC:On_MSG_REQUEST_MSG_REQ_GT2GM_HORSEINFO LINE:72
 	  Message:Player request horse info
LOGDEBUG
2016-09-10_15:26:47 FILE:../src/Object/Player/PlayerMessage.cpp FUNC:On_MSG_REQUEST_MSG_REQ_GT2GM_CHARATTR LINE:1122
 	  Message:Player request battle attribute
LOGDEBUG
2016-09-10_15:27:37 FILE:../src/EquipSmith/EquipSmith/EquipSmithMgr.cpp FUNC:On_MSG_REQUEST_MSG_REQ_GT2GM_REFINE LINE:1235
 	  Message:Player GT2GM refine
LOGDEBUG
2016-09-10_15:27:37 FILE:../src/EquipSmith/EquipSmith/EquipSmithMgr.cpp FUNC:RefineEquip LINE:1590
 	  Message:refine GM TO GAT
LOGDEBUG
2016-09-10_15:27:40 FILE:../src/EquipSmith/EquipSmith/EquipSmithMgr.cpp FUNC:On_MSG_REQUEST_MSG_REQ_GT2GM_REFINE LINE:1235
 	  Message:Player GT2GM refine
LOGDEBUG
2016-09-10_15:27:40 FILE:../src/EquipSmith/EquipSmith/EquipSmithMgr.cpp FUNC:RefineEquip LINE:1590
 	  Message:refine GM TO GAT
LOGDEBUG
2016-09-10_15:27:41 FILE:../src/EquipSmith/EquipSmith/EquipSmithMgr.cpp FUNC:On_MSG_REQUEST_MSG_REQ_GT2GM_REFINE LINE:1235
 	  Message:Player GT2GM refine
LOGDEBUG
2016-09-10_15:27:41 FILE:../src/EquipSmith/EquipSmith/EquipSmithMgr.cpp FUNC:RefineEquip LINE:1590
 	  Message:refine GM TO GAT
LOGDEBUG
2016-09-10_15:27:42 FILE:../src/EquipSmith/EquipSmith/EquipSmithMgr.cpp FUNC:On_MSG_REQUEST_MSG_REQ_GT2GM_REFINE LINE:1235
 	  Message:Player GT2GM refine
LOGDEBUG
2016-09-10_15:27:42 FILE:../src/EquipSmith/EquipSmith/EquipSmithMgr.cpp FUNC:RefineEquip LINE:1590
 	  Message:refine GM TO GAT
LOGDEBUG
2016-09-10_15:27:43 FILE:../src/EquipSmith/EquipSmith/EquipSmithMgr.cpp FUNC:On_MSG_REQUEST_MSG_REQ_GT2GM_REFINE LINE:1235
 	  Message:Player GT2GM refine
LOGDEBUG
2016-09-10_15:27:43 FILE:../src/EquipSmith/EquipSmith/EquipSmithMgr.cpp FUNC:RefineEquip LINE:1590
 	  Message:refine GM TO GAT
LOGDEBUG
2016-09-10_15:27:44 FILE:../src/EquipSmith/EquipSmith/EquipSmithMgr.cpp FUNC:On_MSG_REQUEST_MSG_REQ_GT2GM_REFINE LINE:1235
 	  Message:Player GT2GM refine
LOGDEBUG
2016-09-10_15:27:44 FILE:../src/EquipSmith/EquipSmith/EquipSmithMgr.cpp FUNC:RefineEquip LINE:1590
 	  Message:refine GM TO GAT
LOGDEBUG
2016-09-10_15:27:47 FILE:../src/EquipSmith/EquipSmith/EquipSmithMgr.cpp FUNC:On_MSG_REQUEST_MSG_REQ_GT2GM_AFFIRMREFINE LINE:1322
 	  Message:return AffirmRefine state = 0
LOGDEBUG
2016-09-10_15:28:21 FILE:../src/EquipSmith/EquipSmith/EquipSmithMgr.cpp FUNC:On_MSG_REQUEST_MSG_REQ_GT2GM_STRENGTHEQUIP LINE:1334
 	  Message:Player start to strength equip
LOGDEBUG
2016-09-10_15:28:22 FILE:../src/EquipSmith/EquipSmith/EquipSmithMgr.cpp FUNC:On_MSG_REQUEST_MSG_REQ_GT2GM_STRENGTHEQUIP LINE:1334
 	  Message:Player start to strength equip
LOGDEBUG
2016-09-10_15:28:25 FILE:../src/EquipSmith/EquipSmith/EquipSmithMgr.cpp FUNC:On_MSG_REQUEST_MSG_REQ_GT2GM_STRENGTHEQUIP LINE:1334
 	  Message:Player start to strength equip
LOGDEBUG
2016-09-10_15:28:26 FILE:../src/EquipSmith/EquipSmith/EquipSmithMgr.cpp FUNC:On_MSG_REQUEST_MSG_REQ_GT2GM_STRENGTHEQUIP LINE:1334
 	  Message:Player start to strength equip
LOGDEBUG
2016-09-10_15:28:26 FILE:../src/EquipSmith/EquipSmith/EquipSmithMgr.cpp FUNC:On_MSG_REQUEST_MSG_REQ_GT2GM_STRENGTHEQUIP LINE:1334
 	  Message:Player start to strength equip
LOGDEBUG
2016-09-10_15:28:26 FILE:../src/EquipSmith/EquipSmith/EquipSmithMgr.cpp FUNC:On_MSG_REQUEST_MSG_REQ_GT2GM_STRENGTHEQUIP LINE:1334
 	  Message:Player start to strength equip
LOGDEBUG
2016-09-10_15:28:26 FILE:../src/EquipSmith/EquipSmith/EquipSmithMgr.cpp FUNC:On_MSG_REQUEST_MSG_REQ_GT2GM_STRENGTHEQUIP LINE:1334
 	  Message:Player start to strength equip
LOGDEBUG
2016-09-10_15:28:26 FILE:../src/EquipSmith/EquipSmith/EquipSmithMgr.cpp FUNC:On_MSG_REQUEST_MSG_REQ_GT2GM_STRENGTHEQUIP LINE:1334
 	  Message:Player start to strength equip
LOGDEBUG
2016-09-10_15:33:45 FILE:../src/Object/Player/PlayerMessage.cpp FUNC:On_MSG_REQUEST_MSG_REQ_GT2GM_CHARATTR LINE:1122
 	  Message:Player request battle attribute
LOGDEBUG
2016-09-10_15:34:07 FILE:../src/Object/Player/PlayerMessage.cpp FUNC:On_MSG_REQUEST_MSG_REQ_GT2GM_PLAYERINFO LINE:1091
 	  Message:Player login on and get playerinfo[1]
LOGDEBUG
2016-09-10_15:34:07 FILE:../src/Object/Player/Player.cpp FUNC:InitBaseInfo LINE:1205
 	  Message:iRet=1802 err:[src/OpenApiV3.cpp][278][ParamIsValid]openid is invalid

LOGDEBUG
2016-09-10_15:34:07 FILE:../src/Object/Player/PlayerMessage.cpp FUNC:On_MSG_ACK_MSG_REQ_GM2DB_CONTAINERINFO LINE:1671
 	  Message:gameserver request dbserver player[4294968829] container info
LOGDEBUG
2016-09-10_15:34:07 FILE:../src/Object/Player/PlayerMessage.cpp FUNC:FinishiInit LINE:4050
 	  Message:finish player[4294968829] info 
LOGDEBUG
2016-09-10_15:34:07 FILE:../src/Object/Player/PlayerMessage.cpp FUNC:FinishiInit LINE:4085
 	  Message:player login in game and finish player[4294968829] info 
LOGDEBUG
2016-09-10_15:34:07 FILE:../src/QuestNew/AcceptedQuest.cpp FUNC:updateToClient LINE:270
 	  Message:Player 281479271679485 CanSubmit Task,10005 type,1 state,3 numStar,1 rewardStar,1 times,0 nowNum,1 targeNum,1
LOGDEBUG
2016-09-10_15:34:08 FILE:../src/Mail/MailMessage.cpp FUNC:On_MSG_QUICK_REQUEST_MSG_REQ_C2GM_MAILS LINE:80
 	  Message:client req gt get mails
LOGDEBUG
2016-09-10_15:34:09 FILE:../src/Horse/HorseMessage.cpp FUNC:On_MSG_REQUEST_MSG_REQ_GT2GM_HORSEINFO LINE:72
 	  Message:Player request horse info
LOGDEBUG
2016-09-10_15:35:07 FILE:../src/EquipSmith/EquipSmith/EquipSmithMgr.cpp FUNC:On_MSG_REQUEST_MSG_REQ_GT2GM_STRENGTHEQUIP LINE:1334
 	  Message:Player start to strength equip
LOGDEBUG
2016-09-10_15:35:07 FILE:../src/EquipSmith/EquipSmith/EquipSmithMgr.cpp FUNC:On_MSG_REQUEST_MSG_REQ_GT2GM_STRENGTHEQUIP LINE:1334
 	  Message:Player start to strength equip
LOGDEBUG
2016-09-10_15:35:07 FILE:../src/EquipSmith/EquipSmith/EquipSmithMgr.cpp FUNC:On_MSG_REQUEST_MSG_REQ_GT2GM_STRENGTHEQUIP LINE:1334
 	  Message:Player start to strength equip
LOGDEBUG
2016-09-10_15:35:07 FILE:../src/EquipSmith/EquipSmith/EquipSmithMgr.cpp FUNC:On_MSG_REQUEST_MSG_REQ_GT2GM_STRENGTHEQUIP LINE:1334
 	  Message:Player start to strength equip
LOGDEBUG
2016-09-10_15:35:07 FILE:../src/EquipSmith/EquipSmith/EquipSmithMgr.cpp FUNC:On_MSG_REQUEST_MSG_REQ_GT2GM_STRENGTHEQUIP LINE:1334
 	  Message:Player start to strength equip
LOGDEBUG
2016-09-10_15:35:07 FILE:../src/EquipSmith/EquipSmith/EquipSmithMgr.cpp FUNC:On_MSG_REQUEST_MSG_REQ_GT2GM_STRENGTHEQUIP LINE:1334
 	  Message:Player start to strength equip
LOGDEBUG
2016-09-10_15:35:07 FILE:../src/EquipSmith/EquipSmith/EquipSmithMgr.cpp FUNC:On_MSG_REQUEST_MSG_REQ_GT2GM_STRENGTHEQUIP LINE:1334
 	  Message:Player start to strength equip
LOGDEBUG
2016-09-10_15:35:08 FILE:../src/EquipSmith/EquipSmith/EquipSmithMgr.cpp FUNC:On_MSG_REQUEST_MSG_REQ_GT2GM_STRENGTHEQUIP LINE:1334
 	  Message:Player start to strength equip
LOGDEBUG
2016-09-10_15:35:08 FILE:../src/EquipSmith/EquipSmith/EquipSmithMgr.cpp FUNC:On_MSG_REQUEST_MSG_REQ_GT2GM_STRENGTHEQUIP LINE:1334
 	  Message:Player start to strength equip
LOGDEBUG
2016-09-10_15:35:08 FILE:../src/EquipSmith/EquipSmith/EquipSmithMgr.cpp FUNC:On_MSG_REQUEST_MSG_REQ_GT2GM_STRENGTHEQUIP LINE:1334
 	  Message:Player start to strength equip
LOGDEBUG
2016-09-10_15:35:17 FILE:../src/EquipSmith/EquipSmith/EquipSmithMgr.cpp FUNC:On_MSG_REQUEST_MSG_REQ_GT2GM_REFINE LINE:1235
 	  Message:Player GT2GM refine
LOGDEBUG
2016-09-10_15:35:17 FILE:../src/EquipSmith/EquipSmith/EquipSmithMgr.cpp FUNC:RefineEquip LINE:1590
 	  Message:refine GM TO GAT
LOGDEBUG
2016-09-10_15:35:19 FILE:../src/EquipSmith/EquipSmith/EquipSmithMgr.cpp FUNC:On_MSG_REQUEST_MSG_REQ_GT2GM_AFFIRMREFINE LINE:1322
 	  Message:return AffirmRefine state = 0
LOGDEBUG
2016-09-10_15:35:22 FILE:../src/EquipSmith/EquipSmith/EquipSmithMgr.cpp FUNC:On_MSG_REQUEST_MSG_REQ_GT2GM_REFINE LINE:1235
 	  Message:Player GT2GM refine
LOGDEBUG
2016-09-10_15:35:22 FILE:../src/EquipSmith/EquipSmith/EquipSmithMgr.cpp FUNC:RefineEquip LINE:1590
 	  Message:refine GM TO GAT
LOGDEBUG
2016-09-10_15:35:24 FILE:../src/EquipSmith/EquipSmith/EquipSmithMgr.cpp FUNC:On_MSG_REQUEST_MSG_REQ_GT2GM_AFFIRMREFINE LINE:1322
 	  Message:return AffirmRefine state = 0