
LOGDEBUG
2016-09-10_16:09:56 FILE:../src/ServerManager.cpp FUNC:On_MSG_ACK_MSG_SIM_GT2GM_PUSHSERVERID LINE:393
 	  Message:gateServer push server id
LOGDEBUG
2016-09-10_16:09:57 FILE:../src/ServerManager.cpp FUNC:On_MSG_ACK_MSG_SIM_DB2GM_PUSHSERVERID LINE:431
 	  Message:dbServer push server id
LOGDEBUG
2016-09-10_16:09:57 FILE:../src/ServerManager.cpp FUNC:On_MSG_ACK_MSG_REQ_GM2WS_PUSHSERVERID LINE:463
 	  Message:worldserver push server id
LOGDEBUG
2016-09-10_16:09:57 FILE:../src/ServerManager.cpp FUNC:On_MSG_ACK_MSG_REQ_GM2MS_PUSHSERVERID LINE:497
 	  Message:managerServer push server id
LOGDEBUG
2016-09-10_16:09:57 FILE:../src/Map/CreatMapTask.cpp FUNC:On_MSG_REQUEST_MSG_REQ_WS2GM_CREATESCENE LINE:303
 	  Message:gateserver request gameserver create map
LOGDEBUG
2016-09-10_16:09:57 FILE:../src/Map/CreatMapTask.cpp FUNC:On_MSG_REQUEST_MSG_REQ_WS2GM_CREATESCENE LINE:303
 	  Message:gateserver request gameserver create map
LOGDEBUG
2016-09-10_16:09:57 FILE:../src/Map/CreatMapTask.cpp FUNC:On_MSG_REQUEST_MSG_REQ_WS2GM_CREATESCENE LINE:303
 	  Message:gateserver request gameserver create map
LOGDEBUG
2016-09-10_16:09:57 FILE:../src/Map/CreatMapTask.cpp FUNC:On_MSG_REQUEST_MSG_REQ_WS2GM_CREATESCENE LINE:303
 	  Message:gateserver request gameserver create map
LOGDEBUG
2016-09-10_16:09:57 FILE:../src/Map/CreatMapTask.cpp FUNC:On_MSG_REQUEST_MSG_REQ_WS2GM_CREATESCENE LINE:303
 	  Message:gateserver request gameserver create map
LOGDEBUG
2016-09-10_16:09:57 FILE:../src/Map/CreatMapTask.cpp FUNC:On_MSG_REQUEST_MSG_REQ_WS2GM_CREATESCENE LINE:303
 	  Message:gateserver request gameserver create map
LOGDEBUG
2016-09-10_16:09:57 FILE:../src/Map/CreatMapTask.cpp FUNC:On_MSG_REQUEST_MSG_REQ_WS2GM_CREATESCENE LINE:303
 	  Message:gateserver request gameserver create map
LOGDEBUG
2016-09-10_16:09:57 FILE:../src/Map/CreatMapTask.cpp FUNC:On_MSG_REQUEST_MSG_REQ_WS2GM_CREATESCENE LINE:303
 	  Message:gateserver request gameserver create map
LOGDEBUG
2016-09-10_16:09:57 FILE:../src/Map/CreatMapTask.cpp FUNC:On_MSG_REQUEST_MSG_REQ_WS2GM_CREATESCENE LINE:303
 	  Message:gateserver request gameserver create map
LOGDEBUG
2016-09-10_16:09:57 FILE:../src/Map/CreatMapTask.cpp FUNC:On_MSG_REQUEST_MSG_REQ_WS2GM_CREATESCENE LINE:303
 	  Message:gateserver request gameserver create map
LOGDEBUG
2016-09-10_16:09:57 FILE:../src/Map/CreatMapTask.cpp FUNC:On_MSG_REQUEST_MSG_REQ_WS2GM_CREATESCENE LINE:303
 	  Message:gateserver request gameserver create map
LOGDEBUG
2016-09-10_16:09:57 FILE:../src/Map/CreatMapTask.cpp FUNC:On_MSG_REQUEST_MSG_REQ_WS2GM_CREATESCENE LINE:303
 	  Message:gateserver request gameserver create map
LOGDEBUG
2016-09-10_16:09:57 FILE:../src/Map/CreatMapTask.cpp FUNC:On_MSG_REQUEST_MSG_REQ_WS2GM_CREATESCENE LINE:303
 	  Message:gateserver request gameserver create map
LOGDEBUG
2016-09-10_16:09:57 FILE:../src/Map/CreatMapTask.cpp FUNC:On_MSG_REQUEST_MSG_REQ_WS2GM_CREATESCENE LINE:303
 	  Message:gateserver request gameserver create map
LOGDEBUG
2016-09-10_16:09:57 FILE:../src/Map/CreatMapTask.cpp FUNC:On_MSG_REQUEST_MSG_REQ_WS2GM_CREATESCENE LINE:303
 	  Message:gateserver request gameserver create map
LOGDEBUG
2016-09-10_16:09:57 FILE:../src/Map/CreatMapTask.cpp FUNC:On_MSG_REQUEST_MSG_REQ_WS2GM_CREATESCENE LINE:303
 	  Message:gateserver request gameserver create map
LOGDEBUG
2016-09-10_16:09:57 FILE:../src/Map/CreatMapTask.cpp FUNC:On_MSG_REQUEST_MSG_REQ_WS2GM_CREATESCENE LINE:303
 	  Message:gateserver request gameserver create map
LOGDEBUG
2016-09-10_16:09:57 FILE:../src/Map/CreatMapTask.cpp FUNC:On_MSG_REQUEST_MSG_REQ_WS2GM_CREATESCENE LINE:303
 	  Message:gateserver request gameserver create map
LOGDEBUG
2016-09-10_16:09:57 FILE:../src/Map/CreatMapTask.cpp FUNC:On_MSG_REQUEST_MSG_REQ_WS2GM_CREATESCENE LINE:303
 	  Message:gateserver request gameserver create map
LOGDEBUG
2016-09-10_16:09:57 FILE:../src/Map/CreatMapTask.cpp FUNC:On_MSG_REQUEST_MSG_REQ_WS2GM_CREATESCENE LINE:303
 	  Message:gateserver request gameserver create map
LOGDEBUG
2016-09-10_16:12:22 FILE:../src/Object/Player/PlayerMessage.cpp FUNC:On_MSG_REQUEST_MSG_REQ_GT2GM_PLAYERINFO LINE:1091
 	  Message:Player login on and get playerinfo[1]
LOGDEBUG
2016-09-10_16:12:22 FILE:../src/Object/Player/Player.cpp FUNC:InitBaseInfo LINE:1205
 	  Message:iRet=1802 err:[src/OpenApiV3.cpp][278][ParamIsValid]openid is invalid

LOGDEBUG
2016-09-10_16:12:22 FILE:../src/Object/Player/PlayerMessage.cpp FUNC:On_MSG_ACK_MSG_REQ_GM2DB_CONTAINERINFO LINE:1671
 	  Message:gameserver request dbserver player[4294968829] container info
LOGDEBUG
2016-09-10_16:12:22 FILE:../src/Object/Player/PlayerMessage.cpp FUNC:FinishiInit LINE:4050
 	  Message:finish player[4294968829] info 
LOGDEBUG
2016-09-10_16:12:22 FILE:../src/Object/Player/PlayerMessage.cpp FUNC:FinishiInit LINE:4085
 	  Message:player login in game and finish player[4294968829] info 
LOGDEBUG
2016-09-10_16:12:22 FILE:../src/QuestNew/AcceptedQuest.cpp FUNC:updateToClient LINE:270
 	  Message:Player 281479271679485 CanSubmit Task,10005 type,1 state,3 numStar,1 rewardStar,1 times,0 nowNum,1 targeNum,1
LOGDEBUG
2016-09-10_16:12:23 FILE:../src/Mail/MailMessage.cpp FUNC:On_MSG_QUICK_REQUEST_MSG_REQ_C2GM_MAILS LINE:80
 	  Message:client req gt get mails
LOGDEBUG
2016-09-10_16:12:24 FILE:../src/Horse/HorseMessage.cpp FUNC:On_MSG_REQUEST_MSG_REQ_GT2GM_HORSEINFO LINE:72
 	  Message:Player request horse info
LOGDEBUG
2016-09-10_16:12:37 FILE:../src/Object/Player/PlayerMessage.cpp FUNC:On_MSG_REQUEST_MSG_REQ_GT2GM_CHARATTR LINE:1122
 	  Message:Player request battle attribute
LOGDEBUG
2016-09-10_16:12:51 FILE:../src/Object/Player/PlayerMessage.cpp FUNC:On_MSG_REQUEST_MSG_REQ_GT2GM_PLAYERINFO LINE:1091
 	  Message:Player login on and get playerinfo[1]
LOGDEBUG
2016-09-10_16:12:51 FILE:../src/Object/Player/Player.cpp FUNC:InitBaseInfo LINE:1205
 	  Message:iRet=1802 err:[src/OpenApiV3.cpp][278][ParamIsValid]openid is invalid

LOGDEBUG
2016-09-10_16:12:51 FILE:../src/Object/Player/PlayerMessage.cpp FUNC:On_MSG_ACK_MSG_REQ_GM2DB_CONTAINERINFO LINE:1671
 	  Message:gameserver request dbserver player[4294968829] container info
LOGDEBUG
2016-09-10_16:12:51 FILE:../src/Object/Player/PlayerMessage.cpp FUNC:FinishiInit LINE:4050
 	  Message:finish player[4294968829] info 
LOGDEBUG
2016-09-10_16:12:51 FILE:../src/Object/Player/PlayerMessage.cpp FUNC:FinishiInit LINE:4085
 	  Message:player login in game and finish player[4294968829] info 
LOGDEBUG
2016-09-10_16:12:51 FILE:../src/QuestNew/AcceptedQuest.cpp FUNC:updateToClient LINE:270
 	  Message:Player 281479271679485 CanSubmit Task,10005 type,1 state,3 numStar,1 rewardStar,1 times,0 nowNum,1 targeNum,1
LOGDEBUG
2016-09-10_16:12:52 FILE:../src/Mail/MailMessage.cpp FUNC:On_MSG_QUICK_REQUEST_MSG_REQ_C2GM_MAILS LINE:80
 	  Message:client req gt get mails
LOGDEBUG
2016-09-10_16:12:53 FILE:../src/Horse/HorseMessage.cpp FUNC:On_MSG_REQUEST_MSG_REQ_GT2GM_HORSEINFO LINE:72
 	  Message:Player request horse info
LOGDEBUG
2016-09-10_16:16:57 FILE:../src/Object/Player/PlayerMessage.cpp FUNC:On_MSG_REQUEST_MSG_REQ_GT2GM_PLAYERINFO LINE:1091
 	  Message:Player login on and get playerinfo[1]
LOGDEBUG
2016-09-10_16:16:57 FILE:../src/Object/Player/Player.cpp FUNC:InitBaseInfo LINE:1205
 	  Message:iRet=1802 err:[src/OpenApiV3.cpp][278][ParamIsValid]openid is invalid

LOGDEBUG
2016-09-10_16:17:55 FILE:../src/Object/Player/PlayerMessage.cpp FUNC:On_MSG_ACK_MSG_REQ_GM2DB_CONTAINERINFO LINE:1671
 	  Message:gameserver request dbserver player[4294968829] container info
LOGDEBUG
2016-09-10_16:18:04 FILE:../src/Object/Player/PlayerMessage.cpp FUNC:On_MSG_REQUEST_MSG_REQ_GT2GM_PLAYERINFO LINE:1091
 	  Message:Player login on and get playerinfo[1]
LOGDEBUG
2016-09-10_16:18:05 FILE:../src/Object/Player/Player.cpp FUNC:InitBaseInfo LINE:1205
 	  Message:iRet=1802 err:[src/OpenApiV3.cpp][278][ParamIsValid]openid is invalid

LOGDEBUG
2016-09-10_16:18:05 FILE:../src/Object/Player/PlayerMessage.cpp FUNC:On_MSG_ACK_MSG_REQ_GM2DB_CONTAINERINFO LINE:1671
 	  Message:gameserver request dbserver player[4294968829] container info
LOGDEBUG
2016-09-10_16:18:05 FILE:../src/Object/Player/PlayerMessage.cpp FUNC:FinishiInit LINE:4050
 	  Message:finish player[4294968829] info 
LOGDEBUG
2016-09-10_16:18:05 FILE:../src/Object/Player/PlayerMessage.cpp FUNC:FinishiInit LINE:4085
 	  Message:player login in game and finish player[4294968829] info 
LOGDEBUG
2016-09-10_16:18:05 FILE:../src/QuestNew/AcceptedQuest.cpp FUNC:updateToClient LINE:270
 	  Message:Player 281479271679485 CanSubmit Task,10005 type,1 state,3 numStar,1 rewardStar,1 times,0 nowNum,1 targeNum,1
LOGDEBUG
2016-09-10_16:18:06 FILE:../src/Mail/MailMessage.cpp FUNC:On_MSG_QUICK_REQUEST_MSG_REQ_C2GM_MAILS LINE:80
 	  Message:client req gt get mails
LOGDEBUG
2016-09-10_16:18:06 FILE:../src/Horse/HorseMessage.cpp FUNC:On_MSG_REQUEST_MSG_REQ_GT2GM_HORSEINFO LINE:72
 	  Message:Player request horse info
LOGDEBUG
2016-09-10_16:18:12 FILE:../src/Object/Player/PlayerMessage.cpp FUNC:On_MSG_REQUEST_MSG_REQ_GT2GM_CHARATTR LINE:1122
 	  Message:Player request battle attribute
LOGDEBUG
2016-09-10_16:19:00 FILE:../src/Object/Player/PlayerMessage.cpp FUNC:On_MSG_REQUEST_MSG_REQ_GT2GM_PLAYERINFO LINE:1091
 	  Message:Player login on and get playerinfo[1]
LOGDEBUG
2016-09-10_16:19:00 FILE:../src/Object/Player/Player.cpp FUNC:InitBaseInfo LINE:1205
 	  Message:iRet=1802 err:[src/OpenApiV3.cpp][278][ParamIsValid]openid is invalid

LOGDEBUG
2016-09-10_16:19:03 FILE:../src/Object/Player/PlayerMessage.cpp FUNC:On_MSG_ACK_MSG_REQ_GM2DB_CONTAINERINFO LINE:1671
 	  Message:gameserver request dbserver player[4294968829] container info
LOGDEBUG
2016-09-10_16:19:03 FILE:../src/Object/Player/PlayerMessage.cpp FUNC:FinishiInit LINE:4050
 	  Message:finish player[4294968829] info 
LOGDEBUG
2016-09-10_16:19:03 FILE:../src/Object/Player/PlayerMessage.cpp FUNC:FinishiInit LINE:4085
 	  Message:player login in game and finish player[4294968829] info 
LOGDEBUG
2016-09-10_16:19:03 FILE:../src/QuestNew/AcceptedQuest.cpp FUNC:updateToClient LINE:270
 	  Message:Player 281479271679485 CanSubmit Task,10005 type,1 state,3 numStar,1 rewardStar,1 times,0 nowNum,1 targeNum,1
LOGDEBUG
2016-09-10_16:19:04 FILE:../src/Mail/MailMessage.cpp FUNC:On_MSG_QUICK_REQUEST_MSG_REQ_C2GM_MAILS LINE:80
 	  Message:client req gt get mails
LOGDEBUG
2016-09-10_16:19:05 FILE:../src/Horse/HorseMessage.cpp FUNC:On_MSG_REQUEST_MSG_REQ_GT2GM_HORSEINFO LINE:72
 	  Message:Player request horse info
LOGDEBUG
2016-09-10_16:19:15 FILE:../src/Object/Player/PlayerMessage.cpp FUNC:On_MSG_REQUEST_MSG_REQ_GT2GM_CHARATTR LINE:1122
 	  Message:Player request battle attribute
LOGDEBUG
2016-09-10_16:19:22 FILE:../src/QuestNew/QuestPart.cpp FUNC:submit LINE:1365
 	  Message:Player 281479271679485 Submit Task 10005
LOGDEBUG
2016-09-10_16:19:22 FILE:../src/QuestNew/AcceptedQuest.cpp FUNC:updateToClient LINE:270
 	  Message:Player 281479271679485 CanSubmit Task,10006 type,1 state,3 numStar,1 rewardStar,1 times,0 nowNum,0 targeNum,0
LOGDEBUG
2016-09-10_16:19:22 FILE:../src/QuestNew/QuestMessage.cpp FUNC:On_MSG_QUICK_REQUEST_MSG_REQ_C2GM_UPDATEQUEST LINE:104
 	  Message:Player 281479271679485 accept Task,10006 type,1 state,3 numStar,1 rewardStar,1 times,0 nowNum,0 targeNum,0
LOGDEBUG
2016-09-10_16:19:43 FILE:../src/Object/Player/PlayerMessage.cpp FUNC:On_MSG_REQUEST_MSG_REQ_GT2GM_PLAYERINFO LINE:1091
 	  Message:Player login on and get playerinfo[1]
LOGDEBUG
2016-09-10_16:19:43 FILE:../src/Object/Player/Player.cpp FUNC:InitBaseInfo LINE:1205
 	  Message:iRet=1802 err:[src/OpenApiV3.cpp][278][ParamIsValid]openid is invalid

LOGDEBUG
2016-09-10_16:19:44 FILE:../src/Object/Player/PlayerMessage.cpp FUNC:On_MSG_ACK_MSG_REQ_GM2DB_CONTAINERINFO LINE:1671
 	  Message:gameserver request dbserver player[4294968830] container info
LOGDEBUG
2016-09-10_16:19:44 FILE:../src/Object/Player/PlayerMessage.cpp FUNC:FinishiInit LINE:4050
 	  Message:finish player[4294968830] info 
LOGDEBUG
2016-09-10_16:19:44 FILE:../src/Object/Player/PlayerMessage.cpp FUNC:FinishiInit LINE:4085
 	  Message:player login in game and finish player[4294968830] info 
LOGDEBUG
2016-09-10_16:19:44 FILE:../src/QuestNew/AcceptedQuest.cpp FUNC:updateToClient LINE:270
 	  Message:Player 281479271679486 CanSubmit Task,10001 type,1 state,3 numStar,1 rewardStar,1 times,0 nowNum,0 targeNum,0
LOGDEBUG
2016-09-10_16:19:45 FILE:../src/Mail/MailMessage.cpp FUNC:On_MSG_QUICK_REQUEST_MSG_REQ_C2GM_MAILS LINE:80
 	  Message:client req gt get mails
LOGDEBUG
2016-09-10_16:19:45 FILE:../src/Horse/HorseMessage.cpp FUNC:On_MSG_REQUEST_MSG_REQ_GT2GM_HORSEINFO LINE:72
 	  Message:Player request horse info
LOGDEBUG
2016-09-10_16:19:49 FILE:../src/Settings/SettingsMgr.cpp FUNC:On_MSG_QUICK_REQUEST_MSG_REQ_C2GM_SETTINGS LINE:46
 	  Message:client req settings
LOGDEBUG
2016-09-10_16:19:49 FILE:../src/Settings/SettingsMgr.cpp FUNC:On_MSG_QUICK_REQUEST_MSG_REQ_C2GM_SETTINGS LINE:46
 	  Message:client req settings
LOGDEBUG
2016-09-10_16:20:00 FILE:../src/QuestNew/QuestPart.cpp FUNC:submit LINE:1365
 	  Message:Player 281479271679486 Submit Task 10001
LOGDEBUG
2016-09-10_16:20:00 FILE:../src/QuestNew/AcceptedQuest.cpp FUNC:updateToClient LINE:270
 	  Message:Player 281479271679486 CanSubmit Task,10002 type,1 state,3 numStar,1 rewardStar,1 times,0 nowNum,0 targeNum,0
LOGDEBUG
2016-09-10_16:20:00 FILE:../src/QuestNew/QuestMessage.cpp FUNC:On_MSG_QUICK_REQUEST_MSG_REQ_C2GM_UPDATEQUEST LINE:104
 	  Message:Player 281479271679486 accept Task,10002 type,1 state,3 numStar,1 rewardStar,1 times,0 nowNum,0 targeNum,0
LOGDEBUG
2016-09-10_16:20:16 FILE:../src/Arena/ArenaMessage.cpp FUNC:On_MSG_ACK_MSG_REQ_GM2WS_SYNCARENA LINE:329
 	  Message:gameserver request worldserver  synch player info 
LOGDEBUG
2016-09-10_16:21:18 FILE:../src/EquipSmith/EquipSmith/EquipSmithMgr.cpp FUNC:On_MSG_REQUEST_MSG_REQ_GT2GM_STRENGTHEQUIP LINE:1334
 	  Message:Player start to strength equip
LOGDEBUG
2016-09-10_16:21:18 FILE:../src/EquipSmith/EquipSmith/EquipSmithMgr.cpp FUNC:On_MSG_REQUEST_MSG_REQ_GT2GM_STRENGTHEQUIP LINE:1334
 	  Message:Player start to strength equip
LOGDEBUG
2016-09-10_16:21:18 FILE:../src/EquipSmith/EquipSmith/EquipSmithMgr.cpp FUNC:On_MSG_REQUEST_MSG_REQ_GT2GM_STRENGTHEQUIP LINE:1334
 	  Message:Player start to strength equip
LOGDEBUG
2016-09-10_16:21:18 FILE:../src/EquipSmith/EquipSmith/EquipSmithMgr.cpp FUNC:On_MSG_REQUEST_MSG_REQ_GT2GM_STRENGTHEQUIP LINE:1334
 	  Message:Player start to strength equip
LOGDEBUG
2016-09-10_16:21:18 FILE:../src/EquipSmith/EquipSmith/EquipSmithMgr.cpp FUNC:On_MSG_REQUEST_MSG_REQ_GT2GM_STRENGTHEQUIP LINE:1334
 	  Message:Player start to strength equip
LOGDEBUG
2016-09-10_16:21:19 FILE:../src/EquipSmith/EquipSmith/EquipSmithMgr.cpp FUNC:On_MSG_REQUEST_MSG_REQ_GT2GM_STRENGTHEQUIP LINE:1334
 	  Message:Player start to strength equip
LOGDEBUG
2016-09-10_16:21:19 FILE:../src/EquipSmith/EquipSmith/EquipSmithMgr.cpp FUNC:On_MSG_REQUEST_MSG_REQ_GT2GM_STRENGTHEQUIP LINE:1334
 	  Message:Player start to strength equip
LOGDEBUG
2016-09-10_16:21:19 FILE:../src/EquipSmith/EquipSmith/EquipSmithMgr.cpp FUNC:On_MSG_REQUEST_MSG_REQ_GT2GM_STRENGTHEQUIP LINE:1334
 	  Message:Player start to strength equip
LOGDEBUG
2016-09-10_16:21:19 FILE:../src/EquipSmith/EquipSmith/EquipSmithMgr.cpp FUNC:On_MSG_REQUEST_MSG_REQ_GT2GM_STRENGTHEQUIP LINE:1334
 	  Message:Player start to strength equip
LOGDEBUG
2016-09-10_16:21:20 FILE:../src/EquipSmith/EquipSmith/EquipSmithMgr.cpp FUNC:On_MSG_REQUEST_MSG_REQ_GT2GM_STRENGTHEQUIP LINE:1334
 	  Message:Player start to strength equip
LOGDEBUG
2016-09-10_16:21:20 FILE:../src/EquipSmith/EquipSmith/EquipSmithMgr.cpp FUNC:On_MSG_REQUEST_MSG_REQ_GT2GM_STRENGTHEQUIP LINE:1334
 	  Message:Player start to strength equip
LOGDEBUG
2016-09-10_16:21:20 FILE:../src/EquipSmith/EquipSmith/EquipSmithMgr.cpp FUNC:On_MSG_REQUEST_MSG_REQ_GT2GM_STRENGTHEQUIP LINE:1334
 	  Message:Player start to strength equip
LOGDEBUG
2016-09-10_16:21:20 FILE:../src/EquipSmith/EquipSmith/EquipSmithMgr.cpp FUNC:On_MSG_REQUEST_MSG_REQ_GT2GM_STRENGTHEQUIP LINE:1334
 	  Message:Player start to strength equip
LOGDEBUG
2016-09-10_16:21:20 FILE:../src/EquipSmith/EquipSmith/EquipSmithMgr.cpp FUNC:On_MSG_REQUEST_MSG_REQ_GT2GM_STRENGTHEQUIP LINE:1334
 	  Message:Player start to strength equip
LOGDEBUG
2016-09-10_16:21:20 FILE:../src/EquipSmith/EquipSmith/EquipSmithMgr.cpp FUNC:On_MSG_REQUEST_MSG_REQ_GT2GM_STRENGTHEQUIP LINE:1334
 	  Message:Player start to strength equip
LOGDEBUG
2016-09-10_16:21:20 FILE:../src/EquipSmith/EquipSmith/EquipSmithMgr.cpp FUNC:On_MSG_REQUEST_MSG_REQ_GT2GM_STRENGTHEQUIP LINE:1334
 	  Message:Player start to strength equip
LOGDEBUG
2016-09-10_16:21:21 FILE:../src/EquipSmith/EquipSmith/EquipSmithMgr.cpp FUNC:On_MSG_REQUEST_MSG_REQ_GT2GM_STRENGTHEQUIP LINE:1334
 	  Message:Player start to strength equip
LOGDEBUG
2016-09-10_16:21:21 FILE:../src/EquipSmith/EquipSmith/EquipSmithMgr.cpp FUNC:On_MSG_REQUEST_MSG_REQ_GT2GM_STRENGTHEQUIP LINE:1334
 	  Message:Player start to strength equip
LOGDEBUG
2016-09-10_16:21:21 FILE:../src/EquipSmith/EquipSmith/EquipSmithMgr.cpp FUNC:On_MSG_REQUEST_MSG_REQ_GT2GM_STRENGTHEQUIP LINE:1334
 	  Message:Player start to strength equip
LOGDEBUG
2016-09-10_16:21:21 FILE:../src/EquipSmith/EquipSmith/EquipSmithMgr.cpp FUNC:On_MSG_REQUEST_MSG_REQ_GT2GM_STRENGTHEQUIP LINE:1334
 	  Message:Player start to strength equip
LOGDEBUG
2016-09-10_16:21:21 FILE:../src/EquipSmith/EquipSmith/EquipSmithMgr.cpp FUNC:On_MSG_REQUEST_MSG_REQ_GT2GM_STRENGTHEQUIP LINE:1334
 	  Message:Player start to strength equip
LOGDEBUG
2016-09-10_16:21:21 FILE:../src/EquipSmith/EquipSmith/EquipSmithMgr.cpp FUNC:On_MSG_REQUEST_MSG_REQ_GT2GM_STRENGTHEQUIP LINE:1334
 	  Message:Player start to strength equip
LOGDEBUG
2016-09-10_16:21:21 FILE:../src/EquipSmith/EquipSmith/EquipSmithMgr.cpp FUNC:On_MSG_REQUEST_MSG_REQ_GT2GM_STRENGTHEQUIP LINE:1334
 	  Message:Player start to strength equip
LOGDEBUG
2016-09-10_16:21:28 FILE:../src/Chat/ChatMgr.cpp FUNC:Marquee LINE:326
 	  Message:gameserver marquee type:38 name:李芝蓉 target:10 param: !
LOGDEBUG
2016-09-10_16:21:30 FILE:../src/EquipSmith/EquipSmith/EquipSmithMgr.cpp FUNC:On_MSG_REQUEST_MSG_REQ_GT2GM_STRENGTHEQUIP LINE:1334
 	  Message:Player start to strength equip
LOGDEBUG
2016-09-10_16:21:30 FILE:../src/EquipSmith/EquipSmith/EquipSmithMgr.cpp FUNC:On_MSG_REQUEST_MSG_REQ_GT2GM_STRENGTHEQUIP LINE:1334
 	  Message:Player start to strength equip
LOGDEBUG
2016-09-10_16:21:30 FILE:../src/EquipSmith/EquipSmith/EquipSmithMgr.cpp FUNC:On_MSG_REQUEST_MSG_REQ_GT2GM_STRENGTHEQUIP LINE:1334
 	  Message:Player start to strength equip
LOGDEBUG
2016-09-10_16:21:30 FILE:../src/EquipSmith/EquipSmith/EquipSmithMgr.cpp FUNC:On_MSG_REQUEST_MSG_REQ_GT2GM_STRENGTHEQUIP LINE:1334
 	  Message:Player start to strength equip
LOGDEBUG
2016-09-10_16:21:30 FILE:../src/EquipSmith/EquipSmith/EquipSmithMgr.cpp FUNC:On_MSG_REQUEST_MSG_REQ_GT2GM_STRENGTHEQUIP LINE:1334
 	  Message:Player start to strength equip
LOGDEBUG
2016-09-10_16:21:31 FILE:../src/EquipSmith/EquipSmith/EquipSmithMgr.cpp FUNC:On_MSG_REQUEST_MSG_REQ_GT2GM_STRENGTHEQUIP LINE:1334
 	  Message:Player start to strength equip
LOGDEBUG
2016-09-10_16:21:31 FILE:../src/EquipSmith/EquipSmith/EquipSmithMgr.cpp FUNC:On_MSG_REQUEST_MSG_REQ_GT2GM_STRENGTHEQUIP LINE:1334
 	  Message:Player start to strength equip
LOGDEBUG
2016-09-10_16:21:31 FILE:../src/EquipSmith/EquipSmith/EquipSmithMgr.cpp FUNC:On_MSG_REQUEST_MSG_REQ_GT2GM_STRENGTHEQUIP LINE:1334
 	  Message:Player start to strength equip
LOGDEBUG
2016-09-10_16:21:31 FILE:../src/EquipSmith/EquipSmith/EquipSmithMgr.cpp FUNC:On_MSG_REQUEST_MSG_REQ_GT2GM_STRENGTHEQUIP LINE:1334
 	  Message:Player start to strength equip
LOGDEBUG
2016-09-10_16:21:31 FILE:../src/EquipSmith/EquipSmith/EquipSmithMgr.cpp FUNC:On_MSG_REQUEST_MSG_REQ_GT2GM_STRENGTHEQUIP LINE:1334
 	  Message:Player start to strength equip
LOGDEBUG
2016-09-10_16:21:31 FILE:../src/EquipSmith/EquipSmith/EquipSmithMgr.cpp FUNC:On_MSG_REQUEST_MSG_REQ_GT2GM_STRENGTHEQUIP LINE:1334
 	  Message:Player start to strength equip
LOGDEBUG
2016-09-10_16:21:31 FILE:../src/EquipSmith/EquipSmith/EquipSmithMgr.cpp FUNC:On_MSG_REQUEST_MSG_REQ_GT2GM_STRENGTHEQUIP LINE:1334
 	  Message:Player start to strength equip
LOGDEBUG
2016-09-10_16:21:32 FILE:../src/EquipSmith/EquipSmith/EquipSmithMgr.cpp FUNC:On_MSG_REQUEST_MSG_REQ_GT2GM_STRENGTHEQUIP LINE:1334
 	  Message:Player start to strength equip
LOGDEBUG
2016-09-10_16:21:32 FILE:../src/EquipSmith/EquipSmith/EquipSmithMgr.cpp FUNC:On_MSG_REQUEST_MSG_REQ_GT2GM_STRENGTHEQUIP LINE:1334
 	  Message:Player start to strength equip
LOGDEBUG
2016-09-10_16:21:32 FILE:../src/EquipSmith/EquipSmith/EquipSmithMgr.cpp FUNC:On_MSG_REQUEST_MSG_REQ_GT2GM_STRENGTHEQUIP LINE:1334
 	  Message:Player start to strength equip
LOGDEBUG
2016-09-10_16:21:32 FILE:../src/EquipSmith/EquipSmith/EquipSmithMgr.cpp FUNC:On_MSG_REQUEST_MSG_REQ_GT2GM_STRENGTHEQUIP LINE:1334
 	  Message:Player start to strength equip
LOGDEBUG
2016-09-10_16:21:32 FILE:../src/EquipSmith/EquipSmith/EquipSmithMgr.cpp FUNC:On_MSG_REQUEST_MSG_REQ_GT2GM_STRENGTHEQUIP LINE:1334
 	  Message:Player start to strength equip
LOGDEBUG
2016-09-10_16:21:32 FILE:../src/EquipSmith/EquipSmith/EquipSmithMgr.cpp FUNC:On_MSG_REQUEST_MSG_REQ_GT2GM_STRENGTHEQUIP LINE:1334
 	  Message:Player start to strength equip
LOGDEBUG
2016-09-10_16:21:32 FILE:../src/EquipSmith/EquipSmith/EquipSmithMgr.cpp FUNC:On_MSG_REQUEST_MSG_REQ_GT2GM_STRENGTHEQUIP LINE:1334
 	  Message:Player start to strength equip
LOGDEBUG
2016-09-10_16:21:32 FILE:../src/EquipSmith/EquipSmith/EquipSmithMgr.cpp FUNC:On_MSG_REQUEST_MSG_REQ_GT2GM_STRENGTHEQUIP LINE:1334
 	  Message:Player start to strength equip
LOGDEBUG
2016-09-10_16:21:33 FILE:../src/EquipSmith/EquipSmith/EquipSmithMgr.cpp FUNC:On_MSG_REQUEST_MSG_REQ_GT2GM_STRENGTHEQUIP LINE:1334
 	  Message:Player start to strength equip
LOGDEBUG
2016-09-10_16:21:35 FILE:../src/EquipSmith/EquipSmith/EquipSmithMgr.cpp FUNC:On_MSG_REQUEST_MSG_REQ_GT2GM_STONEDAADEL LINE:1181
 	  Message:Player add or delete stone on stone
LOGDEBUG
2016-09-10_16:21:46 FILE:../src/EquipSmith/EquipSmith/EquipSmithMgr.cpp FUNC:On_MSG_REQUEST_MSG_REQ_GT2GM_REFINE LINE:1235
 	  Message:Player GT2GM refine
LOGDEBUG
2016-09-10_16:21:46 FILE:../src/EquipSmith/EquipSmith/EquipSmithMgr.cpp FUNC:RefineEquip LINE:1590
 	  Message:refine GM TO GAT
LOGDEBUG
2016-09-10_16:21:46 FILE:../src/EquipSmith/EquipSmith/EquipSmithMgr.cpp FUNC:On_MSG_REQUEST_MSG_REQ_GT2GM_REFINE LINE:1235
 	  Message:Player GT2GM refine
LOGDEBUG
2016-09-10_16:21:46 FILE:../src/EquipSmith/EquipSmith/EquipSmithMgr.cpp FUNC:RefineEquip LINE:1590
 	  Message:refine GM TO GAT
LOGDEBUG
2016-09-10_16:21:48 FILE:../src/EquipSmith/EquipSmith/EquipSmithMgr.cpp FUNC:On_MSG_REQUEST_MSG_REQ_GT2GM_AFFIRMREFINE LINE:1322
 	  Message:return AffirmRefine state = 0
LOGDEBUG
2016-09-10_16:21:49 FILE:../src/EquipSmith/EquipSmith/EquipSmithMgr.cpp FUNC:On_MSG_REQUEST_MSG_REQ_GT2GM_REFINE LINE:1235
 	  Message:Player GT2GM refine
LOGDEBUG
2016-09-10_16:21:49 FILE:../src/EquipSmith/EquipSmith/EquipSmithMgr.cpp FUNC:RefineEquip LINE:1590
 	  Message:refine GM TO GAT
LOGDEBUG
2016-09-10_16:21:50 FILE:../src/EquipSmith/EquipSmith/EquipSmithMgr.cpp FUNC:On_MSG_REQUEST_MSG_REQ_GT2GM_REFINE LINE:1235
 	  Message:Player GT2GM refine
LOGDEBUG
2016-09-10_16:21:50 FILE:../src/EquipSmith/EquipSmith/EquipSmithMgr.cpp FUNC:RefineEquip LINE:1590
 	  Message:refine GM TO GAT
LOGDEBUG
2016-09-10_16:21:50 FILE:../src/EquipSmith/EquipSmith/EquipSmithMgr.cpp FUNC:On_MSG_REQUEST_MSG_REQ_GT2GM_REFINE LINE:1235
 	  Message:Player GT2GM refine
LOGDEBUG
2016-09-10_16:21:50 FILE:../src/EquipSmith/EquipSmith/EquipSmithMgr.cpp FUNC:RefineEquip LINE:1590
 	  Message:refine GM TO GAT
LOGDEBUG
2016-09-10_16:21:50 FILE:../src/EquipSmith/EquipSmith/EquipSmithMgr.cpp FUNC:On_MSG_REQUEST_MSG_REQ_GT2GM_REFINE LINE:1235
 	  Message:Player GT2GM refine
LOGDEBUG
2016-09-10_16:21:50 FILE:../src/EquipSmith/EquipSmith/EquipSmithMgr.cpp FUNC:RefineEquip LINE:1590
 	  Message:refine GM TO GAT
LOGDEBUG
2016-09-10_16:21:50 FILE:../src/EquipSmith/EquipSmith/EquipSmithMgr.cpp FUNC:On_MSG_REQUEST_MSG_REQ_GT2GM_REFINE LINE:1235
 	  Message:Player GT2GM refine
LOGDEBUG
2016-09-10_16:21:50 FILE:../src/EquipSmith/EquipSmith/EquipSmithMgr.cpp FUNC:RefineEquip LINE:1590
 	  Message:refine GM TO GAT
LOGDEBUG
2016-09-10_16:21:51 FILE:../src/EquipSmith/EquipSmith/EquipSmithMgr.cpp FUNC:On_MSG_REQUEST_MSG_REQ_GT2GM_AFFIRMREFINE LINE:1322
 	  Message:return AffirmRefine state = 0
LOGDEBUG
2016-09-10_16:22:03 FILE:../src/Object/Player/PlayerMessage.cpp FUNC:On_MSG_REQUEST_MSG_REQ_GT2GM_CHARATTR LINE:1122
 	  Message:Player request battle attribute
LOGDEBUG
2016-09-10_16:22:15 FILE:../src/Object/Player/PlayerMessage.cpp FUNC:On_MSG_REQUEST_MSG_REQ_GT2GM_PLAYERINFO LINE:1091
 	  Message:Player login on and get playerinfo[1]
LOGDEBUG
2016-09-10_16:22:15 FILE:../src/Object/Player/Player.cpp FUNC:InitBaseInfo LINE:1205
 	  Message:iRet=1802 err:[src/OpenApiV3.cpp][278][ParamIsValid]openid is invalid

LOGDEBUG
2016-09-10_16:22:34 FILE:../src/Object/Player/PlayerMessage.cpp FUNC:On_MSG_ACK_MSG_REQ_GM2DB_CONTAINERINFO LINE:1671
 	  Message:gameserver request dbserver player[4294968830] container info
LOGDEBUG
2016-09-10_16:23:02 FILE:../src/Object/Player/PlayerMessage.cpp FUNC:On_MSG_REQUEST_MSG_REQ_GT2GM_PLAYERINFO LINE:1091
 	  Message:Player login on and get playerinfo[1]
LOGDEBUG
2016-09-10_16:23:02 FILE:../src/Object/Player/Player.cpp FUNC:InitBaseInfo LINE:1205
 	  Message:iRet=1802 err:[src/OpenApiV3.cpp][278][ParamIsValid]openid is invalid

LOGDEBUG
2016-09-10_16:23:02 FILE:../src/Object/Player/PlayerMessage.cpp FUNC:On_MSG_ACK_MSG_REQ_GM2DB_CONTAINERINFO LINE:1671
 	  Message:gameserver request dbserver player[4294968830] container info
LOGDEBUG
2016-09-10_16:23:02 FILE:../src/Object/Player/PlayerMessage.cpp FUNC:FinishiInit LINE:4050
 	  Message:finish player[4294968830] info 
LOGDEBUG
2016-09-10_16:23:02 FILE:../src/Object/Player/PlayerMessage.cpp FUNC:FinishiInit LINE:4085
 	  Message:player login in game and finish player[4294968830] info 
LOGDEBUG
2016-09-10_16:23:02 FILE:../src/QuestNew/AcceptedQuest.cpp FUNC:updateToClient LINE:270
 	  Message:Player 281479271679486 CanSubmit Task,10002 type,1 state,3 numStar,1 rewardStar,1 times,0 nowNum,0 targeNum,0
LOGDEBUG
2016-09-10_16:23:03 FILE:../src/Mail/MailMessage.cpp FUNC:On_MSG_QUICK_REQUEST_MSG_REQ_C2GM_MAILS LINE:80
 	  Message:client req gt get mails
LOGDEBUG
2016-09-10_16:23:03 FILE:../src/Horse/HorseMessage.cpp FUNC:On_MSG_REQUEST_MSG_REQ_GT2GM_HORSEINFO LINE:72
 	  Message:Player request horse info
LOGDEBUG
2016-09-10_16:23:10 FILE:../src/Object/Player/PlayerMessage.cpp FUNC:On_MSG_REQUEST_MSG_REQ_GT2GM_CHARATTR LINE:1122
 	  Message:Player request battle attribute
LOGDEBUG
2016-09-10_16:23:24 FILE:../src/EquipSmith/EquipSmith/EquipSmithMgr.cpp FUNC:On_MSG_REQUEST_MSG_REQ_GT2GM_STRENGTHEQUIP LINE:1334
 	  Message:Player start to strength equip
LOGDEBUG
2016-09-10_16:23:24 FILE:../src/EquipSmith/EquipSmith/EquipSmithMgr.cpp FUNC:On_MSG_REQUEST_MSG_REQ_GT2GM_STRENGTHEQUIP LINE:1334
 	  Message:Player start to strength equip
LOGDEBUG
2016-09-10_16:23:25 FILE:../src/EquipSmith/EquipSmith/EquipSmithMgr.cpp FUNC:On_MSG_REQUEST_MSG_REQ_GT2GM_STRENGTHEQUIP LINE:1334
 	  Message:Player start to strength equip
LOGDEBUG
2016-09-10_16:23:25 FILE:../src/EquipSmith/EquipSmith/EquipSmithMgr.cpp FUNC:On_MSG_REQUEST_MSG_REQ_GT2GM_STRENGTHEQUIP LINE:1334
 	  Message:Player start to strength equip
LOGDEBUG
2016-09-10_16:23:25 FILE:../src/EquipSmith/EquipSmith/EquipSmithMgr.cpp FUNC:On_MSG_REQUEST_MSG_REQ_GT2GM_STRENGTHEQUIP LINE:1334
 	  Message:Player start to strength equip
LOGDEBUG
2016-09-10_16:23:25 FILE:../src/EquipSmith/EquipSmith/EquipSmithMgr.cpp FUNC:On_MSG_REQUEST_MSG_REQ_GT2GM_STRENGTHEQUIP LINE:1334
 	  Message:Player start to strength equip
LOGDEBUG
2016-09-10_16:23:25 FILE:../src/EquipSmith/EquipSmith/EquipSmithMgr.cpp FUNC:On_MSG_REQUEST_MSG_REQ_GT2GM_STRENGTHEQUIP LINE:1334
 	  Message:Player start to strength equip
LOGDEBUG
2016-09-10_16:23:25 FILE:../src/EquipSmith/EquipSmith/EquipSmithMgr.cpp FUNC:On_MSG_REQUEST_MSG_REQ_GT2GM_STRENGTHEQUIP LINE:1334
 	  Message:Player start to strength equip
LOGDEBUG
2016-09-10_16:23:25 FILE:../src/EquipSmith/EquipSmith/EquipSmithMgr.cpp FUNC:On_MSG_REQUEST_MSG_REQ_GT2GM_STRENGTHEQUIP LINE:1334
 	  Message:Player start to strength equip
LOGDEBUG
2016-09-10_16:23:25 FILE:../src/EquipSmith/EquipSmith/EquipSmithMgr.cpp FUNC:On_MSG_REQUEST_MSG_REQ_GT2GM_STRENGTHEQUIP LINE:1334
 	  Message:Player start to strength equip
LOGDEBUG
2016-09-10_16:23:45 FILE:../src/Object/Player/PlayerMessage.cpp FUNC:On_MSG_REQUEST_MSG_REQ_GT2GM_PLAYERINFO LINE:1091
 	  Message:Player login on and get playerinfo[1]
LOGDEBUG
2016-09-10_16:23:45 FILE:../src/Object/Player/Player.cpp FUNC:InitBaseInfo LINE:1205
 	  Message:iRet=1802 err:[src/OpenApiV3.cpp][278][ParamIsValid]openid is invalid

LOGDEBUG
2016-09-10_16:23:51 FILE:../src/Object/Player/PlayerMessage.cpp FUNC:On_MSG_ACK_MSG_REQ_GM2DB_CONTAINERINFO LINE:1671
 	  Message:gameserver request dbserver player[4294968830] container info
LOGDEBUG
2016-09-10_16:23:51 FILE:../src/Object/Player/PlayerMessage.cpp FUNC:FinishiInit LINE:4050
 	  Message:finish player[4294968830] info 
LOGDEBUG
2016-09-10_16:23:51 FILE:../src/Object/Player/PlayerMessage.cpp FUNC:FinishiInit LINE:4085
 	  Message:player login in game and finish player[4294968830] info 
LOGDEBUG
2016-09-10_16:23:51 FILE:../src/QuestNew/AcceptedQuest.cpp FUNC:updateToClient LINE:270
 	  Message:Player 281479271679486 CanSubmit Task,10002 type,1 state,3 numStar,1 rewardStar,1 times,0 nowNum,0 targeNum,0
LOGDEBUG
2016-09-10_16:23:52 FILE:../src/Mail/MailMessage.cpp FUNC:On_MSG_QUICK_REQUEST_MSG_REQ_C2GM_MAILS LINE:80
 	  Message:client req gt get mails
LOGDEBUG
2016-09-10_16:23:53 FILE:../src/Horse/HorseMessage.cpp FUNC:On_MSG_REQUEST_MSG_REQ_GT2GM_HORSEINFO LINE:72
 	  Message:Player request horse info