
LOGDEBUG
2016-09-23_19:37:39 FILE:../src/ServerManager.cpp FUNC:On_MSG_ACK_MSG_SIM_GT2GM_PUSHSERVERID LINE:393
 	  Message:gateServer push server id
LOGDEBUG
2016-09-23_19:37:40 FILE:../src/ServerManager.cpp FUNC:On_MSG_ACK_MSG_SIM_DB2GM_PUSHSERVERID LINE:431
 	  Message:dbServer push server id
LOGDEBUG
2016-09-23_19:37:40 FILE:../src/ServerManager.cpp FUNC:On_MSG_ACK_MSG_REQ_GM2WS_PUSHSERVERID LINE:463
 	  Message:worldserver push server id
LOGDEBUG
2016-09-23_19:37:40 FILE:../src/ServerManager.cpp FUNC:On_MSG_ACK_MSG_REQ_GM2MS_PUSHSERVERID LINE:497
 	  Message:managerServer push server id
LOGDEBUG
2016-09-23_19:37:40 FILE:../src/Map/CreatMapTask.cpp FUNC:On_MSG_REQUEST_MSG_REQ_WS2GM_CREATESCENE LINE:303
 	  Message:gateserver request gameserver create map
LOGDEBUG
2016-09-23_19:37:40 FILE:../src/Map/CreatMapTask.cpp FUNC:On_MSG_REQUEST_MSG_REQ_WS2GM_CREATESCENE LINE:303
 	  Message:gateserver request gameserver create map
LOGDEBUG
2016-09-23_19:37:40 FILE:../src/Map/CreatMapTask.cpp FUNC:On_MSG_REQUEST_MSG_REQ_WS2GM_CREATESCENE LINE:303
 	  Message:gateserver request gameserver create map
LOGDEBUG
2016-09-23_19:37:40 FILE:../src/Map/CreatMapTask.cpp FUNC:On_MSG_REQUEST_MSG_REQ_WS2GM_CREATESCENE LINE:303
 	  Message:gateserver request gameserver create map
LOGDEBUG
2016-09-23_19:37:40 FILE:../src/Map/CreatMapTask.cpp FUNC:On_MSG_REQUEST_MSG_REQ_WS2GM_CREATESCENE LINE:303
 	  Message:gateserver request gameserver create map
LOGDEBUG
2016-09-23_19:37:40 FILE:../src/Map/CreatMapTask.cpp FUNC:On_MSG_REQUEST_MSG_REQ_WS2GM_CREATESCENE LINE:303
 	  Message:gateserver request gameserver create map
LOGDEBUG
2016-09-23_19:37:40 FILE:../src/Map/CreatMapTask.cpp FUNC:On_MSG_REQUEST_MSG_REQ_WS2GM_CREATESCENE LINE:303
 	  Message:gateserver request gameserver create map
LOGDEBUG
2016-09-23_19:37:40 FILE:../src/Map/CreatMapTask.cpp FUNC:On_MSG_REQUEST_MSG_REQ_WS2GM_CREATESCENE LINE:303
 	  Message:gateserver request gameserver create map
LOGDEBUG
2016-09-23_19:37:40 FILE:../src/Map/CreatMapTask.cpp FUNC:On_MSG_REQUEST_MSG_REQ_WS2GM_CREATESCENE LINE:303
 	  Message:gateserver request gameserver create map
LOGDEBUG
2016-09-23_19:37:40 FILE:../src/Map/CreatMapTask.cpp FUNC:On_MSG_REQUEST_MSG_REQ_WS2GM_CREATESCENE LINE:303
 	  Message:gateserver request gameserver create map
LOGDEBUG
2016-09-23_19:37:40 FILE:../src/Map/CreatMapTask.cpp FUNC:On_MSG_REQUEST_MSG_REQ_WS2GM_CREATESCENE LINE:303
 	  Message:gateserver request gameserver create map
LOGDEBUG
2016-09-23_19:37:40 FILE:../src/Map/CreatMapTask.cpp FUNC:On_MSG_REQUEST_MSG_REQ_WS2GM_CREATESCENE LINE:303
 	  Message:gateserver request gameserver create map
LOGDEBUG
2016-09-23_19:37:40 FILE:../src/Map/CreatMapTask.cpp FUNC:On_MSG_REQUEST_MSG_REQ_WS2GM_CREATESCENE LINE:303
 	  Message:gateserver request gameserver create map
LOGDEBUG
2016-09-23_19:37:40 FILE:../src/Map/CreatMapTask.cpp FUNC:On_MSG_REQUEST_MSG_REQ_WS2GM_CREATESCENE LINE:303
 	  Message:gateserver request gameserver create map
LOGDEBUG
2016-09-23_19:37:40 FILE:../src/Map/CreatMapTask.cpp FUNC:On_MSG_REQUEST_MSG_REQ_WS2GM_CREATESCENE LINE:303
 	  Message:gateserver request gameserver create map
LOGDEBUG
2016-09-23_19:37:40 FILE:../src/Map/CreatMapTask.cpp FUNC:On_MSG_REQUEST_MSG_REQ_WS2GM_CREATESCENE LINE:303
 	  Message:gateserver request gameserver create map
LOGDEBUG
2016-09-23_19:37:40 FILE:../src/Map/CreatMapTask.cpp FUNC:On_MSG_REQUEST_MSG_REQ_WS2GM_CREATESCENE LINE:303
 	  Message:gateserver request gameserver create map
LOGDEBUG
2016-09-23_19:37:40 FILE:../src/Map/CreatMapTask.cpp FUNC:On_MSG_REQUEST_MSG_REQ_WS2GM_CREATESCENE LINE:303
 	  Message:gateserver request gameserver create map
LOGDEBUG
2016-09-23_19:37:40 FILE:../src/Map/CreatMapTask.cpp FUNC:On_MSG_REQUEST_MSG_REQ_WS2GM_CREATESCENE LINE:303
 	  Message:gateserver request gameserver create map
LOGDEBUG
2016-09-23_19:37:40 FILE:../src/Map/CreatMapTask.cpp FUNC:On_MSG_REQUEST_MSG_REQ_WS2GM_CREATESCENE LINE:303
 	  Message:gateserver request gameserver create map
LOGDEBUG
2016-09-23_19:38:01 FILE:../src/Object/Player/PlayerMessage.cpp FUNC:On_MSG_REQUEST_MSG_REQ_GT2GM_PLAYERINFO LINE:1091
 	  Message:Player login on and get playerinfo[1]
LOGDEBUG
2016-09-23_19:38:01 FILE:../src/Object/Player/Player.cpp FUNC:InitBaseInfo LINE:1205
 	  Message:iRet=1802 err:[src/OpenApiV3.cpp][278][ParamIsValid]openid is invalid

LOGDEBUG
2016-09-23_19:38:01 FILE:../src/Object/Player/PlayerMessage.cpp FUNC:On_MSG_ACK_MSG_REQ_GM2DB_CONTAINERINFO LINE:1671
 	  Message:gameserver request dbserver player[4294967304] container info
LOGDEBUG
2016-09-23_19:38:01 FILE:../src/Object/Player/PlayerMessage.cpp FUNC:FinishiInit LINE:4050
 	  Message:finish player[4294967304] info 
LOGDEBUG
2016-09-23_19:38:01 FILE:../src/Object/Player/PlayerMessage.cpp FUNC:FinishiInit LINE:4085
 	  Message:player login in game and finish player[4294967304] info 
LOGDEBUG
2016-09-23_19:38:01 FILE:../src/QuestNew/AcceptedQuest.cpp FUNC:updateToClient LINE:270
 	  Message:Player 281479271677960 CanSubmit Task,10001 type,1 state,3 numStar,1 rewardStar,1 times,0 nowNum,0 targeNum,0
LOGDEBUG
2016-09-23_19:38:02 FILE:../src/Horse/HorseMessage.cpp FUNC:On_MSG_REQUEST_MSG_REQ_GT2GM_HORSEINFO LINE:72
 	  Message:Player request horse info
LOGDEBUG
2016-09-23_19:38:24 FILE:../src/QuestNew/QuestPart.cpp FUNC:submit LINE:1323
 	  Message:Player 281479271677960 Submit Task 10001
LOGDEBUG
2016-09-23_19:38:24 FILE:../src/QuestNew/AcceptedQuest.cpp FUNC:updateToClient LINE:270
 	  Message:Player 281479271677960 CanSubmit Task,10002 type,1 state,3 numStar,1 rewardStar,1 times,0 nowNum,0 targeNum,0
LOGDEBUG
2016-09-23_19:38:24 FILE:../src/QuestNew/QuestMessage.cpp FUNC:On_MSG_QUICK_REQUEST_MSG_REQ_C2GM_UPDATEQUEST LINE:104
 	  Message:Player 281479271677960 accept Task,10002 type,1 state,3 numStar,1 rewardStar,1 times,0 nowNum,0 targeNum,0
LOGDEBUG
2016-09-23_19:38:31 FILE:../src/QuestNew/QuestPart.cpp FUNC:submit LINE:1323
 	  Message:Player 281479271677960 Submit Task 10002
LOGDEBUG
2016-09-23_19:38:31 FILE:../src/QuestNew/QuestMessage.cpp FUNC:On_MSG_QUICK_REQUEST_MSG_REQ_C2GM_UPDATEQUEST LINE:104
 	  Message:Player 281479271677960 accept Task,10003 type,1 state,2 numStar,1 rewardStar,1 times,0 nowNum,0 targeNum,1
LOGDEBUG
2016-09-23_19:38:39 FILE:../src/QuestNew/AcceptedQuest.cpp FUNC:updateToClient LINE:270
 	  Message:Player 281479271677960 CanSubmit Task,10003 type,1 state,3 numStar,1 rewardStar,1 times,0 nowNum,1 targeNum,1
LOGDEBUG
2016-09-23_19:38:55 FILE:../src/QuestNew/QuestPart.cpp FUNC:submit LINE:1323
 	  Message:Player 281479271677960 Submit Task 10003
LOGDEBUG
2016-09-23_19:38:55 FILE:../src/QuestNew/QuestMessage.cpp FUNC:On_MSG_QUICK_REQUEST_MSG_REQ_C2GM_UPDATEQUEST LINE:104
 	  Message:Player 281479271677960 accept Task,10004 type,1 state,2 numStar,1 rewardStar,1 times,0 nowNum,0 targeNum,0
LOGDEBUG
2016-09-23_19:38:59 FILE:../src/QuestNew/AcceptedQuest.cpp FUNC:updateToClient LINE:270
 	  Message:Player 281479271677960 CanSubmit Task,10004 type,1 state,3 numStar,1 rewardStar,1 times,0 nowNum,0 targeNum,0
LOGDEBUG
2016-09-23_19:39:05 FILE:../src/QuestNew/QuestPart.cpp FUNC:submit LINE:1323
 	  Message:Player 281479271677960 Submit Task 10004
LOGDEBUG
2016-09-23_19:39:05 FILE:../src/QuestNew/QuestMessage.cpp FUNC:On_MSG_QUICK_REQUEST_MSG_REQ_C2GM_UPDATEQUEST LINE:104
 	  Message:Player 281479271677960 accept Task,10005 type,1 state,2 numStar,1 rewardStar,1 times,0 nowNum,0 targeNum,1
LOGDEBUG
2016-09-23_19:39:09 FILE:../src/QuestNew/AcceptedQuest.cpp FUNC:updateToClient LINE:270
 	  Message:Player 281479271677960 CanSubmit Task,10005 type,1 state,3 numStar,1 rewardStar,1 times,0 nowNum,1 targeNum,1
LOGDEBUG
2016-09-23_19:39:14 FILE:../src/QuestNew/QuestPart.cpp FUNC:submit LINE:1323
 	  Message:Player 281479271677960 Submit Task 10005
LOGDEBUG
2016-09-23_19:39:14 FILE:../src/QuestNew/AcceptedQuest.cpp FUNC:updateToClient LINE:270
 	  Message:Player 281479271677960 CanSubmit Task,10006 type,1 state,3 numStar,1 rewardStar,1 times,0 nowNum,0 targeNum,0
LOGDEBUG
2016-09-23_19:39:14 FILE:../src/QuestNew/QuestMessage.cpp FUNC:On_MSG_QUICK_REQUEST_MSG_REQ_C2GM_UPDATEQUEST LINE:104
 	  Message:Player 281479271677960 accept Task,10006 type,1 state,3 numStar,1 rewardStar,1 times,0 nowNum,0 targeNum,0
LOGDEBUG
2016-09-23_19:39:23 FILE:../src/Object/Player/PlayerMessage.cpp FUNC:On_MSG_REQUEST_MSG_REQ_GT2GM_PLAYERINFO LINE:1091
 	  Message:Player login on and get playerinfo[1]
LOGDEBUG
2016-09-23_19:39:23 FILE:../src/Object/Player/Player.cpp FUNC:InitBaseInfo LINE:1205
 	  Message:iRet=1802 err:[src/OpenApiV3.cpp][278][ParamIsValid]openid is invalid

LOGDEBUG
2016-09-23_19:39:24 FILE:../src/Object/Player/PlayerMessage.cpp FUNC:On_MSG_ACK_MSG_REQ_GM2DB_CONTAINERINFO LINE:1671
 	  Message:gameserver request dbserver player[12884901889] container info
LOGDEBUG
2016-09-23_19:39:24 FILE:../src/Object/Player/PlayerMessage.cpp FUNC:FinishiInit LINE:4050
 	  Message:finish player[12884901889] info 
LOGDEBUG
2016-09-23_19:39:24 FILE:../src/Object/Player/PlayerMessage.cpp FUNC:FinishiInit LINE:4085
 	  Message:player login in game and finish player[12884901889] info 
LOGDEBUG
2016-09-23_19:39:25 FILE:../src/Mail/MailMessage.cpp FUNC:On_MSG_QUICK_REQUEST_MSG_REQ_C2GM_MAILS LINE:80
 	  Message:client req gt get mails
LOGDEBUG
2016-09-23_19:39:25 FILE:../src/Horse/HorseMessage.cpp FUNC:On_MSG_REQUEST_MSG_REQ_GT2GM_HORSEINFO LINE:72
 	  Message:Player request horse info
LOGDEBUG
2016-09-23_19:39:34 FILE:../src/Object/GirlWar/GirlWar.cpp FUNC:SetOwnerToBrain LINE:294
 	  Message:
 Set GirlWar my_self NULL

LOGDEBUG
2016-09-23_19:39:38 FILE:../src/QuestNew/QuestPart.cpp FUNC:submit LINE:1323
 	  Message:Player 281479271677960 Submit Task 10006
LOGDEBUG
2016-09-23_19:39:38 FILE:../src/QuestNew/QuestMessage.cpp FUNC:On_MSG_QUICK_REQUEST_MSG_REQ_C2GM_UPDATEQUEST LINE:104
 	  Message:Player 281479271677960 accept Task,10007 type,1 state,2 numStar,1 rewardStar,1 times,0 nowNum,0 targeNum,3
LOGDEBUG
2016-09-23_19:39:39 FILE:../src/Object/Player/PlayerMessage.cpp FUNC:On_MSG_REQUEST_MSG_REQ_GT2GM_PLAYERINFO LINE:1091
 	  Message:Player login on and get playerinfo[1]
LOGDEBUG
2016-09-23_19:39:39 FILE:../src/Object/Player/Player.cpp FUNC:InitBaseInfo LINE:1205
 	  Message:iRet=1802 err:[src/OpenApiV3.cpp][278][ParamIsValid]openid is invalid

LOGDEBUG
2016-09-23_19:39:39 FILE:../src/Object/Player/PlayerMessage.cpp FUNC:On_MSG_ACK_MSG_REQ_GM2DB_CONTAINERINFO LINE:1671
 	  Message:gameserver request dbserver player[12884901897] container info
LOGDEBUG
2016-09-23_19:39:39 FILE:../src/Object/Player/PlayerMessage.cpp FUNC:FinishiInit LINE:4050
 	  Message:finish player[12884901897] info 
LOGDEBUG
2016-09-23_19:39:39 FILE:../src/Object/Player/PlayerMessage.cpp FUNC:FinishiInit LINE:4085
 	  Message:player login in game and finish player[12884901897] info 
LOGDEBUG
2016-09-23_19:39:39 FILE:../src/QuestNew/AcceptedQuest.cpp FUNC:updateToClient LINE:270
 	  Message:Player 281487861612553 CanSubmit Task,10001 type,1 state,3 numStar,1 rewardStar,1 times,0 nowNum,0 targeNum,0
LOGDEBUG
2016-09-23_19:39:40 FILE:../src/Mail/MailMessage.cpp FUNC:On_MSG_QUICK_REQUEST_MSG_REQ_C2GM_MAILS LINE:80
 	  Message:client req gt get mails
LOGDEBUG
2016-09-23_19:39:40 FILE:../src/Horse/HorseMessage.cpp FUNC:On_MSG_REQUEST_MSG_REQ_GT2GM_HORSEINFO LINE:72
 	  Message:Player request horse info
LOGDEBUG
2016-09-23_19:39:57 FILE:../src/QuestNew/AcceptedQuest.cpp FUNC:updateToClient LINE:270
 	  Message:Player 281479271677960 CanSubmit Task,10007 type,1 state,3 numStar,1 rewardStar,1 times,0 nowNum,3 targeNum,3
LOGDEBUG
2016-09-23_19:40:01 FILE:../src/QuestNew/QuestPart.cpp FUNC:submit LINE:1323
 	  Message:Player 281479271677960 Submit Task 10007
LOGDEBUG
2016-09-23_19:40:01 FILE:../src/QuestNew/AcceptedQuest.cpp FUNC:updateToClient LINE:270
 	  Message:Player 281479271677960 CanSubmit Task,10008 type,1 state,3 numStar,1 rewardStar,1 times,0 nowNum,0 targeNum,0
LOGDEBUG
2016-09-23_19:40:01 FILE:../src/QuestNew/QuestMessage.cpp FUNC:On_MSG_QUICK_REQUEST_MSG_REQ_C2GM_UPDATEQUEST LINE:104
 	  Message:Player 281479271677960 accept Task,10008 type,1 state,3 numStar,1 rewardStar,1 times,0 nowNum,0 targeNum,0
LOGDEBUG
2016-09-23_19:40:12 FILE:../src/QuestNew/QuestPart.cpp FUNC:submit LINE:1323
 	  Message:Player 281479271677960 Submit Task 10008
LOGDEBUG
2016-09-23_19:40:12 FILE:../src/QuestNew/QuestMessage.cpp FUNC:On_MSG_QUICK_REQUEST_MSG_REQ_C2GM_UPDATEQUEST LINE:104
 	  Message:Player 281479271677960 accept Task,10009 type,1 state,2 numStar,1 rewardStar,1 times,0 nowNum,0 targeNum,4
LOGDEBUG
2016-09-23_19:40:18 FILE:../src/QuestNew/AcceptedQuest.cpp FUNC:updateToClient LINE:270
 	  Message:Player 281479271677960 CanSubmit Task,10009 type,1 state,3 numStar,1 rewardStar,1 times,0 nowNum,4 targeNum,4
LOGDEBUG
2016-09-23_19:40:24 FILE:../src/QuestNew/QuestPart.cpp FUNC:submit LINE:1323
 	  Message:Player 281479271677960 Submit Task 10009
LOGDEBUG
2016-09-23_19:40:24 FILE:../src/QuestNew/AcceptedQuest.cpp FUNC:updateToClient LINE:270
 	  Message:Player 281479271677960 CanSubmit Task,10010 type,1 state,3 numStar,1 rewardStar,1 times,0 nowNum,0 targeNum,0
LOGDEBUG
2016-09-23_19:40:24 FILE:../src/QuestNew/QuestMessage.cpp FUNC:On_MSG_QUICK_REQUEST_MSG_REQ_C2GM_UPDATEQUEST LINE:104
 	  Message:Player 281479271677960 accept Task,10010 type,1 state,3 numStar,1 rewardStar,1 times,0 nowNum,0 targeNum,0
LOGDEBUG
2016-09-23_19:40:28 FILE:../src/QuestNew/QuestPart.cpp FUNC:submit LINE:1323
 	  Message:Player 281479271677960 Submit Task 10010
LOGDEBUG
2016-09-23_19:40:28 FILE:../src/QuestNew/AcceptedQuest.cpp FUNC:updateToClient LINE:270
 	  Message:Player 281479271677960 CanSubmit Task,10011 type,1 state,3 numStar,1 rewardStar,1 times,0 nowNum,0 targeNum,0
LOGDEBUG
2016-09-23_19:40:28 FILE:../src/QuestNew/QuestMessage.cpp FUNC:On_MSG_QUICK_REQUEST_MSG_REQ_C2GM_UPDATEQUEST LINE:104
 	  Message:Player 281479271677960 accept Task,10011 type,1 state,3 numStar,1 rewardStar,1 times,0 nowNum,0 targeNum,0
LOGDEBUG
2016-09-23_19:40:33 FILE:../src/QuestNew/QuestPart.cpp FUNC:submit LINE:1323
 	  Message:Player 281479271677960 Submit Task 10011
LOGDEBUG
2016-09-23_19:40:33 FILE:../src/QuestNew/AcceptedQuest.cpp FUNC:updateToClient LINE:270
 	  Message:Player 281479271677960 CanSubmit Task,10012 type,1 state,3 numStar,1 rewardStar,1 times,0 nowNum,0 targeNum,0
LOGDEBUG
2016-09-23_19:40:33 FILE:../src/QuestNew/QuestMessage.cpp FUNC:On_MSG_QUICK_REQUEST_MSG_REQ_C2GM_UPDATEQUEST LINE:104
 	  Message:Player 281479271677960 accept Task,10012 type,1 state,3 numStar,1 rewardStar,1 times,0 nowNum,0 targeNum,0
LOGDEBUG
2016-09-23_19:40:34 FILE:../src/QuestNew/QuestPart.cpp FUNC:submit LINE:1323
 	  Message:Player 281479271677960 Submit Task 10012
LOGDEBUG
2016-09-23_19:40:34 FILE:../src/QuestNew/QuestMessage.cpp FUNC:On_MSG_QUICK_REQUEST_MSG_REQ_C2GM_UPDATEQUEST LINE:104
 	  Message:Player 281479271677960 accept Task,10013 type,1 state,2 numStar,1 rewardStar,1 times,0 nowNum,0 targeNum,5
LOGDEBUG
2016-09-23_19:40:39 FILE:../src/QuestNew/AcceptedQuest.cpp FUNC:updateToClient LINE:270
 	  Message:Player 281479271677960 CanSubmit Task,10013 type,1 state,3 numStar,1 rewardStar,1 times,0 nowNum,5 targeNum,5
LOGDEBUG
2016-09-23_19:40:41 FILE:../src/QuestNew/QuestPart.cpp FUNC:submit LINE:1323
 	  Message:Player 281479271677960 Submit Task 10013
LOGDEBUG
2016-09-23_19:40:41 FILE:../src/QuestNew/AcceptedQuest.cpp FUNC:updateToClient LINE:270
 	  Message:Player 281479271677960 CanSubmit Task,10014 type,1 state,3 numStar,1 rewardStar,1 times,0 nowNum,0 targeNum,0
LOGDEBUG
2016-09-23_19:40:41 FILE:../src/QuestNew/QuestMessage.cpp FUNC:On_MSG_QUICK_REQUEST_MSG_REQ_C2GM_UPDATEQUEST LINE:104
 	  Message:Player 281479271677960 accept Task,10014 type,1 state,3 numStar,1 rewardStar,1 times,0 nowNum,0 targeNum,0
LOGDEBUG
2016-09-23_19:40:44 FILE:../src/QuestNew/QuestPart.cpp FUNC:submit LINE:1323
 	  Message:Player 281479271677960 Submit Task 10014
LOGDEBUG
2016-09-23_19:40:44 FILE:../src/QuestNew/QuestMessage.cpp FUNC:On_MSG_QUICK_REQUEST_MSG_REQ_C2GM_UPDATEQUEST LINE:104
 	  Message:Player 281479271677960 accept Task,10015 type,1 state,2 numStar,1 rewardStar,1 times,0 nowNum,0 targeNum,1
LOGDEBUG
2016-09-23_19:40:45 FILE:../src/QuestNew/AcceptedQuest.cpp FUNC:updateToClient LINE:270
 	  Message:Player 281479271677960 CanSubmit Task,10015 type,1 state,3 numStar,1 rewardStar,1 times,0 nowNum,1 targeNum,1
LOGDEBUG
2016-09-23_19:40:47 FILE:../src/QuestNew/QuestPart.cpp FUNC:submit LINE:1323
 	  Message:Player 281479271677960 Submit Task 10015
LOGDEBUG
2016-09-23_19:40:47 FILE:../src/QuestNew/QuestMessage.cpp FUNC:On_MSG_QUICK_REQUEST_MSG_REQ_C2GM_UPDATEQUEST LINE:104
 	  Message:Player 281479271677960 accept Task,10016 type,1 state,2 numStar,1 rewardStar,1 times,0 nowNum,0 targeNum,3
LOGDEBUG
2016-09-23_19:40:49 FILE:../src/Object/Player/PlayerMessage.cpp FUNC:On_MSG_REQUEST_MSG_REQ_GT2GM_CHARATTR LINE:1122
 	  Message:Player request battle attribute
LOGDEBUG
2016-09-23_19:40:52 FILE:../src/QuestNew/AcceptedQuest.cpp FUNC:updateToClient LINE:270
 	  Message:Player 281479271677960 CanSubmit Task,10016 type,1 state,3 numStar,1 rewardStar,1 times,0 nowNum,3 targeNum,3
LOGDEBUG
2016-09-23_19:40:54 FILE:../src/QuestNew/QuestPart.cpp FUNC:submit LINE:1323
 	  Message:Player 281479271677960 Submit Task 10016
LOGDEBUG
2016-09-23_19:40:54 FILE:../src/QuestNew/AcceptedQuest.cpp FUNC:updateToClient LINE:270
 	  Message:Player 281479271677960 CanSubmit Task,10017 type,1 state,3 numStar,1 rewardStar,1 times,0 nowNum,0 targeNum,0
LOGDEBUG
2016-09-23_19:40:54 FILE:../src/QuestNew/QuestMessage.cpp FUNC:On_MSG_QUICK_REQUEST_MSG_REQ_C2GM_UPDATEQUEST LINE:104
 	  Message:Player 281479271677960 accept Task,10017 type,1 state,3 numStar,1 rewardStar,1 times,0 nowNum,0 targeNum,0
LOGDEBUG
2016-09-23_19:40:57 FILE:../src/QuestNew/QuestPart.cpp FUNC:submit LINE:1323
 	  Message:Player 281479271677960 Submit Task 10017
LOGDEBUG
2016-09-23_19:40:57 FILE:../src/QuestNew/AcceptedQuest.cpp FUNC:updateToClient LINE:270
 	  Message:Player 281479271677960 CanSubmit Task,10018 type,1 state,3 numStar,1 rewardStar,1 times,0 nowNum,0 targeNum,0
LOGDEBUG
2016-09-23_19:40:57 FILE:../src/QuestNew/QuestMessage.cpp FUNC:On_MSG_QUICK_REQUEST_MSG_REQ_C2GM_UPDATEQUEST LINE:104
 	  Message:Player 281479271677960 accept Task,10018 type,1 state,3 numStar,1 rewardStar,1 times,0 nowNum,0 targeNum,0
LOGDEBUG
2016-09-23_19:41:12 FILE:../src/QuestNew/QuestPart.cpp FUNC:submit LINE:1323
 	  Message:Player 281479271677960 Submit Task 10018
LOGDEBUG
2016-09-23_19:41:12 FILE:../src/QuestNew/QuestMessage.cpp FUNC:On_MSG_QUICK_REQUEST_MSG_REQ_C2GM_UPDATEQUEST LINE:104
 	  Message:Player 281479271677960 accept Task,10019 type,1 state,2 numStar,1 rewardStar,1 times,0 nowNum,0 targeNum,1
LOGDEBUG
2016-09-23_19:41:28 FILE:../src/QuestNew/AcceptedQuest.cpp FUNC:updateToClient LINE:270
 	  Message:Player 281479271677960 CanSubmit Task,10019 type,1 state,3 numStar,1 rewardStar,1 times,0 nowNum,1 targeNum,1
LOGDEBUG
2016-09-23_19:41:29 FILE:../src/QuestNew/QuestPart.cpp FUNC:submit LINE:1323
 	  Message:Player 281479271677960 Submit Task 10019
LOGDEBUG
2016-09-23_19:41:29 FILE:../src/QuestNew/QuestMessage.cpp FUNC:On_MSG_QUICK_REQUEST_MSG_REQ_C2GM_UPDATEQUEST LINE:104
 	  Message:Player 281479271677960 accept Task,10020 type,1 state,2 numStar,1 rewardStar,1 times,0 nowNum,0 targeNum,5
LOGDEBUG
2016-09-23_19:41:33 FILE:../src/QuestNew/AcceptedQuest.cpp FUNC:updateToClient LINE:270
 	  Message:Player 281479271677960 CanSubmit Task,10020 type,1 state,3 numStar,1 rewardStar,1 times,0 nowNum,5 targeNum,5
LOGDEBUG
2016-09-23_19:41:41 FILE:../src/QuestNew/QuestPart.cpp FUNC:submit LINE:1323
 	  Message:Player 281479271677960 Submit Task 10020
LOGDEBUG
2016-09-23_19:41:41 FILE:../src/QuestNew/AcceptedQuest.cpp FUNC:updateToClient LINE:270
 	  Message:Player 281479271677960 CanSubmit Task,10021 type,1 state,3 numStar,1 rewardStar,1 times,0 nowNum,0 targeNum,0
LOGDEBUG
2016-09-23_19:41:41 FILE:../src/QuestNew/QuestMessage.cpp FUNC:On_MSG_QUICK_REQUEST_MSG_REQ_C2GM_UPDATEQUEST LINE:104
 	  Message:Player 281479271677960 accept Task,10021 type,1 state,3 numStar,1 rewardStar,1 times,0 nowNum,0 targeNum,0
LOGDEBUG
2016-09-23_19:41:52 FILE:../src/QuestNew/QuestPart.cpp FUNC:submit LINE:1323
 	  Message:Player 281479271677960 Submit Task 10021
LOGDEBUG
2016-09-23_19:41:52 FILE:../src/QuestNew/QuestMessage.cpp FUNC:On_MSG_QUICK_REQUEST_MSG_REQ_C2GM_UPDATEQUEST LINE:104
 	  Message:Player 281479271677960 accept Task,10022 type,1 state,2 numStar,1 rewardStar,1 times,0 nowNum,0 targeNum,3
LOGDEBUG
2016-09-23_19:41:57 FILE:../src/QuestNew/AcceptedQuest.cpp FUNC:updateToClient LINE:270
 	  Message:Player 281479271677960 CanSubmit Task,10022 type,1 state,3 numStar,1 rewardStar,1 times,0 nowNum,3 targeNum,3
LOGDEBUG
2016-09-23_19:42:01 FILE:../src/QuestNew/QuestPart.cpp FUNC:submit LINE:1323
 	  Message:Player 281479271677960 Submit Task 10022
LOGDEBUG
2016-09-23_19:42:02 FILE:../src/QuestNew/QuestPart.cpp FUNC:submit LINE:1323
 	  Message:Player 281479271677960 Submit Task 10022
LOGDEBUG
2016-09-23_19:42:03 FILE:../src/QuestNew/QuestPart.cpp FUNC:submit LINE:1323
 	  Message:Player 281479271677960 Submit Task 10022
LOGDEBUG
2016-09-23_19:42:04 FILE:../src/QuestNew/QuestPart.cpp FUNC:submit LINE:1323
 	  Message:Player 281479271677960 Submit Task 10022
LOGDEBUG
2016-09-23_19:42:04 FILE:../src/QuestNew/QuestPart.cpp FUNC:submit LINE:1323
 	  Message:Player 281479271677960 Submit Task 10022
LOGDEBUG
2016-09-23_19:42:06 FILE:../src/QuestNew/QuestPart.cpp FUNC:submit LINE:1323
 	  Message:Player 281479271677960 Submit Task 10022
LOGDEBUG
2016-09-23_19:42:10 FILE:../src/QuestNew/QuestPart.cpp FUNC:submit LINE:1323
 	  Message:Player 281479271677960 Submit Task 10022
LOGDEBUG
2016-09-23_19:42:10 FILE:../src/QuestNew/QuestPart.cpp FUNC:submit LINE:1323
 	  Message:Player 281479271677960 Submit Task 10022
LOGDEBUG
2016-09-23_19:42:11 FILE:../src/QuestNew/QuestPart.cpp FUNC:submit LINE:1323
 	  Message:Player 281479271677960 Submit Task 10022
LOGDEBUG
2016-09-23_19:42:11 FILE:../src/QuestNew/QuestPart.cpp FUNC:submit LINE:1323
 	  Message:Player 281479271677960 Submit Task 10022
LOGDEBUG
2016-09-23_19:42:12 FILE:../src/QuestNew/QuestPart.cpp FUNC:submit LINE:1323
 	  Message:Player 281479271677960 Submit Task 10022
LOGDEBUG
2016-09-23_19:42:14 FILE:../src/QuestNew/QuestPart.cpp FUNC:submit LINE:1323
 	  Message:Player 281479271677960 Submit Task 10022
LOGDEBUG
2016-09-23_19:42:48 FILE:../src/QuestNew/QuestPart.cpp FUNC:submit LINE:1323
 	  Message:Player 281479271677960 Submit Task 10022
LOGDEBUG
2016-09-23_19:43:15 FILE:../src/QuestNew/QuestPart.cpp FUNC:submit LINE:1323
 	  Message:Player 281479271677960 Submit Task 10022
LOGDEBUG
2016-09-23_19:43:22 FILE:../src/QuestNew/QuestPart.cpp FUNC:submit LINE:1323
 	  Message:Player 281479271677960 Submit Task 10022
LOGDEBUG
2016-09-23_19:43:23 FILE:../src/QuestNew/QuestPart.cpp FUNC:submit LINE:1323
 	  Message:Player 281479271677960 Submit Task 10022
LOGDEBUG
2016-09-23_19:43:24 FILE:../src/QuestNew/QuestPart.cpp FUNC:submit LINE:1323
 	  Message:Player 281479271677960 Submit Task 10022
LOGDEBUG
2016-09-23_19:43:25 FILE:../src/QuestNew/QuestPart.cpp FUNC:submit LINE:1323
 	  Message:Player 281479271677960 Submit Task 10022
LOGDEBUG
2016-09-23_19:43:26 FILE:../src/QuestNew/QuestPart.cpp FUNC:submit LINE:1323
 	  Message:Player 281479271677960 Submit Task 10022
LOGDEBUG
2016-09-23_19:43:37 FILE:../src/QuestNew/QuestPart.cpp FUNC:submit LINE:1323
 	  Message:Player 281479271677960 Submit Task 10022
LOGDEBUG
2016-09-23_19:43:37 FILE:../src/QuestNew/AcceptedQuest.cpp FUNC:updateToClient LINE:270
 	  Message:Player 281479271677960 CanSubmit Task,10023 type,1 state,3 numStar,1 rewardStar,1 times,0 nowNum,0 targeNum,0
LOGDEBUG
2016-09-23_19:43:37 FILE:../src/QuestNew/QuestMessage.cpp FUNC:On_MSG_QUICK_REQUEST_MSG_REQ_C2GM_UPDATEQUEST LINE:104
 	  Message:Player 281479271677960 accept Task,10023 type,1 state,3 numStar,1 rewardStar,1 times,0 nowNum,0 targeNum,0
LOGDEBUG
2016-09-23_19:43:39 FILE:../src/QuestNew/QuestPart.cpp FUNC:submit LINE:1323
 	  Message:Player 281479271677960 Submit Task 10023
LOGDEBUG
2016-09-23_19:43:39 FILE:../src/QuestNew/AcceptedQuest.cpp FUNC:updateToClient LINE:270
 	  Message:Player 281479271677960 CanSubmit Task,10024 type,1 state,3 numStar,1 rewardStar,1 times,0 nowNum,0 targeNum,0
LOGDEBUG
2016-09-23_19:43:39 FILE:../src/QuestNew/QuestMessage.cpp FUNC:On_MSG_QUICK_REQUEST_MSG_REQ_C2GM_UPDATEQUEST LINE:104
 	  Message:Player 281479271677960 accept Task,10024 type,1 state,3 numStar,1 rewardStar,1 times,0 nowNum,0 targeNum,0
LOGDEBUG
2016-09-23_19:43:44 FILE:../src/QuestNew/QuestPart.cpp FUNC:submit LINE:1323
 	  Message:Player 281479271677960 Submit Task 10024
LOGDEBUG
2016-09-23_19:43:44 FILE:../src/QuestNew/AcceptedQuest.cpp FUNC:updateToClient LINE:270
 	  Message:Player 281479271677960 CanSubmit Task,10025 type,1 state,3 numStar,1 rewardStar,1 times,0 nowNum,0 targeNum,0
LOGDEBUG
2016-09-23_19:43:44 FILE:../src/QuestNew/QuestMessage.cpp FUNC:On_MSG_QUICK_REQUEST_MSG_REQ_C2GM_UPDATEQUEST LINE:104
 	  Message:Player 281479271677960 accept Task,10025 type,1 state,3 numStar,1 rewardStar,1 times,0 nowNum,0 targeNum,0
LOGDEBUG
2016-09-23_19:43:45 FILE:../src/QuestNew/QuestPart.cpp FUNC:submit LINE:1323
 	  Message:Player 281479271677960 Submit Task 10025
LOGDEBUG
2016-09-23_19:43:45 FILE:../src/QuestNew/AcceptedQuest.cpp FUNC:updateToClient LINE:270
 	  Message:Player 281479271677960 CanSubmit Task,10026 type,1 state,3 numStar,1 rewardStar,1 times,0 nowNum,0 targeNum,0
LOGDEBUG
2016-09-23_19:43:45 FILE:../src/QuestNew/QuestMessage.cpp FUNC:On_MSG_QUICK_REQUEST_MSG_REQ_C2GM_UPDATEQUEST LINE:104
 	  Message:Player 281479271677960 accept Task,10026 type,1 state,3 numStar,1 rewardStar,1 times,0 nowNum,0 targeNum,0
LOGDEBUG
2016-09-23_19:43:48 FILE:../src/QuestNew/QuestPart.cpp FUNC:submit LINE:1323
 	  Message:Player 281479271677960 Submit Task 10026
LOGDEBUG
2016-09-23_19:43:48 FILE:../src/QuestNew/AcceptedQuest.cpp FUNC:updateToClient LINE:270
 	  Message:Player 281479271677960 CanSubmit Task,10027 type,1 state,3 numStar,1 rewardStar,1 times,0 nowNum,0 targeNum,0
LOGDEBUG
2016-09-23_19:43:48 FILE:../src/QuestNew/QuestMessage.cpp FUNC:On_MSG_QUICK_REQUEST_MSG_REQ_C2GM_UPDATEQUEST LINE:104
 	  Message:Player 281479271677960 accept Task,10027 type,1 state,3 numStar,1 rewardStar,1 times,0 nowNum,0 targeNum,0
LOGDEBUG
2016-09-23_19:44:00 FILE:../src/Horse/HorseMessage.cpp FUNC:On_MSG_REQUEST_MSG_REQ_GT2GM_HANDLEHORSE LINE:106
 	  Message:Player request handling horse
LOGDEBUG
2016-09-23_19:44:06 FILE:../src/QuestNew/QuestPart.cpp FUNC:submit LINE:1323
 	  Message:Player 281479271677960 Submit Task 10027
LOGDEBUG
2016-09-23_19:44:06 FILE:../src/QuestNew/AcceptedQuest.cpp FUNC:updateToClient LINE:270
 	  Message:Player 281479271677960 CanSubmit Task,10028 type,1 state,3 numStar,1 rewardStar,1 times,0 nowNum,0 targeNum,0
LOGDEBUG
2016-09-23_19:44:06 FILE:../src/QuestNew/QuestMessage.cpp FUNC:On_MSG_QUICK_REQUEST_MSG_REQ_C2GM_UPDATEQUEST LINE:104
 	  Message:Player 281479271677960 accept Task,10028 type,1 state,3 numStar,1 rewardStar,1 times,0 nowNum,0 targeNum,0
LOGDEBUG
2016-09-23_19:44:25 FILE:../src/QuestNew/QuestPart.cpp FUNC:submit LINE:1323
 	  Message:Player 281479271677960 Submit Task 10028
LOGDEBUG
2016-09-23_19:44:25 FILE:../src/QuestNew/AcceptedQuest.cpp FUNC:updateToClient LINE:270
 	  Message:Player 281479271677960 CanSubmit Task,10029 type,1 state,3 numStar,1 rewardStar,1 times,0 nowNum,0 targeNum,0
LOGDEBUG
2016-09-23_19:44:25 FILE:../src/QuestNew/QuestMessage.cpp FUNC:On_MSG_QUICK_REQUEST_MSG_REQ_C2GM_UPDATEQUEST LINE:104
 	  Message:Player 281479271677960 accept Task,10029 type,1 state,3 numStar,1 rewardStar,1 times,0 nowNum,0 targeNum,0
LOGDEBUG
2016-09-23_19:44:33 FILE:../src/QuestNew/QuestPart.cpp FUNC:submit LINE:1323
 	  Message:Player 281479271677960 Submit Task 10029
LOGDEBUG
2016-09-23_19:44:33 FILE:../src/QuestNew/QuestMessage.cpp FUNC:On_MSG_QUICK_REQUEST_MSG_REQ_C2GM_UPDATEQUEST LINE:104
 	  Message:Player 281479271677960 accept Task,10030 type,1 state,2 numStar,1 rewardStar,1 times,0 nowNum,0 targeNum,0
LOGDEBUG
2016-09-23_19:44:36 FILE:../src/QuestNew/AcceptedQuest.cpp FUNC:updateToClient LINE:270
 	  Message:Player 281479271677960 CanSubmit Task,10030 type,1 state,3 numStar,1 rewardStar,1 times,0 nowNum,0 targeNum,0
LOGDEBUG
2016-09-23_19:44:44 FILE:../src/QuestNew/QuestPart.cpp FUNC:submit LINE:1323
 	  Message:Player 281479271677960 Submit Task 10030
LOGDEBUG
2016-09-23_19:44:44 FILE:../src/QuestNew/AcceptedQuest.cpp FUNC:updateToClient LINE:270
 	  Message:Player 281479271677960 CanSubmit Task,10031 type,1 state,3 numStar,1 rewardStar,1 times,0 nowNum,0 targeNum,0
LOGDEBUG
2016-09-23_19:44:44 FILE:../src/QuestNew/QuestMessage.cpp FUNC:On_MSG_QUICK_REQUEST_MSG_REQ_C2GM_UPDATEQUEST LINE:104
 	  Message:Player 281479271677960 accept Task,10031 type,1 state,3 numStar,1 rewardStar,1 times,0 nowNum,0 targeNum,0
LOGDEBUG
2016-09-23_19:44:49 FILE:../src/QuestNew/QuestPart.cpp FUNC:submit LINE:1323
 	  Message:Player 281479271677960 Submit Task 10031
LOGDEBUG
2016-09-23_19:44:49 FILE:../src/QuestNew/AcceptedQuest.cpp FUNC:updateToClient LINE:270
 	  Message:Player 281479271677960 CanSubmit Task,10032 type,1 state,3 numStar,1 rewardStar,1 times,0 nowNum,0 targeNum,0
LOGDEBUG
2016-09-23_19:44:49 FILE:../src/QuestNew/QuestMessage.cpp FUNC:On_MSG_QUICK_REQUEST_MSG_REQ_C2GM_UPDATEQUEST LINE:104
 	  Message:Player 281479271677960 accept Task,10032 type,1 state,3 numStar,1 rewardStar,1 times,0 nowNum,0 targeNum,0
LOGDEBUG
2016-09-23_19:45:02 FILE:../src/QuestNew/QuestPart.cpp FUNC:submit LINE:1323
 	  Message:Player 281479271677960 Submit Task 10032
LOGDEBUG
2016-09-23_19:45:02 FILE:../src/QuestNew/AcceptedQuest.cpp FUNC:updateToClient LINE:270
 	  Message:Player 281479271677960 CanSubmit Task,10033 type,1 state,3 numStar,1 rewardStar,1 times,0 nowNum,0 targeNum,0
LOGDEBUG
2016-09-23_19:45:02 FILE:../src/QuestNew/QuestMessage.cpp FUNC:On_MSG_QUICK_REQUEST_MSG_REQ_C2GM_UPDATEQUEST LINE:104
 	  Message:Player 281479271677960 accept Task,10033 type,1 state,3 numStar,1 rewardStar,1 times,0 nowNum,0 targeNum,0
LOGDEBUG
2016-09-23_19:45:16 FILE:../src/QuestNew/QuestPart.cpp FUNC:submit LINE:1323
 	  Message:Player 281479271677960 Submit Task 10033
LOGDEBUG
2016-09-23_19:45:16 FILE:../src/QuestNew/QuestMessage.cpp FUNC:On_MSG_QUICK_REQUEST_MSG_REQ_C2GM_UPDATEQUEST LINE:104
 	  Message:Player 281479271677960 accept Task,10034 type,1 state,2 numStar,1 rewardStar,1 times,0 nowNum,0 targeNum,9
LOGDEBUG
2016-09-23_19:45:29 FILE:../src/QuestNew/AcceptedQuest.cpp FUNC:updateToClient LINE:270
 	  Message:Player 281479271677960 CanSubmit Task,10034 type,1 state,3 numStar,1 rewardStar,1 times,0 nowNum,9 targeNum,9
LOGDEBUG
2016-09-23_19:45:42 FILE:../src/QuestNew/QuestPart.cpp FUNC:submit LINE:1323
 	  Message:Player 281479271677960 Submit Task 10034
LOGDEBUG
2016-09-23_19:45:42 FILE:../src/QuestNew/AcceptedQuest.cpp FUNC:updateToClient LINE:270
 	  Message:Player 281479271677960 CanSubmit Task,10035 type,1 state,3 numStar,1 rewardStar,1 times,0 nowNum,0 targeNum,0
LOGDEBUG
2016-09-23_19:45:42 FILE:../src/QuestNew/QuestMessage.cpp FUNC:On_MSG_QUICK_REQUEST_MSG_REQ_C2GM_UPDATEQUEST LINE:104
 	  Message:Player 281479271677960 accept Task,10035 type,1 state,3 numStar,1 rewardStar,1 times,0 nowNum,0 targeNum,0
LOGDEBUG
2016-09-23_19:45:48 FILE:../src/QuestNew/QuestPart.cpp FUNC:submit LINE:1323
 	  Message:Player 281479271677960 Submit Task 10035
LOGDEBUG
2016-09-23_19:45:48 FILE:../src/QuestNew/QuestMessage.cpp FUNC:On_MSG_QUICK_REQUEST_MSG_REQ_C2GM_UPDATEQUEST LINE:104
 	  Message:Player 281479271677960 accept Task,10036 type,1 state,2 numStar,1 rewardStar,1 times,0 nowNum,0 targeNum,9
LOGDEBUG
2016-09-23_19:57:36 FILE:../src/Object/Player/PlayerMessage.cpp FUNC:On_MSG_REQUEST_MSG_REQ_GT2GM_PLAYERINFO LINE:1091
 	  Message:Player login on and get playerinfo[1]
LOGDEBUG
2016-09-23_19:57:36 FILE:../src/Object/Player/Player.cpp FUNC:InitBaseInfo LINE:1205
 	  Message:iRet=1802 err:[src/OpenApiV3.cpp][278][ParamIsValid]openid is invalid

LOGDEBUG
2016-09-23_19:57:36 FILE:../src/Object/Player/PlayerMessage.cpp FUNC:On_MSG_ACK_MSG_REQ_GM2DB_CONTAINERINFO LINE:1671
 	  Message:gameserver request dbserver player[4294967304] container info
LOGDEBUG
2016-09-23_19:57:37 FILE:../src/Object/Player/PlayerMessage.cpp FUNC:FinishiInit LINE:4050
 	  Message:finish player[4294967304] info 
LOGDEBUG
2016-09-23_19:57:37 FILE:../src/Object/Player/PlayerMessage.cpp FUNC:FinishiInit LINE:4085
 	  Message:player login in game and finish player[4294967304] info 
LOGDEBUG
2016-09-23_19:57:39 FILE:../src/Horse/HorseMessage.cpp FUNC:On_MSG_REQUEST_MSG_REQ_GT2GM_HORSEINFO LINE:72
 	  Message:Player request horse info
LOGDEBUG
2016-09-23_19:57:50 FILE:../src/QuestNew/AcceptedQuest.cpp FUNC:updateToClient LINE:270
 	  Message:Player 281479271677960 CanSubmit Task,10036 type,1 state,3 numStar,1 rewardStar,1 times,0 nowNum,9 targeNum,9
LOGDEBUG
2016-09-23_19:57:55 FILE:../src/QuestNew/QuestPart.cpp FUNC:submit LINE:1323
 	  Message:Player 281479271677960 Submit Task 10036
LOGDEBUG
2016-09-23_19:57:55 FILE:../src/QuestNew/QuestMessage.cpp FUNC:On_MSG_QUICK_REQUEST_MSG_REQ_C2GM_UPDATEQUEST LINE:104
 	  Message:Player 281479271677960 accept Task,10037 type,1 state,2 numStar,1 rewardStar,1 times,0 nowNum,0 targeNum,1
LOGDEBUG
2016-09-23_19:58:32 FILE:../src/QuestNew/AcceptedQuest.cpp FUNC:updateToClient LINE:270
 	  Message:Player 281479271677960 CanSubmit Task,10037 type,1 state,3 numStar,1 rewardStar,1 times,0 nowNum,1 targeNum,1
LOGDEBUG
2016-09-23_19:58:41 FILE:../src/QuestNew/QuestPart.cpp FUNC:submit LINE:1323
 	  Message:Player 281479271677960 Submit Task 10037
LOGDEBUG
2016-09-23_19:58:41 FILE:../src/QuestNew/QuestMessage.cpp FUNC:On_MSG_QUICK_REQUEST_MSG_REQ_C2GM_UPDATEQUEST LINE:104
 	  Message:Player 281479271677960 accept Task,10038 type,1 state,2 numStar,1 rewardStar,1 times,0 nowNum,0 targeNum,1
LOGDEBUG
2016-09-23_19:58:45 FILE:../src/QuestNew/AcceptedQuest.cpp FUNC:updateToClient LINE:270
 	  Message:Player 281479271677960 CanSubmit Task,10038 type,1 state,3 numStar,1 rewardStar,1 times,0 nowNum,1 targeNum,1
LOGDEBUG
2016-09-23_19:58:50 FILE:../src/QuestNew/QuestPart.cpp FUNC:submit LINE:1323
 	  Message:Player 281479271677960 Submit Task 10038
LOGDEBUG
2016-09-23_19:58:50 FILE:../src/QuestNew/QuestMessage.cpp FUNC:On_MSG_QUICK_REQUEST_MSG_REQ_C2GM_UPDATEQUEST LINE:104
 	  Message:Player 281479271677960 accept Task,10039 type,1 state,2 numStar,1 rewardStar,1 times,0 nowNum,0 targeNum,9
LOGDEBUG
2016-09-23_19:58:56 FILE:../src/QuestNew/AcceptedQuest.cpp FUNC:updateToClient LINE:270
 	  Message:Player 281479271677960 CanSubmit Task,10039 type,1 state,3 numStar,1 rewardStar,1 times,0 nowNum,9 targeNum,9
LOGDEBUG
2016-09-23_19:59:04 FILE:../src/QuestNew/QuestPart.cpp FUNC:submit LINE:1323
 	  Message:Player 281479271677960 Submit Task 10039
LOGDEBUG
2016-09-23_19:59:04 FILE:../src/QuestNew/AcceptedQuest.cpp FUNC:updateToClient LINE:270
 	  Message:Player 281479271677960 CanSubmit Task,10040 type,1 state,3 numStar,1 rewardStar,1 times,0 nowNum,0 targeNum,0
LOGDEBUG
2016-09-23_19:59:04 FILE:../src/QuestNew/QuestMessage.cpp FUNC:On_MSG_QUICK_REQUEST_MSG_REQ_C2GM_UPDATEQUEST LINE:104
 	  Message:Player 281479271677960 accept Task,10040 type,1 state,3 numStar,1 rewardStar,1 times,0 nowNum,0 targeNum,0
LOGDEBUG
2016-09-23_19:59:14 FILE:../src/QuestNew/QuestPart.cpp FUNC:submit LINE:1323
 	  Message:Player 281479271677960 Submit Task 10040
LOGDEBUG
2016-09-23_19:59:14 FILE:../src/QuestNew/QuestMessage.cpp FUNC:On_MSG_QUICK_REQUEST_MSG_REQ_C2GM_UPDATEQUEST LINE:104
 	  Message:Player 281479271677960 accept Task,10041 type,1 state,2 numStar,1 rewardStar,1 times,0 nowNum,0 targeNum,1
LOGDEBUG
2016-09-23_20:00:17 FILE:../src/QuestNew/AcceptedQuest.cpp FUNC:updateToClient LINE:270
 	  Message:Player 281479271677960 CanSubmit Task,10041 type,1 state,3 numStar,1 rewardStar,1 times,0 nowNum,1 targeNum,1
LOGDEBUG
2016-09-23_20:00:24 FILE:../src/QuestNew/QuestPart.cpp FUNC:submit LINE:1323
 	  Message:Player 281479271677960 Submit Task 10041
LOGDEBUG
2016-09-23_20:00:24 FILE:../src/QuestNew/AcceptedQuest.cpp FUNC:updateToClient LINE:270
 	  Message:Player 281479271677960 CanSubmit Task,10042 type,1 state,3 numStar,1 rewardStar,1 times,0 nowNum,0 targeNum,0
LOGDEBUG
2016-09-23_20:00:24 FILE:../src/QuestNew/QuestMessage.cpp FUNC:On_MSG_QUICK_REQUEST_MSG_REQ_C2GM_UPDATEQUEST LINE:104
 	  Message:Player 281479271677960 accept Task,10042 type,1 state,3 numStar,1 rewardStar,1 times,0 nowNum,0 targeNum,0
LOGDEBUG
2016-09-23_20:00:27 FILE:../src/QuestNew/QuestPart.cpp FUNC:submit LINE:1323
 	  Message:Player 281479271677960 Submit Task 10042
LOGDEBUG
2016-09-23_20:00:27 FILE:../src/QuestNew/AcceptedQuest.cpp FUNC:updateToClient LINE:270
 	  Message:Player 281479271677960 CanSubmit Task,10043 type,1 state,3 numStar,1 rewardStar,1 times,0 nowNum,0 targeNum,0
LOGDEBUG
2016-09-23_20:00:27 FILE:../src/QuestNew/QuestMessage.cpp FUNC:On_MSG_QUICK_REQUEST_MSG_REQ_C2GM_UPDATEQUEST LINE:104
 	  Message:Player 281479271677960 accept Task,10043 type,1 state,3 numStar,1 rewardStar,1 times,0 nowNum,0 targeNum,0
LOGDEBUG
2016-09-23_20:00:30 FILE:../src/QuestNew/QuestPart.cpp FUNC:submit LINE:1323
 	  Message:Player 281479271677960 Submit Task 10043
LOGDEBUG
2016-09-23_20:00:30 FILE:../src/QuestNew/QuestMessage.cpp FUNC:On_MSG_QUICK_REQUEST_MSG_REQ_C2GM_UPDATEQUEST LINE:104
 	  Message:Player 281479271677960 accept Task,10044 type,1 state,2 numStar,1 rewardStar,1 times,0 nowNum,0 targeNum,1
LOGDEBUG
2016-09-23_20:00:35 FILE:../src/QuestNew/AcceptedQuest.cpp FUNC:updateToClient LINE:270
 	  Message:Player 281479271677960 CanSubmit Task,10044 type,1 state,3 numStar,1 rewardStar,1 times,0 nowNum,1 targeNum,1
LOGDEBUG
2016-09-23_20:00:37 FILE:../src/QuestNew/QuestPart.cpp FUNC:submit LINE:1323
 	  Message:Player 281479271677960 Submit Task 10044
LOGDEBUG
2016-09-23_20:00:37 FILE:../src/QuestNew/AcceptedQuest.cpp FUNC:updateToClient LINE:270
 	  Message:Player 281479271677960 CanSubmit Task,10045 type,1 state,3 numStar,1 rewardStar,1 times,0 nowNum,0 targeNum,0
LOGDEBUG
2016-09-23_20:00:37 FILE:../src/QuestNew/QuestMessage.cpp FUNC:On_MSG_QUICK_REQUEST_MSG_REQ_C2GM_UPDATEQUEST LINE:104
 	  Message:Player 281479271677960 accept Task,10045 type,1 state,3 numStar,1 rewardStar,1 times,0 nowNum,0 targeNum,0
LOGDEBUG
2016-09-23_20:00:44 FILE:../src/QuestNew/QuestPart.cpp FUNC:submit LINE:1323
 	  Message:Player 281479271677960 Submit Task 10045
LOGDEBUG
2016-09-23_20:00:44 FILE:../src/QuestNew/AcceptedQuest.cpp FUNC:updateToClient LINE:270
 	  Message:Player 281479271677960 CanSubmit Task,10046 type,1 state,3 numStar,1 rewardStar,1 times,0 nowNum,0 targeNum,0
LOGDEBUG
2016-09-23_20:00:44 FILE:../src/QuestNew/QuestMessage.cpp FUNC:On_MSG_QUICK_REQUEST_MSG_REQ_C2GM_UPDATEQUEST LINE:104
 	  Message:Player 281479271677960 accept Task,10046 type,1 state,3 numStar,1 rewardStar,1 times,0 nowNum,0 targeNum,0
LOGDEBUG
2016-09-23_20:00:51 FILE:../src/QuestNew/QuestPart.cpp FUNC:submit LINE:1323
 	  Message:Player 281479271677960 Submit Task 10046
LOGDEBUG
2016-09-23_20:00:51 FILE:../src/QuestNew/QuestMessage.cpp FUNC:On_MSG_QUICK_REQUEST_MSG_REQ_C2GM_UPDATEQUEST LINE:104
 	  Message:Player 281479271677960 accept Task,10047 type,1 state,2 numStar,1 rewardStar,1 times,0 nowNum,0 targeNum,11
LOGDEBUG
2016-09-23_20:01:03 FILE:../src/QuestNew/AcceptedQuest.cpp FUNC:updateToClient LINE:270
 	  Message:Player 281479271677960 CanSubmit Task,10047 type,1 state,3 numStar,1 rewardStar,1 times,0 nowNum,11 targeNum,11
LOGDEBUG
2016-09-23_20:01:08 FILE:../src/QuestNew/QuestPart.cpp FUNC:submit LINE:1323
 	  Message:Player 281479271677960 Submit Task 10047
LOGDEBUG
2016-09-23_20:01:08 FILE:../src/QuestNew/QuestMessage.cpp FUNC:On_MSG_QUICK_REQUEST_MSG_REQ_C2GM_UPDATEQUEST LINE:104
 	  Message:Player 281479271677960 accept Task,10048 type,1 state,2 numStar,1 rewardStar,1 times,0 nowNum,0 targeNum,1
LOGDEBUG
2016-09-23_20:01:16 FILE:../src/QuestNew/AcceptedQuest.cpp FUNC:updateToClient LINE:270
 	  Message:Player 281479271677960 CanSubmit Task,10048 type,1 state,3 numStar,1 rewardStar,1 times,0 nowNum,1 targeNum,1
LOGDEBUG
2016-09-23_20:01:27 FILE:../src/QuestNew/QuestPart.cpp FUNC:submit LINE:1323
 	  Message:Player 281479271677960 Submit Task 10048
LOGDEBUG
2016-09-23_20:01:27 FILE:../src/QuestNew/QuestMessage.cpp FUNC:On_MSG_QUICK_REQUEST_MSG_REQ_C2GM_UPDATEQUEST LINE:104
 	  Message:Player 281479271677960 accept Task,10049 type,1 state,2 numStar,1 rewardStar,1 times,0 nowNum,0 targeNum,11
LOGDEBUG
2016-09-23_20:01:43 FILE:../src/QuestNew/AcceptedQuest.cpp FUNC:updateToClient LINE:270
 	  Message:Player 281479271677960 CanSubmit Task,10049 type,1 state,3 numStar,1 rewardStar,1 times,0 nowNum,11 targeNum,11
LOGDEBUG
2016-09-23_20:01:51 FILE:../src/QuestNew/QuestPart.cpp FUNC:submit LINE:1323
 	  Message:Player 281479271677960 Submit Task 10049
LOGDEBUG
2016-09-23_20:01:51 FILE:../src/QuestNew/QuestMessage.cpp FUNC:On_MSG_QUICK_REQUEST_MSG_REQ_C2GM_UPDATEQUEST LINE:104
 	  Message:Player 281479271677960 accept Task,10050 type,1 state,2 numStar,1 rewardStar,1 times,0 nowNum,0 targeNum,12
LOGDEBUG
2016-09-23_20:02:04 FILE:../src/QuestNew/AcceptedQuest.cpp FUNC:updateToClient LINE:270
 	  Message:Player 281479271677960 CanSubmit Task,10050 type,1 state,3 numStar,1 rewardStar,1 times,0 nowNum,12 targeNum,12
LOGDEBUG
2016-09-23_20:02:11 FILE:../src/QuestNew/QuestPart.cpp FUNC:submit LINE:1323
 	  Message:Player 281479271677960 Submit Task 10050
LOGDEBUG
2016-09-23_20:02:11 FILE:../src/QuestNew/AcceptedQuest.cpp FUNC:updateToClient LINE:270
 	  Message:Player 281479271677960 CanSubmit Task,10051 type,1 state,3 numStar,1 rewardStar,1 times,0 nowNum,0 targeNum,0
LOGDEBUG
2016-09-23_20:02:11 FILE:../src/QuestNew/QuestMessage.cpp FUNC:On_MSG_QUICK_REQUEST_MSG_REQ_C2GM_UPDATEQUEST LINE:104
 	  Message:Player 281479271677960 accept Task,10051 type,1 state,3 numStar,1 rewardStar,1 times,0 nowNum,0 targeNum,0
LOGDEBUG
2016-09-23_20:02:46 FILE:../src/Object/Player/PlayerMessage.cpp FUNC:On_MSG_REQUEST_MSG_REQ_GT2GM_PLAYERINFO LINE:1091
 	  Message:Player login on and get playerinfo[1]
LOGDEBUG
2016-09-23_20:02:46 FILE:../src/Object/Player/Player.cpp FUNC:InitBaseInfo LINE:1205
 	  Message:iRet=1802 err:[src/OpenApiV3.cpp][278][ParamIsValid]openid is invalid

LOGDEBUG
2016-09-23_20:02:46 FILE:../src/Object/Player/PlayerMessage.cpp FUNC:On_MSG_ACK_MSG_REQ_GM2DB_CONTAINERINFO LINE:1671
 	  Message:gameserver request dbserver player[4294967304] container info
LOGDEBUG
2016-09-23_20:02:46 FILE:../src/Object/Player/PlayerMessage.cpp FUNC:FinishiInit LINE:4050
 	  Message:finish player[4294967304] info 
LOGDEBUG
2016-09-23_20:02:46 FILE:../src/Object/Player/PlayerMessage.cpp FUNC:FinishiInit LINE:4085
 	  Message:player login in game and finish player[4294967304] info 
LOGDEBUG
2016-09-23_20:02:46 FILE:../src/QuestNew/AcceptedQuest.cpp FUNC:updateToClient LINE:270
 	  Message:Player 281479271677960 CanSubmit Task,10051 type,1 state,3 numStar,1 rewardStar,1 times,0 nowNum,0 targeNum,0
LOGDEBUG
2016-09-23_20:02:49 FILE:../src/Horse/HorseMessage.cpp FUNC:On_MSG_REQUEST_MSG_REQ_GT2GM_HORSEINFO LINE:72
 	  Message:Player request horse info
LOGDEBUG
2016-09-23_20:03:49 FILE:../src/Object/Player/PlayerMessage.cpp FUNC:On_MSG_REQUEST_MSG_REQ_GT2GM_PLAYERINFO LINE:1091
 	  Message:Player login on and get playerinfo[1]
LOGDEBUG
2016-09-23_20:03:49 FILE:../src/Object/Player/Player.cpp FUNC:InitBaseInfo LINE:1205
 	  Message:iRet=1802 err:[src/OpenApiV3.cpp][278][ParamIsValid]openid is invalid

LOGDEBUG
2016-09-23_20:03:49 FILE:../src/Object/Player/PlayerMessage.cpp FUNC:On_MSG_ACK_MSG_REQ_GM2DB_CONTAINERINFO LINE:1671
 	  Message:gameserver request dbserver player[4294967304] container info
LOGDEBUG
2016-09-23_20:03:49 FILE:../src/Object/Player/PlayerMessage.cpp FUNC:FinishiInit LINE:4050
 	  Message:finish player[4294967304] info 
LOGDEBUG
2016-09-23_20:03:49 FILE:../src/Object/Player/PlayerMessage.cpp FUNC:FinishiInit LINE:4085
 	  Message:player login in game and finish player[4294967304] info 
LOGDEBUG
2016-09-23_20:03:49 FILE:../src/QuestNew/AcceptedQuest.cpp FUNC:updateToClient LINE:270
 	  Message:Player 281479271677960 CanSubmit Task,10051 type,1 state,3 numStar,1 rewardStar,1 times,0 nowNum,0 targeNum,0
LOGDEBUG
2016-09-23_20:03:52 FILE:../src/Mail/MailMessage.cpp FUNC:On_MSG_QUICK_REQUEST_MSG_REQ_C2GM_MAILS LINE:80
 	  Message:client req gt get mails
LOGDEBUG
2016-09-23_20:03:52 FILE:../src/Horse/HorseMessage.cpp FUNC:On_MSG_REQUEST_MSG_REQ_GT2GM_HORSEINFO LINE:72
 	  Message:Player request horse info
LOGDEBUG
2016-09-23_20:04:22 FILE:../src/Object/Player/PlayerMessage.cpp FUNC:On_MSG_REQUEST_MSG_REQ_GT2GM_PLAYERINFO LINE:1091
 	  Message:Player login on and get playerinfo[1]
LOGDEBUG
2016-09-23_20:04:22 FILE:../src/Object/Player/Player.cpp FUNC:InitBaseInfo LINE:1205
 	  Message:iRet=1802 err:[src/OpenApiV3.cpp][278][ParamIsValid]openid is invalid

LOGDEBUG
2016-09-23_20:04:23 FILE:../src/Object/Player/PlayerMessage.cpp FUNC:On_MSG_ACK_MSG_REQ_GM2DB_CONTAINERINFO LINE:1671
 	  Message:gameserver request dbserver player[4294967304] container info
LOGDEBUG
2016-09-23_20:04:23 FILE:../src/Object/Player/PlayerMessage.cpp FUNC:FinishiInit LINE:4050
 	  Message:finish player[4294967304] info 
LOGDEBUG
2016-09-23_20:04:23 FILE:../src/Object/Player/PlayerMessage.cpp FUNC:FinishiInit LINE:4085
 	  Message:player login in game and finish player[4294967304] info 
LOGDEBUG
2016-09-23_20:04:23 FILE:../src/QuestNew/AcceptedQuest.cpp FUNC:updateToClient LINE:270
 	  Message:Player 281479271677960 CanSubmit Task,10051 type,1 state,3 numStar,1 rewardStar,1 times,0 nowNum,0 targeNum,0
LOGDEBUG
2016-09-23_20:04:26 FILE:../src/Horse/HorseMessage.cpp FUNC:On_MSG_REQUEST_MSG_REQ_GT2GM_HORSEINFO LINE:72
 	  Message:Player request horse info
LOGDEBUG
2016-09-23_20:05:29 FILE:../src/Object/Player/PlayerMessage.cpp FUNC:On_MSG_REQUEST_MSG_REQ_GT2GM_PLAYERINFO LINE:1091
 	  Message:Player login on and get playerinfo[1]
LOGDEBUG
2016-09-23_20:05:29 FILE:../src/Object/Player/Player.cpp FUNC:InitBaseInfo LINE:1205
 	  Message:iRet=1802 err:[src/OpenApiV3.cpp][278][ParamIsValid]openid is invalid

LOGDEBUG
2016-09-23_20:05:29 FILE:../src/Object/Player/PlayerMessage.cpp FUNC:On_MSG_ACK_MSG_REQ_GM2DB_CONTAINERINFO LINE:1671
 	  Message:gameserver request dbserver player[4294967304] container info
LOGDEBUG
2016-09-23_20:05:29 FILE:../src/Object/Player/PlayerMessage.cpp FUNC:FinishiInit LINE:4050
 	  Message:finish player[4294967304] info 
LOGDEBUG
2016-09-23_20:05:29 FILE:../src/Object/Player/PlayerMessage.cpp FUNC:FinishiInit LINE:4085
 	  Message:player login in game and finish player[4294967304] info 
LOGDEBUG
2016-09-23_20:05:29 FILE:../src/QuestNew/AcceptedQuest.cpp FUNC:updateToClient LINE:270
 	  Message:Player 281479271677960 CanSubmit Task,10051 type,1 state,3 numStar,1 rewardStar,1 times,0 nowNum,0 targeNum,0
LOGDEBUG
2016-09-23_20:05:31 FILE:../src/Horse/HorseMessage.cpp FUNC:On_MSG_REQUEST_MSG_REQ_GT2GM_HORSEINFO LINE:72
 	  Message:Player request horse info
LOGDEBUG
2016-09-23_20:05:43 FILE:../src/Object/Player/PlayerMessage.cpp FUNC:On_MSG_REQUEST_MSG_REQ_GT2GM_PLAYERINFO LINE:1091
 	  Message:Player login on and get playerinfo[1]
LOGDEBUG
2016-09-23_20:05:43 FILE:../src/Object/Player/Player.cpp FUNC:InitBaseInfo LINE:1205
 	  Message:iRet=1802 err:[src/OpenApiV3.cpp][278][ParamIsValid]openid is invalid

LOGDEBUG
2016-09-23_20:05:43 FILE:../src/Object/Player/PlayerMessage.cpp FUNC:On_MSG_ACK_MSG_REQ_GM2DB_CONTAINERINFO LINE:1671
 	  Message:gameserver request dbserver player[12884901898] container info
LOGDEBUG
2016-09-23_20:05:44 FILE:../src/Object/Player/PlayerMessage.cpp FUNC:FinishiInit LINE:4050
 	  Message:finish player[12884901898] info 
LOGDEBUG
2016-09-23_20:05:44 FILE:../src/Object/Player/PlayerMessage.cpp FUNC:FinishiInit LINE:4085
 	  Message:player login in game and finish player[12884901898] info 
LOGDEBUG
2016-09-23_20:05:44 FILE:../src/QuestNew/AcceptedQuest.cpp FUNC:updateToClient LINE:270
 	  Message:Player 281487861612554 CanSubmit Task,10001 type,1 state,3 numStar,1 rewardStar,1 times,0 nowNum,0 targeNum,0
LOGDEBUG
2016-09-23_20:05:45 FILE:../src/Mail/MailMessage.cpp FUNC:On_MSG_QUICK_REQUEST_MSG_REQ_C2GM_MAILS LINE:80
 	  Message:client req gt get mails
LOGDEBUG
2016-09-23_20:05:45 FILE:../src/Horse/HorseMessage.cpp FUNC:On_MSG_REQUEST_MSG_REQ_GT2GM_HORSEINFO LINE:72
 	  Message:Player request horse info
LOGDEBUG
2016-09-23_20:05:47 FILE:../src/Object/Player/PlayerMessage.cpp FUNC:On_MSG_REQUEST_MSG_REQ_GT2GM_CHARATTR LINE:1122
 	  Message:Player request battle attribute
LOGDEBUG
2016-09-23_20:06:32 FILE:../src/Object/Player/PlayerMessage.cpp FUNC:On_MSG_REQUEST_MSG_REQ_GT2GM_PLAYERINFO LINE:1091
 	  Message:Player login on and get playerinfo[1]
LOGDEBUG
2016-09-23_20:06:32 FILE:../src/Object/Player/Player.cpp FUNC:InitBaseInfo LINE:1205
 	  Message:iRet=1802 err:[src/OpenApiV3.cpp][278][ParamIsValid]openid is invalid

LOGDEBUG
2016-09-23_20:07:22 FILE:../src/Object/Player/PlayerMessage.cpp FUNC:On_MSG_ACK_MSG_REQ_GM2DB_CONTAINERINFO LINE:1671
 	  Message:gameserver request dbserver player[12884901899] container info
LOGDEBUG
2016-09-23_20:13:15 FILE:../src/Object/Player/PlayerMessage.cpp FUNC:On_MSG_REQUEST_MSG_REQ_GT2GM_PLAYERINFO LINE:1091
 	  Message:Player login on and get playerinfo[1]
LOGDEBUG
2016-09-23_20:13:15 FILE:../src/Object/Player/Player.cpp FUNC:InitBaseInfo LINE:1205
 	  Message:iRet=1802 err:[src/OpenApiV3.cpp][278][ParamIsValid]openid is invalid

LOGDEBUG
2016-09-24_10:29:29 FILE:../src/Object/Player/PlayerMessage.cpp FUNC:On_MSG_REQUEST_MSG_REQ_GT2GM_PLAYERINFO LINE:1091
 	  Message:Player login on and get playerinfo[1]
LOGDEBUG
2016-09-24_10:29:29 FILE:../src/Object/Player/PlayerMessage.cpp FUNC:On_MSG_REQUEST_MSG_REQ_GT2GM_PLAYERINFO LINE:1091
 	  Message:Player login on and get playerinfo[1]
LOGDEBUG
2016-09-24_10:29:29 FILE:../src/Map/CreatMapTask.cpp FUNC:On_MSG_REQUEST_MSG_REQ_WS2GM_CREATESCENE LINE:303
 	  Message:gateserver request gameserver create map
LOGDEBUG
2016-09-24_10:29:29 FILE:../src/Object/Player/PlayerMessage.cpp FUNC:On_MSG_ACK_MSG_REQ_GM2DB_CONTAINERINFO LINE:1671
 	  Message:gameserver request dbserver player[4294967308] container info
LOGDEBUG
2016-09-24_10:29:30 FILE:../src/Object/Player/Player.cpp FUNC:InitBaseInfo LINE:1205
 	  Message:iRet=1802 err:[src/OpenApiV3.cpp][278][ParamIsValid]openid is invalid

LOGDEBUG
2016-09-24_10:29:30 FILE:../src/Object/Player/Player.cpp FUNC:InitBaseInfo LINE:1205
 	  Message:iRet=1802 err:[src/OpenApiV3.cpp][278][ParamIsValid]openid is invalid

LOGDEBUG
2016-09-24_10:29:30 FILE:../src/Object/Player/PlayerMessage.cpp FUNC:On_MSG_ACK_MSG_REQ_GM2DB_CONTAINERINFO LINE:1671
 	  Message:gameserver request dbserver player[4294967308] container info
LOGDEBUG
2016-09-24_10:29:30 FILE:../src/Object/Player/PlayerMessage.cpp FUNC:On_MSG_ACK_MSG_REQ_GM2DB_CONTAINERINFO LINE:1671
 	  Message:gameserver request dbserver player[12884901890] container info
LOGDEBUG
2016-09-24_10:29:30 FILE:../src/Object/Player/PlayerMessage.cpp FUNC:FinishiInit LINE:4050
 	  Message:finish player[4294967308] info 
LOGDEBUG
2016-09-24_10:29:30 FILE:../src/Object/Player/PlayerMessage.cpp FUNC:FinishiInit LINE:4085
 	  Message:player login in game and finish player[4294967308] info 
LOGDEBUG
2016-09-24_10:29:30 FILE:../src/QuestNew/AcceptedQuest.cpp FUNC:updateToClient LINE:270
 	  Message:Player 281479271677964 CanSubmit Task,10001 type,1 state,3 numStar,1 rewardStar,1 times,0 nowNum,0 targeNum,0
LOGDEBUG
2016-09-24_10:29:30 FILE:../src/Object/Player/PlayerMessage.cpp FUNC:FinishiInit LINE:4050
 	  Message:finish player[12884901890] info 
LOGDEBUG
2016-09-24_10:29:30 FILE:../src/Object/Player/PlayerMessage.cpp FUNC:FinishiInit LINE:4085
 	  Message:player login in game and finish player[12884901890] info 
LOGDEBUG
2016-09-24_10:29:30 FILE:../src/QuestNew/AcceptedQuest.cpp FUNC:updateToClient LINE:270
 	  Message:Player 281487861612546 CanSubmit Task,10021 type,1 state,3 numStar,1 rewardStar,1 times,0 nowNum,0 targeNum,0
LOGDEBUG
2016-09-24_11:00:03 FILE:../src/Map/CreatMapTask.cpp FUNC:On_MSG_REQUEST_MSG_REQ_WS2GM_CREATESCENE LINE:303
 	  Message:gateserver request gameserver create map
LOGDEBUG
2016-09-24_11:10:33 FILE:../src/Object/Player/PlayerMessage.cpp FUNC:On_MSG_REQUEST_MSG_REQ_GT2GM_PLAYERINFO LINE:1091
 	  Message:Player login on and get playerinfo[1]
LOGDEBUG
2016-09-24_11:10:33 FILE:../src/Object/Player/Player.cpp FUNC:InitBaseInfo LINE:1205
 	  Message:iRet=1802 err:[src/OpenApiV3.cpp][278][ParamIsValid]openid is invalid

LOGDEBUG
2016-09-24_11:10:33 FILE:../src/Object/Player/PlayerMessage.cpp FUNC:On_MSG_ACK_MSG_REQ_GM2DB_CONTAINERINFO LINE:1671
 	  Message:gameserver request dbserver player[12884901889] container info
LOGDEBUG
2016-09-24_11:10:33 FILE:../src/Object/Player/PlayerMessage.cpp FUNC:FinishiInit LINE:4050
 	  Message:finish player[12884901889] info 
LOGDEBUG
2016-09-24_11:10:33 FILE:../src/Object/Player/PlayerMessage.cpp FUNC:FinishiInit LINE:4085
 	  Message:player login in game and finish player[12884901889] info 
LOGDEBUG
2016-09-24_11:10:34 FILE:../src/Mail/MailMessage.cpp FUNC:On_MSG_QUICK_REQUEST_MSG_REQ_C2GM_MAILS LINE:80
 	  Message:client req gt get mails
LOGDEBUG
2016-09-24_11:10:35 FILE:../src/Horse/HorseMessage.cpp FUNC:On_MSG_REQUEST_MSG_REQ_GT2GM_HORSEINFO LINE:72
 	  Message:Player request horse info
LOGDEBUG
2016-09-24_11:10:41 FILE:../src/Object/Player/PlayerMessage.cpp FUNC:On_MSG_REQUEST_MSG_REQ_GT2GM_CHARATTR LINE:1122
 	  Message:Player request battle attribute
LOGDEBUG
2016-09-24_11:10:43 FILE:../src/DanLu/DanLuMessager.cpp FUNC:On_MSG_QUICK_REQUEST_MSG_REQ_C2GT_DANLUINFO LINE:81
 	  Message:Player request Danlu info
LOGDEBUG
2016-09-24_11:11:14 FILE:../src/Chat/ChatMgr.cpp FUNC:Marquee LINE:326
 	  Message:gameserver marquee type:38 name: target:10 param: !
LOGDEBUG
2016-09-24_11:12:24 FILE:../src/Object/GirlWar/GirlWar.cpp FUNC:SetOwnerToBrain LINE:294
 	  Message:
 Set GirlWar my_self NULL

LOGDEBUG
2016-09-24_11:12:26 FILE:../src/Object/Player/PlayerMessage.cpp FUNC:On_MSG_REQUEST_MSG_REQ_GT2GM_PLAYERINFO LINE:1091
 	  Message:Player login on and get playerinfo[1]
LOGDEBUG
2016-09-24_11:12:26 FILE:../src/Object/Player/Player.cpp FUNC:InitBaseInfo LINE:1205
 	  Message:iRet=1802 err:[src/OpenApiV3.cpp][278][ParamIsValid]openid is invalid

LOGDEBUG
2016-09-24_11:12:26 FILE:../src/Object/Player/PlayerMessage.cpp FUNC:On_MSG_ACK_MSG_REQ_GM2DB_CONTAINERINFO LINE:1671
 	  Message:gameserver request dbserver player[12884901889] container info
LOGDEBUG
2016-09-24_11:12:26 FILE:../src/Object/Player/PlayerMessage.cpp FUNC:FinishiInit LINE:4050
 	  Message:finish player[12884901889] info 
LOGDEBUG
2016-09-24_11:12:26 FILE:../src/Object/Player/PlayerMessage.cpp FUNC:FinishiInit LINE:4085
 	  Message:player login in game and finish player[12884901889] info 
LOGDEBUG
2016-09-24_11:12:27 FILE:../src/Mail/MailMessage.cpp FUNC:On_MSG_QUICK_REQUEST_MSG_REQ_C2GM_MAILS LINE:80
 	  Message:client req gt get mails
LOGDEBUG
2016-09-24_11:12:28 FILE:../src/Horse/HorseMessage.cpp FUNC:On_MSG_REQUEST_MSG_REQ_GT2GM_HORSEINFO LINE:72
 	  Message:Player request horse info
LOGDEBUG
2016-09-24_11:12:31 FILE:../src/Object/Player/PlayerMessage.cpp FUNC:On_MSG_REQUEST_MSG_REQ_GT2GM_CHARATTR LINE:1122
 	  Message:Player request battle attribute
LOGDEBUG
2016-09-24_11:22:43 FILE:../src/DanLu/DanLuMessager.cpp FUNC:On_MSG_QUICK_REQUEST_MSG_REQ_C2GT_DANLUINFO LINE:81
 	  Message:Player request Danlu info
LOGDEBUG
2016-09-24_11:22:49 FILE:../src/DanLu/DanLuMessager.cpp FUNC:On_MSG_QUICK_REQUEST_MSG_REQ_C2GT_DANLUINFO LINE:81
 	  Message:Player request Danlu info
LOGDEBUG
2016-09-24_12:00:03 FILE:../src/Map/CreatMapTask.cpp FUNC:On_MSG_REQUEST_MSG_REQ_WS2GM_CREATESCENE LINE:303
 	  Message:gateserver request gameserver create map
LOGDEBUG
2016-09-24_15:00:03 FILE:../src/Map/CreatMapTask.cpp FUNC:On_MSG_REQUEST_MSG_REQ_WS2GM_CREATESCENE LINE:303
 	  Message:gateserver request gameserver create map
LOGDEBUG
2016-09-24_15:00:03 FILE:../src/Map/CreatMapTask.cpp FUNC:On_MSG_REQUEST_MSG_REQ_WS2GM_CREATESCENE LINE:303
 	  Message:gateserver request gameserver create map
LOGDEBUG
2016-09-24_15:00:03 FILE:../src/Map/CreatMapTask.cpp FUNC:On_MSG_REQUEST_MSG_REQ_WS2GM_CREATESCENE LINE:303
 	  Message:gateserver request gameserver create map
LOGDEBUG
2016-09-24_15:00:03 FILE:../src/Map/CreatMapTask.cpp FUNC:On_MSG_REQUEST_MSG_REQ_WS2GM_CREATESCENE LINE:303
 	  Message:gateserver request gameserver create map
LOGDEBUG
2016-09-24_15:35:31 FILE:../src/Object/GirlWar/GirlWar.cpp FUNC:SetOwnerToBrain LINE:294
 	  Message:
 Set GirlWar my_self NULL

LOGDEBUG
2016-09-24_15:35:34 FILE:../src/Object/Player/PlayerMessage.cpp FUNC:On_MSG_REQUEST_MSG_REQ_GT2GM_PLAYERINFO LINE:1091
 	  Message:Player login on and get playerinfo[1]
LOGDEBUG
2016-09-24_15:35:34 FILE:../src/Object/Player/Player.cpp FUNC:InitBaseInfo LINE:1205
 	  Message:iRet=1802 err:[src/OpenApiV3.cpp][278][ParamIsValid]openid is invalid

LOGDEBUG
2016-09-24_15:35:34 FILE:../src/Object/Player/PlayerMessage.cpp FUNC:On_MSG_ACK_MSG_REQ_GM2DB_CONTAINERINFO LINE:1671
 	  Message:gameserver request dbserver player[12884901889] container info
LOGDEBUG
2016-09-24_15:35:34 FILE:../src/Object/Player/PlayerMessage.cpp FUNC:FinishiInit LINE:4050
 	  Message:finish player[12884901889] info 
LOGDEBUG
2016-09-24_15:35:34 FILE:../src/Object/Player/PlayerMessage.cpp FUNC:FinishiInit LINE:4085
 	  Message:player login in game and finish player[12884901889] info 
LOGDEBUG
2016-09-24_15:35:36 FILE:../src/Mail/MailMessage.cpp FUNC:On_MSG_QUICK_REQUEST_MSG_REQ_C2GM_MAILS LINE:80
 	  Message:client req gt get mails
LOGDEBUG
2016-09-24_15:35:36 FILE:../src/Horse/HorseMessage.cpp FUNC:On_MSG_REQUEST_MSG_REQ_GT2GM_HORSEINFO LINE:72
 	  Message:Player request horse info
LOGDEBUG
2016-09-24_15:36:19 FILE:../src/Object/Player/PlayerMessage.cpp FUNC:On_MSG_REQUEST_MSG_REQ_GT2GM_PLAYERINFO LINE:1091
 	  Message:Player login on and get playerinfo[1]
LOGDEBUG
2016-09-24_15:36:19 FILE:../src/Object/Player/Player.cpp FUNC:InitBaseInfo LINE:1205
 	  Message:iRet=1802 err:[src/OpenApiV3.cpp][278][ParamIsValid]openid is invalid

LOGDEBUG
2016-09-24_15:36:19 FILE:../src/Object/Player/PlayerMessage.cpp FUNC:On_MSG_ACK_MSG_REQ_GM2DB_CONTAINERINFO LINE:1671
 	  Message:gameserver request dbserver player[12884901901] container info
LOGDEBUG
2016-09-24_15:36:19 FILE:../src/Object/Player/PlayerMessage.cpp FUNC:FinishiInit LINE:4050
 	  Message:finish player[12884901901] info 
LOGDEBUG
2016-09-24_15:36:19 FILE:../src/Object/Player/PlayerMessage.cpp FUNC:FinishiInit LINE:4085
 	  Message:player login in game and finish player[12884901901] info 
LOGDEBUG
2016-09-24_15:36:19 FILE:../src/QuestNew/AcceptedQuest.cpp FUNC:updateToClient LINE:270
 	  Message:Player 281487861612557 CanSubmit Task,10001 type,1 state,3 numStar,1 rewardStar,1 times,0 nowNum,0 targeNum,0
LOGDEBUG
2016-09-24_15:36:20 FILE:../src/Horse/HorseMessage.cpp FUNC:On_MSG_REQUEST_MSG_REQ_GT2GM_HORSEINFO LINE:72
 	  Message:Player request horse info
LOGDEBUG
2016-09-24_15:37:01 FILE:../src/Object/Player/PlayerMessage.cpp FUNC:On_MSG_REQUEST_MSG_REQ_GT2GM_PLAYERINFO LINE:1091
 	  Message:Player login on and get playerinfo[1]
LOGDEBUG
2016-09-24_15:37:01 FILE:../src/Object/Player/Player.cpp FUNC:InitBaseInfo LINE:1205
 	  Message:iRet=1802 err:[src/OpenApiV3.cpp][278][ParamIsValid]openid is invalid

LOGDEBUG
2016-09-24_15:37:01 FILE:../src/Object/Player/PlayerMessage.cpp FUNC:On_MSG_ACK_MSG_REQ_GM2DB_CONTAINERINFO LINE:1671
 	  Message:gameserver request dbserver player[12884901901] container info
LOGDEBUG
2016-09-24_15:37:01 FILE:../src/Object/Player/PlayerMessage.cpp FUNC:FinishiInit LINE:4050
 	  Message:finish player[12884901901] info 
LOGDEBUG
2016-09-24_15:37:01 FILE:../src/Object/Player/PlayerMessage.cpp FUNC:FinishiInit LINE:4085
 	  Message:player login in game and finish player[12884901901] info 
LOGDEBUG
2016-09-24_15:37:01 FILE:../src/QuestNew/AcceptedQuest.cpp FUNC:updateToClient LINE:270
 	  Message:Player 281487861612557 CanSubmit Task,10001 type,1 state,3 numStar,1 rewardStar,1 times,0 nowNum,0 targeNum,0
LOGDEBUG
2016-09-24_15:37:03 FILE:../src/Mail/MailMessage.cpp FUNC:On_MSG_QUICK_REQUEST_MSG_REQ_C2GM_MAILS LINE:80
 	  Message:client req gt get mails
LOGDEBUG
2016-09-24_15:37:03 FILE:../src/Horse/HorseMessage.cpp FUNC:On_MSG_REQUEST_MSG_REQ_GT2GM_HORSEINFO LINE:72
 	  Message:Player request horse info
LOGDEBUG
2016-09-24_15:37:11 FILE:../src/Arena/ArenaMessage.cpp FUNC:On_MSG_ACK_MSG_REQ_GM2WS_SYNCARENA LINE:330
 	  Message:gameserver request worldserver  synch player info 
LOGDEBUG
2016-09-24_15:37:21 FILE:../src/Chat/ChatMgr.cpp FUNC:Marquee LINE:326
 	  Message:gameserver marquee type:38 name:Test_tyw05 target:10 param: !
LOGDEBUG
2016-09-24_15:37:51 FILE:../src/Object/Player/PlayerMessage.cpp FUNC:On_MSG_REQUEST_MSG_REQ_GT2GM_PLAYERINFO LINE:1091
 	  Message:Player login on and get playerinfo[1]
LOGDEBUG
2016-09-24_15:37:51 FILE:../src/Object/Player/Player.cpp FUNC:InitBaseInfo LINE:1205
 	  Message:iRet=1802 err:[src/OpenApiV3.cpp][278][ParamIsValid]openid is invalid

LOGDEBUG
2016-09-24_15:37:51 FILE:../src/Object/Player/PlayerMessage.cpp FUNC:On_MSG_ACK_MSG_REQ_GM2DB_CONTAINERINFO LINE:1671
 	  Message:gameserver request dbserver player[12884901901] container info
LOGDEBUG
2016-09-24_15:37:52 FILE:../src/Object/Player/PlayerMessage.cpp FUNC:FinishiInit LINE:4050
 	  Message:finish player[12884901901] info 
LOGDEBUG
2016-09-24_15:37:52 FILE:../src/Object/Player/PlayerMessage.cpp FUNC:FinishiInit LINE:4085
 	  Message:player login in game and finish player[12884901901] info 
LOGDEBUG
2016-09-24_15:37:52 FILE:../src/QuestNew/AcceptedQuest.cpp FUNC:updateToClient LINE:270
 	  Message:Player 281487861612557 CanSubmit Task,10001 type,1 state,3 numStar,1 rewardStar,1 times,0 nowNum,0 targeNum,0
LOGDEBUG
2016-09-24_15:37:54 FILE:../src/Horse/HorseMessage.cpp FUNC:On_MSG_REQUEST_MSG_REQ_GT2GM_HORSEINFO LINE:72
 	  Message:Player request horse info
LOGDEBUG
2016-09-24_15:39:56 FILE:../src/DanLu/DanLuMessager.cpp FUNC:On_MSG_QUICK_REQUEST_MSG_REQ_C2GT_DANLUINFO LINE:81
 	  Message:Player request Danlu info
LOGDEBUG
2016-09-24_15:40:48 FILE:../src/Object/Player/PlayerMessage.cpp FUNC:On_MSG_REQUEST_MSG_REQ_GT2GM_PLAYERINFO LINE:1091
 	  Message:Player login on and get playerinfo[1]
LOGDEBUG
2016-09-24_15:40:48 FILE:../src/Object/Player/Player.cpp FUNC:InitBaseInfo LINE:1205
 	  Message:iRet=1802 err:[src/OpenApiV3.cpp][278][ParamIsValid]openid is invalid

LOGDEBUG
2016-09-24_15:40:48 FILE:../src/Object/Player/PlayerMessage.cpp FUNC:On_MSG_ACK_MSG_REQ_GM2DB_CONTAINERINFO LINE:1671
 	  Message:gameserver request dbserver player[12884901901] container info
LOGDEBUG
2016-09-24_15:40:48 FILE:../src/Object/Player/PlayerMessage.cpp FUNC:FinishiInit LINE:4050
 	  Message:finish player[12884901901] info 
LOGDEBUG
2016-09-24_15:40:48 FILE:../src/Object/Player/PlayerMessage.cpp FUNC:FinishiInit LINE:4085
 	  Message:player login in game and finish player[12884901901] info 
LOGDEBUG
2016-09-24_15:40:48 FILE:../src/QuestNew/AcceptedQuest.cpp FUNC:updateToClient LINE:270
 	  Message:Player 281487861612557 CanSubmit Task,10001 type,1 state,3 numStar,1 rewardStar,1 times,0 nowNum,0 targeNum,0
LOGDEBUG
2016-09-24_15:40:49 FILE:../src/Horse/HorseMessage.cpp FUNC:On_MSG_REQUEST_MSG_REQ_GT2GM_HORSEINFO LINE:72
 	  Message:Player request horse info
LOGDEBUG
2016-09-24_15:40:52 FILE:../src/DanLu/DanLuMessager.cpp FUNC:On_MSG_QUICK_REQUEST_MSG_REQ_C2GT_DANLUINFO LINE:81
 	  Message:Player request Danlu info
LOGDEBUG
2016-09-24_15:42:11 FILE:../src/Object/Player/PlayerMessage.cpp FUNC:On_MSG_REQUEST_MSG_REQ_GT2GM_PLAYERINFO LINE:1091
 	  Message:Player login on and get playerinfo[1]
LOGDEBUG
2016-09-24_15:42:12 FILE:../src/Object/Player/Player.cpp FUNC:InitBaseInfo LINE:1205
 	  Message:iRet=1802 err:[src/OpenApiV3.cpp][278][ParamIsValid]openid is invalid

LOGDEBUG
2016-09-24_15:42:12 FILE:../src/Object/Player/PlayerMessage.cpp FUNC:On_MSG_ACK_MSG_REQ_GM2DB_CONTAINERINFO LINE:1671
 	  Message:gameserver request dbserver player[12884901901] container info
LOGDEBUG
2016-09-24_15:42:12 FILE:../src/Object/Player/PlayerMessage.cpp FUNC:FinishiInit LINE:4050
 	  Message:finish player[12884901901] info 
LOGDEBUG
2016-09-24_15:42:12 FILE:../src/Object/Player/PlayerMessage.cpp FUNC:FinishiInit LINE:4085
 	  Message:player login in game and finish player[12884901901] info 
LOGDEBUG
2016-09-24_15:42:12 FILE:../src/QuestNew/AcceptedQuest.cpp FUNC:updateToClient LINE:270
 	  Message:Player 281487861612557 CanSubmit Task,10001 type,1 state,3 numStar,1 rewardStar,1 times,0 nowNum,0 targeNum,0
LOGDEBUG
2016-09-24_15:42:13 FILE:../src/Horse/HorseMessage.cpp FUNC:On_MSG_REQUEST_MSG_REQ_GT2GM_HORSEINFO LINE:72
 	  Message:Player request horse info
LOGDEBUG
2016-09-24_15:42:32 FILE:../src/DanLu/DanLuMessager.cpp FUNC:On_MSG_QUICK_REQUEST_MSG_REQ_C2GT_DANLUINFO LINE:81
 	  Message:Player request Danlu info
LOGDEBUG
2016-09-24_15:49:00 FILE:../src/Object/Player/PlayerMessage.cpp FUNC:On_MSG_REQUEST_MSG_REQ_GT2GM_PLAYERINFO LINE:1091
 	  Message:Player login on and get playerinfo[1]
LOGDEBUG
2016-09-24_15:49:00 FILE:../src/Object/Player/Player.cpp FUNC:InitBaseInfo LINE:1205
 	  Message:iRet=1802 err:[src/OpenApiV3.cpp][278][ParamIsValid]openid is invalid

LOGDEBUG
2016-09-24_15:49:00 FILE:../src/Object/Player/PlayerMessage.cpp FUNC:On_MSG_ACK_MSG_REQ_GM2DB_CONTAINERINFO LINE:1671
 	  Message:gameserver request dbserver player[12884901901] container info
LOGDEBUG
2016-09-24_15:49:00 FILE:../src/Object/Player/PlayerMessage.cpp FUNC:FinishiInit LINE:4050
 	  Message:finish player[12884901901] info 
LOGDEBUG
2016-09-24_15:49:00 FILE:../src/Object/Player/PlayerMessage.cpp FUNC:FinishiInit LINE:4085
 	  Message:player login in game and finish player[12884901901] info 
LOGDEBUG
2016-09-24_15:49:00 FILE:../src/QuestNew/AcceptedQuest.cpp FUNC:updateToClient LINE:270
 	  Message:Player 281487861612557 CanSubmit Task,10001 type,1 state,3 numStar,1 rewardStar,1 times,0 nowNum,0 targeNum,0
LOGDEBUG
2016-09-24_15:49:02 FILE:../src/Horse/HorseMessage.cpp FUNC:On_MSG_REQUEST_MSG_REQ_GT2GM_HORSEINFO LINE:72
 	  Message:Player request horse info
LOGDEBUG
2016-09-24_15:49:08 FILE:../src/DanLu/DanLuMessager.cpp FUNC:On_MSG_QUICK_REQUEST_MSG_REQ_C2GT_DANLUINFO LINE:81
 	  Message:Player request Danlu info
LOGDEBUG
2016-09-24_15:51:30 FILE:../src/Object/Player/PlayerMessage.cpp FUNC:On_MSG_REQUEST_MSG_REQ_GT2GM_PLAYERINFO LINE:1091
 	  Message:Player login on and get playerinfo[1]
LOGDEBUG
2016-09-24_15:51:30 FILE:../src/Object/Player/Player.cpp FUNC:InitBaseInfo LINE:1205
 	  Message:iRet=1802 err:[src/OpenApiV3.cpp][278][ParamIsValid]openid is invalid

LOGDEBUG
2016-09-24_15:51:30 FILE:../src/Object/Player/PlayerMessage.cpp FUNC:On_MSG_ACK_MSG_REQ_GM2DB_CONTAINERINFO LINE:1671
 	  Message:gameserver request dbserver player[12884901901] container info
LOGDEBUG
2016-09-24_15:51:31 FILE:../src/Object/Player/PlayerMessage.cpp FUNC:FinishiInit LINE:4050
 	  Message:finish player[12884901901] info 
LOGDEBUG
2016-09-24_15:51:31 FILE:../src/Object/Player/PlayerMessage.cpp FUNC:FinishiInit LINE:4085
 	  Message:player login in game and finish player[12884901901] info 
LOGDEBUG
2016-09-24_15:51:31 FILE:../src/QuestNew/AcceptedQuest.cpp FUNC:updateToClient LINE:270
 	  Message:Player 281487861612557 CanSubmit Task,10001 type,1 state,3 numStar,1 rewardStar,1 times,0 nowNum,0 targeNum,0
LOGDEBUG
2016-09-24_15:51:32 FILE:../src/Horse/HorseMessage.cpp FUNC:On_MSG_REQUEST_MSG_REQ_GT2GM_HORSEINFO LINE:72
 	  Message:Player request horse info
LOGDEBUG
2016-09-24_15:51:46 FILE:../src/DanLu/DanLuMessager.cpp FUNC:On_MSG_QUICK_REQUEST_MSG_REQ_C2GT_DANLUINFO LINE:81
 	  Message:Player request Danlu info
LOGDEBUG
2016-09-24_15:53:58 FILE:../src/Object/Player/PlayerMessage.cpp FUNC:On_MSG_REQUEST_MSG_REQ_GT2GM_PLAYERINFO LINE:1091
 	  Message:Player login on and get playerinfo[1]
LOGDEBUG
2016-09-24_15:53:58 FILE:../src/Object/Player/Player.cpp FUNC:InitBaseInfo LINE:1205
 	  Message:iRet=1802 err:[src/OpenApiV3.cpp][278][ParamIsValid]openid is invalid

LOGDEBUG
2016-09-24_15:53:58 FILE:../src/Object/Player/PlayerMessage.cpp FUNC:On_MSG_ACK_MSG_REQ_GM2DB_CONTAINERINFO LINE:1671
 	  Message:gameserver request dbserver player[12884901901] container info
LOGDEBUG
2016-09-24_15:53:59 FILE:../src/Object/Player/PlayerMessage.cpp FUNC:FinishiInit LINE:4050
 	  Message:finish player[12884901901] info 
LOGDEBUG
2016-09-24_15:53:59 FILE:../src/Object/Player/PlayerMessage.cpp FUNC:FinishiInit LINE:4085
 	  Message:player login in game and finish player[12884901901] info 
LOGDEBUG
2016-09-24_15:53:59 FILE:../src/QuestNew/AcceptedQuest.cpp FUNC:updateToClient LINE:270
 	  Message:Player 281487861612557 CanSubmit Task,10001 type,1 state,3 numStar,1 rewardStar,1 times,0 nowNum,0 targeNum,0
LOGDEBUG
2016-09-24_15:54:00 FILE:../src/Horse/HorseMessage.cpp FUNC:On_MSG_REQUEST_MSG_REQ_GT2GM_HORSEINFO LINE:72
 	  Message:Player request horse info
LOGDEBUG
2016-09-24_15:54:04 FILE:../src/DanLu/DanLuMessager.cpp FUNC:On_MSG_QUICK_REQUEST_MSG_REQ_C2GT_DANLUINFO LINE:81
 	  Message:Player request Danlu info
LOGDEBUG
2016-09-24_15:55:27 FILE:../src/Object/Player/PlayerMessage.cpp FUNC:On_MSG_REQUEST_MSG_REQ_GT2GM_PLAYERINFO LINE:1091
 	  Message:Player login on and get playerinfo[1]
LOGDEBUG
2016-09-24_15:55:27 FILE:../src/Object/Player/Player.cpp FUNC:InitBaseInfo LINE:1205
 	  Message:iRet=1802 err:[src/OpenApiV3.cpp][278][ParamIsValid]openid is invalid

LOGDEBUG
2016-09-24_15:55:27 FILE:../src/Object/Player/PlayerMessage.cpp FUNC:On_MSG_ACK_MSG_REQ_GM2DB_CONTAINERINFO LINE:1671
 	  Message:gameserver request dbserver player[12884901901] container info
LOGDEBUG
2016-09-24_15:55:27 FILE:../src/Object/Player/PlayerMessage.cpp FUNC:FinishiInit LINE:4050
 	  Message:finish player[12884901901] info 
LOGDEBUG
2016-09-24_15:55:27 FILE:../src/Object/Player/PlayerMessage.cpp FUNC:FinishiInit LINE:4085
 	  Message:player login in game and finish player[12884901901] info 
LOGDEBUG
2016-09-24_15:55:27 FILE:../src/QuestNew/AcceptedQuest.cpp FUNC:updateToClient LINE:270
 	  Message:Player 281487861612557 CanSubmit Task,10001 type,1 state,3 numStar,1 rewardStar,1 times,0 nowNum,0 targeNum,0
LOGDEBUG
2016-09-24_15:55:29 FILE:../src/Horse/HorseMessage.cpp FUNC:On_MSG_REQUEST_MSG_REQ_GT2GM_HORSEINFO LINE:72
 	  Message:Player request horse info
LOGDEBUG
2016-09-24_15:55:34 FILE:../src/DanLu/DanLuMessager.cpp FUNC:On_MSG_QUICK_REQUEST_MSG_REQ_C2GT_DANLUINFO LINE:81
 	  Message:Player request Danlu info
LOGDEBUG
2016-09-24_15:56:22 FILE:../src/Object/Player/PlayerMessage.cpp FUNC:On_MSG_REQUEST_MSG_REQ_GT2GM_PLAYERINFO LINE:1091
 	  Message:Player login on and get playerinfo[1]
LOGDEBUG
2016-09-24_15:56:22 FILE:../src/Object/Player/Player.cpp FUNC:InitBaseInfo LINE:1205
 	  Message:iRet=1802 err:[src/OpenApiV3.cpp][278][ParamIsValid]openid is invalid

LOGDEBUG
2016-09-24_15:56:22 FILE:../src/Object/Player/PlayerMessage.cpp FUNC:On_MSG_ACK_MSG_REQ_GM2DB_CONTAINERINFO LINE:1671
 	  Message:gameserver request dbserver player[12884901901] container info
LOGDEBUG
2016-09-24_15:56:22 FILE:../src/Object/Player/PlayerMessage.cpp FUNC:FinishiInit LINE:4050
 	  Message:finish player[12884901901] info 
LOGDEBUG
2016-09-24_15:56:22 FILE:../src/Object/Player/PlayerMessage.cpp FUNC:FinishiInit LINE:4085
 	  Message:player login in game and finish player[12884901901] info 
LOGDEBUG
2016-09-24_15:56:22 FILE:../src/QuestNew/AcceptedQuest.cpp FUNC:updateToClient LINE:270
 	  Message:Player 281487861612557 CanSubmit Task,10001 type,1 state,3 numStar,1 rewardStar,1 times,0 nowNum,0 targeNum,0
LOGDEBUG
2016-09-24_15:56:24 FILE:../src/Horse/HorseMessage.cpp FUNC:On_MSG_REQUEST_MSG_REQ_GT2GM_HORSEINFO LINE:72
 	  Message:Player request horse info
LOGDEBUG
2016-09-24_16:00:01 FILE:../src/DanLu/DanLuMessager.cpp FUNC:On_MSG_QUICK_REQUEST_MSG_REQ_C2GT_DANLUINFO LINE:81
 	  Message:Player request Danlu info
LOGDEBUG
2016-09-24_16:00:03 FILE:../src/Map/CreatMapTask.cpp FUNC:On_MSG_REQUEST_MSG_REQ_WS2GM_CREATESCENE LINE:303
 	  Message:gateserver request gameserver create map
LOGDEBUG
2016-09-24_16:17:04 FILE:../src/Object/Player/PlayerMessage.cpp FUNC:On_MSG_REQUEST_MSG_REQ_GT2GM_PLAYERINFO LINE:1091
 	  Message:Player login on and get playerinfo[1]
LOGDEBUG
2016-09-24_16:17:04 FILE:../src/Object/Player/Player.cpp FUNC:InitBaseInfo LINE:1205
 	  Message:iRet=1802 err:[src/OpenApiV3.cpp][278][ParamIsValid]openid is invalid

LOGDEBUG
2016-09-24_16:17:04 FILE:../src/Object/Player/PlayerMessage.cpp FUNC:On_MSG_ACK_MSG_REQ_GM2DB_CONTAINERINFO LINE:1671
 	  Message:gameserver request dbserver player[12884901901] container info
LOGDEBUG
2016-09-24_16:17:04 FILE:../src/Object/Player/PlayerMessage.cpp FUNC:FinishiInit LINE:4050
 	  Message:finish player[12884901901] info 
LOGDEBUG
2016-09-24_16:17:04 FILE:../src/Object/Player/PlayerMessage.cpp FUNC:FinishiInit LINE:4085
 	  Message:player login in game and finish player[12884901901] info 
LOGDEBUG
2016-09-24_16:17:04 FILE:../src/QuestNew/AcceptedQuest.cpp FUNC:updateToClient LINE:270
 	  Message:Player 281487861612557 CanSubmit Task,10001 type,1 state,3 numStar,1 rewardStar,1 times,0 nowNum,0 targeNum,0
LOGDEBUG
2016-09-24_16:17:05 FILE:../src/Horse/HorseMessage.cpp FUNC:On_MSG_REQUEST_MSG_REQ_GT2GM_HORSEINFO LINE:72
 	  Message:Player request horse info
LOGDEBUG
2016-09-24_16:17:08 FILE:../src/DanLu/DanLuMessager.cpp FUNC:On_MSG_QUICK_REQUEST_MSG_REQ_C2GT_DANLUINFO LINE:81
 	  Message:Player request Danlu info
LOGDEBUG
2016-09-24_16:19:05 FILE:../src/Object/Player/PlayerMessage.cpp FUNC:On_MSG_REQUEST_MSG_REQ_GT2GM_PLAYERINFO LINE:1091
 	  Message:Player login on and get playerinfo[1]
LOGDEBUG
2016-09-24_16:19:05 FILE:../src/Object/Player/Player.cpp FUNC:InitBaseInfo LINE:1205
 	  Message:iRet=1802 err:[src/OpenApiV3.cpp][278][ParamIsValid]openid is invalid

LOGDEBUG
2016-09-24_16:19:05 FILE:../src/Object/Player/PlayerMessage.cpp FUNC:On_MSG_ACK_MSG_REQ_GM2DB_CONTAINERINFO LINE:1671
 	  Message:gameserver request dbserver player[12884901901] container info
LOGDEBUG
2016-09-24_16:19:05 FILE:../src/Object/Player/PlayerMessage.cpp FUNC:FinishiInit LINE:4050
 	  Message:finish player[12884901901] info 
LOGDEBUG
2016-09-24_16:19:05 FILE:../src/Object/Player/PlayerMessage.cpp FUNC:FinishiInit LINE:4085
 	  Message:player login in game and finish player[12884901901] info 
LOGDEBUG
2016-09-24_16:19:05 FILE:../src/QuestNew/AcceptedQuest.cpp FUNC:updateToClient LINE:270
 	  Message:Player 281487861612557 CanSubmit Task,10001 type,1 state,3 numStar,1 rewardStar,1 times,0 nowNum,0 targeNum,0
LOGDEBUG
2016-09-24_16:19:06 FILE:../src/Horse/HorseMessage.cpp FUNC:On_MSG_REQUEST_MSG_REQ_GT2GM_HORSEINFO LINE:72
 	  Message:Player request horse info
LOGDEBUG
2016-09-24_16:19:11 FILE:../src/DanLu/DanLuMessager.cpp FUNC:On_MSG_QUICK_REQUEST_MSG_REQ_C2GT_DANLUINFO LINE:81
 	  Message:Player request Danlu info
LOGDEBUG
2016-09-24_16:20:07 FILE:../src/Object/Player/PlayerMessage.cpp FUNC:On_MSG_REQUEST_MSG_REQ_GT2GM_PLAYERINFO LINE:1091
 	  Message:Player login on and get playerinfo[1]
LOGDEBUG
2016-09-24_16:20:07 FILE:../src/Object/Player/Player.cpp FUNC:InitBaseInfo LINE:1205
 	  Message:iRet=1802 err:[src/OpenApiV3.cpp][278][ParamIsValid]openid is invalid

LOGDEBUG
2016-09-24_16:20:07 FILE:../src/Object/Player/PlayerMessage.cpp FUNC:On_MSG_ACK_MSG_REQ_GM2DB_CONTAINERINFO LINE:1671
 	  Message:gameserver request dbserver player[12884901901] container info
LOGDEBUG
2016-09-24_16:20:07 FILE:../src/Object/Player/PlayerMessage.cpp FUNC:FinishiInit LINE:4050
 	  Message:finish player[12884901901] info 
LOGDEBUG
2016-09-24_16:20:07 FILE:../src/Object/Player/PlayerMessage.cpp FUNC:FinishiInit LINE:4085
 	  Message:player login in game and finish player[12884901901] info 
LOGDEBUG
2016-09-24_16:20:07 FILE:../src/QuestNew/AcceptedQuest.cpp FUNC:updateToClient LINE:270
 	  Message:Player 281487861612557 CanSubmit Task,10001 type,1 state,3 numStar,1 rewardStar,1 times,0 nowNum,0 targeNum,0
LOGDEBUG
2016-09-24_16:20:08 FILE:../src/Horse/HorseMessage.cpp FUNC:On_MSG_REQUEST_MSG_REQ_GT2GM_HORSEINFO LINE:72
 	  Message:Player request horse info
LOGDEBUG
2016-09-24_16:20:43 FILE:../src/DanLu/DanLuMessager.cpp FUNC:On_MSG_QUICK_REQUEST_MSG_REQ_C2GT_DANLUINFO LINE:81
 	  Message:Player request Danlu info
LOGDEBUG
2016-09-24_16:22:13 FILE:../src/Object/Player/PlayerMessage.cpp FUNC:On_MSG_REQUEST_MSG_REQ_GT2GM_PLAYERINFO LINE:1091
 	  Message:Player login on and get playerinfo[1]
LOGDEBUG
2016-09-24_16:22:14 FILE:../src/Object/Player/Player.cpp FUNC:InitBaseInfo LINE:1205
 	  Message:iRet=1802 err:[src/OpenApiV3.cpp][278][ParamIsValid]openid is invalid

LOGDEBUG
2016-09-24_16:22:14 FILE:../src/Object/Player/PlayerMessage.cpp FUNC:On_MSG_ACK_MSG_REQ_GM2DB_CONTAINERINFO LINE:1671
 	  Message:gameserver request dbserver player[12884901901] container info
LOGDEBUG
2016-09-24_16:22:14 FILE:../src/Object/Player/PlayerMessage.cpp FUNC:FinishiInit LINE:4050
 	  Message:finish player[12884901901] info 
LOGDEBUG
2016-09-24_16:22:14 FILE:../src/Object/Player/PlayerMessage.cpp FUNC:FinishiInit LINE:4085
 	  Message:player login in game and finish player[12884901901] info 
LOGDEBUG
2016-09-24_16:22:14 FILE:../src/QuestNew/AcceptedQuest.cpp FUNC:updateToClient LINE:270
 	  Message:Player 281487861612557 CanSubmit Task,10001 type,1 state,3 numStar,1 rewardStar,1 times,0 nowNum,0 targeNum,0
LOGDEBUG
2016-09-24_16:22:15 FILE:../src/Horse/HorseMessage.cpp FUNC:On_MSG_REQUEST_MSG_REQ_GT2GM_HORSEINFO LINE:72
 	  Message:Player request horse info
LOGDEBUG
2016-09-24_16:22:37 FILE:../src/DanLu/DanLuMessager.cpp FUNC:On_MSG_QUICK_REQUEST_MSG_REQ_C2GT_DANLUINFO LINE:81
 	  Message:Player request Danlu info
LOGDEBUG
2016-09-24_16:24:03 FILE:../src/Object/Player/PlayerMessage.cpp FUNC:On_MSG_REQUEST_MSG_REQ_GT2GM_PLAYERINFO LINE:1091
 	  Message:Player login on and get playerinfo[1]
LOGDEBUG
2016-09-24_16:24:03 FILE:../src/Object/Player/Player.cpp FUNC:InitBaseInfo LINE:1205
 	  Message:iRet=1802 err:[src/OpenApiV3.cpp][278][ParamIsValid]openid is invalid

LOGDEBUG
2016-09-24_16:24:03 FILE:../src/Object/Player/PlayerMessage.cpp FUNC:On_MSG_ACK_MSG_REQ_GM2DB_CONTAINERINFO LINE:1671
 	  Message:gameserver request dbserver player[12884901901] container info
LOGDEBUG
2016-09-24_16:24:04 FILE:../src/Object/Player/PlayerMessage.cpp FUNC:FinishiInit LINE:4050
 	  Message:finish player[12884901901] info 
LOGDEBUG
2016-09-24_16:24:04 FILE:../src/Object/Player/PlayerMessage.cpp FUNC:FinishiInit LINE:4085
 	  Message:player login in game and finish player[12884901901] info 
LOGDEBUG
2016-09-24_16:24:04 FILE:../src/QuestNew/AcceptedQuest.cpp FUNC:updateToClient LINE:270
 	  Message:Player 281487861612557 CanSubmit Task,10001 type,1 state,3 numStar,1 rewardStar,1 times,0 nowNum,0 targeNum,0
LOGDEBUG
2016-09-24_16:24:05 FILE:../src/Horse/HorseMessage.cpp FUNC:On_MSG_REQUEST_MSG_REQ_GT2GM_HORSEINFO LINE:72
 	  Message:Player request horse info
LOGDEBUG
2016-09-24_16:24:16 FILE:../src/DanLu/DanLuMessager.cpp FUNC:On_MSG_QUICK_REQUEST_MSG_REQ_C2GT_DANLUINFO LINE:81
 	  Message:Player request Danlu info
LOGDEBUG
2016-09-24_16:25:35 FILE:../src/Object/Player/PlayerMessage.cpp FUNC:On_MSG_REQUEST_MSG_REQ_GT2GM_PLAYERINFO LINE:1091
 	  Message:Player login on and get playerinfo[1]
LOGDEBUG
2016-09-24_16:25:36 FILE:../src/Object/Player/Player.cpp FUNC:InitBaseInfo LINE:1205
 	  Message:iRet=1802 err:[src/OpenApiV3.cpp][278][ParamIsValid]openid is invalid

LOGDEBUG
2016-09-24_16:25:36 FILE:../src/Object/Player/PlayerMessage.cpp FUNC:On_MSG_ACK_MSG_REQ_GM2DB_CONTAINERINFO LINE:1671
 	  Message:gameserver request dbserver player[12884901901] container info
LOGDEBUG
2016-09-24_16:25:36 FILE:../src/Object/Player/PlayerMessage.cpp FUNC:FinishiInit LINE:4050
 	  Message:finish player[12884901901] info 
LOGDEBUG
2016-09-24_16:25:36 FILE:../src/Object/Player/PlayerMessage.cpp FUNC:FinishiInit LINE:4085
 	  Message:player login in game and finish player[12884901901] info 
LOGDEBUG
2016-09-24_16:25:36 FILE:../src/QuestNew/AcceptedQuest.cpp FUNC:updateToClient LINE:270
 	  Message:Player 281487861612557 CanSubmit Task,10001 type,1 state,3 numStar,1 rewardStar,1 times,0 nowNum,0 targeNum,0
LOGDEBUG
2016-09-24_16:25:37 FILE:../src/Horse/HorseMessage.cpp FUNC:On_MSG_REQUEST_MSG_REQ_GT2GM_HORSEINFO LINE:72
 	  Message:Player request horse info
LOGDEBUG
2016-09-24_16:25:41 FILE:../src/DanLu/DanLuMessager.cpp FUNC:On_MSG_QUICK_REQUEST_MSG_REQ_C2GT_DANLUINFO LINE:81
 	  Message:Player request Danlu info
LOGDEBUG
2016-09-24_16:26:19 FILE:../src/Object/Player/PlayerMessage.cpp FUNC:On_MSG_REQUEST_MSG_REQ_GT2GM_PLAYERINFO LINE:1091
 	  Message:Player login on and get playerinfo[1]
LOGDEBUG
2016-09-24_16:26:20 FILE:../src/Object/Player/Player.cpp FUNC:InitBaseInfo LINE:1205
 	  Message:iRet=1802 err:[src/OpenApiV3.cpp][278][ParamIsValid]openid is invalid

LOGDEBUG
2016-09-24_16:26:20 FILE:../src/Object/Player/PlayerMessage.cpp FUNC:On_MSG_ACK_MSG_REQ_GM2DB_CONTAINERINFO LINE:1671
 	  Message:gameserver request dbserver player[12884901901] container info
LOGDEBUG
2016-09-24_16:26:20 FILE:../src/Object/Player/PlayerMessage.cpp FUNC:FinishiInit LINE:4050
 	  Message:finish player[12884901901] info 
LOGDEBUG
2016-09-24_16:26:20 FILE:../src/Object/Player/PlayerMessage.cpp FUNC:FinishiInit LINE:4085
 	  Message:player login in game and finish player[12884901901] info 
LOGDEBUG
2016-09-24_16:26:20 FILE:../src/QuestNew/AcceptedQuest.cpp FUNC:updateToClient LINE:270
 	  Message:Player 281487861612557 CanSubmit Task,10001 type,1 state,3 numStar,1 rewardStar,1 times,0 nowNum,0 targeNum,0
LOGDEBUG
2016-09-24_16:26:21 FILE:../src/Horse/HorseMessage.cpp FUNC:On_MSG_REQUEST_MSG_REQ_GT2GM_HORSEINFO LINE:72
 	  Message:Player request horse info
LOGDEBUG
2016-09-24_16:29:58 FILE:../src/DanLu/DanLuMessager.cpp FUNC:On_MSG_QUICK_REQUEST_MSG_REQ_C2GT_DANLUINFO LINE:81
 	  Message:Player request Danlu info
LOGDEBUG
2016-09-24_16:30:53 FILE:../src/Object/Player/PlayerMessage.cpp FUNC:On_MSG_REQUEST_MSG_REQ_GT2GM_PLAYERINFO LINE:1091
 	  Message:Player login on and get playerinfo[1]
LOGDEBUG
2016-09-24_16:30:53 FILE:../src/Object/Player/Player.cpp FUNC:InitBaseInfo LINE:1205
 	  Message:iRet=1802 err:[src/OpenApiV3.cpp][278][ParamIsValid]openid is invalid

LOGDEBUG
2016-09-24_16:30:53 FILE:../src/Object/Player/PlayerMessage.cpp FUNC:On_MSG_ACK_MSG_REQ_GM2DB_CONTAINERINFO LINE:1671
 	  Message:gameserver request dbserver player[12884901901] container info
LOGDEBUG
2016-09-24_16:30:53 FILE:../src/Object/Player/PlayerMessage.cpp FUNC:FinishiInit LINE:4050
 	  Message:finish player[12884901901] info 
LOGDEBUG
2016-09-24_16:30:53 FILE:../src/Object/Player/PlayerMessage.cpp FUNC:FinishiInit LINE:4085
 	  Message:player login in game and finish player[12884901901] info 
LOGDEBUG
2016-09-24_16:30:53 FILE:../src/QuestNew/AcceptedQuest.cpp FUNC:updateToClient LINE:270
 	  Message:Player 281487861612557 CanSubmit Task,10001 type,1 state,3 numStar,1 rewardStar,1 times,0 nowNum,0 targeNum,0
LOGDEBUG
2016-09-24_16:30:55 FILE:../src/Horse/HorseMessage.cpp FUNC:On_MSG_REQUEST_MSG_REQ_GT2GM_HORSEINFO LINE:72
 	  Message:Player request horse info
LOGDEBUG
2016-09-24_16:30:57 FILE:../src/DanLu/DanLuMessager.cpp FUNC:On_MSG_QUICK_REQUEST_MSG_REQ_C2GT_DANLUINFO LINE:81
 	  Message:Player request Danlu info
LOGDEBUG
2016-09-24_16:31:42 FILE:../src/Object/Player/PlayerMessage.cpp FUNC:On_MSG_REQUEST_MSG_REQ_GT2GM_PLAYERINFO LINE:1091
 	  Message:Player login on and get playerinfo[1]
LOGDEBUG
2016-09-24_16:31:42 FILE:../src/Object/Player/Player.cpp FUNC:InitBaseInfo LINE:1205
 	  Message:iRet=1802 err:[src/OpenApiV3.cpp][278][ParamIsValid]openid is invalid

LOGDEBUG
2016-09-24_16:31:42 FILE:../src/Object/Player/PlayerMessage.cpp FUNC:On_MSG_ACK_MSG_REQ_GM2DB_CONTAINERINFO LINE:1671
 	  Message:gameserver request dbserver player[12884901901] container info
LOGDEBUG
2016-09-24_16:31:43 FILE:../src/Object/Player/PlayerMessage.cpp FUNC:FinishiInit LINE:4050
 	  Message:finish player[12884901901] info 
LOGDEBUG
2016-09-24_16:31:43 FILE:../src/Object/Player/PlayerMessage.cpp FUNC:FinishiInit LINE:4085
 	  Message:player login in game and finish player[12884901901] info 
LOGDEBUG
2016-09-24_16:31:43 FILE:../src/QuestNew/AcceptedQuest.cpp FUNC:updateToClient LINE:270
 	  Message:Player 281487861612557 CanSubmit Task,10001 type,1 state,3 numStar,1 rewardStar,1 times,0 nowNum,0 targeNum,0
LOGDEBUG
2016-09-24_16:31:44 FILE:../src/Horse/HorseMessage.cpp FUNC:On_MSG_REQUEST_MSG_REQ_GT2GM_HORSEINFO LINE:72
 	  Message:Player request horse info
LOGDEBUG
2016-09-24_16:31:48 FILE:../src/DanLu/DanLuMessager.cpp FUNC:On_MSG_QUICK_REQUEST_MSG_REQ_C2GT_DANLUINFO LINE:81
 	  Message:Player request Danlu info
LOGDEBUG
2016-09-24_16:32:55 FILE:../src/Object/Player/PlayerMessage.cpp FUNC:On_MSG_REQUEST_MSG_REQ_GT2GM_PLAYERINFO LINE:1091
 	  Message:Player login on and get playerinfo[1]
LOGDEBUG
2016-09-24_16:32:56 FILE:../src/Object/Player/Player.cpp FUNC:InitBaseInfo LINE:1205
 	  Message:iRet=1802 err:[src/OpenApiV3.cpp][278][ParamIsValid]openid is invalid

LOGDEBUG
2016-09-24_16:32:56 FILE:../src/Object/Player/PlayerMessage.cpp FUNC:On_MSG_ACK_MSG_REQ_GM2DB_CONTAINERINFO LINE:1671
 	  Message:gameserver request dbserver player[12884901901] container info
LOGDEBUG
2016-09-24_16:32:56 FILE:../src/Object/Player/PlayerMessage.cpp FUNC:FinishiInit LINE:4050
 	  Message:finish player[12884901901] info 
LOGDEBUG
2016-09-24_16:32:56 FILE:../src/Object/Player/PlayerMessage.cpp FUNC:FinishiInit LINE:4085
 	  Message:player login in game and finish player[12884901901] info 
LOGDEBUG
2016-09-24_16:32:56 FILE:../src/QuestNew/AcceptedQuest.cpp FUNC:updateToClient LINE:270
 	  Message:Player 281487861612557 CanSubmit Task,10001 type,1 state,3 numStar,1 rewardStar,1 times,0 nowNum,0 targeNum,0
LOGDEBUG
2016-09-24_16:32:57 FILE:../src/Horse/HorseMessage.cpp FUNC:On_MSG_REQUEST_MSG_REQ_GT2GM_HORSEINFO LINE:72
 	  Message:Player request horse info
LOGDEBUG
2016-09-24_16:33:00 FILE:../src/DanLu/DanLuMessager.cpp FUNC:On_MSG_QUICK_REQUEST_MSG_REQ_C2GT_DANLUINFO LINE:81
 	  Message:Player request Danlu info
LOGDEBUG
2016-09-24_16:40:34 FILE:../src/Object/Player/PlayerMessage.cpp FUNC:On_MSG_REQUEST_MSG_REQ_GT2GM_PLAYERINFO LINE:1091
 	  Message:Player login on and get playerinfo[1]
LOGDEBUG
2016-09-24_16:40:34 FILE:../src/Object/Player/Player.cpp FUNC:InitBaseInfo LINE:1205
 	  Message:iRet=1802 err:[src/OpenApiV3.cpp][278][ParamIsValid]openid is invalid

LOGDEBUG
2016-09-24_16:40:34 FILE:../src/Object/Player/PlayerMessage.cpp FUNC:On_MSG_ACK_MSG_REQ_GM2DB_CONTAINERINFO LINE:1671
 	  Message:gameserver request dbserver player[12884901901] container info
LOGDEBUG
2016-09-24_16:40:34 FILE:../src/Object/Player/PlayerMessage.cpp FUNC:FinishiInit LINE:4050
 	  Message:finish player[12884901901] info 
LOGDEBUG
2016-09-24_16:40:34 FILE:../src/Object/Player/PlayerMessage.cpp FUNC:FinishiInit LINE:4085
 	  Message:player login in game and finish player[12884901901] info 
LOGDEBUG
2016-09-24_16:40:34 FILE:../src/QuestNew/AcceptedQuest.cpp FUNC:updateToClient LINE:270
 	  Message:Player 281487861612557 CanSubmit Task,10001 type,1 state,3 numStar,1 rewardStar,1 times,0 nowNum,0 targeNum,0
LOGDEBUG
2016-09-24_16:40:36 FILE:../src/Horse/HorseMessage.cpp FUNC:On_MSG_REQUEST_MSG_REQ_GT2GM_HORSEINFO LINE:72
 	  Message:Player request horse info
LOGDEBUG
2016-09-24_16:40:41 FILE:../src/DanLu/DanLuMessager.cpp FUNC:On_MSG_QUICK_REQUEST_MSG_REQ_C2GT_DANLUINFO LINE:81
 	  Message:Player request Danlu info
LOGDEBUG
2016-09-24_16:42:29 FILE:../src/Object/Player/PlayerMessage.cpp FUNC:On_MSG_REQUEST_MSG_REQ_GT2GM_PLAYERINFO LINE:1091
 	  Message:Player login on and get playerinfo[1]
LOGDEBUG
2016-09-24_16:42:29 FILE:../src/Object/Player/Player.cpp FUNC:InitBaseInfo LINE:1205
 	  Message:iRet=1802 err:[src/OpenApiV3.cpp][278][ParamIsValid]openid is invalid

LOGDEBUG
2016-09-24_16:42:29 FILE:../src/Object/Player/PlayerMessage.cpp FUNC:On_MSG_ACK_MSG_REQ_GM2DB_CONTAINERINFO LINE:1671
 	  Message:gameserver request dbserver player[12884901901] container info
LOGDEBUG
2016-09-24_16:42:29 FILE:../src/Object/Player/PlayerMessage.cpp FUNC:FinishiInit LINE:4050
 	  Message:finish player[12884901901] info 
LOGDEBUG
2016-09-24_16:42:29 FILE:../src/Object/Player/PlayerMessage.cpp FUNC:FinishiInit LINE:4085
 	  Message:player login in game and finish player[12884901901] info 
LOGDEBUG
2016-09-24_16:42:29 FILE:../src/QuestNew/AcceptedQuest.cpp FUNC:updateToClient LINE:270
 	  Message:Player 281487861612557 CanSubmit Task,10001 type,1 state,3 numStar,1 rewardStar,1 times,0 nowNum,0 targeNum,0
LOGDEBUG
2016-09-24_16:42:30 FILE:../src/Horse/HorseMessage.cpp FUNC:On_MSG_REQUEST_MSG_REQ_GT2GM_HORSEINFO LINE:72
 	  Message:Player request horse info
LOGDEBUG
2016-09-24_16:42:32 FILE:../src/DanLu/DanLuMessager.cpp FUNC:On_MSG_QUICK_REQUEST_MSG_REQ_C2GT_DANLUINFO LINE:81
 	  Message:Player request Danlu info
LOGDEBUG
2016-09-24_16:48:19 FILE:../src/Object/Player/PlayerMessage.cpp FUNC:On_MSG_REQUEST_MSG_REQ_GT2GM_PLAYERINFO LINE:1091
 	  Message:Player login on and get playerinfo[1]
LOGDEBUG
2016-09-24_16:48:19 FILE:../src/Object/Player/Player.cpp FUNC:InitBaseInfo LINE:1205
 	  Message:iRet=1802 err:[src/OpenApiV3.cpp][278][ParamIsValid]openid is invalid

LOGDEBUG
2016-09-24_16:48:19 FILE:../src/Object/Player/PlayerMessage.cpp FUNC:On_MSG_ACK_MSG_REQ_GM2DB_CONTAINERINFO LINE:1671
 	  Message:gameserver request dbserver player[12884901901] container info
LOGDEBUG
2016-09-24_16:48:19 FILE:../src/Object/Player/PlayerMessage.cpp FUNC:FinishiInit LINE:4050
 	  Message:finish player[12884901901] info 
LOGDEBUG
2016-09-24_16:48:19 FILE:../src/Object/Player/PlayerMessage.cpp FUNC:FinishiInit LINE:4085
 	  Message:player login in game and finish player[12884901901] info 
LOGDEBUG
2016-09-24_16:48:19 FILE:../src/QuestNew/AcceptedQuest.cpp FUNC:updateToClient LINE:270
 	  Message:Player 281487861612557 CanSubmit Task,10001 type,1 state,3 numStar,1 rewardStar,1 times,0 nowNum,0 targeNum,0
LOGDEBUG
2016-09-24_16:48:20 FILE:../src/Horse/HorseMessage.cpp FUNC:On_MSG_REQUEST_MSG_REQ_GT2GM_HORSEINFO LINE:72
 	  Message:Player request horse info