
LOGDEBUG
2016-11-17_20:29:51 FILE:../src/ServerManager.cpp FUNC:On_MSG_ACK_MSG_SIM_GT2GM_PUSHSERVERID LINE:393
 	  Message:gateServer push server id
LOGDEBUG
2016-11-17_20:29:52 FILE:../src/ServerManager.cpp FUNC:On_MSG_ACK_MSG_SIM_DB2GM_PUSHSERVERID LINE:431
 	  Message:dbServer push server id
LOGDEBUG
2016-11-17_20:29:52 FILE:../src/ServerManager.cpp FUNC:On_MSG_ACK_MSG_REQ_GM2MS_PUSHSERVERID LINE:497
 	  Message:managerServer push server id
LOGDEBUG
2016-11-17_20:29:52 FILE:../src/ServerManager.cpp FUNC:On_MSG_ACK_MSG_REQ_GM2WS_PUSHSERVERID LINE:463
 	  Message:worldserver push server id
LOGDEBUG
2016-11-17_20:29:53 FILE:../src/Map/CreatMapTask.cpp FUNC:On_MSG_REQUEST_MSG_REQ_WS2GM_CREATESCENE LINE:329
 	  Message:gateserver request gameserver create map
LOGDEBUG
2016-11-17_20:29:53 FILE:../src/Map/CreatMapTask.cpp FUNC:On_MSG_REQUEST_MSG_REQ_WS2GM_CREATESCENE LINE:329
 	  Message:gateserver request gameserver create map
LOGDEBUG
2016-11-17_20:29:53 FILE:../src/Map/CreatMapTask.cpp FUNC:On_MSG_REQUEST_MSG_REQ_WS2GM_CREATESCENE LINE:329
 	  Message:gateserver request gameserver create map
LOGDEBUG
2016-11-17_20:29:53 FILE:../src/Map/CreatMapTask.cpp FUNC:On_MSG_REQUEST_MSG_REQ_WS2GM_CREATESCENE LINE:329
 	  Message:gateserver request gameserver create map
LOGDEBUG
2016-11-17_20:29:53 FILE:../src/Map/CreatMapTask.cpp FUNC:On_MSG_REQUEST_MSG_REQ_WS2GM_CREATESCENE LINE:329
 	  Message:gateserver request gameserver create map
LOGDEBUG
2016-11-17_20:29:53 FILE:../src/Map/CreatMapTask.cpp FUNC:On_MSG_REQUEST_MSG_REQ_WS2GM_CREATESCENE LINE:329
 	  Message:gateserver request gameserver create map
LOGDEBUG
2016-11-17_20:29:53 FILE:../src/Map/CreatMapTask.cpp FUNC:On_MSG_REQUEST_MSG_REQ_WS2GM_CREATESCENE LINE:329
 	  Message:gateserver request gameserver create map
LOGDEBUG
2016-11-17_20:29:53 FILE:../src/Map/CreatMapTask.cpp FUNC:On_MSG_REQUEST_MSG_REQ_WS2GM_CREATESCENE LINE:329
 	  Message:gateserver request gameserver create map
LOGDEBUG
2016-11-17_20:29:53 FILE:../src/Map/CreatMapTask.cpp FUNC:On_MSG_REQUEST_MSG_REQ_WS2GM_CREATESCENE LINE:329
 	  Message:gateserver request gameserver create map
LOGDEBUG
2016-11-17_20:29:53 FILE:../src/Map/CreatMapTask.cpp FUNC:On_MSG_REQUEST_MSG_REQ_WS2GM_CREATESCENE LINE:329
 	  Message:gateserver request gameserver create map
LOGDEBUG
2016-11-17_20:29:53 FILE:../src/Map/CreatMapTask.cpp FUNC:On_MSG_REQUEST_MSG_REQ_WS2GM_CREATESCENE LINE:329
 	  Message:gateserver request gameserver create map
LOGDEBUG
2016-11-17_20:29:53 FILE:../src/Map/CreatMapTask.cpp FUNC:On_MSG_REQUEST_MSG_REQ_WS2GM_CREATESCENE LINE:329
 	  Message:gateserver request gameserver create map
LOGDEBUG
2016-11-17_20:29:53 FILE:../src/Map/CreatMapTask.cpp FUNC:On_MSG_REQUEST_MSG_REQ_WS2GM_CREATESCENE LINE:329
 	  Message:gateserver request gameserver create map
LOGDEBUG
2016-11-17_20:29:53 FILE:../src/Map/CreatMapTask.cpp FUNC:On_MSG_REQUEST_MSG_REQ_WS2GM_CREATESCENE LINE:329
 	  Message:gateserver request gameserver create map
LOGDEBUG
2016-11-17_20:29:53 FILE:../src/Map/CreatMapTask.cpp FUNC:On_MSG_REQUEST_MSG_REQ_WS2GM_CREATESCENE LINE:329
 	  Message:gateserver request gameserver create map
LOGDEBUG
2016-11-17_20:29:53 FILE:../src/Map/CreatMapTask.cpp FUNC:On_MSG_REQUEST_MSG_REQ_WS2GM_CREATESCENE LINE:329
 	  Message:gateserver request gameserver create map
LOGDEBUG
2016-11-17_20:29:53 FILE:../src/Map/CreatMapTask.cpp FUNC:On_MSG_REQUEST_MSG_REQ_WS2GM_CREATESCENE LINE:329
 	  Message:gateserver request gameserver create map
LOGDEBUG
2016-11-17_20:29:53 FILE:../src/Map/CreatMapTask.cpp FUNC:On_MSG_REQUEST_MSG_REQ_WS2GM_CREATESCENE LINE:329
 	  Message:gateserver request gameserver create map
LOGDEBUG
2016-11-17_20:29:53 FILE:../src/Map/CreatMapTask.cpp FUNC:On_MSG_REQUEST_MSG_REQ_WS2GM_CREATESCENE LINE:329
 	  Message:gateserver request gameserver create map
LOGDEBUG
2016-11-17_20:29:53 FILE:../src/Map/CreatMapTask.cpp FUNC:On_MSG_REQUEST_MSG_REQ_WS2GM_CREATESCENE LINE:329
 	  Message:gateserver request gameserver create map
LOGDEBUG
2016-11-17_20:29:53 FILE:../src/Map/CreatMapTask.cpp FUNC:On_MSG_REQUEST_MSG_REQ_WS2GM_CREATESCENE LINE:329
 	  Message:gateserver request gameserver create map
LOGDEBUG
2016-11-17_20:29:53 FILE:../src/Map/CreatMapTask.cpp FUNC:On_MSG_REQUEST_MSG_REQ_WS2GM_CREATESCENE LINE:329
 	  Message:gateserver request gameserver create map
LOGDEBUG
2016-11-17_20:30:06 FILE:../src/Object/Player/PlayerMessage.cpp FUNC:On_MSG_REQUEST_MSG_REQ_GT2GM_PLAYERINFO LINE:1092
 	  Message:Player login on and get playerinfo[1]
LOGDEBUG
2016-11-17_20:30:06 FILE:../src/Object/Player/Player.cpp FUNC:InitBaseInfo LINE:1205
 	  Message:iRet=1802 err:[src/OpenApiV3.cpp][278][ParamIsValid]openid is invalid

LOGDEBUG
2016-11-17_20:30:06 FILE:../src/Trade/BaseShop.cpp FUNC:FlushMyster LINE:434
 	  Message:FlushMyster ............................. 8
LOGDEBUG
2016-11-17_20:30:06 FILE:../src/Object/Player/PlayerMessage.cpp FUNC:On_MSG_ACK_MSG_REQ_GM2DB_CONTAINERINFO LINE:1682
 	  Message:gameserver request dbserver player[4294967345] container info
LOGDEBUG
2016-11-17_20:30:06 FILE:../src/Object/Player/PlayerMessage.cpp FUNC:FinishiInit LINE:4069
 	  Message:finish player[4294967345] info 
LOGDEBUG
2016-11-17_20:30:06 FILE:../src/Object/Player/PlayerMessage.cpp FUNC:FinishiInit LINE:4104
 	  Message:player login in game and finish player[4294967345] info 
LOGDEBUG
2016-11-17_20:30:06 FILE:../src/Mail/MailMessage.cpp FUNC:On_MSG_QUICK_REQUEST_MSG_REQ_C2GM_MAILS LINE:77
 	  Message:client req gt get mails
LOGDEBUG
2016-11-17_20:30:07 FILE:../src/Horse/HorseMessage.cpp FUNC:On_MSG_REQUEST_MSG_REQ_GT2GM_HORSEINFO LINE:72
 	  Message:Player request horse info
LOGDEBUG
2016-11-17_20:30:11 FILE:../src/Trade/BaseShop.cpp FUNC:FlushMyster LINE:434
 	  Message:FlushMyster ............................. 8
LOGDEBUG
2016-11-17_20:30:11 FILE:../src/Trade/BaseShop.cpp FUNC:FlushMyster LINE:434
 	  Message:FlushMyster ............................. 8
LOGDEBUG
2016-11-17_20:30:12 FILE:../src/Trade/BaseShop.cpp FUNC:FlushMyster LINE:434
 	  Message:FlushMyster ............................. 8
LOGDEBUG
2016-11-17_20:30:13 FILE:../src/Trade/BaseShop.cpp FUNC:FlushMyster LINE:434
 	  Message:FlushMyster ............................. 8
LOGDEBUG
2016-11-17_20:30:13 FILE:../src/Trade/BaseShop.cpp FUNC:FlushMyster LINE:434
 	  Message:FlushMyster ............................. 8
LOGDEBUG
2016-11-17_20:30:14 FILE:../src/Trade/BaseShop.cpp FUNC:FlushMyster LINE:434
 	  Message:FlushMyster ............................. 8
LOGDEBUG
2016-11-17_20:30:14 FILE:../src/Trade/BaseShop.cpp FUNC:FlushMyster LINE:434
 	  Message:FlushMyster ............................. 8
LOGDEBUG
2016-11-17_20:30:14 FILE:../src/Trade/BaseShop.cpp FUNC:FlushMyster LINE:434
 	  Message:FlushMyster ............................. 8
LOGDEBUG
2016-11-17_20:30:14 FILE:../src/Trade/BaseShop.cpp FUNC:FlushMyster LINE:434
 	  Message:FlushMyster ............................. 8
LOGDEBUG
2016-11-17_20:30:14 FILE:../src/Trade/BaseShop.cpp FUNC:FlushMyster LINE:434
 	  Message:FlushMyster ............................. 8
LOGDEBUG
2016-11-17_20:30:14 FILE:../src/Trade/BaseShop.cpp FUNC:FlushMyster LINE:434
 	  Message:FlushMyster ............................. 8
LOGDEBUG
2016-11-17_20:30:14 FILE:../src/Trade/BaseShop.cpp FUNC:FlushMyster LINE:434
 	  Message:FlushMyster ............................. 8
LOGDEBUG
2016-11-17_20:30:15 FILE:../src/Trade/BaseShop.cpp FUNC:FlushMyster LINE:434
 	  Message:FlushMyster ............................. 8
LOGDEBUG
2016-11-17_20:30:15 FILE:../src/Trade/BaseShop.cpp FUNC:FlushMyster LINE:434
 	  Message:FlushMyster ............................. 8
LOGDEBUG
2016-11-17_20:30:15 FILE:../src/Trade/BaseShop.cpp FUNC:FlushMyster LINE:434
 	  Message:FlushMyster ............................. 8
LOGDEBUG
2016-11-17_20:30:15 FILE:../src/Trade/BaseShop.cpp FUNC:FlushMyster LINE:434
 	  Message:FlushMyster ............................. 8
LOGDEBUG
2016-11-17_20:30:15 FILE:../src/Trade/BaseShop.cpp FUNC:FlushMyster LINE:434
 	  Message:FlushMyster ............................. 8
LOGDEBUG
2016-11-17_20:30:16 FILE:../src/Trade/BaseShop.cpp FUNC:FlushMyster LINE:434
 	  Message:FlushMyster ............................. 8
LOGDEBUG
2016-11-17_20:30:16 FILE:../src/Trade/BaseShop.cpp FUNC:FlushMyster LINE:434
 	  Message:FlushMyster ............................. 8
LOGDEBUG
2016-11-17_20:30:17 FILE:../src/Trade/BaseShop.cpp FUNC:FlushMyster LINE:434
 	  Message:FlushMyster ............................. 8
LOGDEBUG
2016-11-17_20:30:18 FILE:../src/Trade/BaseShop.cpp FUNC:FlushMyster LINE:434
 	  Message:FlushMyster ............................. 8
LOGDEBUG
2016-11-17_20:30:18 FILE:../src/Trade/BaseShop.cpp FUNC:FlushMyster LINE:434
 	  Message:FlushMyster ............................. 8
LOGDEBUG
2016-11-17_20:30:19 FILE:../src/Trade/BaseShop.cpp FUNC:FlushMyster LINE:434
 	  Message:FlushMyster ............................. 8
LOGDEBUG
2016-11-17_20:30:29 FILE:../src/Trade/BaseShop.cpp FUNC:FlushMyster LINE:434
 	  Message:FlushMyster ............................. 8
LOGDEBUG
2016-11-17_20:30:33 FILE:../src/Trade/BaseShop.cpp FUNC:FlushMyster LINE:434
 	  Message:FlushMyster ............................. 8
LOGDEBUG
2016-11-17_20:31:06 FILE:../src/Trade/BaseShop.cpp FUNC:SetBaseShopInfo LINE:115
 	  Message:SetBaseShopInfo ............................. 8
LOGDEBUG
2016-11-17_20:31:13 FILE:../src/Object/Player/PlayerMessage.cpp FUNC:On_MSG_REQUEST_MSG_REQ_GT2GM_CHARATTR LINE:1123
 	  Message:Player request battle attribute
LOGDEBUG
2016-11-17_20:34:29 FILE:../src/Object/Player/PlayerMessage.cpp FUNC:On_MSG_REQUEST_MSG_REQ_GT2GM_PLAYERINFO LINE:1092
 	  Message:Player login on and get playerinfo[1]
LOGDEBUG
2016-11-17_20:34:29 FILE:../src/Object/Player/Player.cpp FUNC:InitBaseInfo LINE:1205
 	  Message:iRet=1802 err:[src/OpenApiV3.cpp][278][ParamIsValid]openid is invalid

LOGDEBUG
2016-11-17_20:34:29 FILE:../src/Trade/BaseShop.cpp FUNC:FlushMyster LINE:434
 	  Message:FlushMyster ............................. 8
LOGDEBUG
2016-11-17_20:34:29 FILE:../src/Object/Player/PlayerMessage.cpp FUNC:On_MSG_ACK_MSG_REQ_GM2DB_CONTAINERINFO LINE:1682
 	  Message:gameserver request dbserver player[4294967320] container info
LOGDEBUG
2016-11-17_20:34:29 FILE:../src/Object/Player/PlayerMessage.cpp FUNC:FinishiInit LINE:4069
 	  Message:finish player[4294967320] info 
LOGDEBUG
2016-11-17_20:34:29 FILE:../src/Object/Player/PlayerMessage.cpp FUNC:FinishiInit LINE:4104
 	  Message:player login in game and finish player[4294967320] info 
LOGDEBUG
2016-11-17_20:34:29 FILE:../src/QuestNew/AcceptedQuest.cpp FUNC:updateToClient LINE:270
 	  Message:Player 281479271677976 CanSubmit Task,10001 type,1 state,3 numStar,1 rewardStar,1 times,0 nowNum,0 targeNum,0
LOGDEBUG
2016-11-17_20:34:30 FILE:../src/Mail/MailMessage.cpp FUNC:On_MSG_QUICK_REQUEST_MSG_REQ_C2GM_MAILS LINE:77
 	  Message:client req gt get mails
LOGDEBUG
2016-11-17_20:34:30 FILE:../src/Horse/HorseMessage.cpp FUNC:On_MSG_REQUEST_MSG_REQ_GT2GM_HORSEINFO LINE:72
 	  Message:Player request horse info
LOGDEBUG
2016-11-17_20:35:19 FILE:../src/Trade/BaseShop.cpp FUNC:SetBaseShopInfo LINE:115
 	  Message:SetBaseShopInfo ............................. 8