
LOGDEBUG
2016-12-23_15:18:55 FILE:../src/ServerManager.cpp FUNC:On_MSG_ACK_MSG_SIM_GT2GM_PUSHSERVERID LINE:393
 	  Message:gateServer push server id
LOGDEBUG
2016-12-23_15:18:56 FILE:../src/ServerManager.cpp FUNC:On_MSG_ACK_MSG_SIM_DB2GM_PUSHSERVERID LINE:431
 	  Message:dbServer push server id
LOGDEBUG
2016-12-23_15:18:56 FILE:../src/ServerManager.cpp FUNC:On_MSG_ACK_MSG_REQ_GM2MS_PUSHSERVERID LINE:497
 	  Message:managerServer push server id
LOGDEBUG
2016-12-23_15:18:56 FILE:../src/ServerManager.cpp FUNC:On_MSG_ACK_MSG_REQ_GM2WS_PUSHSERVERID LINE:463
 	  Message:worldserver push server id
LOGDEBUG
2016-12-23_15:18:57 FILE:../src/Map/CreatMapTask.cpp FUNC:On_MSG_REQUEST_MSG_REQ_WS2GM_CREATESCENE LINE:329
 	  Message:gateserver request gameserver create map
LOGDEBUG
2016-12-23_15:18:57 FILE:../src/Map/CreatMapTask.cpp FUNC:On_MSG_REQUEST_MSG_REQ_WS2GM_CREATESCENE LINE:329
 	  Message:gateserver request gameserver create map
LOGDEBUG
2016-12-23_15:18:57 FILE:../src/Map/CreatMapTask.cpp FUNC:On_MSG_REQUEST_MSG_REQ_WS2GM_CREATESCENE LINE:329
 	  Message:gateserver request gameserver create map
LOGDEBUG
2016-12-23_15:18:57 FILE:../src/Map/CreatMapTask.cpp FUNC:On_MSG_REQUEST_MSG_REQ_WS2GM_CREATESCENE LINE:329
 	  Message:gateserver request gameserver create map
LOGDEBUG
2016-12-23_15:18:57 FILE:../src/Map/CreatMapTask.cpp FUNC:On_MSG_REQUEST_MSG_REQ_WS2GM_CREATESCENE LINE:329
 	  Message:gateserver request gameserver create map
LOGDEBUG
2016-12-23_15:18:57 FILE:../src/Map/CreatMapTask.cpp FUNC:On_MSG_REQUEST_MSG_REQ_WS2GM_CREATESCENE LINE:329
 	  Message:gateserver request gameserver create map
LOGDEBUG
2016-12-23_15:18:57 FILE:../src/Map/CreatMapTask.cpp FUNC:On_MSG_REQUEST_MSG_REQ_WS2GM_CREATESCENE LINE:329
 	  Message:gateserver request gameserver create map
LOGDEBUG
2016-12-23_15:18:57 FILE:../src/Map/CreatMapTask.cpp FUNC:On_MSG_REQUEST_MSG_REQ_WS2GM_CREATESCENE LINE:329
 	  Message:gateserver request gameserver create map
LOGDEBUG
2016-12-23_15:18:57 FILE:../src/Map/CreatMapTask.cpp FUNC:On_MSG_REQUEST_MSG_REQ_WS2GM_CREATESCENE LINE:329
 	  Message:gateserver request gameserver create map
LOGDEBUG
2016-12-23_15:18:57 FILE:../src/Map/CreatMapTask.cpp FUNC:On_MSG_REQUEST_MSG_REQ_WS2GM_CREATESCENE LINE:329
 	  Message:gateserver request gameserver create map
LOGDEBUG
2016-12-23_15:18:57 FILE:../src/Map/CreatMapTask.cpp FUNC:On_MSG_REQUEST_MSG_REQ_WS2GM_CREATESCENE LINE:329
 	  Message:gateserver request gameserver create map
LOGDEBUG
2016-12-23_15:18:57 FILE:../src/Map/CreatMapTask.cpp FUNC:On_MSG_REQUEST_MSG_REQ_WS2GM_CREATESCENE LINE:329
 	  Message:gateserver request gameserver create map
LOGDEBUG
2016-12-23_15:18:57 FILE:../src/Map/CreatMapTask.cpp FUNC:On_MSG_REQUEST_MSG_REQ_WS2GM_CREATESCENE LINE:329
 	  Message:gateserver request gameserver create map
LOGDEBUG
2016-12-23_15:18:57 FILE:../src/Map/CreatMapTask.cpp FUNC:On_MSG_REQUEST_MSG_REQ_WS2GM_CREATESCENE LINE:329
 	  Message:gateserver request gameserver create map
LOGDEBUG
2016-12-23_15:18:57 FILE:../src/Map/CreatMapTask.cpp FUNC:On_MSG_REQUEST_MSG_REQ_WS2GM_CREATESCENE LINE:329
 	  Message:gateserver request gameserver create map
LOGDEBUG
2016-12-23_15:18:57 FILE:../src/Map/CreatMapTask.cpp FUNC:On_MSG_REQUEST_MSG_REQ_WS2GM_CREATESCENE LINE:329
 	  Message:gateserver request gameserver create map
LOGDEBUG
2016-12-23_15:18:57 FILE:../src/Map/CreatMapTask.cpp FUNC:On_MSG_REQUEST_MSG_REQ_WS2GM_CREATESCENE LINE:329
 	  Message:gateserver request gameserver create map
LOGDEBUG
2016-12-23_15:18:57 FILE:../src/Map/CreatMapTask.cpp FUNC:On_MSG_REQUEST_MSG_REQ_WS2GM_CREATESCENE LINE:329
 	  Message:gateserver request gameserver create map
LOGDEBUG
2016-12-23_15:18:57 FILE:../src/Map/CreatMapTask.cpp FUNC:On_MSG_REQUEST_MSG_REQ_WS2GM_CREATESCENE LINE:329
 	  Message:gateserver request gameserver create map
LOGDEBUG
2016-12-23_15:18:57 FILE:../src/Map/CreatMapTask.cpp FUNC:On_MSG_REQUEST_MSG_REQ_WS2GM_CREATESCENE LINE:329
 	  Message:gateserver request gameserver create map
LOGDEBUG
2016-12-23_15:18:57 FILE:../src/Map/CreatMapTask.cpp FUNC:On_MSG_REQUEST_MSG_REQ_WS2GM_CREATESCENE LINE:329
 	  Message:gateserver request gameserver create map
LOGDEBUG
2016-12-23_15:18:57 FILE:../src/Map/CreatMapTask.cpp FUNC:On_MSG_REQUEST_MSG_REQ_WS2GM_CREATESCENE LINE:329
 	  Message:gateserver request gameserver create map
LOGDEBUG
2016-12-23_15:19:07 FILE:../src/Object/Player/PlayerMessage.cpp FUNC:On_MSG_REQUEST_MSG_REQ_GT2GM_PLAYERINFO LINE:1098
 	  Message:Player login on and get playerinfo[1]
LOGDEBUG
2016-12-23_15:19:07 FILE:../src/Trade/BaseShop.cpp FUNC:FlushMyster LINE:438
 	  Message:FlushMyster ............................. 8
LOGDEBUG
2016-12-23_15:19:07 FILE:../src/Object/Player/PlayerMessage.cpp FUNC:On_MSG_ACK_MSG_REQ_GM2DB_CONTAINERINFO LINE:1688
 	  Message:gameserver request dbserver player[4294968799] container info
LOGDEBUG
2016-12-23_15:19:07 FILE:../src/Object/Player/PlayerMessage.cpp FUNC:FinishiInit LINE:4078
 	  Message:finish player[4294968799] info 
LOGDEBUG
2016-12-23_15:19:07 FILE:../src/Object/Player/PlayerMessage.cpp FUNC:FinishiInit LINE:4113
 	  Message:player login in game and finish player[4294968799] info 
LOGDEBUG
2016-12-23_15:19:07 FILE:../src/QuestNew/AcceptedQuest.cpp FUNC:updateToClient LINE:270
 	  Message:Player 281479271679455 CanSubmit Task,10002 type,1 state,3 numStar,1 rewardStar,1 times,0 nowNum,0 targeNum,0
LOGDEBUG
2016-12-23_15:19:07 FILE:../src/Mail/MailMessage.cpp FUNC:On_MSG_QUICK_REQUEST_MSG_REQ_C2GM_MAILS LINE:77
 	  Message:client req gt get mails
LOGDEBUG
2016-12-23_15:19:07 FILE:../src/Horse/HorseMessage.cpp FUNC:On_MSG_REQUEST_MSG_REQ_GT2GM_HORSEINFO LINE:72
 	  Message:Player request horse info
LOGDEBUG
2016-12-23_15:19:09 FILE:../src/Arena/ArenaMessage.cpp FUNC:On_MSG_QUICK_REQUEST_MSG_REQ_C2GM_ARENAINFO LINE:65
 	  Message:request Arena  war report info from client
LOGDEBUG
2016-12-23_15:19:10 FILE:../src/Arena/ArenaMessage.cpp FUNC:On_MSG_ACK_MSG_REG_GM2WS_SYNCRANKINGREWARD LINE:268
 	  Message:toClient.historyreward().reward_size() id = 17 value = 1
LOGDEBUG
2016-12-23_15:19:12 FILE:../src/Arena/ArenaMessage.cpp FUNC:On_MSG_QUICK_REQUEST_MSG_REQ_C2GM_ADDCHALLENGETIMES LINE:133
 	  Message:request add challenge times  from client
LOGDEBUG
2016-12-23_15:19:16 FILE:../src/Arena/ArenaMessage.cpp FUNC:On_MSG_QUICK_REQUEST_MSG_REQ_C2GM_ARENAINFO LINE:65
 	  Message:request Arena  war report info from client
LOGDEBUG
2016-12-23_15:19:16 FILE:../src/Arena/ArenaMessage.cpp FUNC:On_MSG_ACK_MSG_REG_GM2WS_SYNCRANKINGREWARD LINE:268
 	  Message:toClient.historyreward().reward_size() id = 17 value = 1
LOGDEBUG
2016-12-23_15:19:38 FILE:../src/Arena/ArenaMessage.cpp FUNC:On_MSG_QUICK_REQUEST_MSG_REQ_C2GM_ARENAINFO LINE:65
 	  Message:request Arena  war report info from client
LOGDEBUG
2016-12-23_15:19:38 FILE:../src/Arena/ArenaMessage.cpp FUNC:On_MSG_ACK_MSG_REG_GM2WS_SYNCRANKINGREWARD LINE:268
 	  Message:toClient.historyreward().reward_size() id = 17 value = 1
LOGDEBUG
2016-12-23_15:19:45 FILE:../src/Map/CreatMapTask.cpp FUNC:On_MSG_REQUEST_MSG_REQ_WS2GM_CREATESCENE LINE:329
 	  Message:gateserver request gameserver create map
LOGDEBUG
2016-12-23_15:19:46 FILE:../src/MapInstance/MapInstanceMessage.cpp FUNC:On_MSG_ACK_MSG_REQ_GM2WS_CREATEINSTANCE LINE:809
 	  Message:gameserver request worldserver create map
LOGDEBUG
2016-12-23_15:19:51 FILE:../src/Arena/ArenaMessage.cpp FUNC:On_MSG_ACK_MSG_REQ_GM2DB_ARENAINFO LINE:353
 	  Message:gameserver request dbserver ranking player
LOGDEBUG
2016-12-23_15:19:51 FILE:../src/Map/GameZone.cpp FUNC:InitMonsterByPlayer LINE:295
 	  Message:SKIL ID = 7135
LOGDEBUG
2016-12-23_15:19:51 FILE:../src/Map/GameZone.cpp FUNC:InitMonsterByPlayer LINE:295
 	  Message:SKIL ID = 7335
LOGDEBUG
2016-12-23_15:19:51 FILE:../src/Map/GameZone.cpp FUNC:InitMonsterByPlayer LINE:295
 	  Message:SKIL ID = 7435
LOGDEBUG
2016-12-23_15:19:51 FILE:../src/Map/GameZone.cpp FUNC:InitMonsterByPlayer LINE:295
 	  Message:SKIL ID = 7535
LOGDEBUG
2016-12-23_15:19:51 FILE:../src/Map/GameZone.cpp FUNC:InitMonsterByPlayer LINE:295
 	  Message:SKIL ID = 7735
LOGDEBUG
2016-12-23_15:19:52 FILE:../src/Skill/SkillClass.cpp FUNC:Result LINE:183
 	  Message:CSkillBlink::Result............m_xpos = 36 ...............m_ypos = 31
LOGDEBUG
2016-12-23_15:19:53 FILE:../src/Skill/SkillClass.cpp FUNC:Result LINE:183
 	  Message:CSkillBlink::Result............m_xpos = 36 ...............m_ypos = 31
LOGDEBUG
2016-12-23_15:19:53 FILE:../src/Skill/SkillClass.cpp FUNC:Result LINE:183
 	  Message:CSkillBlink::Result............m_xpos = 36 ...............m_ypos = 31
LOGDEBUG
2016-12-23_15:19:58 FILE:../src/Skill/SkillClass.cpp FUNC:Result LINE:183
 	  Message:CSkillBlink::Result............m_xpos = 36 ...............m_ypos = 31
LOGDEBUG
2016-12-23_15:19:59 FILE:../src/Skill/SkillClass.cpp FUNC:Result LINE:183
 	  Message:CSkillBlink::Result............m_xpos = 36 ...............m_ypos = 31
LOGDEBUG
2016-12-23_15:19:59 FILE:../src/Map/GameDuplicate.cpp FUNC:HandleMonsterDeadEvent LINE:715
 	  Message:CGameDuplicate::HandleMonsterDeadEvent 	 10000
LOGDEBUG
2016-12-23_15:20:00 FILE:../src/Arena/ArenaMessage.cpp FUNC:On_MSG_ACK_MSG_REQ_GM2WS_SYNCARENA LINE:388
 	  Message:gameserver request worldserver  synch player info 
LOGDEBUG
2016-12-23_15:20:04 FILE:../src/Map/DuplicateMgr.cpp FUNC:UpdateTimer LINE:76
 	  Message:m_duplicate destory instance map id = 211
LOGDEBUG
2016-12-23_15:20:05 FILE:../src/Arena/ArenaMessage.cpp FUNC:On_MSG_QUICK_REQUEST_MSG_REQ_C2GM_ARENAINFO LINE:65
 	  Message:request Arena  war report info from client
LOGDEBUG
2016-12-23_15:20:06 FILE:../src/Arena/ArenaMessage.cpp FUNC:On_MSG_ACK_MSG_REG_GM2WS_SYNCRANKINGREWARD LINE:268
 	  Message:toClient.historyreward().reward_size() id = 17 value = 1
LOGDEBUG
2016-12-23_15:20:06 FILE:../src/Arena/ArenaMessage.cpp FUNC:On_MSG_ACK_MSG_REG_GM2WS_SYNCRANKINGREWARD LINE:268
 	  Message:toClient.historyreward().reward_size() id = 16 value = 1
LOGDEBUG
2016-12-23_15:20:07 FILE:../src/Trade/BaseShop.cpp FUNC:SetBaseShopInfo LINE:115
 	  Message:SetBaseShopInfo ............................. 8
LOGDEBUG
2016-12-23_15:20:09 FILE:../src/Arena/ArenaMessage.cpp FUNC:On_MSG_QUICK_REQUEST_MSG_REQ_C2GM_ADDCHALLENGETIMES LINE:133
 	  Message:request add challenge times  from client
LOGDEBUG
2016-12-23_15:20:12 FILE:../src/Arena/ArenaMessage.cpp FUNC:On_MSG_QUICK_REQUEST_MSG_REQ_C2GM_ARENAINFO LINE:65
 	  Message:request Arena  war report info from client
LOGDEBUG
2016-12-23_15:20:12 FILE:../src/Arena/ArenaMessage.cpp FUNC:On_MSG_ACK_MSG_REG_GM2WS_SYNCRANKINGREWARD LINE:268
 	  Message:toClient.historyreward().reward_size() id = 17 value = 1
LOGDEBUG
2016-12-23_15:20:12 FILE:../src/Arena/ArenaMessage.cpp FUNC:On_MSG_ACK_MSG_REG_GM2WS_SYNCRANKINGREWARD LINE:268
 	  Message:toClient.historyreward().reward_size() id = 16 value = 1
LOGDEBUG
2016-12-23_15:20:18 FILE:../src/Arena/ArenaMessage.cpp FUNC:On_MSG_QUICK_REQUEST_MSG_REQ_C2GM_ARENAINFO LINE:65
 	  Message:request Arena  war report info from client
LOGDEBUG
2016-12-23_15:20:18 FILE:../src/Arena/ArenaMessage.cpp FUNC:On_MSG_ACK_MSG_REG_GM2WS_SYNCRANKINGREWARD LINE:268
 	  Message:toClient.historyreward().reward_size() id = 17 value = 1
LOGDEBUG
2016-12-23_15:20:18 FILE:../src/Arena/ArenaMessage.cpp FUNC:On_MSG_ACK_MSG_REG_GM2WS_SYNCRANKINGREWARD LINE:268
 	  Message:toClient.historyreward().reward_size() id = 16 value = 1
LOGDEBUG
2016-12-23_15:20:41 FILE:../src/Arena/ArenaMessage.cpp FUNC:On_MSG_QUICK_REQUEST_MSG_REQ_C2GM_ARENAINFO LINE:65
 	  Message:request Arena  war report info from client
LOGDEBUG
2016-12-23_15:20:41 FILE:../src/Arena/ArenaMessage.cpp FUNC:On_MSG_ACK_MSG_REG_GM2WS_SYNCRANKINGREWARD LINE:268
 	  Message:toClient.historyreward().reward_size() id = 17 value = 1
LOGDEBUG
2016-12-23_15:20:41 FILE:../src/Arena/ArenaMessage.cpp FUNC:On_MSG_ACK_MSG_REG_GM2WS_SYNCRANKINGREWARD LINE:268
 	  Message:toClient.historyreward().reward_size() id = 16 value = 1
LOGDEBUG
2016-12-23_15:20:47 FILE:../src/Arena/ArenaMessage.cpp FUNC:On_MSG_QUICK_REQUEST_MSG_REQ_C2GM_ARENAINFO LINE:65
 	  Message:request Arena  war report info from client
LOGDEBUG
2016-12-23_15:20:47 FILE:../src/Arena/ArenaMessage.cpp FUNC:On_MSG_ACK_MSG_REG_GM2WS_SYNCRANKINGREWARD LINE:268
 	  Message:toClient.historyreward().reward_size() id = 17 value = 1
LOGDEBUG
2016-12-23_15:20:47 FILE:../src/Arena/ArenaMessage.cpp FUNC:On_MSG_ACK_MSG_REG_GM2WS_SYNCRANKINGREWARD LINE:268
 	  Message:toClient.historyreward().reward_size() id = 16 value = 1
LOGDEBUG
2016-12-23_15:21:11 FILE:../src/Arena/ArenaMessage.cpp FUNC:On_MSG_QUICK_REQUEST_MSG_REQ_C2GM_ARENAINFO LINE:65
 	  Message:request Arena  war report info from client
LOGDEBUG
2016-12-23_15:21:11 FILE:../src/Arena/ArenaMessage.cpp FUNC:On_MSG_ACK_MSG_REG_GM2WS_SYNCRANKINGREWARD LINE:268
 	  Message:toClient.historyreward().reward_size() id = 17 value = 1
LOGDEBUG
2016-12-23_15:21:11 FILE:../src/Arena/ArenaMessage.cpp FUNC:On_MSG_ACK_MSG_REG_GM2WS_SYNCRANKINGREWARD LINE:268
 	  Message:toClient.historyreward().reward_size() id = 16 value = 1
LOGDEBUG
2016-12-23_15:22:17 FILE:../src/Object/Player/PlayerMessage.cpp FUNC:On_MSG_REQUEST_MSG_REQ_GT2GM_PLAYERINFO LINE:1098
 	  Message:Player login on and get playerinfo[1]
LOGDEBUG
2016-12-23_15:22:17 FILE:../src/Trade/BaseShop.cpp FUNC:FlushMyster LINE:438
 	  Message:FlushMyster ............................. 8
LOGDEBUG
2016-12-23_15:22:17 FILE:../src/Object/Player/PlayerMessage.cpp FUNC:On_MSG_ACK_MSG_REQ_GM2DB_CONTAINERINFO LINE:1688
 	  Message:gameserver request dbserver player[4294968803] container info
LOGDEBUG
2016-12-23_15:22:17 FILE:../src/Object/Player/PlayerMessage.cpp FUNC:FinishiInit LINE:4078
 	  Message:finish player[4294968803] info 
LOGDEBUG
2016-12-23_15:22:17 FILE:../src/Object/Player/PlayerMessage.cpp FUNC:FinishiInit LINE:4113
 	  Message:player login in game and finish player[4294968803] info 
LOGDEBUG
2016-12-23_15:22:17 FILE:../src/QuestNew/AcceptedQuest.cpp FUNC:updateToClient LINE:270
 	  Message:Player 281479271679459 CanSubmit Task,10001 type,1 state,3 numStar,1 rewardStar,1 times,0 nowNum,0 targeNum,0
LOGDEBUG
2016-12-23_15:22:18 FILE:../src/Mail/MailMessage.cpp FUNC:On_MSG_QUICK_REQUEST_MSG_REQ_C2GM_MAILS LINE:77
 	  Message:client req gt get mails
LOGDEBUG
2016-12-23_15:22:18 FILE:../src/Horse/HorseMessage.cpp FUNC:On_MSG_REQUEST_MSG_REQ_GT2GM_HORSEINFO LINE:72
 	  Message:Player request horse info
LOGDEBUG
2016-12-23_15:22:29 FILE:../src/Arena/ArenaMessage.cpp FUNC:On_MSG_ACK_MSG_REQ_GM2WS_SYNCARENA LINE:388
 	  Message:gameserver request worldserver  synch player info 
LOGDEBUG
2016-12-23_15:22:42 FILE:../src/QuestNew/QuestPart.cpp FUNC:submit LINE:1306
 	  Message:Player 281479271679459 Submit Task 10001
LOGDEBUG
2016-12-23_15:22:42 FILE:../src/QuestNew/AcceptedQuest.cpp FUNC:updateToClient LINE:270
 	  Message:Player 281479271679459 CanSubmit Task,10002 type,1 state,3 numStar,1 rewardStar,1 times,0 nowNum,0 targeNum,0
LOGDEBUG
2016-12-23_15:22:42 FILE:../src/QuestNew/QuestMessage.cpp FUNC:On_MSG_QUICK_REQUEST_MSG_REQ_C2GM_UPDATEQUEST LINE:104
 	  Message:Player 281479271679459 accept Task,10002 type,1 state,3 numStar,1 rewardStar,1 times,0 nowNum,0 targeNum,0
LOGDEBUG
2016-12-23_15:22:46 FILE:../src/Arena/ArenaMessage.cpp FUNC:On_MSG_QUICK_REQUEST_MSG_REQ_C2GM_ARENAINFO LINE:65
 	  Message:request Arena  war report info from client
LOGDEBUG
2016-12-23_15:22:48 FILE:../src/Map/CreatMapTask.cpp FUNC:On_MSG_REQUEST_MSG_REQ_WS2GM_CREATESCENE LINE:329
 	  Message:gateserver request gameserver create map
LOGDEBUG
2016-12-23_15:22:48 FILE:../src/MapInstance/MapInstanceMessage.cpp FUNC:On_MSG_ACK_MSG_REQ_GM2WS_CREATEINSTANCE LINE:809
 	  Message:gameserver request worldserver create map
LOGDEBUG
2016-12-23_15:22:53 FILE:../src/Arena/ArenaMessage.cpp FUNC:On_MSG_ACK_MSG_REQ_GM2DB_ARENAINFO LINE:353
 	  Message:gameserver request dbserver ranking player
LOGDEBUG
2016-12-23_15:22:53 FILE:../src/Map/GameZone.cpp FUNC:InitMonsterByPlayer LINE:295
 	  Message:SKIL ID = 1135
LOGDEBUG
2016-12-23_15:22:53 FILE:../src/Map/GameZone.cpp FUNC:InitMonsterByPlayer LINE:295
 	  Message:SKIL ID = 1335
LOGDEBUG
2016-12-23_15:22:53 FILE:../src/Map/GameZone.cpp FUNC:InitMonsterByPlayer LINE:295
 	  Message:SKIL ID = 1735
LOGDEBUG
2016-12-23_15:22:53 FILE:../src/Map/GameZone.cpp FUNC:InitMonsterByPlayer LINE:295
 	  Message:SKIL ID = 1435
LOGDEBUG
2016-12-23_15:22:53 FILE:../src/Map/GameZone.cpp FUNC:InitMonsterByPlayer LINE:295
 	  Message:SKIL ID = 1635
LOGDEBUG
2016-12-23_15:22:54 FILE:../src/Skill/SkillClass.cpp FUNC:Result LINE:183
 	  Message:CSkillBlink::Result............m_xpos = 36 ...............m_ypos = 31
LOGDEBUG
2016-12-23_15:22:55 FILE:../src/Skill/SkillClass.cpp FUNC:Result LINE:183
 	  Message:CSkillBlink::Result............m_xpos = 38 ...............m_ypos = 31
LOGDEBUG
2016-12-23_15:23:00 FILE:../src/Skill/SkillClass.cpp FUNC:Result LINE:183
 	  Message:CSkillBlink::Result............m_xpos = 36 ...............m_ypos = 31
LOGDEBUG
2016-12-23_15:23:02 FILE:../src/Map/GameDuplicate.cpp FUNC:HandleMonsterDeadEvent LINE:715
 	  Message:CGameDuplicate::HandleMonsterDeadEvent 	 10000
LOGDEBUG
2016-12-23_15:23:03 FILE:../src/Arena/ArenaMessage.cpp FUNC:On_MSG_ACK_MSG_REQ_GM2WS_SYNCARENA LINE:388
 	  Message:gameserver request worldserver  synch player info 
LOGDEBUG
2016-12-23_15:23:07 FILE:../src/Map/DuplicateMgr.cpp FUNC:UpdateTimer LINE:76
 	  Message:m_duplicate destory instance map id = 211
LOGDEBUG
2016-12-23_15:23:17 FILE:../src/Trade/BaseShop.cpp FUNC:SetBaseShopInfo LINE:115
 	  Message:SetBaseShopInfo ............................. 8
LOGDEBUG
2016-12-23_15:23:18 FILE:../src/Arena/ArenaMessage.cpp FUNC:On_MSG_QUICK_REQUEST_MSG_REQ_C2GM_ARENAINFO LINE:65
 	  Message:request Arena  war report info from client
LOGDEBUG
2016-12-23_15:23:18 FILE:../src/Arena/ArenaMessage.cpp FUNC:On_MSG_ACK_MSG_REG_GM2WS_SYNCRANKINGREWARD LINE:268
 	  Message:toClient.historyreward().reward_size() id = 17 value = 1
LOGDEBUG
2016-12-23_15:23:22 FILE:../src/Arena/ArenaMessage.cpp FUNC:On_MSG_QUICK_REQUEST_MSG_REQ_C2GM_ADDCHALLENGETIMES LINE:133
 	  Message:request add challenge times  from client
LOGDEBUG
2016-12-23_15:23:47 FILE:../src/Arena/ArenaMessage.cpp FUNC:On_MSG_QUICK_REQUEST_MSG_REQ_C2GM_ARENAINFO LINE:65
 	  Message:request Arena  war report info from client
LOGDEBUG
2016-12-23_15:23:47 FILE:../src/Arena/ArenaMessage.cpp FUNC:On_MSG_ACK_MSG_REG_GM2WS_SYNCRANKINGREWARD LINE:268
 	  Message:toClient.historyreward().reward_size() id = 17 value = 1
LOGDEBUG
2016-12-23_15:23:47 FILE:../src/Arena/ArenaMessage.cpp FUNC:On_MSG_ACK_MSG_REG_GM2WS_SYNCRANKINGREWARD LINE:268
 	  Message:toClient.historyreward().reward_size() id = 16 value = 1
LOGDEBUG
2016-12-23_15:23:55 FILE:../src/Arena/ArenaMessage.cpp FUNC:On_MSG_QUICK_REQUEST_MSG_REQ_C2GM_ADDCHALLENGETIMES LINE:133
 	  Message:request add challenge times  from client
LOGDEBUG
2016-12-23_15:24:31 FILE:../src/Map/CreatMapTask.cpp FUNC:On_MSG_REQUEST_MSG_REQ_WS2GM_CREATESCENE LINE:329
 	  Message:gateserver request gameserver create map
LOGDEBUG
2016-12-23_15:24:31 FILE:../src/MapInstance/MapInstanceMessage.cpp FUNC:On_MSG_ACK_MSG_REQ_GM2WS_CREATEINSTANCE LINE:809
 	  Message:gameserver request worldserver create map
LOGDEBUG
2016-12-23_15:24:37 FILE:../src/Arena/ArenaMessage.cpp FUNC:On_MSG_ACK_MSG_REQ_GM2DB_ARENAINFO LINE:353
 	  Message:gameserver request dbserver ranking player
LOGDEBUG
2016-12-23_15:24:37 FILE:../src/Map/GameZone.cpp FUNC:InitMonsterByPlayer LINE:295
 	  Message:SKIL ID = 4135
LOGDEBUG
2016-12-23_15:24:37 FILE:../src/Map/GameZone.cpp FUNC:InitMonsterByPlayer LINE:295
 	  Message:SKIL ID = 4335
LOGDEBUG
2016-12-23_15:24:37 FILE:../src/Map/GameZone.cpp FUNC:InitMonsterByPlayer LINE:295
 	  Message:SKIL ID = 4435
LOGDEBUG
2016-12-23_15:24:37 FILE:../src/Map/GameZone.cpp FUNC:InitMonsterByPlayer LINE:295
 	  Message:SKIL ID = 4535
LOGDEBUG
2016-12-23_15:24:37 FILE:../src/Map/GameZone.cpp FUNC:InitMonsterByPlayer LINE:295
 	  Message:SKIL ID = 4735
LOGDEBUG
2016-12-23_15:24:37 FILE:../src/Skill/SkillClass.cpp FUNC:Result LINE:183
 	  Message:CSkillBlink::Result............m_xpos = 36 ...............m_ypos = 31
LOGDEBUG
2016-12-23_15:24:41 FILE:../src/Skill/SkillClass.cpp FUNC:Result LINE:183
 	  Message:CSkillBlink::Result............m_xpos = 36 ...............m_ypos = 29
LOGDEBUG
2016-12-23_15:24:41 FILE:../src/Skill/SkillClass.cpp FUNC:Result LINE:183
 	  Message:CSkillBlink::Result............m_xpos = 36 ...............m_ypos = 29
LOGDEBUG
2016-12-23_15:24:46 FILE:../src/Skill/SkillClass.cpp FUNC:Result LINE:183
 	  Message:CSkillBlink::Result............m_xpos = 36 ...............m_ypos = 29
LOGDEBUG
2016-12-23_15:24:47 FILE:../src/Skill/SkillClass.cpp FUNC:Result LINE:183
 	  Message:CSkillBlink::Result............m_xpos = 36 ...............m_ypos = 29
LOGDEBUG
2016-12-23_15:24:48 FILE:../src/Map/GameDuplicate.cpp FUNC:HandleMonsterDeadEvent LINE:715
 	  Message:CGameDuplicate::HandleMonsterDeadEvent 	 10000
LOGDEBUG
2016-12-23_15:24:48 FILE:../src/Arena/ArenaMessage.cpp FUNC:On_MSG_ACK_MSG_REQ_GM2WS_SYNCARENA LINE:388
 	  Message:gameserver request worldserver  synch player info 
LOGDEBUG
2016-12-23_15:24:49 FILE:../src/Trade/BaseShop.cpp FUNC:SetBaseShopInfo LINE:115
 	  Message:SetBaseShopInfo ............................. 8
LOGDEBUG
2016-12-23_15:24:51 FILE:../src/Map/DuplicateMgr.cpp FUNC:UpdateTimer LINE:76
 	  Message:m_duplicate destory instance map id = 211
LOGDEBUG
2016-12-23_15:24:51 FILE:../src/Arena/ArenaMessage.cpp FUNC:On_MSG_QUICK_REQUEST_MSG_REQ_C2GM_ARENAINFO LINE:65
 	  Message:request Arena  war report info from client
LOGDEBUG
2016-12-23_15:24:51 FILE:../src/Arena/ArenaMessage.cpp FUNC:On_MSG_ACK_MSG_REG_GM2WS_SYNCRANKINGREWARD LINE:268
 	  Message:toClient.historyreward().reward_size() id = 17 value = 1
LOGDEBUG
2016-12-23_15:24:51 FILE:../src/Arena/ArenaMessage.cpp FUNC:On_MSG_ACK_MSG_REG_GM2WS_SYNCRANKINGREWARD LINE:268
 	  Message:toClient.historyreward().reward_size() id = 16 value = 1
LOGDEBUG
2016-12-23_15:25:15 FILE:../src/Trade/BaseShop.cpp FUNC:SetBaseShopInfo LINE:115
 	  Message:SetBaseShopInfo ............................. 8
LOGDEBUG
2016-12-23_15:25:16 FILE:../src/Object/Player/PlayerMessage.cpp FUNC:On_MSG_REQUEST_MSG_REQ_GT2GM_PLAYERINFO LINE:1098
 	  Message:Player login on and get playerinfo[1]
LOGDEBUG
2016-12-23_15:25:16 FILE:../src/Trade/BaseShop.cpp FUNC:FlushMyster LINE:438
 	  Message:FlushMyster ............................. 8
LOGDEBUG
2016-12-23_15:25:16 FILE:../src/Object/Player/PlayerMessage.cpp FUNC:On_MSG_ACK_MSG_REQ_GM2DB_CONTAINERINFO LINE:1688
 	  Message:gameserver request dbserver player[4294968799] container info
LOGDEBUG
2016-12-23_15:25:16 FILE:../src/Object/Player/PlayerMessage.cpp FUNC:FinishiInit LINE:4078
 	  Message:finish player[4294968799] info 
LOGDEBUG
2016-12-23_15:25:16 FILE:../src/Object/Player/PlayerMessage.cpp FUNC:FinishiInit LINE:4113
 	  Message:player login in game and finish player[4294968799] info 
LOGDEBUG
2016-12-23_15:25:16 FILE:../src/QuestNew/AcceptedQuest.cpp FUNC:updateToClient LINE:270
 	  Message:Player 281479271679455 CanSubmit Task,10002 type,1 state,3 numStar,1 rewardStar,1 times,0 nowNum,0 targeNum,0
LOGDEBUG
2016-12-23_15:25:17 FILE:../src/Mail/MailMessage.cpp FUNC:On_MSG_QUICK_REQUEST_MSG_REQ_C2GM_MAILS LINE:77
 	  Message:client req gt get mails
LOGDEBUG
2016-12-23_15:25:17 FILE:../src/Horse/HorseMessage.cpp FUNC:On_MSG_REQUEST_MSG_REQ_GT2GM_HORSEINFO LINE:72
 	  Message:Player request horse info
LOGDEBUG
2016-12-23_15:25:20 FILE:../src/Arena/ArenaMessage.cpp FUNC:On_MSG_QUICK_REQUEST_MSG_REQ_C2GM_ARENAINFO LINE:65
 	  Message:request Arena  war report info from client
LOGDEBUG
2016-12-23_15:25:20 FILE:../src/Arena/ArenaMessage.cpp FUNC:On_MSG_ACK_MSG_REG_GM2WS_SYNCRANKINGREWARD LINE:268
 	  Message:toClient.historyreward().reward_size() id = 17 value = 1
LOGDEBUG
2016-12-23_15:25:20 FILE:../src/Arena/ArenaMessage.cpp FUNC:On_MSG_ACK_MSG_REG_GM2WS_SYNCRANKINGREWARD LINE:268
 	  Message:toClient.historyreward().reward_size() id = 16 value = 1
LOGDEBUG
2016-12-23_15:25:26 FILE:../src/Arena/ArenaMessage.cpp FUNC:On_MSG_QUICK_REQUEST_MSG_REQ_C2GM_ADDCHALLENGETIMES LINE:133
 	  Message:request add challenge times  from client
LOGDEBUG
2016-12-23_15:26:16 FILE:../src/Trade/BaseShop.cpp FUNC:SetBaseShopInfo LINE:115
 	  Message:SetBaseShopInfo ............................. 8
LOGDEBUG
2016-12-23_15:27:02 FILE:../src/Arena/ArenaMessage.cpp FUNC:On_MSG_QUICK_REQUEST_MSG_REQ_C2GM_ARENAINFO LINE:65
 	  Message:request Arena  war report info from client
LOGDEBUG
2016-12-23_15:27:02 FILE:../src/Arena/ArenaMessage.cpp FUNC:On_MSG_ACK_MSG_REG_GM2WS_SYNCRANKINGREWARD LINE:268
 	  Message:toClient.historyreward().reward_size() id = 17 value = 1
LOGDEBUG
2016-12-23_15:27:02 FILE:../src/Arena/ArenaMessage.cpp FUNC:On_MSG_ACK_MSG_REG_GM2WS_SYNCRANKINGREWARD LINE:268
 	  Message:toClient.historyreward().reward_size() id = 16 value = 1
LOGDEBUG
2016-12-23_15:27:02 FILE:../src/Trade/BaseShop.cpp FUNC:SetBaseShopInfo LINE:115
 	  Message:SetBaseShopInfo ............................. 8