
LOGDEBUG
2016-10-14_17:35:16 FILE:../src/ServerManager.cpp FUNC:On_MSG_ACK_MSG_SIM_GT2GM_PUSHSERVERID LINE:393
 	  Message:gateServer push server id
LOGDEBUG
2016-10-14_17:35:17 FILE:../src/ServerManager.cpp FUNC:On_MSG_ACK_MSG_SIM_DB2GM_PUSHSERVERID LINE:431
 	  Message:dbServer push server id
LOGDEBUG
2016-10-14_17:35:17 FILE:../src/ServerManager.cpp FUNC:On_MSG_ACK_MSG_REQ_GM2MS_PUSHSERVERID LINE:497
 	  Message:managerServer push server id
LOGDEBUG
2016-10-14_17:35:17 FILE:../src/ServerManager.cpp FUNC:On_MSG_ACK_MSG_REQ_GM2WS_PUSHSERVERID LINE:463
 	  Message:worldserver push server id
LOGDEBUG
2016-10-14_17:35:17 FILE:../src/Map/CreatMapTask.cpp FUNC:On_MSG_REQUEST_MSG_REQ_WS2GM_CREATESCENE LINE:303
 	  Message:gateserver request gameserver create map
LOGDEBUG
2016-10-14_17:35:17 FILE:../src/Map/CreatMapTask.cpp FUNC:On_MSG_REQUEST_MSG_REQ_WS2GM_CREATESCENE LINE:303
 	  Message:gateserver request gameserver create map
LOGDEBUG
2016-10-14_17:35:17 FILE:../src/Map/CreatMapTask.cpp FUNC:On_MSG_REQUEST_MSG_REQ_WS2GM_CREATESCENE LINE:303
 	  Message:gateserver request gameserver create map
LOGDEBUG
2016-10-14_17:35:17 FILE:../src/Map/CreatMapTask.cpp FUNC:On_MSG_REQUEST_MSG_REQ_WS2GM_CREATESCENE LINE:303
 	  Message:gateserver request gameserver create map
LOGDEBUG
2016-10-14_17:35:17 FILE:../src/Map/CreatMapTask.cpp FUNC:On_MSG_REQUEST_MSG_REQ_WS2GM_CREATESCENE LINE:303
 	  Message:gateserver request gameserver create map
LOGDEBUG
2016-10-14_17:35:17 FILE:../src/Map/CreatMapTask.cpp FUNC:On_MSG_REQUEST_MSG_REQ_WS2GM_CREATESCENE LINE:303
 	  Message:gateserver request gameserver create map
LOGDEBUG
2016-10-14_17:35:17 FILE:../src/Map/CreatMapTask.cpp FUNC:On_MSG_REQUEST_MSG_REQ_WS2GM_CREATESCENE LINE:303
 	  Message:gateserver request gameserver create map
LOGDEBUG
2016-10-14_17:35:17 FILE:../src/Map/CreatMapTask.cpp FUNC:On_MSG_REQUEST_MSG_REQ_WS2GM_CREATESCENE LINE:303
 	  Message:gateserver request gameserver create map
LOGDEBUG
2016-10-14_17:35:17 FILE:../src/Map/CreatMapTask.cpp FUNC:On_MSG_REQUEST_MSG_REQ_WS2GM_CREATESCENE LINE:303
 	  Message:gateserver request gameserver create map
LOGDEBUG
2016-10-14_17:35:17 FILE:../src/Map/CreatMapTask.cpp FUNC:On_MSG_REQUEST_MSG_REQ_WS2GM_CREATESCENE LINE:303
 	  Message:gateserver request gameserver create map
LOGDEBUG
2016-10-14_17:35:17 FILE:../src/Map/CreatMapTask.cpp FUNC:On_MSG_REQUEST_MSG_REQ_WS2GM_CREATESCENE LINE:303
 	  Message:gateserver request gameserver create map
LOGDEBUG
2016-10-14_17:35:17 FILE:../src/Map/CreatMapTask.cpp FUNC:On_MSG_REQUEST_MSG_REQ_WS2GM_CREATESCENE LINE:303
 	  Message:gateserver request gameserver create map
LOGDEBUG
2016-10-14_17:35:17 FILE:../src/Map/CreatMapTask.cpp FUNC:On_MSG_REQUEST_MSG_REQ_WS2GM_CREATESCENE LINE:303
 	  Message:gateserver request gameserver create map
LOGDEBUG
2016-10-14_17:35:17 FILE:../src/Map/CreatMapTask.cpp FUNC:On_MSG_REQUEST_MSG_REQ_WS2GM_CREATESCENE LINE:303
 	  Message:gateserver request gameserver create map
LOGDEBUG
2016-10-14_17:35:17 FILE:../src/Map/CreatMapTask.cpp FUNC:On_MSG_REQUEST_MSG_REQ_WS2GM_CREATESCENE LINE:303
 	  Message:gateserver request gameserver create map
LOGDEBUG
2016-10-14_17:35:17 FILE:../src/Map/CreatMapTask.cpp FUNC:On_MSG_REQUEST_MSG_REQ_WS2GM_CREATESCENE LINE:303
 	  Message:gateserver request gameserver create map
LOGDEBUG
2016-10-14_17:35:17 FILE:../src/Map/CreatMapTask.cpp FUNC:On_MSG_REQUEST_MSG_REQ_WS2GM_CREATESCENE LINE:303
 	  Message:gateserver request gameserver create map
LOGDEBUG
2016-10-14_17:35:17 FILE:../src/Map/CreatMapTask.cpp FUNC:On_MSG_REQUEST_MSG_REQ_WS2GM_CREATESCENE LINE:303
 	  Message:gateserver request gameserver create map
LOGDEBUG
2016-10-14_17:35:17 FILE:../src/Map/CreatMapTask.cpp FUNC:On_MSG_REQUEST_MSG_REQ_WS2GM_CREATESCENE LINE:303
 	  Message:gateserver request gameserver create map
LOGDEBUG
2016-10-14_17:35:17 FILE:../src/Map/CreatMapTask.cpp FUNC:On_MSG_REQUEST_MSG_REQ_WS2GM_CREATESCENE LINE:303
 	  Message:gateserver request gameserver create map
LOGDEBUG
2016-10-14_17:40:05 FILE:../src/Object/Player/PlayerMessage.cpp FUNC:On_MSG_REQUEST_MSG_REQ_GT2GM_PLAYERINFO LINE:1091
 	  Message:Player login on and get playerinfo[1]
LOGDEBUG
2016-10-14_17:40:05 FILE:../src/Object/Player/Player.cpp FUNC:InitBaseInfo LINE:1205
 	  Message:iRet=1802 err:[src/OpenApiV3.cpp][278][ParamIsValid]openid is invalid

LOGDEBUG
2016-10-14_17:40:05 FILE:../src/Object/Player/PlayerMessage.cpp FUNC:On_MSG_ACK_MSG_REQ_GM2DB_CONTAINERINFO LINE:1671
 	  Message:gameserver request dbserver player[12884901913] container info
LOGDEBUG
2016-10-14_17:40:05 FILE:../src/Object/Player/PlayerMessage.cpp FUNC:FinishiInit LINE:4050
 	  Message:finish player[12884901913] info 
LOGDEBUG
2016-10-14_17:40:05 FILE:../src/Object/Player/PlayerMessage.cpp FUNC:FinishiInit LINE:4085
 	  Message:player login in game and finish player[12884901913] info 
LOGDEBUG
2016-10-14_17:40:05 FILE:../src/QuestNew/AcceptedQuest.cpp FUNC:updateToClient LINE:270
 	  Message:Player 281487861612569 CanSubmit Task,10001 type,1 state,3 numStar,1 rewardStar,1 times,0 nowNum,0 targeNum,0
LOGDEBUG
2016-10-14_17:40:06 FILE:../src/Mail/MailMessage.cpp FUNC:On_MSG_QUICK_REQUEST_MSG_REQ_C2GM_MAILS LINE:77
 	  Message:client req gt get mails
LOGDEBUG
2016-10-14_17:40:07 FILE:../src/Horse/HorseMessage.cpp FUNC:On_MSG_REQUEST_MSG_REQ_GT2GM_HORSEINFO LINE:72
 	  Message:Player request horse info
LOGDEBUG
2016-10-14_17:40:35 FILE:../src/Map/CreatMapTask.cpp FUNC:On_MSG_REQUEST_MSG_REQ_WS2GM_CREATESCENE LINE:303
 	  Message:gateserver request gameserver create map
LOGDEBUG
2016-10-14_17:40:35 FILE:../src/MapInstance/MapInstanceMessage.cpp FUNC:On_MSG_ACK_MSG_REQ_GM2WS_CREATEINSTANCE LINE:905
 	  Message:gameserver request worldserver create map
LOGDEBUG
2016-10-14_17:40:36 FILE:../src/Object/Player/PlayerMessage.cpp FUNC:On_MSG_ACK_MSG_REQ_GM2GT_CHANGEMAP LINE:1430
 	  Message:gameserver request gameserver change map and ack from db
LOGDEBUG
2016-10-14_17:40:36 FILE:../src/Object/Player/PlayerMessage.cpp FUNC:On_MSG_REQUEST_MSG_REQ_GT2GM_PLAYER_ONLINE LINE:686
 	  Message:changing map and requesting online
LOGDEBUG
2016-10-14_17:40:36 FILE:../src/Object/Player/Player.cpp FUNC:InitBaseInfo LINE:1205
 	  Message:iRet=1802 err:[src/OpenApiV3.cpp][278][ParamIsValid]openid is invalid

LOGDEBUG
2016-10-14_17:40:36 FILE:../src/Object/Player/PlayerMessage.cpp FUNC:On_MSG_ACK_MSG_REQ_GM2DB_CONTAINERINFO LINE:1671
 	  Message:gameserver request dbserver player[12884901913] container info
LOGDEBUG
2016-10-14_17:40:36 FILE:../src/Object/Player/PlayerMessage.cpp FUNC:FinishiInit LINE:4050
 	  Message:finish player[12884901913] info 
LOGDEBUG
2016-10-14_17:40:36 FILE:../src/Object/Player/PlayerMessage.cpp FUNC:FinishiInit LINE:4101
 	  Message:change map and finish player[12884901913] info 
LOGDEBUG
2016-10-14_17:40:36 FILE:../src/Object/Player/PlayerMessage.cpp FUNC:On_MSG_ACK_MSG_REQ_GM2GT_PLAYER_ONLINE LINE:1380
 	  Message:gameserver request gameserver change map and online ack from db
LOGDEBUG
2016-10-14_17:41:28 FILE:../src/Object/Player/PlayerMessage.cpp FUNC:On_MSG_REQUEST_MSG_REQ_GT2GM_PLAYERINFO LINE:1091
 	  Message:Player login on and get playerinfo[1]
LOGDEBUG
2016-10-14_17:41:29 FILE:../src/Object/Player/Player.cpp FUNC:InitBaseInfo LINE:1205
 	  Message:iRet=1802 err:[src/OpenApiV3.cpp][278][ParamIsValid]openid is invalid

LOGDEBUG
2016-10-14_17:41:29 FILE:../src/Object/Player/PlayerMessage.cpp FUNC:On_MSG_ACK_MSG_REQ_GM2DB_CONTAINERINFO LINE:1671
 	  Message:gameserver request dbserver player[12884901913] container info
LOGDEBUG
2016-10-14_17:41:29 FILE:../src/Object/Player/PlayerMessage.cpp FUNC:FinishiInit LINE:4050
 	  Message:finish player[12884901913] info 
LOGDEBUG
2016-10-14_17:41:29 FILE:../src/Object/Player/PlayerMessage.cpp FUNC:FinishiInit LINE:4085
 	  Message:player login in game and finish player[12884901913] info 
LOGDEBUG
2016-10-14_17:41:29 FILE:../src/QuestNew/AcceptedQuest.cpp FUNC:updateToClient LINE:270
 	  Message:Player 281487861612569 CanSubmit Task,10001 type,1 state,3 numStar,1 rewardStar,1 times,0 nowNum,0 targeNum,0
LOGDEBUG
2016-10-14_17:41:30 FILE:../src/Mail/MailMessage.cpp FUNC:On_MSG_QUICK_REQUEST_MSG_REQ_C2GM_MAILS LINE:77
 	  Message:client req gt get mails
LOGDEBUG
2016-10-14_17:41:30 FILE:../src/Horse/HorseMessage.cpp FUNC:On_MSG_REQUEST_MSG_REQ_GT2GM_HORSEINFO LINE:72
 	  Message:Player request horse info
LOGDEBUG
2016-10-14_17:41:36 FILE:../src/Map/CreatMapTask.cpp FUNC:On_MSG_REQUEST_MSG_REQ_WS2GM_CREATESCENE LINE:303
 	  Message:gateserver request gameserver create map
LOGDEBUG
2016-10-14_17:41:36 FILE:../src/MapInstance/MapInstanceMessage.cpp FUNC:On_MSG_ACK_MSG_REQ_GM2WS_CREATEINSTANCE LINE:905
 	  Message:gameserver request worldserver create map
LOGDEBUG
2016-10-14_17:53:07 FILE:../src/Object/Player/PlayerMessage.cpp FUNC:On_MSG_REQUEST_MSG_REQ_GT2GM_PLAYERINFO LINE:1091
 	  Message:Player login on and get playerinfo[1]
LOGDEBUG
2016-10-14_17:53:07 FILE:../src/Object/Player/Player.cpp FUNC:InitBaseInfo LINE:1205
 	  Message:iRet=1802 err:[src/OpenApiV3.cpp][278][ParamIsValid]openid is invalid

LOGDEBUG
2016-10-14_17:53:07 FILE:../src/Object/Player/PlayerMessage.cpp FUNC:On_MSG_ACK_MSG_REQ_GM2DB_CONTAINERINFO LINE:1671
 	  Message:gameserver request dbserver player[12884901913] container info
LOGDEBUG
2016-10-14_17:53:07 FILE:../src/Object/Player/PlayerMessage.cpp FUNC:FinishiInit LINE:4050
 	  Message:finish player[12884901913] info 
LOGDEBUG
2016-10-14_17:53:07 FILE:../src/Object/Player/PlayerMessage.cpp FUNC:FinishiInit LINE:4085
 	  Message:player login in game and finish player[12884901913] info 
LOGDEBUG
2016-10-14_17:53:07 FILE:../src/QuestNew/AcceptedQuest.cpp FUNC:updateToClient LINE:270
 	  Message:Player 281487861612569 CanSubmit Task,10001 type,1 state,3 numStar,1 rewardStar,1 times,0 nowNum,0 targeNum,0
LOGDEBUG
2016-10-14_17:53:11 FILE:../src/Mail/MailMessage.cpp FUNC:On_MSG_QUICK_REQUEST_MSG_REQ_C2GM_MAILS LINE:77
 	  Message:client req gt get mails
LOGDEBUG
2016-10-14_17:53:11 FILE:../src/Horse/HorseMessage.cpp FUNC:On_MSG_REQUEST_MSG_REQ_GT2GM_HORSEINFO LINE:72
 	  Message:Player request horse info
LOGDEBUG
2016-10-14_17:55:23 FILE:../src/Object/Player/PlayerMessage.cpp FUNC:On_MSG_REQUEST_MSG_REQ_GT2GM_PLAYERINFO LINE:1091
 	  Message:Player login on and get playerinfo[1]
LOGDEBUG
2016-10-14_17:55:23 FILE:../src/Object/Player/Player.cpp FUNC:InitBaseInfo LINE:1205
 	  Message:iRet=1802 err:[src/OpenApiV3.cpp][278][ParamIsValid]openid is invalid

LOGDEBUG
2016-10-14_17:55:23 FILE:../src/Object/Player/PlayerMessage.cpp FUNC:On_MSG_ACK_MSG_REQ_GM2DB_CONTAINERINFO LINE:1671
 	  Message:gameserver request dbserver player[12884901913] container info
LOGDEBUG
2016-10-14_17:55:24 FILE:../src/Object/Player/PlayerMessage.cpp FUNC:FinishiInit LINE:4050
 	  Message:finish player[12884901913] info 
LOGDEBUG
2016-10-14_17:55:24 FILE:../src/Object/Player/PlayerMessage.cpp FUNC:FinishiInit LINE:4085
 	  Message:player login in game and finish player[12884901913] info 
LOGDEBUG
2016-10-14_17:55:24 FILE:../src/QuestNew/AcceptedQuest.cpp FUNC:updateToClient LINE:270
 	  Message:Player 281487861612569 CanSubmit Task,10001 type,1 state,3 numStar,1 rewardStar,1 times,0 nowNum,0 targeNum,0
LOGDEBUG
2016-10-14_17:55:25 FILE:../src/Mail/MailMessage.cpp FUNC:On_MSG_QUICK_REQUEST_MSG_REQ_C2GM_MAILS LINE:77
 	  Message:client req gt get mails
LOGDEBUG
2016-10-14_17:55:25 FILE:../src/Horse/HorseMessage.cpp FUNC:On_MSG_REQUEST_MSG_REQ_GT2GM_HORSEINFO LINE:72
 	  Message:Player request horse info
LOGDEBUG
2016-10-14_17:55:32 FILE:../src/Map/CreatMapTask.cpp FUNC:On_MSG_REQUEST_MSG_REQ_WS2GM_CREATESCENE LINE:303
 	  Message:gateserver request gameserver create map
LOGDEBUG
2016-10-14_17:55:33 FILE:../src/MapInstance/MapInstanceMessage.cpp FUNC:On_MSG_ACK_MSG_REQ_GM2WS_CREATEINSTANCE LINE:905
 	  Message:gameserver request worldserver create map
LOGDEBUG
2016-10-14_17:55:33 FILE:../src/Object/Player/PlayerMessage.cpp FUNC:On_MSG_ACK_MSG_REQ_GM2GT_CHANGEMAP LINE:1430
 	  Message:gameserver request gameserver change map and ack from db
LOGDEBUG
2016-10-14_17:55:33 FILE:../src/Object/Player/PlayerMessage.cpp FUNC:On_MSG_REQUEST_MSG_REQ_GT2GM_PLAYER_ONLINE LINE:686
 	  Message:changing map and requesting online
LOGDEBUG
2016-10-14_17:55:33 FILE:../src/Object/Player/Player.cpp FUNC:InitBaseInfo LINE:1205
 	  Message:iRet=1802 err:[src/OpenApiV3.cpp][278][ParamIsValid]openid is invalid

LOGDEBUG
2016-10-14_17:55:33 FILE:../src/Object/Player/PlayerMessage.cpp FUNC:On_MSG_ACK_MSG_REQ_GM2DB_CONTAINERINFO LINE:1671
 	  Message:gameserver request dbserver player[12884901913] container info
LOGDEBUG
2016-10-14_17:55:33 FILE:../src/Object/Player/PlayerMessage.cpp FUNC:FinishiInit LINE:4050
 	  Message:finish player[12884901913] info 
LOGDEBUG
2016-10-14_17:55:33 FILE:../src/Object/Player/PlayerMessage.cpp FUNC:FinishiInit LINE:4101
 	  Message:change map and finish player[12884901913] info 
LOGDEBUG
2016-10-14_17:55:33 FILE:../src/Object/Player/PlayerMessage.cpp FUNC:On_MSG_ACK_MSG_REQ_GM2GT_PLAYER_ONLINE LINE:1380
 	  Message:gameserver request gameserver change map and online ack from db
LOGDEBUG
2016-10-14_17:57:02 FILE:../src/Object/Player/PlayerMessage.cpp FUNC:On_MSG_REQUEST_MSG_REQ_GT2GM_PLAYERINFO LINE:1091
 	  Message:Player login on and get playerinfo[1]
LOGDEBUG
2016-10-14_17:57:02 FILE:../src/Object/Player/Player.cpp FUNC:InitBaseInfo LINE:1205
 	  Message:iRet=1802 err:[src/OpenApiV3.cpp][278][ParamIsValid]openid is invalid

LOGDEBUG
2016-10-14_17:57:02 FILE:../src/Object/Player/PlayerMessage.cpp FUNC:On_MSG_ACK_MSG_REQ_GM2DB_CONTAINERINFO LINE:1671
 	  Message:gameserver request dbserver player[12884901913] container info
LOGDEBUG
2016-10-14_17:57:02 FILE:../src/Object/Player/PlayerMessage.cpp FUNC:FinishiInit LINE:4050
 	  Message:finish player[12884901913] info 
LOGDEBUG
2016-10-14_17:57:02 FILE:../src/Object/Player/PlayerMessage.cpp FUNC:FinishiInit LINE:4085
 	  Message:player login in game and finish player[12884901913] info 
LOGDEBUG
2016-10-14_17:57:02 FILE:../src/QuestNew/AcceptedQuest.cpp FUNC:updateToClient LINE:270
 	  Message:Player 281487861612569 CanSubmit Task,10001 type,1 state,3 numStar,1 rewardStar,1 times,0 nowNum,0 targeNum,0
LOGDEBUG
2016-10-14_17:57:03 FILE:../src/Mail/MailMessage.cpp FUNC:On_MSG_QUICK_REQUEST_MSG_REQ_C2GM_MAILS LINE:77
 	  Message:client req gt get mails
LOGDEBUG
2016-10-14_17:57:03 FILE:../src/Horse/HorseMessage.cpp FUNC:On_MSG_REQUEST_MSG_REQ_GT2GM_HORSEINFO LINE:72
 	  Message:Player request horse info
LOGDEBUG
2016-10-14_17:57:09 FILE:../src/Map/CreatMapTask.cpp FUNC:On_MSG_REQUEST_MSG_REQ_WS2GM_CREATESCENE LINE:303
 	  Message:gateserver request gameserver create map
LOGDEBUG
2016-10-14_17:57:09 FILE:../src/MapInstance/MapInstanceMessage.cpp FUNC:On_MSG_ACK_MSG_REQ_GM2WS_CREATEINSTANCE LINE:905
 	  Message:gameserver request worldserver create map
LOGDEBUG
2016-10-14_18:00:54 FILE:../src/Object/Player/PlayerMessage.cpp FUNC:On_MSG_REQUEST_MSG_REQ_GT2GM_PLAYERINFO LINE:1091
 	  Message:Player login on and get playerinfo[1]
LOGDEBUG
2016-10-14_18:00:54 FILE:../src/Object/Player/Player.cpp FUNC:InitBaseInfo LINE:1205
 	  Message:iRet=1802 err:[src/OpenApiV3.cpp][278][ParamIsValid]openid is invalid

LOGDEBUG
2016-10-14_18:00:55 FILE:../src/Object/Player/PlayerMessage.cpp FUNC:On_MSG_ACK_MSG_REQ_GM2DB_CONTAINERINFO LINE:1671
 	  Message:gameserver request dbserver player[12884901913] container info
LOGDEBUG
2016-10-14_18:00:55 FILE:../src/Object/Player/PlayerMessage.cpp FUNC:FinishiInit LINE:4050
 	  Message:finish player[12884901913] info 
LOGDEBUG
2016-10-14_18:00:55 FILE:../src/Object/Player/PlayerMessage.cpp FUNC:FinishiInit LINE:4085
 	  Message:player login in game and finish player[12884901913] info 
LOGDEBUG
2016-10-14_18:00:55 FILE:../src/QuestNew/AcceptedQuest.cpp FUNC:updateToClient LINE:270
 	  Message:Player 281487861612569 CanSubmit Task,10001 type,1 state,3 numStar,1 rewardStar,1 times,0 nowNum,0 targeNum,0
LOGDEBUG
2016-10-14_18:00:56 FILE:../src/Mail/MailMessage.cpp FUNC:On_MSG_QUICK_REQUEST_MSG_REQ_C2GM_MAILS LINE:77
 	  Message:client req gt get mails
LOGDEBUG
2016-10-14_18:00:56 FILE:../src/Horse/HorseMessage.cpp FUNC:On_MSG_REQUEST_MSG_REQ_GT2GM_HORSEINFO LINE:72
 	  Message:Player request horse info
LOGDEBUG
2016-10-14_18:01:00 FILE:../src/Map/CreatMapTask.cpp FUNC:On_MSG_REQUEST_MSG_REQ_WS2GM_CREATESCENE LINE:303
 	  Message:gateserver request gameserver create map
LOGDEBUG
2016-10-14_18:07:05 FILE:../src/Object/Player/PlayerMessage.cpp FUNC:On_MSG_REQUEST_MSG_REQ_GT2GM_PLAYERINFO LINE:1091
 	  Message:Player login on and get playerinfo[1]
LOGDEBUG
2016-10-14_18:07:05 FILE:../src/Object/Player/Player.cpp FUNC:InitBaseInfo LINE:1205
 	  Message:iRet=1802 err:[src/OpenApiV3.cpp][278][ParamIsValid]openid is invalid

LOGDEBUG
2016-10-14_18:07:05 FILE:../src/Object/Player/PlayerMessage.cpp FUNC:On_MSG_ACK_MSG_REQ_GM2DB_CONTAINERINFO LINE:1671
 	  Message:gameserver request dbserver player[12884901913] container info
LOGDEBUG
2016-10-14_18:07:05 FILE:../src/Object/Player/PlayerMessage.cpp FUNC:FinishiInit LINE:4050
 	  Message:finish player[12884901913] info 
LOGDEBUG
2016-10-14_18:07:05 FILE:../src/Object/Player/PlayerMessage.cpp FUNC:FinishiInit LINE:4085
 	  Message:player login in game and finish player[12884901913] info 
LOGDEBUG
2016-10-14_18:07:05 FILE:../src/QuestNew/AcceptedQuest.cpp FUNC:updateToClient LINE:270
 	  Message:Player 281487861612569 CanSubmit Task,10001 type,1 state,3 numStar,1 rewardStar,1 times,0 nowNum,0 targeNum,0
LOGDEBUG
2016-10-14_18:07:53 FILE:../src/Object/Player/PlayerMessage.cpp FUNC:On_MSG_REQUEST_MSG_REQ_GT2GM_PLAYERINFO LINE:1091
 	  Message:Player login on and get playerinfo[1]
LOGDEBUG
2016-10-14_18:08:29 FILE:../src/Object/Player/PlayerMessage.cpp FUNC:On_MSG_REQUEST_MSG_REQ_GT2GM_PLAYERINFO LINE:1091
 	  Message:Player login on and get playerinfo[1]
LOGDEBUG
2016-10-14_18:08:29 FILE:../src/Object/Player/Player.cpp FUNC:InitBaseInfo LINE:1205
 	  Message:iRet=1802 err:[src/OpenApiV3.cpp][278][ParamIsValid]openid is invalid

LOGDEBUG
2016-10-14_18:08:29 FILE:../src/Object/Player/PlayerMessage.cpp FUNC:On_MSG_ACK_MSG_REQ_GM2DB_CONTAINERINFO LINE:1671
 	  Message:gameserver request dbserver player[12884901913] container info
LOGDEBUG
2016-10-14_18:08:29 FILE:../src/Object/Player/PlayerMessage.cpp FUNC:FinishiInit LINE:4050
 	  Message:finish player[12884901913] info 
LOGDEBUG
2016-10-14_18:08:29 FILE:../src/Object/Player/PlayerMessage.cpp FUNC:FinishiInit LINE:4085
 	  Message:player login in game and finish player[12884901913] info 
LOGDEBUG
2016-10-14_18:08:29 FILE:../src/QuestNew/AcceptedQuest.cpp FUNC:updateToClient LINE:270
 	  Message:Player 281487861612569 CanSubmit Task,10001 type,1 state,3 numStar,1 rewardStar,1 times,0 nowNum,0 targeNum,0
LOGDEBUG
2016-10-14_18:09:13 FILE:../src/Mail/MailMessage.cpp FUNC:On_MSG_QUICK_REQUEST_MSG_REQ_C2GM_MAILS LINE:77
 	  Message:client req gt get mails
LOGDEBUG
2016-10-14_18:09:41 FILE:../src/Object/Player/PlayerMessage.cpp FUNC:On_MSG_REQUEST_MSG_REQ_GT2GM_PLAYERINFO LINE:1091
 	  Message:Player login on and get playerinfo[1]
LOGDEBUG
2016-10-14_18:09:41 FILE:../src/Object/Player/Player.cpp FUNC:InitBaseInfo LINE:1205
 	  Message:iRet=1802 err:[src/OpenApiV3.cpp][278][ParamIsValid]openid is invalid

LOGDEBUG
2016-10-14_18:09:41 FILE:../src/Object/Player/PlayerMessage.cpp FUNC:On_MSG_ACK_MSG_REQ_GM2DB_CONTAINERINFO LINE:1671
 	  Message:gameserver request dbserver player[12884901913] container info
LOGDEBUG
2016-10-14_18:09:41 FILE:../src/Object/Player/PlayerMessage.cpp FUNC:FinishiInit LINE:4050
 	  Message:finish player[12884901913] info 
LOGDEBUG
2016-10-14_18:09:41 FILE:../src/Object/Player/PlayerMessage.cpp FUNC:FinishiInit LINE:4085
 	  Message:player login in game and finish player[12884901913] info 
LOGDEBUG
2016-10-14_18:09:41 FILE:../src/QuestNew/AcceptedQuest.cpp FUNC:updateToClient LINE:270
 	  Message:Player 281487861612569 CanSubmit Task,10001 type,1 state,3 numStar,1 rewardStar,1 times,0 nowNum,0 targeNum,0
LOGDEBUG
2016-10-14_18:09:42 FILE:../src/Mail/MailMessage.cpp FUNC:On_MSG_QUICK_REQUEST_MSG_REQ_C2GM_MAILS LINE:77
 	  Message:client req gt get mails
LOGDEBUG
2016-10-14_18:09:42 FILE:../src/Horse/HorseMessage.cpp FUNC:On_MSG_REQUEST_MSG_REQ_GT2GM_HORSEINFO LINE:72
 	  Message:Player request horse info
LOGDEBUG
2016-10-14_18:09:43 FILE:../src/Object/Player/PlayerMessage.cpp FUNC:On_MSG_ACK_MSG_REQ_GT2WS_CLIENTIN LINE:820
 	  Message:gameserver request worldserver player info and ack timeout
LOGDEBUG
2016-10-14_18:09:46 FILE:../src/DanLu/DanLuMessager.cpp FUNC:On_MSG_QUICK_REQUEST_MSG_REQ_C2GT_DANLUINFO LINE:81
 	  Message:Player request Danlu info
LOGDEBUG
2016-10-14_18:09:55 FILE:../src/Map/CreatMapTask.cpp FUNC:On_MSG_REQUEST_MSG_REQ_WS2GM_CREATESCENE LINE:303
 	  Message:gateserver request gameserver create map
LOGDEBUG
2016-10-14_18:09:56 FILE:../src/MapInstance/MapInstanceMessage.cpp FUNC:On_MSG_ACK_MSG_REQ_GM2WS_CREATEINSTANCE LINE:905
 	  Message:gameserver request worldserver create map
LOGDEBUG
2016-10-14_18:10:51 FILE:../src/Map/GameDuplicate.cpp FUNC:HandleMonsterDeadEvent LINE:703
 	  Message:CGameDuplicate::HandleMonsterDeadEvent 	 41320001
LOGDEBUG
2016-10-14_18:10:52 FILE:../src/Map/GameDuplicate.cpp FUNC:HandleMonsterDeadEvent LINE:703
 	  Message:CGameDuplicate::HandleMonsterDeadEvent 	 41320001
LOGDEBUG
2016-10-14_18:10:52 FILE:../src/Map/GameDuplicate.cpp FUNC:HandleMonsterDeadEvent LINE:703
 	  Message:CGameDuplicate::HandleMonsterDeadEvent 	 41320001
LOGDEBUG
2016-10-14_18:10:52 FILE:../src/Map/GameDuplicate.cpp FUNC:HandleMonsterDeadEvent LINE:703
 	  Message:CGameDuplicate::HandleMonsterDeadEvent 	 41320001
LOGDEBUG
2016-10-14_18:10:52 FILE:../src/Map/GameDuplicate.cpp FUNC:HandleMonsterDeadEvent LINE:703
 	  Message:CGameDuplicate::HandleMonsterDeadEvent 	 41320001
LOGDEBUG
2016-10-14_18:10:52 FILE:../src/Map/GameDuplicate.cpp FUNC:HandleMonsterDeadEvent LINE:703
 	  Message:CGameDuplicate::HandleMonsterDeadEvent 	 41320001
LOGDEBUG
2016-10-14_18:10:52 FILE:../src/Map/GameDuplicate.cpp FUNC:HandleMonsterDeadEvent LINE:703
 	  Message:CGameDuplicate::HandleMonsterDeadEvent 	 41320001
LOGDEBUG
2016-10-14_18:10:56 FILE:../src/Map/GameDuplicate.cpp FUNC:HandleMonsterDeadEvent LINE:703
 	  Message:CGameDuplicate::HandleMonsterDeadEvent 	 41320001
LOGDEBUG
2016-10-14_18:10:57 FILE:../src/Map/GameDuplicate.cpp FUNC:HandleMonsterDeadEvent LINE:703
 	  Message:CGameDuplicate::HandleMonsterDeadEvent 	 41320002
LOGDEBUG
2016-10-14_18:11:00 FILE:../src/Map/GameDuplicate.cpp FUNC:HandleMonsterDeadEvent LINE:703
 	  Message:CGameDuplicate::HandleMonsterDeadEvent 	 41320002
LOGDEBUG
2016-10-14_18:11:00 FILE:../src/Map/GameDuplicate.cpp FUNC:HandleMonsterDeadEvent LINE:703
 	  Message:CGameDuplicate::HandleMonsterDeadEvent 	 41320002
LOGDEBUG
2016-10-14_18:11:00 FILE:../src/Map/GameDuplicate.cpp FUNC:HandleMonsterDeadEvent LINE:703
 	  Message:CGameDuplicate::HandleMonsterDeadEvent 	 41320002
LOGDEBUG
2016-10-14_18:11:00 FILE:../src/Map/GameDuplicate.cpp FUNC:HandleMonsterDeadEvent LINE:703
 	  Message:CGameDuplicate::HandleMonsterDeadEvent 	 41320002
LOGDEBUG
2016-10-14_18:11:00 FILE:../src/Map/GameDuplicate.cpp FUNC:HandleMonsterDeadEvent LINE:703
 	  Message:CGameDuplicate::HandleMonsterDeadEvent 	 41320002
LOGDEBUG
2016-10-14_18:11:00 FILE:../src/Map/GameDuplicate.cpp FUNC:HandleMonsterDeadEvent LINE:703
 	  Message:CGameDuplicate::HandleMonsterDeadEvent 	 41320002
LOGDEBUG
2016-10-14_18:11:02 FILE:../src/Map/GameDuplicate.cpp FUNC:HandleMonsterDeadEvent LINE:703
 	  Message:CGameDuplicate::HandleMonsterDeadEvent 	 41320002
LOGDEBUG
2016-10-14_18:11:03 FILE:../src/Map/GameDuplicate.cpp FUNC:HandleMonsterDeadEvent LINE:703
 	  Message:CGameDuplicate::HandleMonsterDeadEvent 	 41320003
LOGDEBUG
2016-10-14_18:11:03 FILE:../src/Map/GameDuplicate.cpp FUNC:HandleMonsterDeadEvent LINE:703
 	  Message:CGameDuplicate::HandleMonsterDeadEvent 	 41320003
LOGDEBUG
2016-10-14_18:11:03 FILE:../src/Map/GameDuplicate.cpp FUNC:HandleMonsterDeadEvent LINE:703
 	  Message:CGameDuplicate::HandleMonsterDeadEvent 	 41320003
LOGDEBUG
2016-10-14_18:11:03 FILE:../src/Map/GameDuplicate.cpp FUNC:HandleMonsterDeadEvent LINE:703
 	  Message:CGameDuplicate::HandleMonsterDeadEvent 	 41320003
LOGDEBUG
2016-10-14_18:11:03 FILE:../src/Map/GameDuplicate.cpp FUNC:HandleMonsterDeadEvent LINE:703
 	  Message:CGameDuplicate::HandleMonsterDeadEvent 	 41320003
LOGDEBUG
2016-10-14_18:11:03 FILE:../src/Map/GameDuplicate.cpp FUNC:HandleMonsterDeadEvent LINE:703
 	  Message:CGameDuplicate::HandleMonsterDeadEvent 	 41320003
LOGDEBUG
2016-10-14_18:11:03 FILE:../src/Map/GameDuplicate.cpp FUNC:HandleMonsterDeadEvent LINE:703
 	  Message:CGameDuplicate::HandleMonsterDeadEvent 	 41320003
LOGDEBUG
2016-10-14_18:11:03 FILE:../src/Map/GameDuplicate.cpp FUNC:HandleMonsterDeadEvent LINE:703
 	  Message:CGameDuplicate::HandleMonsterDeadEvent 	 41320003
LOGDEBUG
2016-10-14_18:11:03 FILE:../src/Map/GameDuplicate.cpp FUNC:HandleMonsterDeadEvent LINE:703
 	  Message:CGameDuplicate::HandleMonsterDeadEvent 	 41320003
LOGDEBUG
2016-10-14_18:11:03 FILE:../src/Map/GameDuplicate.cpp FUNC:HandleMonsterDeadEvent LINE:703
 	  Message:CGameDuplicate::HandleMonsterDeadEvent 	 41320003
LOGDEBUG
2016-10-14_18:11:26 FILE:../src/Map/GameDuplicate.cpp FUNC:HandleMonsterDeadEvent LINE:703
 	  Message:CGameDuplicate::HandleMonsterDeadEvent 	 40000001
LOGDEBUG
2016-10-14_18:11:27 FILE:../src/MapInstance/InstanceMgr.cpp FUNC:SendAwardToPlayer LINE:1670
 	  Message:Send to intance award to player simple message player 281487861612569
LOGDEBUG
2016-10-14_18:13:10 FILE:../src/Object/Player/PlayerMessage.cpp FUNC:On_MSG_REQUEST_MSG_REQ_GT2GM_PLAYERINFO LINE:1091
 	  Message:Player login on and get playerinfo[1]
LOGDEBUG
2016-10-14_18:13:11 FILE:../src/Object/Player/Player.cpp FUNC:InitBaseInfo LINE:1205
 	  Message:iRet=1802 err:[src/OpenApiV3.cpp][278][ParamIsValid]openid is invalid

LOGDEBUG
2016-10-14_18:13:11 FILE:../src/Object/Player/PlayerMessage.cpp FUNC:On_MSG_ACK_MSG_REQ_GM2DB_CONTAINERINFO LINE:1671
 	  Message:gameserver request dbserver player[12884901913] container info
LOGDEBUG
2016-10-14_18:13:11 FILE:../src/Object/Player/PlayerMessage.cpp FUNC:FinishiInit LINE:4050
 	  Message:finish player[12884901913] info 
LOGDEBUG
2016-10-14_18:13:11 FILE:../src/Object/Player/PlayerMessage.cpp FUNC:FinishiInit LINE:4085
 	  Message:player login in game and finish player[12884901913] info 
LOGDEBUG
2016-10-14_18:13:11 FILE:../src/QuestNew/AcceptedQuest.cpp FUNC:updateToClient LINE:270
 	  Message:Player 281487861612569 CanSubmit Task,10001 type,1 state,3 numStar,1 rewardStar,1 times,0 nowNum,0 targeNum,0
LOGDEBUG
2016-10-14_18:13:12 FILE:../src/Mail/MailMessage.cpp FUNC:On_MSG_QUICK_REQUEST_MSG_REQ_C2GM_MAILS LINE:77
 	  Message:client req gt get mails
LOGDEBUG
2016-10-14_18:13:12 FILE:../src/Horse/HorseMessage.cpp FUNC:On_MSG_REQUEST_MSG_REQ_GT2GM_HORSEINFO LINE:72
 	  Message:Player request horse info
LOGDEBUG
2016-10-14_18:14:44 FILE:../src/Object/Player/PlayerMessage.cpp FUNC:On_MSG_REQUEST_MSG_REQ_GT2GM_PLAYERINFO LINE:1091
 	  Message:Player login on and get playerinfo[1]
LOGDEBUG
2016-10-14_18:14:44 FILE:../src/Object/Player/Player.cpp FUNC:InitBaseInfo LINE:1205
 	  Message:iRet=1802 err:[src/OpenApiV3.cpp][278][ParamIsValid]openid is invalid

LOGDEBUG
2016-10-14_18:14:44 FILE:../src/Object/Player/PlayerMessage.cpp FUNC:On_MSG_ACK_MSG_REQ_GM2DB_CONTAINERINFO LINE:1671
 	  Message:gameserver request dbserver player[12884901913] container info
LOGDEBUG
2016-10-14_18:14:45 FILE:../src/Object/Player/PlayerMessage.cpp FUNC:FinishiInit LINE:4050
 	  Message:finish player[12884901913] info 
LOGDEBUG
2016-10-14_18:14:45 FILE:../src/Object/Player/PlayerMessage.cpp FUNC:FinishiInit LINE:4085
 	  Message:player login in game and finish player[12884901913] info 
LOGDEBUG
2016-10-14_18:14:45 FILE:../src/QuestNew/AcceptedQuest.cpp FUNC:updateToClient LINE:270
 	  Message:Player 281487861612569 CanSubmit Task,10001 type,1 state,3 numStar,1 rewardStar,1 times,0 nowNum,0 targeNum,0
LOGDEBUG
2016-10-14_18:14:45 FILE:../src/Mail/MailMessage.cpp FUNC:On_MSG_QUICK_REQUEST_MSG_REQ_C2GM_MAILS LINE:77
 	  Message:client req gt get mails
LOGDEBUG
2016-10-14_18:14:46 FILE:../src/Horse/HorseMessage.cpp FUNC:On_MSG_REQUEST_MSG_REQ_GT2GM_HORSEINFO LINE:72
 	  Message:Player request horse info
LOGDEBUG
2016-10-14_18:14:54 FILE:../src/Map/CreatMapTask.cpp FUNC:On_MSG_REQUEST_MSG_REQ_WS2GM_CREATESCENE LINE:303
 	  Message:gateserver request gameserver create map
LOGDEBUG
2016-10-14_18:14:54 FILE:../src/MapInstance/MapInstanceMessage.cpp FUNC:On_MSG_ACK_MSG_REQ_GM2WS_CREATEINSTANCE LINE:905
 	  Message:gameserver request worldserver create map