
LOGDEBUG
2016-12-08_22:00:51 FILE:../src/ServerManager.cpp FUNC:On_MSG_ACK_MSG_SIM_GT2GM_PUSHSERVERID LINE:393
 	  Message:gateServer push server id
LOGDEBUG
2016-12-08_22:00:52 FILE:../src/ServerManager.cpp FUNC:On_MSG_ACK_MSG_SIM_DB2GM_PUSHSERVERID LINE:431
 	  Message:dbServer push server id
LOGDEBUG
2016-12-08_22:00:53 FILE:../src/ServerManager.cpp FUNC:On_MSG_ACK_MSG_REQ_GM2MS_PUSHSERVERID LINE:497
 	  Message:managerServer push server id
LOGDEBUG
2016-12-08_22:00:53 FILE:../src/ServerManager.cpp FUNC:On_MSG_ACK_MSG_REQ_GM2WS_PUSHSERVERID LINE:463
 	  Message:worldserver push server id
LOGDEBUG
2016-12-08_22:00:53 FILE:../src/Map/CreatMapTask.cpp FUNC:On_MSG_REQUEST_MSG_REQ_WS2GM_CREATESCENE LINE:329
 	  Message:gateserver request gameserver create map
LOGDEBUG
2016-12-08_22:00:53 FILE:../src/Map/CreatMapTask.cpp FUNC:On_MSG_REQUEST_MSG_REQ_WS2GM_CREATESCENE LINE:329
 	  Message:gateserver request gameserver create map
LOGDEBUG
2016-12-08_22:00:53 FILE:../src/Map/CreatMapTask.cpp FUNC:On_MSG_REQUEST_MSG_REQ_WS2GM_CREATESCENE LINE:329
 	  Message:gateserver request gameserver create map
LOGDEBUG
2016-12-08_22:00:53 FILE:../src/Map/CreatMapTask.cpp FUNC:On_MSG_REQUEST_MSG_REQ_WS2GM_CREATESCENE LINE:329
 	  Message:gateserver request gameserver create map
LOGDEBUG
2016-12-08_22:00:53 FILE:../src/Map/CreatMapTask.cpp FUNC:On_MSG_REQUEST_MSG_REQ_WS2GM_CREATESCENE LINE:329
 	  Message:gateserver request gameserver create map
LOGDEBUG
2016-12-08_22:00:53 FILE:../src/Map/CreatMapTask.cpp FUNC:On_MSG_REQUEST_MSG_REQ_WS2GM_CREATESCENE LINE:329
 	  Message:gateserver request gameserver create map
LOGDEBUG
2016-12-08_22:00:53 FILE:../src/Map/CreatMapTask.cpp FUNC:On_MSG_REQUEST_MSG_REQ_WS2GM_CREATESCENE LINE:329
 	  Message:gateserver request gameserver create map
LOGDEBUG
2016-12-08_22:00:53 FILE:../src/Map/CreatMapTask.cpp FUNC:On_MSG_REQUEST_MSG_REQ_WS2GM_CREATESCENE LINE:329
 	  Message:gateserver request gameserver create map
LOGDEBUG
2016-12-08_22:00:53 FILE:../src/Map/CreatMapTask.cpp FUNC:On_MSG_REQUEST_MSG_REQ_WS2GM_CREATESCENE LINE:329
 	  Message:gateserver request gameserver create map
LOGDEBUG
2016-12-08_22:00:53 FILE:../src/Map/CreatMapTask.cpp FUNC:On_MSG_REQUEST_MSG_REQ_WS2GM_CREATESCENE LINE:329
 	  Message:gateserver request gameserver create map
LOGDEBUG
2016-12-08_22:00:53 FILE:../src/Map/CreatMapTask.cpp FUNC:On_MSG_REQUEST_MSG_REQ_WS2GM_CREATESCENE LINE:329
 	  Message:gateserver request gameserver create map
LOGDEBUG
2016-12-08_22:00:53 FILE:../src/Map/CreatMapTask.cpp FUNC:On_MSG_REQUEST_MSG_REQ_WS2GM_CREATESCENE LINE:329
 	  Message:gateserver request gameserver create map
LOGDEBUG
2016-12-08_22:00:53 FILE:../src/Map/CreatMapTask.cpp FUNC:On_MSG_REQUEST_MSG_REQ_WS2GM_CREATESCENE LINE:329
 	  Message:gateserver request gameserver create map
LOGDEBUG
2016-12-08_22:00:53 FILE:../src/Map/CreatMapTask.cpp FUNC:On_MSG_REQUEST_MSG_REQ_WS2GM_CREATESCENE LINE:329
 	  Message:gateserver request gameserver create map
LOGDEBUG
2016-12-08_22:00:53 FILE:../src/Map/CreatMapTask.cpp FUNC:On_MSG_REQUEST_MSG_REQ_WS2GM_CREATESCENE LINE:329
 	  Message:gateserver request gameserver create map
LOGDEBUG
2016-12-08_22:00:53 FILE:../src/Map/CreatMapTask.cpp FUNC:On_MSG_REQUEST_MSG_REQ_WS2GM_CREATESCENE LINE:329
 	  Message:gateserver request gameserver create map
LOGDEBUG
2016-12-08_22:00:53 FILE:../src/Map/CreatMapTask.cpp FUNC:On_MSG_REQUEST_MSG_REQ_WS2GM_CREATESCENE LINE:329
 	  Message:gateserver request gameserver create map
LOGDEBUG
2016-12-08_22:00:53 FILE:../src/Map/CreatMapTask.cpp FUNC:On_MSG_REQUEST_MSG_REQ_WS2GM_CREATESCENE LINE:329
 	  Message:gateserver request gameserver create map
LOGDEBUG
2016-12-08_22:00:53 FILE:../src/Map/CreatMapTask.cpp FUNC:On_MSG_REQUEST_MSG_REQ_WS2GM_CREATESCENE LINE:329
 	  Message:gateserver request gameserver create map
LOGDEBUG
2016-12-08_22:00:53 FILE:../src/Map/CreatMapTask.cpp FUNC:On_MSG_REQUEST_MSG_REQ_WS2GM_CREATESCENE LINE:329
 	  Message:gateserver request gameserver create map
LOGDEBUG
2016-12-08_22:00:53 FILE:../src/Map/CreatMapTask.cpp FUNC:On_MSG_REQUEST_MSG_REQ_WS2GM_CREATESCENE LINE:329
 	  Message:gateserver request gameserver create map
LOGDEBUG
2016-12-08_22:00:53 FILE:../src/Map/CreatMapTask.cpp FUNC:On_MSG_REQUEST_MSG_REQ_WS2GM_CREATESCENE LINE:329
 	  Message:gateserver request gameserver create map
LOGDEBUG
2016-12-08_22:00:53 FILE:../src/Map/CreatMapTask.cpp FUNC:On_MSG_REQUEST_MSG_REQ_WS2GM_CREATESCENE LINE:329
 	  Message:gateserver request gameserver create map
LOGDEBUG
2016-12-08_22:00:53 FILE:../src/Map/CreatMapTask.cpp FUNC:On_MSG_REQUEST_MSG_REQ_WS2GM_CREATESCENE LINE:329
 	  Message:gateserver request gameserver create map
LOGDEBUG
2016-12-08_22:00:53 FILE:../src/Map/CreatMapTask.cpp FUNC:On_MSG_REQUEST_MSG_REQ_WS2GM_CREATESCENE LINE:329
 	  Message:gateserver request gameserver create map
LOGDEBUG
2016-12-08_22:00:53 FILE:../src/Map/CreatMapTask.cpp FUNC:On_MSG_REQUEST_MSG_REQ_WS2GM_CREATESCENE LINE:329
 	  Message:gateserver request gameserver create map
LOGDEBUG
2016-12-08_22:00:53 FILE:../src/Map/CreatMapTask.cpp FUNC:On_MSG_REQUEST_MSG_REQ_WS2GM_CREATESCENE LINE:329
 	  Message:gateserver request gameserver create map
LOGDEBUG
2016-12-08_22:01:03 FILE:../src/Map/DuplicateMgr.cpp FUNC:UpdateTimer LINE:76
 	  Message:m_duplicate destory instance map id = 135
LOGDEBUG
2016-12-08_22:01:03 FILE:../src/Map/DuplicateMgr.cpp FUNC:UpdateTimer LINE:76
 	  Message:m_duplicate destory instance map id = 135
LOGDEBUG
2016-12-08_22:01:03 FILE:../src/Map/DuplicateMgr.cpp FUNC:UpdateTimer LINE:76
 	  Message:m_duplicate destory instance map id = 135
LOGDEBUG
2016-12-08_22:01:03 FILE:../src/Map/DuplicateMgr.cpp FUNC:UpdateTimer LINE:76
 	  Message:m_duplicate destory instance map id = 135
LOGDEBUG
2016-12-08_22:01:03 FILE:../src/Map/DuplicateMgr.cpp FUNC:UpdateTimer LINE:76
 	  Message:m_duplicate destory instance map id = 135
LOGDEBUG
2016-12-08_22:02:31 FILE:../src/Object/Player/PlayerMessage.cpp FUNC:On_MSG_REQUEST_MSG_REQ_GT2GM_PLAYERINFO LINE:1093
 	  Message:Player login on and get playerinfo[1]
LOGDEBUG
2016-12-08_22:02:31 FILE:../src/Object/Player/Player.cpp FUNC:InitBaseInfo LINE:1188
 	  Message:iRet=1802 err:[src/OpenApiV3.cpp][278][ParamIsValid]openid is invalid

LOGDEBUG
2016-12-08_22:02:31 FILE:../src/Trade/BaseShop.cpp FUNC:FlushMyster LINE:438
 	  Message:FlushMyster ............................. 8
LOGDEBUG
2016-12-08_22:02:31 FILE:../src/Object/Player/PlayerMessage.cpp FUNC:On_MSG_ACK_MSG_REQ_GM2DB_CONTAINERINFO LINE:1683
 	  Message:gameserver request dbserver player[4294968894] container info
LOGDEBUG
2016-12-08_22:02:31 FILE:../src/Object/Player/PlayerMessage.cpp FUNC:FinishiInit LINE:4068
 	  Message:finish player[4294968894] info 
LOGDEBUG
2016-12-08_22:02:31 FILE:../src/Object/Player/PlayerMessage.cpp FUNC:FinishiInit LINE:4103
 	  Message:player login in game and finish player[4294968894] info 
LOGDEBUG
2016-12-08_22:02:31 FILE:../src/QuestNew/AcceptedQuest.cpp FUNC:updateToClient LINE:270
 	  Message:Player 281479271679550 CanSubmit Task,10077 type,1 state,3 numStar,1 rewardStar,1 times,0 nowNum,15 targeNum,15
LOGDEBUG
2016-12-08_22:02:31 FILE:../src/Mail/MailMessage.cpp FUNC:On_MSG_QUICK_REQUEST_MSG_REQ_C2GM_MAILS LINE:77
 	  Message:client req gt get mails
LOGDEBUG
2016-12-08_22:02:31 FILE:../src/Horse/HorseMessage.cpp FUNC:On_MSG_REQUEST_MSG_REQ_GT2GM_HORSEINFO LINE:72
 	  Message:Player request horse info
LOGDEBUG
2016-12-08_22:02:33 FILE:../src/Skill/SkillClass.cpp FUNC:Result LINE:183
 	  Message:CSkillBlink::Result............m_xpos = 99 ...............m_ypos = 16
LOGDEBUG
2016-12-08_22:02:34 FILE:../src/Skill/SkillClass.cpp FUNC:Result LINE:183
 	  Message:CSkillBlink::Result............m_xpos = 103 ...............m_ypos = 17
LOGDEBUG
2016-12-08_22:02:39 FILE:../src/Skill/SkillClass.cpp FUNC:Result LINE:183
 	  Message:CSkillBlink::Result............m_xpos = 102 ...............m_ypos = 19
LOGDEBUG
2016-12-08_22:02:40 FILE:../src/Skill/SkillClass.cpp FUNC:Result LINE:183
 	  Message:CSkillBlink::Result............m_xpos = 97 ...............m_ypos = 22
LOGDEBUG
2016-12-08_22:02:44 FILE:../src/Skill/SkillClass.cpp FUNC:Result LINE:183
 	  Message:CSkillBlink::Result............m_xpos = 90 ...............m_ypos = 29
LOGDEBUG
2016-12-08_22:02:45 FILE:../src/Skill/SkillClass.cpp FUNC:Result LINE:183
 	  Message:CSkillBlink::Result............m_xpos = 92 ...............m_ypos = 30
LOGDEBUG
2016-12-08_22:02:49 FILE:../src/Skill/SkillClass.cpp FUNC:Result LINE:183
 	  Message:CSkillBlink::Result............m_xpos = 91 ...............m_ypos = 35
LOGDEBUG
2016-12-08_22:02:52 FILE:../src/Skill/SkillClass.cpp FUNC:Result LINE:183
 	  Message:CSkillBlink::Result............m_xpos = 78 ...............m_ypos = 35
LOGDEBUG
2016-12-08_22:02:55 FILE:../src/Skill/SkillClass.cpp FUNC:Result LINE:183
 	  Message:CSkillBlink::Result............m_xpos = 72 ...............m_ypos = 36
LOGDEBUG
2016-12-08_22:02:57 FILE:../src/Skill/SkillClass.cpp FUNC:Result LINE:183
 	  Message:CSkillBlink::Result............m_xpos = 77 ...............m_ypos = 37
LOGDEBUG
2016-12-08_22:03:01 FILE:../src/Skill/SkillClass.cpp FUNC:Result LINE:183
 	  Message:CSkillBlink::Result............m_xpos = 71 ...............m_ypos = 37
LOGDEBUG
2016-12-08_22:03:03 FILE:../src/Skill/SkillClass.cpp FUNC:Result LINE:183
 	  Message:CSkillBlink::Result............m_xpos = 69 ...............m_ypos = 44
LOGDEBUG
2016-12-08_22:03:06 FILE:../src/Skill/SkillClass.cpp FUNC:Result LINE:183
 	  Message:CSkillBlink::Result............m_xpos = 56 ...............m_ypos = 43
LOGDEBUG
2016-12-08_22:03:09 FILE:../src/Skill/SkillClass.cpp FUNC:Result LINE:183
 	  Message:CSkillBlink::Result............m_xpos = 51 ...............m_ypos = 37
LOGDEBUG
2016-12-08_22:03:11 FILE:../src/Skill/SkillClass.cpp FUNC:Result LINE:183
 	  Message:CSkillBlink::Result............m_xpos = 43 ...............m_ypos = 43
LOGDEBUG
2016-12-08_22:03:14 FILE:../src/Skill/SkillClass.cpp FUNC:Result LINE:183
 	  Message:CSkillBlink::Result............m_xpos = 53 ...............m_ypos = 39
LOGDEBUG
2016-12-08_22:03:16 FILE:../src/Skill/SkillClass.cpp FUNC:Result LINE:183
 	  Message:CSkillBlink::Result............m_xpos = 59 ...............m_ypos = 40
LOGDEBUG
2016-12-08_22:03:20 FILE:../src/Skill/SkillClass.cpp FUNC:Result LINE:183
 	  Message:CSkillBlink::Result............m_xpos = 46 ...............m_ypos = 43
LOGDEBUG
2016-12-08_22:03:21 FILE:../src/Skill/SkillClass.cpp FUNC:Result LINE:183
 	  Message:CSkillBlink::Result............m_xpos = 43 ...............m_ypos = 43
LOGDEBUG
2016-12-08_22:03:25 FILE:../src/Skill/SkillClass.cpp FUNC:Result LINE:183
 	  Message:CSkillBlink::Result............m_xpos = 34 ...............m_ypos = 47
LOGDEBUG
2016-12-08_22:03:27 FILE:../src/Skill/SkillClass.cpp FUNC:Result LINE:183
 	  Message:CSkillBlink::Result............m_xpos = 36 ...............m_ypos = 54
LOGDEBUG
2016-12-08_22:03:31 FILE:../src/Trade/BaseShop.cpp FUNC:SetBaseShopInfo LINE:115
 	  Message:SetBaseShopInfo ............................. 8
LOGDEBUG
2016-12-08_22:03:31 FILE:../src/Skill/SkillClass.cpp FUNC:Result LINE:183
 	  Message:CSkillBlink::Result............m_xpos = 40 ...............m_ypos = 47
LOGDEBUG
2016-12-08_22:03:32 FILE:../src/Skill/SkillClass.cpp FUNC:Result LINE:183
 	  Message:CSkillBlink::Result............m_xpos = 37 ...............m_ypos = 47
LOGDEBUG
2016-12-08_22:03:36 FILE:../src/Skill/SkillClass.cpp FUNC:Result LINE:183
 	  Message:CSkillBlink::Result............m_xpos = 40 ...............m_ypos = 47
LOGDEBUG
2016-12-08_22:03:38 FILE:../src/Skill/SkillClass.cpp FUNC:Result LINE:183
 	  Message:CSkillBlink::Result............m_xpos = 49 ...............m_ypos = 44
LOGDEBUG
2016-12-08_22:03:43 FILE:../src/Skill/SkillClass.cpp FUNC:Result LINE:183
 	  Message:CSkillBlink::Result............m_xpos = 34 ...............m_ypos = 47
LOGDEBUG
2016-12-08_22:03:43 FILE:../src/Skill/SkillClass.cpp FUNC:Result LINE:183
 	  Message:CSkillBlink::Result............m_xpos = 35 ...............m_ypos = 46
LOGDEBUG
2016-12-08_22:03:47 FILE:../src/Skill/SkillClass.cpp FUNC:Result LINE:183
 	  Message:CSkillBlink::Result............m_xpos = 35 ...............m_ypos = 46
LOGDEBUG
2016-12-08_22:03:49 FILE:../src/Skill/SkillClass.cpp FUNC:Result LINE:183
 	  Message:CSkillBlink::Result............m_xpos = 35 ...............m_ypos = 46
LOGDEBUG
2016-12-08_22:03:53 FILE:../src/Skill/SkillClass.cpp FUNC:Result LINE:183
 	  Message:CSkillBlink::Result............m_xpos = 40 ...............m_ypos = 53
LOGDEBUG
2016-12-08_22:03:54 FILE:../src/Skill/SkillClass.cpp FUNC:Result LINE:183
 	  Message:CSkillBlink::Result............m_xpos = 43 ...............m_ypos = 53
LOGDEBUG
2016-12-08_22:03:59 FILE:../src/Skill/SkillClass.cpp FUNC:Result LINE:183
 	  Message:CSkillBlink::Result............m_xpos = 43 ...............m_ypos = 47
LOGDEBUG
2016-12-08_22:04:00 FILE:../src/Skill/SkillClass.cpp FUNC:Result LINE:183
 	  Message:CSkillBlink::Result............m_xpos = 43 ...............m_ypos = 50
LOGDEBUG
2016-12-08_22:04:04 FILE:../src/Skill/SkillClass.cpp FUNC:Result LINE:183
 	  Message:CSkillBlink::Result............m_xpos = 43 ...............m_ypos = 46
LOGDEBUG
2016-12-08_22:04:05 FILE:../src/Skill/SkillClass.cpp FUNC:Result LINE:183
 	  Message:CSkillBlink::Result............m_xpos = 43 ...............m_ypos = 50
LOGDEBUG
2016-12-08_22:04:10 FILE:../src/Skill/SkillClass.cpp FUNC:Result LINE:183
 	  Message:CSkillBlink::Result............m_xpos = 56 ...............m_ypos = 40
LOGDEBUG
2016-12-08_22:04:11 FILE:../src/Skill/SkillClass.cpp FUNC:Result LINE:183
 	  Message:CSkillBlink::Result............m_xpos = 58 ...............m_ypos = 42
LOGDEBUG
2016-12-08_22:04:15 FILE:../src/Skill/SkillClass.cpp FUNC:Result LINE:183
 	  Message:CSkillBlink::Result............m_xpos = 56 ...............m_ypos = 39
LOGDEBUG
2016-12-08_22:04:16 FILE:../src/Skill/SkillClass.cpp FUNC:Result LINE:183
 	  Message:CSkillBlink::Result............m_xpos = 53 ...............m_ypos = 39
LOGDEBUG
2016-12-08_22:04:21 FILE:../src/Skill/SkillClass.cpp FUNC:Result LINE:183
 	  Message:CSkillBlink::Result............m_xpos = 44 ...............m_ypos = 42
LOGDEBUG
2016-12-08_22:04:22 FILE:../src/Skill/SkillClass.cpp FUNC:Result LINE:183
 	  Message:CSkillBlink::Result............m_xpos = 53 ...............m_ypos = 40
LOGDEBUG
2016-12-08_22:04:26 FILE:../src/Skill/SkillClass.cpp FUNC:Result LINE:183
 	  Message:CSkillBlink::Result............m_xpos = 46 ...............m_ypos = 43
LOGDEBUG
2016-12-08_22:04:27 FILE:../src/Skill/SkillClass.cpp FUNC:Result LINE:183
 	  Message:CSkillBlink::Result............m_xpos = 43 ...............m_ypos = 43
LOGDEBUG
2016-12-08_22:04:33 FILE:../src/Skill/SkillClass.cpp FUNC:Result LINE:183
 	  Message:CSkillBlink::Result............m_xpos = 40 ...............m_ypos = 46
LOGDEBUG
2016-12-08_22:04:33 FILE:../src/Skill/SkillClass.cpp FUNC:Result LINE:183
 	  Message:CSkillBlink::Result............m_xpos = 40 ...............m_ypos = 46
LOGDEBUG
2016-12-08_22:04:38 FILE:../src/Skill/SkillClass.cpp FUNC:Result LINE:183
 	  Message:CSkillBlink::Result............m_xpos = 36 ...............m_ypos = 50
LOGDEBUG
2016-12-08_22:04:39 FILE:../src/Skill/SkillClass.cpp FUNC:Result LINE:183
 	  Message:CSkillBlink::Result............m_xpos = 36 ...............m_ypos = 53
LOGDEBUG
2016-12-08_22:04:44 FILE:../src/Skill/SkillClass.cpp FUNC:Result LINE:183
 	  Message:CSkillBlink::Result............m_xpos = 37 ...............m_ypos = 50
LOGDEBUG
2016-12-08_22:04:45 FILE:../src/Skill/SkillClass.cpp FUNC:Result LINE:183
 	  Message:CSkillBlink::Result............m_xpos = 37 ...............m_ypos = 53
LOGDEBUG
2016-12-08_22:04:50 FILE:../src/Skill/SkillClass.cpp FUNC:Result LINE:183
 	  Message:CSkillBlink::Result............m_xpos = 40 ...............m_ypos = 46
LOGDEBUG
2016-12-08_22:04:51 FILE:../src/Skill/SkillClass.cpp FUNC:Result LINE:183
 	  Message:CSkillBlink::Result............m_xpos = 40 ...............m_ypos = 46
LOGDEBUG
2016-12-08_22:04:55 FILE:../src/Skill/SkillClass.cpp FUNC:Result LINE:183
 	  Message:CSkillBlink::Result............m_xpos = 53 ...............m_ypos = 45
LOGDEBUG
2016-12-08_22:04:56 FILE:../src/Skill/SkillClass.cpp FUNC:Result LINE:183
 	  Message:CSkillBlink::Result............m_xpos = 53 ...............m_ypos = 42
LOGDEBUG
2016-12-08_22:05:01 FILE:../src/Skill/SkillClass.cpp FUNC:Result LINE:183
 	  Message:CSkillBlink::Result............m_xpos = 43 ...............m_ypos = 44
LOGDEBUG
2016-12-08_22:05:01 FILE:../src/Skill/SkillClass.cpp FUNC:Result LINE:183
 	  Message:CSkillBlink::Result............m_xpos = 43 ...............m_ypos = 47
LOGDEBUG
2016-12-08_22:05:07 FILE:../src/Skill/SkillClass.cpp FUNC:Result LINE:183
 	  Message:CSkillBlink::Result............m_xpos = 53 ...............m_ypos = 46
LOGDEBUG
2016-12-08_22:05:07 FILE:../src/Skill/SkillClass.cpp FUNC:Result LINE:183
 	  Message:CSkillBlink::Result............m_xpos = 43 ...............m_ypos = 46