
LOGERROR
2016-12-19_10:35:41 FILE:../src/Map/SceneManager.cpp FUNC:SendAllMap LINE:93
 	  Message:send map to Gateserver but gameserver map is not existed in world
LOGERROR
2016-12-19_10:35:41 FILE:../src/Map/SceneManager.cpp FUNC:SendAllMap LINE:93
 	  Message:send map to Gateserver but gameserver map is not existed in world
LOGERROR
2016-12-19_10:36:18 FILE:../src/QuestNew/QuestClan.cpp FUNC:GetInitClanQuestId LINE:82
 	  Message:Player Selet Clan Task,But Not Have Property Task
LOGERROR
2016-12-19_12:07:32 FILE:../src/QuestNew/QuestClan.cpp FUNC:GetInitClanQuestId LINE:82
 	  Message:Player Selet Clan Task,But Not Have Property Task
LOGERROR
2016-12-19_12:11:18 FILE:../src/Object/Player/PlayerMessage.cpp FUNC:RemoveDelayPlayer LINE:1564
 	  Message:remove delay nowtime[1482120678406], oldtime[1482120452836], player[4294968807] and gameserver request gt exit
LOGERROR
2016-12-19_12:11:18 FILE:../src/Object/Player/Player.cpp FUNC:SaveAllPlayer LINE:1573
 	  Message:save player[0] battle info[56] but null
LOGERROR
2016-12-19_12:11:23 FILE:../src/Object/Player/PlayerMessage.cpp FUNC:On_MSG_ACK_MSG_REQ_GM2DB_CONTAINERINFO LINE:1712
 	  Message:get player[charid=4294968807] container info but player is not existed
LOGERROR
2016-12-19_12:11:24 FILE:../src/QuestNew/QuestClan.cpp FUNC:GetInitClanQuestId LINE:82
 	  Message:Player Selet Clan Task,But Not Have Property Task
LOGERROR
2016-12-19_12:12:39 FILE:../src/Object/Player/PlayerMessage.cpp FUNC:RemoveDelayPlayer LINE:1564
 	  Message:remove delay nowtime[1482120759085], oldtime[1482120683600], player[4294968808] and gameserver request gt exit