
LOGERROR
2016-09-22_16:15:00 FILE:../src/Map/SceneManager.cpp FUNC:SendAllMap LINE:93
 	  Message:send map to Gateserver but gameserver map is not existed in world
LOGERROR
2016-09-22_16:15:00 FILE:../src/Map/SceneManager.cpp FUNC:SendAllMap LINE:93
 	  Message:send map to Gateserver but gameserver map is not existed in world
LOGERROR
2016-09-22_16:15:00 FILE:../src/Map/SceneManager.cpp FUNC:SendAllMap LINE:93
 	  Message:send map to Gateserver but gameserver map is not existed in world
LOGERROR
2016-09-22_16:15:00 FILE:../src/Map/SceneManager.cpp FUNC:SendAllMap LINE:93
 	  Message:send map to Gateserver but gameserver map is not existed in world
LOGERROR
2016-09-22_16:19:33 FILE:../src/QuestNew/QuestClan.cpp FUNC:GetInitClanQuestId LINE:82
 	  Message:Player Selet Clan Task,But Not Have Property Task
LOGERROR
2016-09-22_16:26:51 FILE:../src/Skill/SkillManager.cpp FUNC:SkillUpgrade LINE:1742
 	  Message:playerSkillUpGrade playerID:281487861612545 skillID:1102
LOGERROR
2016-09-22_16:26:52 FILE:../src/Container/ArticleEquipMgr.cpp FUNC:SetQuickSector LINE:309
 	  Message:SetQuickSector playerID:281487861612545 skillID:1101
LOGERROR
2016-09-22_16:30:34 FILE:../src/Skill/SkillManager.cpp FUNC:SkillUpgrade LINE:1742
 	  Message:playerSkillUpGrade playerID:281487861612545 skillID:1202
LOGERROR
2016-09-22_16:30:34 FILE:../src/Container/ArticleEquipMgr.cpp FUNC:SetQuickSector LINE:309
 	  Message:SetQuickSector playerID:281487861612545 skillID:1201
LOGERROR
2016-09-22_16:36:35 FILE:../src/QuestNew/QuestClan.cpp FUNC:GetInitClanQuestId LINE:82
 	  Message:Player Selet Clan Task,But Not Have Property Task
LOGERROR
2016-09-22_16:49:05 FILE:../src/Object/Player/PlayerMessage.cpp FUNC:On_MSG_REQUEST_MSG_REQ_GT2GM_PLAYERINFO LINE:1097
 	  Message:player[1] is online
LOGERROR
2016-09-22_16:50:28 FILE:../src/Map/SceneManager.cpp FUNC:GetGameZone LINE:331
 	  Message:Get Scene but find not scene[sceneid=5501886596017]
LOGERROR
2016-09-22_16:50:28 FILE:../src/Skill/SkillManager.cpp FUNC:SkillUpgrade LINE:1742
 	  Message:playerSkillUpGrade playerID:281487861612545 skillID:1302
LOGERROR
2016-09-22_16:50:28 FILE:../src/Container/ArticleEquipMgr.cpp FUNC:SetQuickSector LINE:309
 	  Message:SetQuickSector playerID:281487861612545 skillID:1301
LOGERROR
2016-09-22_17:16:16 FILE:../src/Skill/SkillManager.cpp FUNC:SkillUpgrade LINE:1742
 	  Message:playerSkillUpGrade playerID:281487861612545 skillID:1402
LOGERROR
2016-09-22_17:16:16 FILE:../src/Container/ArticleEquipMgr.cpp FUNC:SetQuickSector LINE:309
 	  Message:SetQuickSector playerID:281487861612545 skillID:1401
LOGERROR
2016-09-22_17:33:59 FILE:../src/Skill/SkillManager.cpp FUNC:SkillUpgrade LINE:1742
 	  Message:playerSkillUpGrade playerID:281487861612545 skillID:1502
LOGERROR
2016-09-22_17:33:59 FILE:../src/Container/ArticleEquipMgr.cpp FUNC:SetQuickSector LINE:309
 	  Message:SetQuickSector playerID:281487861612545 skillID:1501