
LOGERROR
2016-12-06_14:28:42 FILE:../src/Map/SceneManager.cpp FUNC:SendAllMap LINE:93
 	  Message:send map to Gateserver but gameserver map is not existed in world
LOGERROR
2016-12-06_14:28:42 FILE:../src/Map/SceneManager.cpp FUNC:SendAllMap LINE:93
 	  Message:send map to Gateserver but gameserver map is not existed in world
LOGERROR
2016-12-06_14:32:14 FILE:../src/Skill/SkillManager.cpp FUNC:SkillUpgrade LINE:1744
 	  Message:playerSkillUpGrade playerID:281479271679535 skillID:1302
LOGERROR
2016-12-06_14:32:14 FILE:../src/Skill/SkillManager.cpp FUNC:SkillUpgrade LINE:1744
 	  Message:playerSkillUpGrade playerID:281479271679535 skillID:1702
LOGERROR
2016-12-06_14:32:14 FILE:../src/Skill/SkillManager.cpp FUNC:SkillUpgrade LINE:1744
 	  Message:playerSkillUpGrade playerID:281479271679535 skillID:1402
LOGERROR
2016-12-06_14:32:14 FILE:../src/Skill/SkillManager.cpp FUNC:SkillUpgrade LINE:1744
 	  Message:playerSkillUpGrade playerID:281479271679535 skillID:1602
LOGERROR
2016-12-06_14:36:27 FILE:../src/QuickMessage.cpp FUNC:On_MSG_REQUEST_MSG_REQ_GT2GM_QUICKMESSAGE LINE:203
 	  Message:quick requested message[1047] dispatch message to other module and error[vector::_M_range_insert]
LOGERROR
2016-12-06_14:37:43 FILE:../src/QuickMessage.cpp FUNC:On_MSG_REQUEST_MSG_REQ_GT2GM_QUICKMESSAGE LINE:203
 	  Message:quick requested message[1047] dispatch message to other module and error[vector::_M_range_insert]
LOGERROR
2016-12-06_14:37:46 FILE:../src/QuickMessage.cpp FUNC:On_MSG_REQUEST_MSG_REQ_GT2GM_QUICKMESSAGE LINE:203
 	  Message:quick requested message[1047] dispatch message to other module and error[vector::_M_range_insert]
LOGERROR
2016-12-06_14:37:52 FILE:../src/QuickMessage.cpp FUNC:On_MSG_REQUEST_MSG_REQ_GT2GM_QUICKMESSAGE LINE:203
 	  Message:quick requested message[1047] dispatch message to other module and error[vector::_M_range_insert]
LOGERROR
2016-12-06_14:38:21 FILE:../src/QuickMessage.cpp FUNC:On_MSG_REQUEST_MSG_REQ_GT2GM_QUICKMESSAGE LINE:203
 	  Message:quick requested message[1047] dispatch message to other module and error[vector::_M_range_insert]
LOGERROR
2016-12-06_14:38:51 FILE:../src/QuickMessage.cpp FUNC:On_MSG_REQUEST_MSG_REQ_GT2GM_QUICKMESSAGE LINE:203
 	  Message:quick requested message[1047] dispatch message to other module and error[vector::_M_range_insert]