
LOGERROR
2016-10-14_17:35:17 FILE:../src/Map/SceneManager.cpp FUNC:SendAllMap LINE:93
 	  Message:send map to Gateserver but gameserver map is not existed in world
LOGERROR
2016-10-14_17:35:17 FILE:../src/Map/SceneManager.cpp FUNC:SendAllMap LINE:93
 	  Message:send map to Gateserver but gameserver map is not existed in world
LOGERROR
2016-10-14_17:35:17 FILE:../src/Map/SceneManager.cpp FUNC:SendAllMap LINE:93
 	  Message:send map to Gateserver but gameserver map is not existed in world
LOGERROR
2016-10-14_17:35:17 FILE:../src/Map/SceneManager.cpp FUNC:SendAllMap LINE:93
 	  Message:send map to Gateserver but gameserver map is not existed in world
LOGERROR
2016-10-14_17:35:17 FILE:../src/Map/SceneManager.cpp FUNC:SendAllMap LINE:93
 	  Message:send map to Gateserver but gameserver map is not existed in world
LOGERROR
2016-10-14_17:35:17 FILE:../src/Map/SceneManager.cpp FUNC:SendAllMap LINE:93
 	  Message:send map to Gateserver but gameserver map is not existed in world
LOGERROR
2016-10-14_17:35:17 FILE:../src/Map/SceneManager.cpp FUNC:SendAllMap LINE:93
 	  Message:send map to Gateserver but gameserver map is not existed in world
LOGERROR
2016-10-14_17:35:17 FILE:../src/Map/SceneManager.cpp FUNC:SendAllMap LINE:93
 	  Message:send map to Gateserver but gameserver map is not existed in world
LOGERROR
2016-10-14_17:35:17 FILE:../src/Map/SceneManager.cpp FUNC:SendAllMap LINE:93
 	  Message:send map to Gateserver but gameserver map is not existed in world
LOGERROR
2016-10-14_17:35:17 FILE:../src/Map/SceneManager.cpp FUNC:SendAllMap LINE:93
 	  Message:send map to Gateserver but gameserver map is not existed in world
LOGERROR
2016-10-14_17:35:17 FILE:../src/Map/SceneManager.cpp FUNC:SendAllMap LINE:93
 	  Message:send map to Gateserver but gameserver map is not existed in world
LOGERROR
2016-10-14_17:40:36 FILE:../src/Object/Player/PlayerMessage.cpp FUNC:IsLoginON LINE:565
 	  Message:Transfer Map[210] is error
LOGERROR
2016-10-14_17:41:54 FILE:../src/Object/Player/PlayerMessage.cpp FUNC:RemoveDelayPlayer LINE:1547
 	  Message:remove delay nowtime[1476438114936], oldtime[1476438096733], player[12884901913] and gameserver request gt exit
LOGERROR
2016-10-14_17:53:07 FILE:../src/Object/Player/PlayerMessage.cpp FUNC:IsLoginON LINE:565
 	  Message:Transfer Map[210] is error
LOGERROR
2016-10-14_17:55:33 FILE:../src/Object/Player/PlayerMessage.cpp FUNC:IsLoginON LINE:565
 	  Message:Transfer Map[210] is error
LOGERROR
2016-10-14_17:57:10 FILE:../src/Map/SceneManager.cpp FUNC:EnterScene LINE:240
 	  Message:object enter scene but find not scene[sceneid=5501883645955]
LOGERROR
2016-10-14_17:57:10 FILE:../src/Object/Player/PlayerMessage.cpp FUNC:On_MSG_REQUEST_MSG_REQ_GT2GM_CLIENTIN LINE:774
 	  Message:client already in map and synch view but player[gs charid=281487861612569] cannot enter scene
LOGERROR
2016-10-14_17:57:22 FILE:../src/Object/Player/PlayerMessage.cpp FUNC:On_MSG_SIMPLE_MSG_SIM_GT2GM_SYNCHPOS LINE:936
 	  Message:player synch position but player[gs charid=12884901913] is not exist
LOGERROR
2016-10-14_17:57:22 FILE:../src/Object/Player/PlayerMessage.cpp FUNC:On_MSG_REQUEST_MSG_REQ_GT2GM_SYNCHPOS LINE:1011
 	  Message:player synch position but player[gs charid=12884901913] is not exist
LOGERROR
2016-10-14_17:57:22 FILE:../src/Object/Player/PlayerMessage.cpp FUNC:On_MSG_SIMPLE_MSG_SIM_GT2GM_SYNCHPOS LINE:936
 	  Message:player synch position but player[gs charid=12884901913] is not exist
LOGERROR
2016-10-14_17:57:22 FILE:../src/Object/Player/PlayerMessage.cpp FUNC:On_MSG_SIMPLE_MSG_SIM_GT2GM_SYNCHPOS LINE:936
 	  Message:player synch position but player[gs charid=12884901913] is not exist
LOGERROR
2016-10-14_17:57:22 FILE:../src/Object/Player/PlayerMessage.cpp FUNC:On_MSG_REQUEST_MSG_REQ_GT2GM_SYNCHPOS LINE:1011
 	  Message:player synch position but player[gs charid=12884901913] is not exist
LOGERROR
2016-10-14_17:57:23 FILE:../src/Object/Player/PlayerMessage.cpp FUNC:On_MSG_SIMPLE_MSG_SIM_GT2GM_SYNCHPOS LINE:936
 	  Message:player synch position but player[gs charid=12884901913] is not exist
LOGERROR
2016-10-14_17:57:23 FILE:../src/Object/Player/PlayerMessage.cpp FUNC:On_MSG_REQUEST_MSG_REQ_GT2GM_SYNCHPOS LINE:1011
 	  Message:player synch position but player[gs charid=12884901913] is not exist
LOGERROR
2016-10-14_17:57:23 FILE:../src/Object/Player/PlayerMessage.cpp FUNC:On_MSG_SIMPLE_MSG_SIM_GT2GM_SYNCHPOS LINE:936
 	  Message:player synch position but player[gs charid=12884901913] is not exist
LOGERROR
2016-10-14_17:57:23 FILE:../src/Object/Player/PlayerMessage.cpp FUNC:On_MSG_SIMPLE_MSG_SIM_GT2GM_SYNCHPOS LINE:936
 	  Message:player synch position but player[gs charid=12884901913] is not exist
LOGERROR
2016-10-14_17:57:23 FILE:../src/Object/Player/PlayerMessage.cpp FUNC:On_MSG_REQUEST_MSG_REQ_GT2GM_SYNCHPOS LINE:1011
 	  Message:player synch position but player[gs charid=12884901913] is not exist
LOGERROR
2016-10-14_17:57:24 FILE:../src/Object/Player/PlayerMessage.cpp FUNC:On_MSG_SIMPLE_MSG_SIM_GT2GM_SYNCHPOS LINE:936
 	  Message:player synch position but player[gs charid=12884901913] is not exist
LOGERROR
2016-10-14_17:57:24 FILE:../src/Object/Player/PlayerMessage.cpp FUNC:On_MSG_REQUEST_MSG_REQ_GT2GM_SYNCHPOS LINE:1011
 	  Message:player synch position but player[gs charid=12884901913] is not exist
LOGERROR
2016-10-14_17:57:24 FILE:../src/Object/Player/PlayerMessage.cpp FUNC:On_MSG_SIMPLE_MSG_SIM_GT2GM_SYNCHPOS LINE:936
 	  Message:player synch position but player[gs charid=12884901913] is not exist
LOGERROR
2016-10-14_17:57:24 FILE:../src/Object/Player/PlayerMessage.cpp FUNC:On_MSG_SIMPLE_MSG_SIM_GT2GM_SYNCHPOS LINE:936
 	  Message:player synch position but player[gs charid=12884901913] is not exist
LOGERROR
2016-10-14_17:57:24 FILE:../src/Object/Player/PlayerMessage.cpp FUNC:On_MSG_REQUEST_MSG_REQ_GT2GM_SYNCHPOS LINE:1011
 	  Message:player synch position but player[gs charid=12884901913] is not exist
LOGERROR
2016-10-14_17:57:25 FILE:../src/Object/Player/PlayerMessage.cpp FUNC:On_MSG_SIMPLE_MSG_SIM_GT2GM_SYNCHPOS LINE:936
 	  Message:player synch position but player[gs charid=12884901913] is not exist
LOGERROR
2016-10-14_17:57:25 FILE:../src/Object/Player/PlayerMessage.cpp FUNC:On_MSG_REQUEST_MSG_REQ_GT2GM_SYNCHPOS LINE:1011
 	  Message:player synch position but player[gs charid=12884901913] is not exist
LOGERROR
2016-10-14_17:57:25 FILE:../src/Object/Player/PlayerMessage.cpp FUNC:On_MSG_SIMPLE_MSG_SIM_GT2GM_SYNCHPOS LINE:936
 	  Message:player synch position but player[gs charid=12884901913] is not exist
LOGERROR
2016-10-14_17:57:25 FILE:../src/Object/Player/PlayerMessage.cpp FUNC:On_MSG_SIMPLE_MSG_SIM_GT2GM_SYNCHPOS LINE:936
 	  Message:player synch position but player[gs charid=12884901913] is not exist
LOGERROR
2016-10-14_17:57:25 FILE:../src/Object/Player/PlayerMessage.cpp FUNC:On_MSG_REQUEST_MSG_REQ_GT2GM_SYNCHPOS LINE:1011
 	  Message:player synch position but player[gs charid=12884901913] is not exist
LOGERROR
2016-10-14_17:57:26 FILE:../src/Object/Player/PlayerMessage.cpp FUNC:On_MSG_SIMPLE_MSG_SIM_GT2GM_SYNCHPOS LINE:936
 	  Message:player synch position but player[gs charid=12884901913] is not exist
LOGERROR
2016-10-14_17:57:26 FILE:../src/Object/Player/PlayerMessage.cpp FUNC:On_MSG_SIMPLE_MSG_SIM_GT2GM_SYNCHPOS LINE:936
 	  Message:player synch position but player[gs charid=12884901913] is not exist
LOGERROR
2016-10-14_17:57:26 FILE:../src/Object/Player/PlayerMessage.cpp FUNC:On_MSG_REQUEST_MSG_REQ_GT2GM_SYNCHPOS LINE:1011
 	  Message:player synch position but player[gs charid=12884901913] is not exist
LOGERROR
2016-10-14_17:57:26 FILE:../src/Object/Player/PlayerMessage.cpp FUNC:On_MSG_SIMPLE_MSG_SIM_GT2GM_SYNCHPOS LINE:936
 	  Message:player synch position but player[gs charid=12884901913] is not exist
LOGERROR
2016-10-14_17:57:26 FILE:../src/Object/Player/PlayerMessage.cpp FUNC:On_MSG_REQUEST_MSG_REQ_GT2GM_SYNCHPOS LINE:1011
 	  Message:player synch position but player[gs charid=12884901913] is not exist
LOGERROR
2016-10-14_17:57:27 FILE:../src/Object/Player/PlayerMessage.cpp FUNC:On_MSG_SIMPLE_MSG_SIM_GT2GM_SYNCHPOS LINE:936
 	  Message:player synch position but player[gs charid=12884901913] is not exist
LOGERROR
2016-10-14_17:57:27 FILE:../src/Object/Player/PlayerMessage.cpp FUNC:On_MSG_SIMPLE_MSG_SIM_GT2GM_SYNCHPOS LINE:936
 	  Message:player synch position but player[gs charid=12884901913] is not exist
LOGERROR
2016-10-14_17:57:27 FILE:../src/Object/Player/PlayerMessage.cpp FUNC:On_MSG_REQUEST_MSG_REQ_GT2GM_SYNCHPOS LINE:1011
 	  Message:player synch position but player[gs charid=12884901913] is not exist
LOGERROR
2016-10-14_17:57:27 FILE:../src/Object/Player/PlayerMessage.cpp FUNC:On_MSG_SIMPLE_MSG_SIM_GT2GM_SYNCHPOS LINE:936
 	  Message:player synch position but player[gs charid=12884901913] is not exist
LOGERROR
2016-10-14_17:57:27 FILE:../src/Object/Player/PlayerMessage.cpp FUNC:On_MSG_REQUEST_MSG_REQ_GT2GM_SYNCHPOS LINE:1011
 	  Message:player synch position but player[gs charid=12884901913] is not exist
LOGERROR
2016-10-14_17:57:28 FILE:../src/Object/Player/PlayerMessage.cpp FUNC:On_MSG_SIMPLE_MSG_SIM_GT2GM_SYNCHPOS LINE:936
 	  Message:player synch position but player[gs charid=12884901913] is not exist
LOGERROR
2016-10-14_17:57:28 FILE:../src/Object/Player/PlayerMessage.cpp FUNC:On_MSG_REQUEST_MSG_REQ_GT2GM_SYNCHPOS LINE:1011
 	  Message:player synch position but player[gs charid=12884901913] is not exist
LOGERROR
2016-10-14_17:57:28 FILE:../src/Object/Player/PlayerMessage.cpp FUNC:On_MSG_SIMPLE_MSG_SIM_GT2GM_SYNCHPOS LINE:936
 	  Message:player synch position but player[gs charid=12884901913] is not exist
LOGERROR
2016-10-14_17:57:28 FILE:../src/Object/Player/PlayerMessage.cpp FUNC:On_MSG_SIMPLE_MSG_SIM_GT2GM_SYNCHPOS LINE:936
 	  Message:player synch position but player[gs charid=12884901913] is not exist
LOGERROR
2016-10-14_17:57:28 FILE:../src/Object/Player/PlayerMessage.cpp FUNC:On_MSG_REQUEST_MSG_REQ_GT2GM_SYNCHPOS LINE:1011
 	  Message:player synch position but player[gs charid=12884901913] is not exist
LOGERROR
2016-10-14_17:57:29 FILE:../src/Object/Player/PlayerMessage.cpp FUNC:On_MSG_SIMPLE_MSG_SIM_GT2GM_SYNCHPOS LINE:936
 	  Message:player synch position but player[gs charid=12884901913] is not exist
LOGERROR
2016-10-14_17:57:29 FILE:../src/Object/Player/PlayerMessage.cpp FUNC:On_MSG_SIMPLE_MSG_SIM_GT2GM_SYNCHPOS LINE:936
 	  Message:player synch position but player[gs charid=12884901913] is not exist
LOGERROR
2016-10-14_17:57:29 FILE:../src/Object/Player/PlayerMessage.cpp FUNC:On_MSG_REQUEST_MSG_REQ_GT2GM_SYNCHPOS LINE:1011
 	  Message:player synch position but player[gs charid=12884901913] is not exist
LOGERROR
2016-10-14_17:57:29 FILE:../src/Object/Player/PlayerMessage.cpp FUNC:On_MSG_SIMPLE_MSG_SIM_GT2GM_SYNCHPOS LINE:936
 	  Message:player synch position but player[gs charid=12884901913] is not exist
LOGERROR
2016-10-14_17:57:29 FILE:../src/Object/Player/PlayerMessage.cpp FUNC:On_MSG_REQUEST_MSG_REQ_GT2GM_SYNCHPOS LINE:1011
 	  Message:player synch position but player[gs charid=12884901913] is not exist
LOGERROR
2016-10-14_17:57:30 FILE:../src/Object/Player/PlayerMessage.cpp FUNC:On_MSG_SIMPLE_MSG_SIM_GT2GM_SYNCHPOS LINE:936
 	  Message:player synch position but player[gs charid=12884901913] is not exist
LOGERROR
2016-10-14_17:57:30 FILE:../src/Object/Player/PlayerMessage.cpp FUNC:On_MSG_SIMPLE_MSG_SIM_GT2GM_SYNCHPOS LINE:936
 	  Message:player synch position but player[gs charid=12884901913] is not exist
LOGERROR
2016-10-14_17:57:30 FILE:../src/Object/Player/PlayerMessage.cpp FUNC:On_MSG_REQUEST_MSG_REQ_GT2GM_SYNCHPOS LINE:1011
 	  Message:player synch position but player[gs charid=12884901913] is not exist
LOGERROR
2016-10-14_17:57:31 FILE:../src/Object/Player/PlayerMessage.cpp FUNC:On_MSG_SIMPLE_MSG_SIM_GT2GM_SYNCHPOS LINE:936
 	  Message:player synch position but player[gs charid=12884901913] is not exist
LOGERROR
2016-10-14_17:57:31 FILE:../src/Object/Player/PlayerMessage.cpp FUNC:On_MSG_REQUEST_MSG_REQ_GT2GM_SYNCHPOS LINE:1011
 	  Message:player synch position but player[gs charid=12884901913] is not exist
LOGERROR
2016-10-14_17:57:31 FILE:../src/Object/Player/PlayerMessage.cpp FUNC:On_MSG_SIMPLE_MSG_SIM_GT2GM_SYNCHPOS LINE:936
 	  Message:player synch position but player[gs charid=12884901913] is not exist
LOGERROR
2016-10-14_17:57:31 FILE:../src/Object/Player/PlayerMessage.cpp FUNC:On_MSG_SIMPLE_MSG_SIM_GT2GM_SYNCHPOS LINE:936
 	  Message:player synch position but player[gs charid=12884901913] is not exist
LOGERROR
2016-10-14_17:57:31 FILE:../src/Object/Player/PlayerMessage.cpp FUNC:On_MSG_REQUEST_MSG_REQ_GT2GM_SYNCHPOS LINE:1011
 	  Message:player synch position but player[gs charid=12884901913] is not exist
LOGERROR
2016-10-14_17:57:31 FILE:../src/Object/Player/PlayerMessage.cpp FUNC:On_MSG_SIMPLE_MSG_SIM_GT2GM_SYNCHPOS LINE:936
 	  Message:player synch position but player[gs charid=12884901913] is not exist
LOGERROR
2016-10-14_17:57:31 FILE:../src/Object/Player/PlayerMessage.cpp FUNC:On_MSG_REQUEST_MSG_REQ_GT2GM_SYNCHPOS LINE:1011
 	  Message:player synch position but player[gs charid=12884901913] is not exist
LOGERROR
2016-10-14_17:57:32 FILE:../src/Object/Player/PlayerMessage.cpp FUNC:On_MSG_SIMPLE_MSG_SIM_GT2GM_SYNCHPOS LINE:936
 	  Message:player synch position but player[gs charid=12884901913] is not exist
LOGERROR
2016-10-14_17:57:32 FILE:../src/Object/Player/PlayerMessage.cpp FUNC:On_MSG_SIMPLE_MSG_SIM_GT2GM_SYNCHPOS LINE:936
 	  Message:player synch position but player[gs charid=12884901913] is not exist
LOGERROR
2016-10-14_17:57:32 FILE:../src/Object/Player/PlayerMessage.cpp FUNC:On_MSG_REQUEST_MSG_REQ_GT2GM_SYNCHPOS LINE:1011
 	  Message:player synch position but player[gs charid=12884901913] is not exist
LOGERROR
2016-10-14_17:57:33 FILE:../src/Object/Player/PlayerMessage.cpp FUNC:On_MSG_SIMPLE_MSG_SIM_GT2GM_SYNCHPOS LINE:936
 	  Message:player synch position but player[gs charid=12884901913] is not exist
LOGERROR
2016-10-14_17:57:33 FILE:../src/Object/Player/PlayerMessage.cpp FUNC:On_MSG_REQUEST_MSG_REQ_GT2GM_SYNCHPOS LINE:1011
 	  Message:player synch position but player[gs charid=12884901913] is not exist
LOGERROR
2016-10-14_17:57:33 FILE:../src/Object/Player/PlayerMessage.cpp FUNC:On_MSG_SIMPLE_MSG_SIM_GT2GM_SYNCHPOS LINE:936
 	  Message:player synch position but player[gs charid=12884901913] is not exist
LOGERROR
2016-10-14_17:57:33 FILE:../src/Object/Player/PlayerMessage.cpp FUNC:On_MSG_SIMPLE_MSG_SIM_GT2GM_SYNCHPOS LINE:936
 	  Message:player synch position but player[gs charid=12884901913] is not exist
LOGERROR
2016-10-14_17:57:33 FILE:../src/Object/Player/PlayerMessage.cpp FUNC:On_MSG_SIMPLE_MSG_SIM_GT2GM_SYNCHPOS LINE:936
 	  Message:player synch position but player[gs charid=12884901913] is not exist
LOGERROR
2016-10-14_17:57:33 FILE:../src/Object/Player/PlayerMessage.cpp FUNC:On_MSG_REQUEST_MSG_REQ_GT2GM_SYNCHPOS LINE:1011
 	  Message:player synch position but player[gs charid=12884901913] is not exist
LOGERROR
2016-10-14_17:57:34 FILE:../src/Object/Player/PlayerMessage.cpp FUNC:On_MSG_SIMPLE_MSG_SIM_GT2GM_SYNCHPOS LINE:936
 	  Message:player synch position but player[gs charid=12884901913] is not exist
LOGERROR
2016-10-14_17:57:34 FILE:../src/Object/Player/PlayerMessage.cpp FUNC:On_MSG_REQUEST_MSG_REQ_GT2GM_SYNCHPOS LINE:1011
 	  Message:player synch position but player[gs charid=12884901913] is not exist
LOGERROR
2016-10-14_17:57:34 FILE:../src/Object/Player/PlayerMessage.cpp FUNC:On_MSG_SIMPLE_MSG_SIM_GT2GM_SYNCHPOS LINE:936
 	  Message:player synch position but player[gs charid=12884901913] is not exist
LOGERROR
2016-10-14_17:57:34 FILE:../src/Object/Player/PlayerMessage.cpp FUNC:On_MSG_SIMPLE_MSG_SIM_GT2GM_SYNCHPOS LINE:936
 	  Message:player synch position but player[gs charid=12884901913] is not exist
LOGERROR
2016-10-14_17:57:34 FILE:../src/Object/Player/PlayerMessage.cpp FUNC:On_MSG_REQUEST_MSG_REQ_GT2GM_SYNCHPOS LINE:1011
 	  Message:player synch position but player[gs charid=12884901913] is not exist
LOGERROR
2016-10-14_17:57:34 FILE:../src/Object/Player/PlayerMessage.cpp FUNC:RemoveDelayPlayer LINE:1547
 	  Message:remove delay nowtime[1476439054853], oldtime[1476439029979], player[12884901913] and gameserver request gt exit
LOGERROR
2016-10-14_17:57:34 FILE:../src/Object/Player/PlayerMessage.cpp FUNC:On_MSG_SIMPLE_MSG_SIM_GT2GM_SYNCHPOS LINE:936
 	  Message:player synch position but player[gs charid=12884901913] is not exist
LOGERROR
2016-10-14_17:57:34 FILE:../src/Object/Player/PlayerMessage.cpp FUNC:On_MSG_REQUEST_MSG_REQ_GT2GM_SYNCHPOS LINE:1011
 	  Message:player synch position but player[gs charid=12884901913] is not exist
LOGERROR
2016-10-14_18:00:55 FILE:../src/Object/Player/PlayerMessage.cpp FUNC:IsLoginON LINE:565
 	  Message:Transfer Map[210] is error
LOGERROR
2016-10-14_18:07:53 FILE:../src/Object/Player/PlayerMessage.cpp FUNC:On_MSG_REQUEST_MSG_REQ_GT2GM_PLAYERINFO LINE:1097
 	  Message:player[1] is online
LOGERROR
2016-10-14_18:14:54 FILE:../src/Map/SceneManager.cpp FUNC:EnterScene LINE:240
 	  Message:object enter scene but find not scene[sceneid=5501883645958]
LOGERROR
2016-10-14_18:14:54 FILE:../src/Object/Player/PlayerMessage.cpp FUNC:On_MSG_REQUEST_MSG_REQ_GT2GM_CLIENTIN LINE:774
 	  Message:client already in map and synch view but player[gs charid=281487861612569] cannot enter scene
LOGERROR
2016-10-14_18:15:14 FILE:../src/Object/Player/PlayerMessage.cpp FUNC:RemoveDelayPlayer LINE:1547
 	  Message:remove delay nowtime[1476440114928], oldtime[1476440094785], player[12884901913] and gameserver request gt exit