
LOGERROR
2016-11-09_18:20:46 FILE:../src/Map/SceneManager.cpp FUNC:SendAllMap LINE:93
 	  Message:send map to Gateserver but gameserver map is not existed in world
LOGERROR
2016-11-09_18:20:46 FILE:../src/Map/SceneManager.cpp FUNC:SendAllMap LINE:93
 	  Message:send map to Gateserver but gameserver map is not existed in world
LOGERROR
2016-11-10_13:30:04 FILE:../src/Map/GameZone.cpp FUNC:Join LINE:1206
 	  Message:sectorindex is invalid(mapid=103, xpos=50, ypos=158)
LOGERROR
2016-11-10_13:30:04 FILE:../src/Map/GameZone.cpp FUNC:Join LINE:1206
 	  Message:sectorindex is invalid(mapid=103, xpos=102, ypos=165)
LOGERROR
2016-11-10_13:30:04 FILE:../src/Map/GameZone.cpp FUNC:Join LINE:1206
 	  Message:sectorindex is invalid(mapid=103, xpos=202, ypos=123)
LOGERROR
2016-11-10_13:30:04 FILE:../src/Map/GameZone.cpp FUNC:Join LINE:1206
 	  Message:sectorindex is invalid(mapid=103, xpos=134, ypos=116)
LOGERROR
2016-11-10_13:30:04 FILE:../src/Map/GameZone.cpp FUNC:Join LINE:1206
 	  Message:sectorindex is invalid(mapid=103, xpos=186, ypos=115)
LOGERROR
2016-11-10_13:30:04 FILE:../src/Map/GameZone.cpp FUNC:Join LINE:1215
 	  Message:groupindex is invalid
LOGERROR
2016-11-10_13:30:04 FILE:../src/Map/GameZone.cpp FUNC:Join LINE:1206
 	  Message:sectorindex is invalid(mapid=103, xpos=26, ypos=170)
LOGERROR
2016-11-10_13:30:04 FILE:../src/Map/GameZone.cpp FUNC:Join LINE:1206
 	  Message:sectorindex is invalid(mapid=103, xpos=190, ypos=117)
LOGERROR
2016-11-10_13:30:04 FILE:../src/Map/GameZone.cpp FUNC:Join LINE:1206
 	  Message:sectorindex is invalid(mapid=103, xpos=98, ypos=134)
LOGERROR
2016-11-10_13:30:04 FILE:../src/Map/GameZone.cpp FUNC:Join LINE:1206
 	  Message:sectorindex is invalid(mapid=103, xpos=187, ypos=171)
LOGERROR
2016-11-10_13:30:04 FILE:../src/Map/GameZone.cpp FUNC:Join LINE:1206
 	  Message:sectorindex is invalid(mapid=103, xpos=40, ypos=99)
LOGERROR
2016-11-10_13:30:04 FILE:../src/Map/GameZone.cpp FUNC:Join LINE:1206
 	  Message:sectorindex is invalid(mapid=103, xpos=179, ypos=167)
LOGERROR
2016-11-10_13:30:04 FILE:../src/Map/GameZone.cpp FUNC:Join LINE:1206
 	  Message:sectorindex is invalid(mapid=103, xpos=65, ypos=193)
LOGERROR
2016-11-10_13:30:04 FILE:../src/Map/GameZone.cpp FUNC:Join LINE:1206
 	  Message:sectorindex is invalid(mapid=103, xpos=206, ypos=125)
LOGERROR
2016-11-10_13:30:04 FILE:../src/Map/GameZone.cpp FUNC:Join LINE:1206
 	  Message:sectorindex is invalid(mapid=103, xpos=70, ypos=148)
LOGERROR
2016-11-10_13:30:04 FILE:../src/Map/GameZone.cpp FUNC:Join LINE:1206
 	  Message:sectorindex is invalid(mapid=103, xpos=101, ypos=175)
LOGERROR
2016-11-10_13:30:04 FILE:../src/Map/GameZone.cpp FUNC:Join LINE:1206
 	  Message:sectorindex is invalid(mapid=103, xpos=85, ypos=183)
LOGERROR
2016-11-10_13:30:04 FILE:../src/Map/GameZone.cpp FUNC:Join LINE:1206
 	  Message:sectorindex is invalid(mapid=103, xpos=175, ypos=165)
LOGERROR
2016-11-10_13:30:04 FILE:../src/Map/GameZone.cpp FUNC:Join LINE:1206
 	  Message:sectorindex is invalid(mapid=103, xpos=126, ypos=120)
LOGERROR
2016-11-10_13:30:04 FILE:../src/Map/GameZone.cpp FUNC:Join LINE:1206
 	  Message:sectorindex is invalid(mapid=103, xpos=242, ypos=143)
LOGERROR
2016-11-10_13:30:04 FILE:../src/Map/GameZone.cpp FUNC:Join LINE:1206
 	  Message:sectorindex is invalid(mapid=103, xpos=210, ypos=127)
LOGERROR
2016-11-10_13:30:04 FILE:../src/Map/GameZone.cpp FUNC:Join LINE:1206
 	  Message:sectorindex is invalid(mapid=103, xpos=183, ypos=169)
LOGERROR
2016-11-10_13:30:04 FILE:../src/Map/GameZone.cpp FUNC:Join LINE:1206
 	  Message:sectorindex is invalid(mapid=103, xpos=20, ypos=109)
LOGERROR
2016-11-10_13:30:04 FILE:../src/Map/GameZone.cpp FUNC:Join LINE:1206
 	  Message:sectorindex is invalid(mapid=103, xpos=194, ypos=119)
LOGERROR
2016-11-10_13:30:04 FILE:../src/Map/GameZone.cpp FUNC:Join LINE:1206
 	  Message:sectorindex is invalid(mapid=103, xpos=93, ypos=158)
LOGERROR
2016-11-10_13:30:04 FILE:../src/Map/GameZone.cpp FUNC:Join LINE:1206
 	  Message:sectorindex is invalid(mapid=103, xpos=106, ypos=167)
LOGERROR
2016-11-10_13:30:04 FILE:../src/Map/GameZone.cpp FUNC:Join LINE:1206
 	  Message:sectorindex is invalid(mapid=103, xpos=118, ypos=173)
LOGERROR
2016-11-10_13:30:04 FILE:../src/Map/GameZone.cpp FUNC:Join LINE:1206
 	  Message:sectorindex is invalid(mapid=103, xpos=73, ypos=189)
LOGERROR
2016-11-10_13:30:04 FILE:../src/Map/GameZone.cpp FUNC:Join LINE:1206
 	  Message:sectorindex is invalid(mapid=103, xpos=10, ypos=178)
LOGERROR
2016-11-10_13:30:04 FILE:../src/Map/GameZone.cpp FUNC:Join LINE:1206
 	  Message:sectorindex is invalid(mapid=103, xpos=167, ypos=161)
LOGERROR
2016-11-10_13:30:04 FILE:../src/Map/GameZone.cpp FUNC:Join LINE:1206
 	  Message:sectorindex is invalid(mapid=103, xpos=77, ypos=187)
LOGERROR
2016-11-10_13:30:04 FILE:../src/Map/GameZone.cpp FUNC:Join LINE:1206
 	  Message:sectorindex is invalid(mapid=103, xpos=90, ypos=159)
LOGERROR
2016-11-10_13:30:04 FILE:../src/Map/GameZone.cpp FUNC:Join LINE:1206
 	  Message:sectorindex is invalid(mapid=103, xpos=110, ypos=169)
LOGERROR
2016-11-10_13:30:04 FILE:../src/Map/GameZone.cpp FUNC:Join LINE:1206
 	  Message:sectorindex is invalid(mapid=103, xpos=86, ypos=140)
LOGERROR
2016-11-10_13:30:04 FILE:../src/Map/GameZone.cpp FUNC:Join LINE:1206
 	  Message:sectorindex is invalid(mapid=103, xpos=178, ypos=94)
LOGERROR
2016-11-10_13:30:04 FILE:../src/Map/GameZone.cpp FUNC:Join LINE:1206
 	  Message:sectorindex is invalid(mapid=103, xpos=90, ypos=138)
LOGERROR
2016-11-10_13:30:04 FILE:../src/Map/GameZone.cpp FUNC:Join LINE:1206
 	  Message:sectorindex is invalid(mapid=103, xpos=58, ypos=154)
LOGERROR
2016-11-10_13:30:04 FILE:../src/Map/GameZone.cpp FUNC:Join LINE:1206
 	  Message:sectorindex is invalid(mapid=103, xpos=94, ypos=136)
LOGERROR
2016-11-10_13:30:04 FILE:../src/Map/GameZone.cpp FUNC:Join LINE:1206
 	  Message:sectorindex is invalid(mapid=103, xpos=170, ypos=98)
LOGERROR
2016-11-10_13:30:04 FILE:../src/Map/GameZone.cpp FUNC:Join LINE:1206
 	  Message:sectorindex is invalid(mapid=103, xpos=139, ypos=147)
LOGERROR
2016-11-10_13:30:04 FILE:../src/Map/GameZone.cpp FUNC:Join LINE:1206
 	  Message:sectorindex is invalid(mapid=103, xpos=226, ypos=135)
LOGERROR
2016-11-10_13:30:04 FILE:../src/Map/GameZone.cpp FUNC:Join LINE:1206
 	  Message:sectorindex is invalid(mapid=103, xpos=74, ypos=146)
LOGERROR
2016-11-10_13:30:04 FILE:../src/Map/GameZone.cpp FUNC:Join LINE:1206
 	  Message:sectorindex is invalid(mapid=103, xpos=122, ypos=175)
LOGERROR
2016-11-10_13:30:04 FILE:../src/Map/GameZone.cpp FUNC:Join LINE:1206
 	  Message:sectorindex is invalid(mapid=103, xpos=102, ypos=132)
LOGERROR
2016-11-10_13:30:04 FILE:../src/Map/GameZone.cpp FUNC:Join LINE:1206
 	  Message:sectorindex is invalid(mapid=103, xpos=66, ypos=150)
LOGERROR
2016-11-10_13:30:04 FILE:../src/Map/GameZone.cpp FUNC:Join LINE:1206
 	  Message:sectorindex is invalid(mapid=103, xpos=82, ypos=142)
LOGERROR
2016-11-10_13:30:04 FILE:../src/Map/GameZone.cpp FUNC:Join LINE:1206
 	  Message:sectorindex is invalid(mapid=103, xpos=28, ypos=105)
LOGERROR
2016-11-10_13:30:04 FILE:../src/Map/GameZone.cpp FUNC:Join LINE:1206
 	  Message:sectorindex is invalid(mapid=103, xpos=199, ypos=177)
LOGERROR
2016-11-10_13:30:04 FILE:../src/Map/GameZone.cpp FUNC:Join LINE:1206
 	  Message:sectorindex is invalid(mapid=103, xpos=207, ypos=181)
LOGERROR
2016-11-10_13:35:09 FILE:../src/Map/GameZone.cpp FUNC:SendSynchAttr LINE:2141
 	  Message:groupindex in creature is invalid
LOGERROR
2016-11-10_13:35:09 FILE:../src/Map/GameZone.cpp FUNC:SendSynchAttr LINE:2141
 	  Message:groupindex in creature is invalid
LOGERROR
2016-11-10_13:35:09 FILE:../src/Map/GameZone.cpp FUNC:SendSynchAttr LINE:2141
 	  Message:groupindex in creature is invalid
LOGERROR
2016-11-10_13:35:09 FILE:../src/Map/GameZone.cpp FUNC:SendSynchAttr LINE:2141
 	  Message:groupindex in creature is invalid
LOGERROR
2016-11-10_13:35:09 FILE:../src/Map/GameZone.cpp FUNC:SendSynchAttr LINE:2141
 	  Message:groupindex in creature is invalid
LOGERROR
2016-11-10_13:35:09 FILE:../src/Map/GameZone.cpp FUNC:SendSynchAttr LINE:2141
 	  Message:groupindex in creature is invalid
LOGERROR
2016-11-10_13:35:09 FILE:../src/Map/GameZone.cpp FUNC:SendSynchAttr LINE:2141
 	  Message:groupindex in creature is invalid
LOGERROR
2016-11-10_13:35:09 FILE:../src/Map/GameZone.cpp FUNC:SendSynchAttr LINE:2141
 	  Message:groupindex in creature is invalid
LOGERROR
2016-11-10_13:35:09 FILE:../src/Map/GameZone.cpp FUNC:SendSynchAttr LINE:2141
 	  Message:groupindex in creature is invalid
LOGERROR
2016-11-10_13:35:09 FILE:../src/Map/GameZone.cpp FUNC:SendSynchAttr LINE:2141
 	  Message:groupindex in creature is invalid
LOGERROR
2016-11-10_13:35:09 FILE:../src/Map/GameZone.cpp FUNC:SendSynchAttr LINE:2141
 	  Message:groupindex in creature is invalid
LOGERROR
2016-11-10_13:35:09 FILE:../src/Map/GameZone.cpp FUNC:SendSynchAttr LINE:2141
 	  Message:groupindex in creature is invalid
LOGERROR
2016-11-10_13:35:09 FILE:../src/Map/GameZone.cpp FUNC:SendSynchAttr LINE:2141
 	  Message:groupindex in creature is invalid
LOGERROR
2016-11-10_13:35:09 FILE:../src/Map/GameZone.cpp FUNC:SendSynchAttr LINE:2141
 	  Message:groupindex in creature is invalid
LOGERROR
2016-11-10_13:35:09 FILE:../src/Map/GameZone.cpp FUNC:SendSynchAttr LINE:2141
 	  Message:groupindex in creature is invalid
LOGERROR
2016-11-10_13:35:09 FILE:../src/Map/GameZone.cpp FUNC:SendSynchAttr LINE:2141
 	  Message:groupindex in creature is invalid
LOGERROR
2016-11-10_13:35:09 FILE:../src/Map/GameZone.cpp FUNC:SendSynchAttr LINE:2141
 	  Message:groupindex in creature is invalid
LOGERROR
2016-11-10_13:35:09 FILE:../src/Map/GameZone.cpp FUNC:SendSynchAttr LINE:2141
 	  Message:groupindex in creature is invalid
LOGERROR
2016-11-10_13:35:09 FILE:../src/Map/GameZone.cpp FUNC:SendSynchAttr LINE:2141
 	  Message:groupindex in creature is invalid
LOGERROR
2016-11-10_13:35:09 FILE:../src/Map/GameZone.cpp FUNC:SendSynchAttr LINE:2141
 	  Message:groupindex in creature is invalid
LOGERROR
2016-11-10_13:35:09 FILE:../src/Map/GameZone.cpp FUNC:SendSynchAttr LINE:2141
 	  Message:groupindex in creature is invalid
LOGERROR
2016-11-10_13:35:09 FILE:../src/Map/GameZone.cpp FUNC:SendSynchAttr LINE:2141
 	  Message:groupindex in creature is invalid
LOGERROR
2016-11-10_13:35:09 FILE:../src/Map/GameZone.cpp FUNC:SendSynchAttr LINE:2141
 	  Message:groupindex in creature is invalid
LOGERROR
2016-11-10_13:35:09 FILE:../src/Map/GameZone.cpp FUNC:SendSynchAttr LINE:2141
 	  Message:groupindex in creature is invalid
LOGERROR
2016-11-10_13:35:09 FILE:../src/Map/GameZone.cpp FUNC:SendSynchAttr LINE:2141
 	  Message:groupindex in creature is invalid
LOGERROR
2016-11-10_13:35:09 FILE:../src/Map/GameZone.cpp FUNC:SendSynchAttr LINE:2141
 	  Message:groupindex in creature is invalid
LOGERROR
2016-11-10_13:35:09 FILE:../src/Map/GameZone.cpp FUNC:SendSynchAttr LINE:2141
 	  Message:groupindex in creature is invalid
LOGERROR
2016-11-10_13:35:09 FILE:../src/Map/GameZone.cpp FUNC:SendSynchAttr LINE:2141
 	  Message:groupindex in creature is invalid
LOGERROR
2016-11-10_13:35:09 FILE:../src/Map/GameZone.cpp FUNC:SendSynchAttr LINE:2141
 	  Message:groupindex in creature is invalid
LOGERROR
2016-11-10_13:35:09 FILE:../src/Map/GameZone.cpp FUNC:SendSynchAttr LINE:2141
 	  Message:groupindex in creature is invalid
LOGERROR
2016-11-10_13:35:09 FILE:../src/Map/GameZone.cpp FUNC:SendSynchAttr LINE:2141
 	  Message:groupindex in creature is invalid
LOGERROR
2016-11-10_13:35:09 FILE:../src/Map/GameZone.cpp FUNC:SendSynchAttr LINE:2141
 	  Message:groupindex in creature is invalid
LOGERROR
2016-11-10_13:35:09 FILE:../src/Map/GameZone.cpp FUNC:SendSynchAttr LINE:2141
 	  Message:groupindex in creature is invalid
LOGERROR
2016-11-10_13:35:09 FILE:../src/Map/GameZone.cpp FUNC:SendSynchAttr LINE:2141
 	  Message:groupindex in creature is invalid
LOGERROR
2016-11-10_13:35:09 FILE:../src/Map/GameZone.cpp FUNC:SendSynchAttr LINE:2141
 	  Message:groupindex in creature is invalid
LOGERROR
2016-11-10_13:35:09 FILE:../src/Map/GameZone.cpp FUNC:SendSynchAttr LINE:2141
 	  Message:groupindex in creature is invalid
LOGERROR
2016-11-10_13:35:09 FILE:../src/Map/GameZone.cpp FUNC:SendSynchAttr LINE:2141
 	  Message:groupindex in creature is invalid
LOGERROR
2016-11-10_13:35:09 FILE:../src/Map/GameZone.cpp FUNC:SendSynchAttr LINE:2141
 	  Message:groupindex in creature is invalid
LOGERROR
2016-11-10_13:35:09 FILE:../src/Map/GameZone.cpp FUNC:SendSynchAttr LINE:2141
 	  Message:groupindex in creature is invalid
LOGERROR
2016-11-10_13:35:09 FILE:../src/Map/GameZone.cpp FUNC:SendSynchAttr LINE:2141
 	  Message:groupindex in creature is invalid
LOGERROR
2016-11-10_13:35:09 FILE:../src/Map/GameZone.cpp FUNC:SendSynchAttr LINE:2141
 	  Message:groupindex in creature is invalid
LOGERROR
2016-11-10_13:35:09 FILE:../src/Map/GameZone.cpp FUNC:SendSynchAttr LINE:2141
 	  Message:groupindex in creature is invalid
LOGERROR
2016-11-10_13:35:09 FILE:../src/Map/GameZone.cpp FUNC:SendSynchAttr LINE:2141
 	  Message:groupindex in creature is invalid
LOGERROR
2016-11-10_13:35:09 FILE:../src/Map/GameZone.cpp FUNC:SendSynchAttr LINE:2141
 	  Message:groupindex in creature is invalid
LOGERROR
2016-11-10_13:35:09 FILE:../src/Map/GameZone.cpp FUNC:SendSynchAttr LINE:2141
 	  Message:groupindex in creature is invalid
LOGERROR
2016-11-10_13:35:09 FILE:../src/Map/GameZone.cpp FUNC:SendSynchAttr LINE:2141
 	  Message:groupindex in creature is invalid
LOGERROR
2016-11-10_13:35:09 FILE:../src/Map/GameZone.cpp FUNC:SendSynchAttr LINE:2141
 	  Message:groupindex in creature is invalid
LOGERROR
2016-11-10_13:35:09 FILE:../src/Map/GameZone.cpp FUNC:SendSynchAttr LINE:2141
 	  Message:groupindex in creature is invalid
LOGERROR
2016-11-10_13:35:09 FILE:../src/Map/GameZone.cpp FUNC:SendSynchAttr LINE:2141
 	  Message:groupindex in creature is invalid
LOGERROR
2016-11-10_13:35:09 FILE:../src/Map/GameZone.cpp FUNC:Join LINE:1206
 	  Message:sectorindex is invalid(mapid=103, xpos=159, ypos=157)
LOGERROR
2016-11-10_13:35:09 FILE:../src/Map/GameZone.cpp FUNC:Join LINE:1206
 	  Message:sectorindex is invalid(mapid=103, xpos=155, ypos=155)
LOGERROR
2016-11-10_13:35:09 FILE:../src/Map/GameZone.cpp FUNC:Join LINE:1206
 	  Message:sectorindex is invalid(mapid=103, xpos=50, ypos=158)
LOGERROR
2016-11-10_13:35:09 FILE:../src/Map/GameZone.cpp FUNC:Join LINE:1206
 	  Message:sectorindex is invalid(mapid=103, xpos=211, ypos=183)
LOGERROR
2016-11-10_13:35:09 FILE:../src/Map/GameZone.cpp FUNC:Join LINE:1206
 	  Message:sectorindex is invalid(mapid=103, xpos=65, ypos=193)
LOGERROR
2016-11-10_13:35:09 FILE:../src/Map/GameZone.cpp FUNC:Join LINE:1206
 	  Message:sectorindex is invalid(mapid=103, xpos=85, ypos=154)
LOGERROR
2016-11-10_13:35:09 FILE:../src/Map/GameZone.cpp FUNC:Join LINE:1206
 	  Message:sectorindex is invalid(mapid=103, xpos=101, ypos=175)
LOGERROR
2016-11-10_13:35:09 FILE:../src/Map/GameZone.cpp FUNC:Join LINE:1206
 	  Message:sectorindex is invalid(mapid=103, xpos=36, ypos=101)
LOGERROR
2016-11-10_13:35:09 FILE:../src/Map/GameZone.cpp FUNC:Join LINE:1206
 	  Message:sectorindex is invalid(mapid=103, xpos=10, ypos=178)
LOGERROR
2016-11-10_13:35:09 FILE:../src/Map/GameZone.cpp FUNC:Join LINE:1206
 	  Message:sectorindex is invalid(mapid=103, xpos=167, ypos=161)
LOGERROR
2016-11-10_13:35:09 FILE:../src/Map/GameZone.cpp FUNC:Join LINE:1206
 	  Message:sectorindex is invalid(mapid=103, xpos=26, ypos=170)
LOGERROR
2016-11-10_13:35:09 FILE:../src/Map/GameZone.cpp FUNC:Join LINE:1206
 	  Message:sectorindex is invalid(mapid=103, xpos=207, ypos=181)
LOGERROR
2016-11-10_13:35:09 FILE:../src/Map/GameZone.cpp FUNC:Join LINE:1206
 	  Message:sectorindex is invalid(mapid=103, xpos=238, ypos=141)
LOGERROR
2016-11-10_13:35:09 FILE:../src/Map/GameZone.cpp FUNC:Join LINE:1206
 	  Message:sectorindex is invalid(mapid=103, xpos=122, ypos=122)
LOGERROR
2016-11-10_13:35:09 FILE:../src/Map/GameZone.cpp FUNC:Join LINE:1206
 	  Message:sectorindex is invalid(mapid=103, xpos=102, ypos=132)
LOGERROR
2016-11-10_13:35:09 FILE:../src/Map/GameZone.cpp FUNC:Join LINE:1206
 	  Message:sectorindex is invalid(mapid=103, xpos=134, ypos=116)
LOGERROR
2016-11-10_13:35:09 FILE:../src/Map/GameZone.cpp FUNC:Join LINE:1206
 	  Message:sectorindex is invalid(mapid=103, xpos=38, ypos=164)
LOGERROR
2016-11-10_13:35:09 FILE:../src/Map/GameZone.cpp FUNC:Join LINE:1206
 	  Message:sectorindex is invalid(mapid=103, xpos=118, ypos=124)
LOGERROR
2016-11-10_13:35:09 FILE:../src/Map/GameZone.cpp FUNC:Join LINE:1206
 	  Message:sectorindex is invalid(mapid=103, xpos=93, ypos=179)
LOGERROR
2016-11-10_13:35:09 FILE:../src/Map/GameZone.cpp FUNC:Join LINE:1206
 	  Message:sectorindex is invalid(mapid=103, xpos=222, ypos=133)
LOGERROR
2016-11-10_13:35:09 FILE:../src/Map/GameZone.cpp FUNC:Join LINE:1206
 	  Message:sectorindex is invalid(mapid=103, xpos=106, ypos=130)
LOGERROR
2016-11-10_13:35:09 FILE:../src/Map/GameZone.cpp FUNC:Join LINE:1206
 	  Message:sectorindex is invalid(mapid=103, xpos=32, ypos=103)
LOGERROR
2016-11-10_13:35:09 FILE:../src/Map/GameZone.cpp FUNC:Join LINE:1206
 	  Message:sectorindex is invalid(mapid=103, xpos=118, ypos=173)
LOGERROR
2016-11-10_13:35:09 FILE:../src/Map/GameZone.cpp FUNC:Join LINE:1206
 	  Message:sectorindex is invalid(mapid=103, xpos=62, ypos=152)
LOGERROR
2016-11-10_13:35:09 FILE:../src/Map/GameZone.cpp FUNC:Join LINE:1206
 	  Message:sectorindex is invalid(mapid=103, xpos=186, ypos=115)
LOGERROR
2016-11-10_13:35:09 FILE:../src/Map/GameZone.cpp FUNC:Join LINE:1206
 	  Message:sectorindex is invalid(mapid=103, xpos=58, ypos=154)
LOGERROR
2016-11-10_13:35:09 FILE:../src/Map/GameZone.cpp FUNC:Join LINE:1206
 	  Message:sectorindex is invalid(mapid=103, xpos=97, ypos=177)
LOGERROR
2016-11-10_13:35:09 FILE:../src/Map/GameZone.cpp FUNC:Join LINE:1206
 	  Message:sectorindex is invalid(mapid=103, xpos=90, ypos=159)
LOGERROR
2016-11-10_13:35:09 FILE:../src/Map/GameZone.cpp FUNC:Join LINE:1206
 	  Message:sectorindex is invalid(mapid=103, xpos=34, ypos=166)
LOGERROR
2016-11-10_13:35:09 FILE:../src/Map/GameZone.cpp FUNC:Join LINE:1206
 	  Message:sectorindex is invalid(mapid=103, xpos=214, ypos=129)
LOGERROR
2016-11-10_13:35:09 FILE:../src/Map/GameZone.cpp FUNC:Join LINE:1206
 	  Message:sectorindex is invalid(mapid=103, xpos=22, ypos=172)
LOGERROR
2016-11-10_13:35:09 FILE:../src/Map/GameZone.cpp FUNC:Join LINE:1206
 	  Message:sectorindex is invalid(mapid=103, xpos=78, ypos=144)
LOGERROR
2016-11-10_13:35:09 FILE:../src/Map/GameZone.cpp FUNC:Join LINE:1206
 	  Message:sectorindex is invalid(mapid=103, xpos=105, ypos=173)
LOGERROR
2016-11-10_13:35:09 FILE:../src/Map/GameZone.cpp FUNC:Join LINE:1206
 	  Message:sectorindex is invalid(mapid=103, xpos=74, ypos=146)
LOGERROR
2016-11-10_13:35:09 FILE:../src/Map/GameZone.cpp FUNC:Join LINE:1206
 	  Message:sectorindex is invalid(mapid=103, xpos=81, ypos=185)
LOGERROR
2016-11-10_13:35:09 FILE:../src/Map/GameZone.cpp FUNC:Join LINE:1206
 	  Message:sectorindex is invalid(mapid=103, xpos=199, ypos=177)
LOGERROR
2016-11-10_13:35:09 FILE:../src/Map/GameZone.cpp FUNC:Join LINE:1206
 	  Message:sectorindex is invalid(mapid=103, xpos=106, ypos=167)
LOGERROR
2016-11-10_13:35:09 FILE:../src/Map/GameZone.cpp FUNC:Join LINE:1206
 	  Message:sectorindex is invalid(mapid=103, xpos=178, ypos=94)
LOGERROR
2016-11-10_13:35:09 FILE:../src/Map/GameZone.cpp FUNC:Join LINE:1206
 	  Message:sectorindex is invalid(mapid=103, xpos=110, ypos=128)
LOGERROR
2016-11-10_13:35:09 FILE:../src/Map/GameZone.cpp FUNC:Join LINE:1206
 	  Message:sectorindex is invalid(mapid=103, xpos=210, ypos=127)
LOGERROR
2016-11-10_13:35:09 FILE:../src/Map/GameZone.cpp FUNC:Join LINE:1206
 	  Message:sectorindex is invalid(mapid=103, xpos=48, ypos=95)
LOGERROR
2016-11-10_13:35:09 FILE:../src/Map/GameZone.cpp FUNC:Join LINE:1206
 	  Message:sectorindex is invalid(mapid=103, xpos=179, ypos=167)
LOGERROR
2016-11-10_13:35:09 FILE:../src/Map/GameZone.cpp FUNC:Join LINE:1206
 	  Message:sectorindex is invalid(mapid=103, xpos=61, ypos=195)
LOGERROR
2016-11-10_13:35:09 FILE:../src/Map/GameZone.cpp FUNC:Join LINE:1206
 	  Message:sectorindex is invalid(mapid=103, xpos=94, ypos=136)
LOGERROR
2016-11-10_13:35:09 FILE:../src/Map/GameZone.cpp FUNC:Join LINE:1206
 	  Message:sectorindex is invalid(mapid=103, xpos=139, ypos=147)
LOGERROR
2016-11-10_13:35:09 FILE:../src/Map/GameZone.cpp FUNC:Join LINE:1206
 	  Message:sectorindex is invalid(mapid=103, xpos=114, ypos=126)
LOGERROR
2016-11-10_13:35:09 FILE:../src/Map/GameZone.cpp FUNC:Join LINE:1206
 	  Message:sectorindex is invalid(mapid=103, xpos=20, ypos=109)
LOGERROR
2016-11-10_13:35:09 FILE:../src/Map/GameZone.cpp FUNC:Join LINE:1206
 	  Message:sectorindex is invalid(mapid=103, xpos=126, ypos=120)
LOGERROR
2016-11-10_13:35:09 FILE:../src/Map/GameZone.cpp FUNC:Join LINE:1206
 	  Message:sectorindex is invalid(mapid=103, xpos=175, ypos=165)
LOGERROR
2016-11-10_13:35:09 FILE:../src/Map/GameZone.cpp FUNC:Join LINE:1206
 	  Message:sectorindex is invalid(mapid=103, xpos=143, ypos=149)
LOGERROR
2016-11-10_13:35:09 FILE:../src/Map/GameZone.cpp FUNC:Join LINE:1206
 	  Message:sectorindex is invalid(mapid=103, xpos=40, ypos=99)
LOGERROR
2016-11-10_13:35:09 FILE:../src/Map/GameZone.cpp FUNC:Join LINE:1206
 	  Message:sectorindex is invalid(mapid=103, xpos=85, ypos=183)
LOGERROR
2016-11-10_13:35:09 FILE:../src/Map/GameZone.cpp FUNC:Join LINE:1206
 	  Message:sectorindex is invalid(mapid=103, xpos=122, ypos=175)
LOGERROR
2016-11-10_13:35:09 FILE:../src/Map/GameZone.cpp FUNC:Join LINE:1206
 	  Message:sectorindex is invalid(mapid=103, xpos=98, ypos=134)
LOGERROR
2016-11-10_13:35:09 FILE:../src/Map/GameZone.cpp FUNC:Join LINE:1206
 	  Message:sectorindex is invalid(mapid=103, xpos=198, ypos=121)
LOGERROR
2016-11-10_13:40:09 FILE:../src/Map/GameZone.cpp FUNC:SendSynchAttr LINE:2141
 	  Message:groupindex in creature is invalid
LOGERROR
2016-11-10_13:40:09 FILE:../src/Map/GameZone.cpp FUNC:SendSynchAttr LINE:2141
 	  Message:groupindex in creature is invalid
LOGERROR
2016-11-10_13:40:09 FILE:../src/Map/GameZone.cpp FUNC:SendSynchAttr LINE:2141
 	  Message:groupindex in creature is invalid
LOGERROR
2016-11-10_13:40:09 FILE:../src/Map/GameZone.cpp FUNC:SendSynchAttr LINE:2141
 	  Message:groupindex in creature is invalid
LOGERROR
2016-11-10_13:40:09 FILE:../src/Map/GameZone.cpp FUNC:SendSynchAttr LINE:2141
 	  Message:groupindex in creature is invalid
LOGERROR
2016-11-10_13:40:09 FILE:../src/Map/GameZone.cpp FUNC:SendSynchAttr LINE:2141
 	  Message:groupindex in creature is invalid
LOGERROR
2016-11-10_13:40:09 FILE:../src/Map/GameZone.cpp FUNC:SendSynchAttr LINE:2141
 	  Message:groupindex in creature is invalid
LOGERROR
2016-11-10_13:40:09 FILE:../src/Map/GameZone.cpp FUNC:SendSynchAttr LINE:2141
 	  Message:groupindex in creature is invalid
LOGERROR
2016-11-10_13:40:09 FILE:../src/Map/GameZone.cpp FUNC:SendSynchAttr LINE:2141
 	  Message:groupindex in creature is invalid
LOGERROR
2016-11-10_13:40:09 FILE:../src/Map/GameZone.cpp FUNC:SendSynchAttr LINE:2141
 	  Message:groupindex in creature is invalid
LOGERROR
2016-11-10_13:40:09 FILE:../src/Map/GameZone.cpp FUNC:SendSynchAttr LINE:2141
 	  Message:groupindex in creature is invalid
LOGERROR
2016-11-10_13:40:09 FILE:../src/Map/GameZone.cpp FUNC:SendSynchAttr LINE:2141
 	  Message:groupindex in creature is invalid
LOGERROR
2016-11-10_13:40:09 FILE:../src/Map/GameZone.cpp FUNC:SendSynchAttr LINE:2141
 	  Message:groupindex in creature is invalid
LOGERROR
2016-11-10_13:40:09 FILE:../src/Map/GameZone.cpp FUNC:SendSynchAttr LINE:2141
 	  Message:groupindex in creature is invalid
LOGERROR
2016-11-10_13:40:09 FILE:../src/Map/GameZone.cpp FUNC:SendSynchAttr LINE:2141
 	  Message:groupindex in creature is invalid
LOGERROR
2016-11-10_13:40:09 FILE:../src/Map/GameZone.cpp FUNC:SendSynchAttr LINE:2141
 	  Message:groupindex in creature is invalid
LOGERROR
2016-11-10_13:40:09 FILE:../src/Map/GameZone.cpp FUNC:SendSynchAttr LINE:2141
 	  Message:groupindex in creature is invalid
LOGERROR
2016-11-10_13:40:09 FILE:../src/Map/GameZone.cpp FUNC:SendSynchAttr LINE:2141
 	  Message:groupindex in creature is invalid
LOGERROR
2016-11-10_13:40:09 FILE:../src/Map/GameZone.cpp FUNC:SendSynchAttr LINE:2141
 	  Message:groupindex in creature is invalid
LOGERROR
2016-11-10_13:40:09 FILE:../src/Map/GameZone.cpp FUNC:SendSynchAttr LINE:2141
 	  Message:groupindex in creature is invalid
LOGERROR
2016-11-10_13:40:09 FILE:../src/Map/GameZone.cpp FUNC:SendSynchAttr LINE:2141
 	  Message:groupindex in creature is invalid
LOGERROR
2016-11-10_13:40:09 FILE:../src/Map/GameZone.cpp FUNC:SendSynchAttr LINE:2141
 	  Message:groupindex in creature is invalid
LOGERROR
2016-11-10_13:40:09 FILE:../src/Map/GameZone.cpp FUNC:SendSynchAttr LINE:2141
 	  Message:groupindex in creature is invalid
LOGERROR
2016-11-10_13:40:09 FILE:../src/Map/GameZone.cpp FUNC:SendSynchAttr LINE:2141
 	  Message:groupindex in creature is invalid
LOGERROR
2016-11-10_13:40:09 FILE:../src/Map/GameZone.cpp FUNC:SendSynchAttr LINE:2141
 	  Message:groupindex in creature is invalid
LOGERROR
2016-11-10_13:40:09 FILE:../src/Map/GameZone.cpp FUNC:SendSynchAttr LINE:2141
 	  Message:groupindex in creature is invalid
LOGERROR
2016-11-10_13:40:09 FILE:../src/Map/GameZone.cpp FUNC:SendSynchAttr LINE:2141
 	  Message:groupindex in creature is invalid
LOGERROR
2016-11-10_13:40:09 FILE:../src/Map/GameZone.cpp FUNC:SendSynchAttr LINE:2141
 	  Message:groupindex in creature is invalid
LOGERROR
2016-11-10_13:40:09 FILE:../src/Map/GameZone.cpp FUNC:SendSynchAttr LINE:2141
 	  Message:groupindex in creature is invalid
LOGERROR
2016-11-10_13:40:09 FILE:../src/Map/GameZone.cpp FUNC:SendSynchAttr LINE:2141
 	  Message:groupindex in creature is invalid
LOGERROR
2016-11-10_13:40:09 FILE:../src/Map/GameZone.cpp FUNC:SendSynchAttr LINE:2141
 	  Message:groupindex in creature is invalid
LOGERROR
2016-11-10_13:40:09 FILE:../src/Map/GameZone.cpp FUNC:SendSynchAttr LINE:2141
 	  Message:groupindex in creature is invalid
LOGERROR
2016-11-10_13:40:09 FILE:../src/Map/GameZone.cpp FUNC:SendSynchAttr LINE:2141
 	  Message:groupindex in creature is invalid
LOGERROR
2016-11-10_13:40:09 FILE:../src/Map/GameZone.cpp FUNC:SendSynchAttr LINE:2141
 	  Message:groupindex in creature is invalid
LOGERROR
2016-11-10_13:40:09 FILE:../src/Map/GameZone.cpp FUNC:SendSynchAttr LINE:2141
 	  Message:groupindex in creature is invalid
LOGERROR
2016-11-10_13:40:09 FILE:../src/Map/GameZone.cpp FUNC:SendSynchAttr LINE:2141
 	  Message:groupindex in creature is invalid
LOGERROR
2016-11-10_13:40:09 FILE:../src/Map/GameZone.cpp FUNC:SendSynchAttr LINE:2141
 	  Message:groupindex in creature is invalid
LOGERROR
2016-11-10_13:40:09 FILE:../src/Map/GameZone.cpp FUNC:SendSynchAttr LINE:2141
 	  Message:groupindex in creature is invalid
LOGERROR
2016-11-10_13:40:09 FILE:../src/Map/GameZone.cpp FUNC:SendSynchAttr LINE:2141
 	  Message:groupindex in creature is invalid
LOGERROR
2016-11-10_13:40:09 FILE:../src/Map/GameZone.cpp FUNC:SendSynchAttr LINE:2141
 	  Message:groupindex in creature is invalid
LOGERROR
2016-11-10_13:40:09 FILE:../src/Map/GameZone.cpp FUNC:SendSynchAttr LINE:2141
 	  Message:groupindex in creature is invalid
LOGERROR
2016-11-10_13:40:09 FILE:../src/Map/GameZone.cpp FUNC:SendSynchAttr LINE:2141
 	  Message:groupindex in creature is invalid
LOGERROR
2016-11-10_13:40:09 FILE:../src/Map/GameZone.cpp FUNC:SendSynchAttr LINE:2141
 	  Message:groupindex in creature is invalid
LOGERROR
2016-11-10_13:40:09 FILE:../src/Map/GameZone.cpp FUNC:SendSynchAttr LINE:2141
 	  Message:groupindex in creature is invalid
LOGERROR
2016-11-10_13:40:09 FILE:../src/Map/GameZone.cpp FUNC:SendSynchAttr LINE:2141
 	  Message:groupindex in creature is invalid
LOGERROR
2016-11-10_13:40:09 FILE:../src/Map/GameZone.cpp FUNC:SendSynchAttr LINE:2141
 	  Message:groupindex in creature is invalid
LOGERROR
2016-11-10_13:40:09 FILE:../src/Map/GameZone.cpp FUNC:SendSynchAttr LINE:2141
 	  Message:groupindex in creature is invalid
LOGERROR
2016-11-10_13:40:09 FILE:../src/Map/GameZone.cpp FUNC:SendSynchAttr LINE:2141
 	  Message:groupindex in creature is invalid
LOGERROR
2016-11-10_13:40:09 FILE:../src/Map/GameZone.cpp FUNC:SendSynchAttr LINE:2141
 	  Message:groupindex in creature is invalid
LOGERROR
2016-11-10_13:40:09 FILE:../src/Map/GameZone.cpp FUNC:SendSynchAttr LINE:2141
 	  Message:groupindex in creature is invalid
LOGERROR
2016-11-10_13:40:09 FILE:../src/Map/GameZone.cpp FUNC:SendSynchAttr LINE:2141
 	  Message:groupindex in creature is invalid
LOGERROR
2016-11-10_13:40:09 FILE:../src/Map/GameZone.cpp FUNC:SendSynchAttr LINE:2141
 	  Message:groupindex in creature is invalid
LOGERROR
2016-11-10_13:40:09 FILE:../src/Map/GameZone.cpp FUNC:SendSynchAttr LINE:2141
 	  Message:groupindex in creature is invalid
LOGERROR
2016-11-10_13:40:09 FILE:../src/Map/GameZone.cpp FUNC:SendSynchAttr LINE:2141
 	  Message:groupindex in creature is invalid
LOGERROR
2016-11-10_13:40:09 FILE:../src/Map/GameZone.cpp FUNC:Join LINE:1206
 	  Message:sectorindex is invalid(mapid=103, xpos=50, ypos=158)
LOGERROR
2016-11-10_13:40:09 FILE:../src/Map/GameZone.cpp FUNC:Join LINE:1206
 	  Message:sectorindex is invalid(mapid=103, xpos=65, ypos=193)
LOGERROR
2016-11-10_13:40:09 FILE:../src/Map/GameZone.cpp FUNC:Join LINE:1206
 	  Message:sectorindex is invalid(mapid=103, xpos=14, ypos=176)
LOGERROR
2016-11-10_13:40:09 FILE:../src/Map/GameZone.cpp FUNC:Join LINE:1206
 	  Message:sectorindex is invalid(mapid=103, xpos=238, ypos=141)
LOGERROR
2016-11-10_13:40:09 FILE:../src/Map/GameZone.cpp FUNC:Join LINE:1206
 	  Message:sectorindex is invalid(mapid=103, xpos=234, ypos=139)
LOGERROR
2016-11-10_13:40:09 FILE:../src/Map/GameZone.cpp FUNC:Join LINE:1206
 	  Message:sectorindex is invalid(mapid=103, xpos=171, ypos=163)
LOGERROR
2016-11-10_13:40:09 FILE:../src/Map/GameZone.cpp FUNC:Join LINE:1206
 	  Message:sectorindex is invalid(mapid=103, xpos=159, ypos=157)
LOGERROR
2016-11-10_13:40:09 FILE:../src/Map/GameZone.cpp FUNC:Join LINE:1206
 	  Message:sectorindex is invalid(mapid=103, xpos=93, ypos=158)
LOGERROR
2016-11-10_13:40:09 FILE:../src/Map/GameZone.cpp FUNC:Join LINE:1206
 	  Message:sectorindex is invalid(mapid=103, xpos=178, ypos=94)
LOGERROR
2016-11-10_13:40:09 FILE:../src/Map/GameZone.cpp FUNC:Join LINE:1206
 	  Message:sectorindex is invalid(mapid=103, xpos=10, ypos=178)
LOGERROR
2016-11-10_13:40:09 FILE:../src/Map/GameZone.cpp FUNC:Join LINE:1206
 	  Message:sectorindex is invalid(mapid=103, xpos=44, ypos=97)
LOGERROR
2016-11-10_13:40:09 FILE:../src/Map/GameZone.cpp FUNC:Join LINE:1206
 	  Message:sectorindex is invalid(mapid=103, xpos=102, ypos=132)
LOGERROR
2016-11-10_13:40:09 FILE:../src/Map/GameZone.cpp FUNC:Join LINE:1206
 	  Message:sectorindex is invalid(mapid=103, xpos=40, ypos=99)
LOGERROR
2016-11-10_13:40:09 FILE:../src/Map/GameZone.cpp FUNC:Join LINE:1206
 	  Message:sectorindex is invalid(mapid=103, xpos=106, ypos=130)
LOGERROR
2016-11-10_13:40:09 FILE:../src/Map/GameZone.cpp FUNC:Join LINE:1206
 	  Message:sectorindex is invalid(mapid=103, xpos=38, ypos=164)
LOGERROR
2016-11-10_13:40:09 FILE:../src/Map/GameZone.cpp FUNC:Join LINE:1206
 	  Message:sectorindex is invalid(mapid=103, xpos=90, ypos=138)
LOGERROR
2016-11-10_13:40:09 FILE:../src/Map/GameZone.cpp FUNC:Join LINE:1206
 	  Message:sectorindex is invalid(mapid=103, xpos=242, ypos=143)
LOGERROR
2016-11-10_13:40:09 FILE:../src/Map/GameZone.cpp FUNC:Join LINE:1206
 	  Message:sectorindex is invalid(mapid=103, xpos=203, ypos=179)
LOGERROR
2016-11-10_13:40:09 FILE:../src/Map/GameZone.cpp FUNC:Join LINE:1206
 	  Message:sectorindex is invalid(mapid=103, xpos=74, ypos=146)
LOGERROR
2016-11-10_13:40:09 FILE:../src/Map/GameZone.cpp FUNC:Join LINE:1206
 	  Message:sectorindex is invalid(mapid=103, xpos=155, ypos=155)
LOGERROR
2016-11-10_13:40:09 FILE:../src/Map/GameZone.cpp FUNC:Join LINE:1206
 	  Message:sectorindex is invalid(mapid=103, xpos=187, ypos=171)
LOGERROR
2016-11-10_13:40:09 FILE:../src/Map/GameZone.cpp FUNC:Join LINE:1206
 	  Message:sectorindex is invalid(mapid=103, xpos=170, ypos=98)
LOGERROR
2016-11-10_13:40:09 FILE:../src/Map/GameZone.cpp FUNC:Join LINE:1206
 	  Message:sectorindex is invalid(mapid=103, xpos=202, ypos=123)
LOGERROR
2016-11-10_13:40:09 FILE:../src/Map/GameZone.cpp FUNC:Join LINE:1206
 	  Message:sectorindex is invalid(mapid=103, xpos=222, ypos=133)
LOGERROR
2016-11-10_13:40:09 FILE:../src/Map/GameZone.cpp FUNC:Join LINE:1206
 	  Message:sectorindex is invalid(mapid=103, xpos=82, ypos=142)
LOGERROR
2016-11-10_13:40:09 FILE:../src/Map/GameZone.cpp FUNC:Join LINE:1206
 	  Message:sectorindex is invalid(mapid=103, xpos=98, ypos=134)
LOGERROR
2016-11-10_13:40:09 FILE:../src/Map/GameZone.cpp FUNC:Join LINE:1206
 	  Message:sectorindex is invalid(mapid=103, xpos=230, ypos=137)
LOGERROR
2016-11-10_13:40:09 FILE:../src/Map/GameZone.cpp FUNC:Join LINE:1206
 	  Message:sectorindex is invalid(mapid=103, xpos=70, ypos=148)
LOGERROR
2016-11-10_13:40:09 FILE:../src/Map/GameZone.cpp FUNC:Join LINE:1206
 	  Message:sectorindex is invalid(mapid=103, xpos=22, ypos=172)
LOGERROR
2016-11-10_13:40:09 FILE:../src/Map/GameZone.cpp FUNC:Join LINE:1206
 	  Message:sectorindex is invalid(mapid=103, xpos=163, ypos=159)
LOGERROR
2016-11-10_13:40:09 FILE:../src/Map/GameZone.cpp FUNC:Join LINE:1206
 	  Message:sectorindex is invalid(mapid=103, xpos=94, ypos=161)
LOGERROR
2016-11-10_13:40:09 FILE:../src/Map/GameZone.cpp FUNC:Join LINE:1206
 	  Message:sectorindex is invalid(mapid=103, xpos=54, ypos=156)
LOGERROR
2016-11-10_13:40:09 FILE:../src/Map/GameZone.cpp FUNC:Join LINE:1206
 	  Message:sectorindex is invalid(mapid=103, xpos=110, ypos=128)
LOGERROR
2016-11-10_13:40:09 FILE:../src/Map/GameZone.cpp FUNC:Join LINE:1206
 	  Message:sectorindex is invalid(mapid=103, xpos=30, ypos=168)
LOGERROR
2016-11-10_13:40:09 FILE:../src/Map/GameZone.cpp FUNC:Join LINE:1206
 	  Message:sectorindex is invalid(mapid=103, xpos=32, ypos=103)
LOGERROR
2016-11-10_13:40:09 FILE:../src/Map/GameZone.cpp FUNC:Join LINE:1206
 	  Message:sectorindex is invalid(mapid=103, xpos=214, ypos=129)
LOGERROR
2016-11-10_13:40:09 FILE:../src/Map/GameZone.cpp FUNC:Join LINE:1206
 	  Message:sectorindex is invalid(mapid=103, xpos=167, ypos=161)
LOGERROR
2016-11-10_13:40:09 FILE:../src/Map/GameZone.cpp FUNC:Join LINE:1206
 	  Message:sectorindex is invalid(mapid=103, xpos=73, ypos=189)
LOGERROR
2016-11-10_13:40:09 FILE:../src/Map/GameZone.cpp FUNC:Join LINE:1206
 	  Message:sectorindex is invalid(mapid=103, xpos=62, ypos=152)
LOGERROR
2016-11-10_13:40:09 FILE:../src/Map/GameZone.cpp FUNC:Join LINE:1206
 	  Message:sectorindex is invalid(mapid=103, xpos=122, ypos=122)
LOGERROR
2016-11-10_13:40:09 FILE:../src/Map/GameZone.cpp FUNC:Join LINE:1206
 	  Message:sectorindex is invalid(mapid=103, xpos=58, ypos=154)
LOGERROR
2016-11-10_13:40:09 FILE:../src/Map/GameZone.cpp FUNC:Join LINE:1215
 	  Message:groupindex is invalid
LOGERROR
2016-11-10_13:40:09 FILE:../src/Map/GameZone.cpp FUNC:Join LINE:1206
 	  Message:sectorindex is invalid(mapid=103, xpos=218, ypos=131)
LOGERROR
2016-11-10_13:40:09 FILE:../src/Map/GameZone.cpp FUNC:Join LINE:1206
 	  Message:sectorindex is invalid(mapid=103, xpos=186, ypos=115)
LOGERROR
2016-11-10_13:40:09 FILE:../src/Map/GameZone.cpp FUNC:Join LINE:1206
 	  Message:sectorindex is invalid(mapid=103, xpos=97, ypos=177)
LOGERROR
2016-11-10_13:40:09 FILE:../src/Map/GameZone.cpp FUNC:Join LINE:1206
 	  Message:sectorindex is invalid(mapid=103, xpos=86, ypos=140)
LOGERROR
2016-11-10_13:40:09 FILE:../src/Map/GameZone.cpp FUNC:Join LINE:1206
 	  Message:sectorindex is invalid(mapid=103, xpos=110, ypos=169)
LOGERROR
2016-11-10_13:40:09 FILE:../src/Map/GameZone.cpp FUNC:Join LINE:1206
 	  Message:sectorindex is invalid(mapid=103, xpos=175, ypos=165)
LOGERROR
2016-11-10_13:50:04 FILE:../src/Map/GameZone.cpp FUNC:SendSynchAttr LINE:2141
 	  Message:groupindex in creature is invalid
LOGERROR
2016-11-10_13:50:04 FILE:../src/Map/GameZone.cpp FUNC:SendSynchAttr LINE:2141
 	  Message:groupindex in creature is invalid
LOGERROR
2016-11-10_13:50:04 FILE:../src/Map/GameZone.cpp FUNC:SendSynchAttr LINE:2141
 	  Message:groupindex in creature is invalid
LOGERROR
2016-11-10_13:50:04 FILE:../src/Map/GameZone.cpp FUNC:SendSynchAttr LINE:2141
 	  Message:groupindex in creature is invalid
LOGERROR
2016-11-10_13:50:04 FILE:../src/Map/GameZone.cpp FUNC:SendSynchAttr LINE:2141
 	  Message:groupindex in creature is invalid
LOGERROR
2016-11-10_13:50:04 FILE:../src/Map/GameZone.cpp FUNC:SendSynchAttr LINE:2141
 	  Message:groupindex in creature is invalid
LOGERROR
2016-11-10_13:50:04 FILE:../src/Map/GameZone.cpp FUNC:SendSynchAttr LINE:2141
 	  Message:groupindex in creature is invalid
LOGERROR
2016-11-10_13:50:04 FILE:../src/Map/GameZone.cpp FUNC:SendSynchAttr LINE:2141
 	  Message:groupindex in creature is invalid
LOGERROR
2016-11-10_13:50:04 FILE:../src/Map/GameZone.cpp FUNC:SendSynchAttr LINE:2141
 	  Message:groupindex in creature is invalid
LOGERROR
2016-11-10_13:50:04 FILE:../src/Map/GameZone.cpp FUNC:SendSynchAttr LINE:2141
 	  Message:groupindex in creature is invalid
LOGERROR
2016-11-10_13:50:04 FILE:../src/Map/GameZone.cpp FUNC:SendSynchAttr LINE:2141
 	  Message:groupindex in creature is invalid
LOGERROR
2016-11-10_13:50:04 FILE:../src/Map/GameZone.cpp FUNC:SendSynchAttr LINE:2141
 	  Message:groupindex in creature is invalid
LOGERROR
2016-11-10_13:50:04 FILE:../src/Map/GameZone.cpp FUNC:SendSynchAttr LINE:2141
 	  Message:groupindex in creature is invalid
LOGERROR
2016-11-10_13:50:04 FILE:../src/Map/GameZone.cpp FUNC:SendSynchAttr LINE:2141
 	  Message:groupindex in creature is invalid
LOGERROR
2016-11-10_13:50:04 FILE:../src/Map/GameZone.cpp FUNC:SendSynchAttr LINE:2141
 	  Message:groupindex in creature is invalid
LOGERROR
2016-11-10_13:50:04 FILE:../src/Map/GameZone.cpp FUNC:SendSynchAttr LINE:2141
 	  Message:groupindex in creature is invalid
LOGERROR
2016-11-10_13:50:04 FILE:../src/Map/GameZone.cpp FUNC:SendSynchAttr LINE:2141
 	  Message:groupindex in creature is invalid
LOGERROR
2016-11-10_13:50:04 FILE:../src/Map/GameZone.cpp FUNC:SendSynchAttr LINE:2141
 	  Message:groupindex in creature is invalid
LOGERROR
2016-11-10_13:50:04 FILE:../src/Map/GameZone.cpp FUNC:SendSynchAttr LINE:2141
 	  Message:groupindex in creature is invalid
LOGERROR
2016-11-10_13:50:04 FILE:../src/Map/GameZone.cpp FUNC:SendSynchAttr LINE:2141
 	  Message:groupindex in creature is invalid
LOGERROR
2016-11-10_13:50:04 FILE:../src/Map/GameZone.cpp FUNC:SendSynchAttr LINE:2141
 	  Message:groupindex in creature is invalid
LOGERROR
2016-11-10_13:50:04 FILE:../src/Map/GameZone.cpp FUNC:SendSynchAttr LINE:2141
 	  Message:groupindex in creature is invalid
LOGERROR
2016-11-10_13:50:04 FILE:../src/Map/GameZone.cpp FUNC:SendSynchAttr LINE:2141
 	  Message:groupindex in creature is invalid
LOGERROR
2016-11-10_13:50:04 FILE:../src/Map/GameZone.cpp FUNC:SendSynchAttr LINE:2141
 	  Message:groupindex in creature is invalid
LOGERROR
2016-11-10_13:50:04 FILE:../src/Map/GameZone.cpp FUNC:SendSynchAttr LINE:2141
 	  Message:groupindex in creature is invalid
LOGERROR
2016-11-10_13:50:04 FILE:../src/Map/GameZone.cpp FUNC:SendSynchAttr LINE:2141
 	  Message:groupindex in creature is invalid
LOGERROR
2016-11-10_13:50:04 FILE:../src/Map/GameZone.cpp FUNC:SendSynchAttr LINE:2141
 	  Message:groupindex in creature is invalid
LOGERROR
2016-11-10_13:50:04 FILE:../src/Map/GameZone.cpp FUNC:SendSynchAttr LINE:2141
 	  Message:groupindex in creature is invalid
LOGERROR
2016-11-10_13:50:04 FILE:../src/Map/GameZone.cpp FUNC:SendSynchAttr LINE:2141
 	  Message:groupindex in creature is invalid
LOGERROR
2016-11-10_13:50:04 FILE:../src/Map/GameZone.cpp FUNC:SendSynchAttr LINE:2141
 	  Message:groupindex in creature is invalid
LOGERROR
2016-11-10_13:50:04 FILE:../src/Map/GameZone.cpp FUNC:SendSynchAttr LINE:2141
 	  Message:groupindex in creature is invalid
LOGERROR
2016-11-10_13:50:04 FILE:../src/Map/GameZone.cpp FUNC:SendSynchAttr LINE:2141
 	  Message:groupindex in creature is invalid
LOGERROR
2016-11-10_13:50:04 FILE:../src/Map/GameZone.cpp FUNC:SendSynchAttr LINE:2141
 	  Message:groupindex in creature is invalid
LOGERROR
2016-11-10_13:50:04 FILE:../src/Map/GameZone.cpp FUNC:SendSynchAttr LINE:2141
 	  Message:groupindex in creature is invalid
LOGERROR
2016-11-10_13:50:04 FILE:../src/Map/GameZone.cpp FUNC:SendSynchAttr LINE:2141
 	  Message:groupindex in creature is invalid
LOGERROR
2016-11-10_13:50:04 FILE:../src/Map/GameZone.cpp FUNC:SendSynchAttr LINE:2141
 	  Message:groupindex in creature is invalid
LOGERROR
2016-11-10_13:50:04 FILE:../src/Map/GameZone.cpp FUNC:SendSynchAttr LINE:2141
 	  Message:groupindex in creature is invalid
LOGERROR
2016-11-10_13:50:04 FILE:../src/Map/GameZone.cpp FUNC:SendSynchAttr LINE:2141
 	  Message:groupindex in creature is invalid
LOGERROR
2016-11-10_13:50:04 FILE:../src/Map/GameZone.cpp FUNC:SendSynchAttr LINE:2141
 	  Message:groupindex in creature is invalid
LOGERROR
2016-11-10_13:50:04 FILE:../src/Map/GameZone.cpp FUNC:SendSynchAttr LINE:2141
 	  Message:groupindex in creature is invalid
LOGERROR
2016-11-10_13:50:04 FILE:../src/Map/GameZone.cpp FUNC:SendSynchAttr LINE:2141
 	  Message:groupindex in creature is invalid
LOGERROR
2016-11-10_13:50:04 FILE:../src/Map/GameZone.cpp FUNC:SendSynchAttr LINE:2141
 	  Message:groupindex in creature is invalid
LOGERROR
2016-11-10_13:50:04 FILE:../src/Map/GameZone.cpp FUNC:SendSynchAttr LINE:2141
 	  Message:groupindex in creature is invalid
LOGERROR
2016-11-10_13:50:04 FILE:../src/Map/GameZone.cpp FUNC:SendSynchAttr LINE:2141
 	  Message:groupindex in creature is invalid
LOGERROR
2016-11-10_13:50:04 FILE:../src/Map/GameZone.cpp FUNC:SendSynchAttr LINE:2141
 	  Message:groupindex in creature is invalid
LOGERROR
2016-11-10_13:50:04 FILE:../src/Map/GameZone.cpp FUNC:SendSynchAttr LINE:2141
 	  Message:groupindex in creature is invalid
LOGERROR
2016-11-10_13:50:04 FILE:../src/Map/GameZone.cpp FUNC:SendSynchAttr LINE:2141
 	  Message:groupindex in creature is invalid
LOGERROR
2016-11-10_13:50:04 FILE:../src/Map/GameZone.cpp FUNC:SendSynchAttr LINE:2141
 	  Message:groupindex in creature is invalid