
LOGERROR
2016-12-23_12:08:30 FILE:../src/Map/SceneManager.cpp FUNC:SendAllMap LINE:93
 	  Message:send map to Gateserver but gameserver map is not existed in world
LOGERROR
2016-12-23_12:08:30 FILE:../src/Map/SceneManager.cpp FUNC:SendAllMap LINE:93
 	  Message:send map to Gateserver but gameserver map is not existed in world
LOGERROR
2016-12-23_12:09:43 FILE:../src/Object/Player/PlayerMessage.cpp FUNC:IsLoginON LINE:571
 	  Message:Transfer Map[211] is error
LOGERROR
2016-12-23_12:18:44 FILE:../src/QuestNew/QuestClan.cpp FUNC:GetInitClanQuestId LINE:82
 	  Message:Player Selet Clan Task,But Not Have Property Task
LOGERROR
2016-12-23_12:18:53 FILE:../src/Skill/SkillManager.cpp FUNC:SkillUpgrade LINE:1744
 	  Message:playerSkillUpGrade playerID:281479271679457 skillID:4302
LOGERROR
2016-12-23_12:18:53 FILE:../src/Skill/SkillManager.cpp FUNC:SkillUpgrade LINE:1744
 	  Message:playerSkillUpGrade playerID:281479271679457 skillID:4502
LOGERROR
2016-12-23_12:18:53 FILE:../src/Skill/SkillManager.cpp FUNC:SkillUpgrade LINE:1744
 	  Message:playerSkillUpGrade playerID:281479271679457 skillID:4702
LOGERROR
2016-12-23_12:18:53 FILE:../src/Skill/SkillManager.cpp FUNC:SkillUpgrade LINE:1744
 	  Message:playerSkillUpGrade playerID:281479271679457 skillID:4402