
LOGERROR
2016-12-06_11:40:54 FILE:../src/Map/SceneManager.cpp FUNC:SendAllMap LINE:93
 	  Message:send map to Gateserver but gameserver map is not existed in world
LOGERROR
2016-12-06_11:40:54 FILE:../src/Map/SceneManager.cpp FUNC:SendAllMap LINE:93
 	  Message:send map to Gateserver but gameserver map is not existed in world
LOGERROR
2016-12-06_11:42:44 FILE:../src/QuickMessage.cpp FUNC:On_MSG_REQUEST_MSG_REQ_GT2GM_QUICKMESSAGE LINE:203
 	  Message:quick requested message[1047] dispatch message to other module and error[vector::_M_range_insert]
LOGERROR
2016-12-06_11:42:53 FILE:../src/QuickMessage.cpp FUNC:On_MSG_REQUEST_MSG_REQ_GT2GM_QUICKMESSAGE LINE:203
 	  Message:quick requested message[1047] dispatch message to other module and error[vector::_M_range_insert]
LOGERROR
2016-12-06_11:42:53 FILE:../src/QuickMessage.cpp FUNC:On_MSG_REQUEST_MSG_REQ_GT2GM_QUICKMESSAGE LINE:203
 	  Message:quick requested message[1047] dispatch message to other module and error[vector::_M_range_insert]
LOGERROR
2016-12-06_11:42:54 FILE:../src/QuickMessage.cpp FUNC:On_MSG_REQUEST_MSG_REQ_GT2GM_QUICKMESSAGE LINE:203
 	  Message:quick requested message[1047] dispatch message to other module and error[vector::_M_range_insert]
LOGERROR
2016-12-06_11:42:55 FILE:../src/QuickMessage.cpp FUNC:On_MSG_REQUEST_MSG_REQ_GT2GM_QUICKMESSAGE LINE:203
 	  Message:quick requested message[1047] dispatch message to other module and error[vector::_M_range_insert]
LOGERROR
2016-12-06_11:42:55 FILE:../src/QuickMessage.cpp FUNC:On_MSG_REQUEST_MSG_REQ_GT2GM_QUICKMESSAGE LINE:203
 	  Message:quick requested message[1047] dispatch message to other module and error[vector::_M_range_insert]
LOGERROR
2016-12-06_11:42:55 FILE:../src/QuickMessage.cpp FUNC:On_MSG_REQUEST_MSG_REQ_GT2GM_QUICKMESSAGE LINE:203
 	  Message:quick requested message[1047] dispatch message to other module and error[vector::_M_range_insert]
LOGERROR
2016-12-06_11:42:55 FILE:../src/QuickMessage.cpp FUNC:On_MSG_REQUEST_MSG_REQ_GT2GM_QUICKMESSAGE LINE:203
 	  Message:quick requested message[1047] dispatch message to other module and error[vector::_M_range_insert]
LOGERROR
2016-12-06_11:42:55 FILE:../src/QuickMessage.cpp FUNC:On_MSG_REQUEST_MSG_REQ_GT2GM_QUICKMESSAGE LINE:203
 	  Message:quick requested message[1047] dispatch message to other module and error[vector::_M_range_insert]
LOGERROR
2016-12-06_11:42:55 FILE:../src/QuickMessage.cpp FUNC:On_MSG_REQUEST_MSG_REQ_GT2GM_QUICKMESSAGE LINE:203
 	  Message:quick requested message[1047] dispatch message to other module and error[vector::_M_range_insert]
LOGERROR
2016-12-06_11:42:56 FILE:../src/QuickMessage.cpp FUNC:On_MSG_REQUEST_MSG_REQ_GT2GM_QUICKMESSAGE LINE:203
 	  Message:quick requested message[1047] dispatch message to other module and error[vector::_M_range_insert]
LOGERROR
2016-12-06_11:43:09 FILE:../src/QuickMessage.cpp FUNC:On_MSG_REQUEST_MSG_REQ_GT2GM_QUICKMESSAGE LINE:203
 	  Message:quick requested message[1047] dispatch message to other module and error[vector::_M_range_insert]
LOGERROR
2016-12-06_11:43:09 FILE:../src/QuickMessage.cpp FUNC:On_MSG_REQUEST_MSG_REQ_GT2GM_QUICKMESSAGE LINE:203
 	  Message:quick requested message[1047] dispatch message to other module and error[vector::_M_range_insert]
LOGERROR
2016-12-06_11:43:15 FILE:../src/QuickMessage.cpp FUNC:On_MSG_REQUEST_MSG_REQ_GT2GM_QUICKMESSAGE LINE:203
 	  Message:quick requested message[1047] dispatch message to other module and error[vector::_M_range_insert]
LOGERROR
2016-12-06_11:43:16 FILE:../src/QuickMessage.cpp FUNC:On_MSG_REQUEST_MSG_REQ_GT2GM_QUICKMESSAGE LINE:203
 	  Message:quick requested message[1047] dispatch message to other module and error[vector::_M_range_insert]
LOGERROR
2016-12-06_11:43:16 FILE:../src/QuickMessage.cpp FUNC:On_MSG_REQUEST_MSG_REQ_GT2GM_QUICKMESSAGE LINE:203
 	  Message:quick requested message[1047] dispatch message to other module and error[vector::_M_range_insert]
LOGERROR
2016-12-06_11:43:16 FILE:../src/QuickMessage.cpp FUNC:On_MSG_REQUEST_MSG_REQ_GT2GM_QUICKMESSAGE LINE:203
 	  Message:quick requested message[1047] dispatch message to other module and error[vector::_M_range_insert]
LOGERROR
2016-12-06_11:43:17 FILE:../src/QuickMessage.cpp FUNC:On_MSG_REQUEST_MSG_REQ_GT2GM_QUICKMESSAGE LINE:203
 	  Message:quick requested message[1047] dispatch message to other module and error[vector::_M_range_insert]
LOGERROR
2016-12-06_11:43:18 FILE:../src/QuickMessage.cpp FUNC:On_MSG_REQUEST_MSG_REQ_GT2GM_QUICKMESSAGE LINE:203
 	  Message:quick requested message[1047] dispatch message to other module and error[vector::_M_range_insert]
LOGERROR
2016-12-06_11:43:18 FILE:../src/QuickMessage.cpp FUNC:On_MSG_REQUEST_MSG_REQ_GT2GM_QUICKMESSAGE LINE:203
 	  Message:quick requested message[1047] dispatch message to other module and error[vector::_M_range_insert]
LOGERROR
2016-12-06_11:43:18 FILE:../src/QuickMessage.cpp FUNC:On_MSG_REQUEST_MSG_REQ_GT2GM_QUICKMESSAGE LINE:203
 	  Message:quick requested message[1047] dispatch message to other module and error[vector::_M_range_insert]
LOGERROR
2016-12-06_11:43:19 FILE:../src/QuickMessage.cpp FUNC:On_MSG_REQUEST_MSG_REQ_GT2GM_QUICKMESSAGE LINE:203
 	  Message:quick requested message[1047] dispatch message to other module and error[vector::_M_range_insert]
LOGERROR
2016-12-06_11:43:20 FILE:../src/QuickMessage.cpp FUNC:On_MSG_REQUEST_MSG_REQ_GT2GM_QUICKMESSAGE LINE:203
 	  Message:quick requested message[1047] dispatch message to other module and error[vector::_M_range_insert]
LOGERROR
2016-12-06_11:43:20 FILE:../src/QuickMessage.cpp FUNC:On_MSG_REQUEST_MSG_REQ_GT2GM_QUICKMESSAGE LINE:203
 	  Message:quick requested message[1047] dispatch message to other module and error[vector::_M_range_insert]
LOGERROR
2016-12-06_11:43:20 FILE:../src/QuickMessage.cpp FUNC:On_MSG_REQUEST_MSG_REQ_GT2GM_QUICKMESSAGE LINE:203
 	  Message:quick requested message[1047] dispatch message to other module and error[vector::_M_range_insert]
LOGERROR
2016-12-06_11:43:21 FILE:../src/QuickMessage.cpp FUNC:On_MSG_REQUEST_MSG_REQ_GT2GM_QUICKMESSAGE LINE:203
 	  Message:quick requested message[1047] dispatch message to other module and error[vector::_M_range_insert]
LOGERROR
2016-12-06_11:43:21 FILE:../src/QuickMessage.cpp FUNC:On_MSG_REQUEST_MSG_REQ_GT2GM_QUICKMESSAGE LINE:203
 	  Message:quick requested message[1047] dispatch message to other module and error[vector::_M_range_insert]
LOGERROR
2016-12-06_11:43:21 FILE:../src/QuickMessage.cpp FUNC:On_MSG_REQUEST_MSG_REQ_GT2GM_QUICKMESSAGE LINE:203
 	  Message:quick requested message[1047] dispatch message to other module and error[vector::_M_range_insert]
LOGERROR
2016-12-06_11:43:21 FILE:../src/QuickMessage.cpp FUNC:On_MSG_REQUEST_MSG_REQ_GT2GM_QUICKMESSAGE LINE:203
 	  Message:quick requested message[1047] dispatch message to other module and error[vector::_M_range_insert]
LOGERROR
2016-12-06_11:43:22 FILE:../src/QuickMessage.cpp FUNC:On_MSG_REQUEST_MSG_REQ_GT2GM_QUICKMESSAGE LINE:203
 	  Message:quick requested message[1047] dispatch message to other module and error[vector::_M_range_insert]
LOGERROR
2016-12-06_11:43:22 FILE:../src/QuickMessage.cpp FUNC:On_MSG_REQUEST_MSG_REQ_GT2GM_QUICKMESSAGE LINE:203
 	  Message:quick requested message[1047] dispatch message to other module and error[vector::_M_range_insert]
LOGERROR
2016-12-06_11:43:56 FILE:../src/QuestNew/QuestClan.cpp FUNC:GetInitClanQuestId LINE:82
 	  Message:Player Selet Clan Task,But Not Have Property Task
LOGERROR
2016-12-06_11:44:22 FILE:../src/Skill/SkillManager.cpp FUNC:SkillUpgrade LINE:1744
 	  Message:playerSkillUpGrade playerID:281479271679533 skillID:1302
LOGERROR
2016-12-06_11:44:22 FILE:../src/Skill/SkillManager.cpp FUNC:SkillUpgrade LINE:1744
 	  Message:playerSkillUpGrade playerID:281479271679533 skillID:1702
LOGERROR
2016-12-06_11:44:22 FILE:../src/Skill/SkillManager.cpp FUNC:SkillUpgrade LINE:1744
 	  Message:playerSkillUpGrade playerID:281479271679533 skillID:1402
LOGERROR
2016-12-06_11:44:22 FILE:../src/Skill/SkillManager.cpp FUNC:SkillUpgrade LINE:1744
 	  Message:playerSkillUpGrade playerID:281479271679533 skillID:1602
LOGERROR
2016-12-06_11:46:42 FILE:../src/QuickMessage.cpp FUNC:On_MSG_REQUEST_MSG_REQ_GT2GM_QUICKMESSAGE LINE:203
 	  Message:quick requested message[1047] dispatch message to other module and error[vector::_M_range_insert]
LOGERROR
2016-12-06_11:46:47 FILE:../src/QuickMessage.cpp FUNC:On_MSG_REQUEST_MSG_REQ_GT2GM_QUICKMESSAGE LINE:203
 	  Message:quick requested message[1047] dispatch message to other module and error[vector::_M_range_insert]
LOGERROR
2016-12-06_11:46:48 FILE:../src/QuickMessage.cpp FUNC:On_MSG_REQUEST_MSG_REQ_GT2GM_QUICKMESSAGE LINE:203
 	  Message:quick requested message[1047] dispatch message to other module and error[vector::_M_range_insert]
LOGERROR
2016-12-06_11:46:48 FILE:../src/QuickMessage.cpp FUNC:On_MSG_REQUEST_MSG_REQ_GT2GM_QUICKMESSAGE LINE:203
 	  Message:quick requested message[1047] dispatch message to other module and error[vector::_M_range_insert]
LOGERROR
2016-12-06_11:47:02 FILE:../src/QuickMessage.cpp FUNC:On_MSG_REQUEST_MSG_REQ_GT2GM_QUICKMESSAGE LINE:203
 	  Message:quick requested message[1047] dispatch message to other module and error[vector::_M_range_insert]
LOGERROR
2016-12-06_11:47:02 FILE:../src/QuickMessage.cpp FUNC:On_MSG_REQUEST_MSG_REQ_GT2GM_QUICKMESSAGE LINE:203
 	  Message:quick requested message[1047] dispatch message to other module and error[vector::_M_range_insert]
LOGERROR
2016-12-06_11:47:02 FILE:../src/QuickMessage.cpp FUNC:On_MSG_REQUEST_MSG_REQ_GT2GM_QUICKMESSAGE LINE:203
 	  Message:quick requested message[1047] dispatch message to other module and error[vector::_M_range_insert]
LOGERROR
2016-12-06_11:47:02 FILE:../src/QuickMessage.cpp FUNC:On_MSG_REQUEST_MSG_REQ_GT2GM_QUICKMESSAGE LINE:203
 	  Message:quick requested message[1047] dispatch message to other module and error[vector::_M_range_insert]
LOGERROR
2016-12-06_11:47:02 FILE:../src/QuickMessage.cpp FUNC:On_MSG_REQUEST_MSG_REQ_GT2GM_QUICKMESSAGE LINE:203
 	  Message:quick requested message[1047] dispatch message to other module and error[vector::_M_range_insert]
LOGERROR
2016-12-06_11:47:02 FILE:../src/QuickMessage.cpp FUNC:On_MSG_REQUEST_MSG_REQ_GT2GM_QUICKMESSAGE LINE:203
 	  Message:quick requested message[1047] dispatch message to other module and error[vector::_M_range_insert]
LOGERROR
2016-12-06_11:47:03 FILE:../src/QuickMessage.cpp FUNC:On_MSG_REQUEST_MSG_REQ_GT2GM_QUICKMESSAGE LINE:203
 	  Message:quick requested message[1047] dispatch message to other module and error[vector::_M_range_insert]