
LOGERROR
2016-11-11_11:39:51 FILE:../src/Map/SceneManager.cpp FUNC:SendAllMap LINE:93
 	  Message:send map to Gateserver but gameserver map is not existed in world
LOGERROR
2016-11-11_11:39:51 FILE:../src/Map/SceneManager.cpp FUNC:SendAllMap LINE:93
 	  Message:send map to Gateserver but gameserver map is not existed in world
LOGERROR
2016-11-11_12:00:27 FILE:../src/QuestNew/QuestClan.cpp FUNC:GetInitClanQuestId LINE:82
 	  Message:Player Selet Clan Task,But Not Have Property Task
LOGERROR
2016-11-11_12:00:48 FILE:../src/Skill/SkillManager.cpp FUNC:SkillUpgrade LINE:1744
 	  Message:playerSkillUpGrade playerID:281479271679533 skillID:7302
LOGERROR
2016-11-11_12:00:48 FILE:../src/Skill/SkillManager.cpp FUNC:SkillUpgrade LINE:1744
 	  Message:playerSkillUpGrade playerID:281479271679533 skillID:7502
LOGERROR
2016-11-11_12:00:48 FILE:../src/Skill/SkillManager.cpp FUNC:SkillUpgrade LINE:1744
 	  Message:playerSkillUpGrade playerID:281479271679533 skillID:7702
LOGERROR
2016-11-11_12:00:48 FILE:../src/Skill/SkillManager.cpp FUNC:SkillUpgrade LINE:1744
 	  Message:playerSkillUpGrade playerID:281479271679533 skillID:7402
LOGERROR
2016-11-11_12:02:22 FILE:../src/Object/Player/Player.cpp FUNC:SaveAllPlayer LINE:1590
 	  Message:save player[0] battle info[58] but null
LOGERROR
2016-11-11_12:02:22 FILE:../src/Object/Player/PlayerMessage.cpp FUNC:On_MSG_ACK_MSG_REQ_GM2DB_CONTAINERINFO LINE:1706
 	  Message:get player[charid=4294968877] container info but player is not existed
LOGERROR
2016-11-11_12:02:41 FILE:../src/QuestNew/QuestClan.cpp FUNC:GetInitClanQuestId LINE:82
 	  Message:Player Selet Clan Task,But Not Have Property Task