
LOGERROR
2016-12-20_17:02:46 FILE:../src/Map/SceneManager.cpp FUNC:SendAllMap LINE:93
 	  Message:send map to Gateserver but gameserver map is not existed in world
LOGERROR
2016-12-20_17:02:46 FILE:../src/Map/SceneManager.cpp FUNC:SendAllMap LINE:93
 	  Message:send map to Gateserver but gameserver map is not existed in world
LOGERROR
2016-12-20_17:03:13 FILE:../src/QuestNew/QuestClan.cpp FUNC:GetInitClanQuestId LINE:82
 	  Message:Player Selet Clan Task,But Not Have Property Task
LOGERROR
2016-12-20_17:03:24 FILE:../src/Skill/SkillManager.cpp FUNC:SkillUpgrade LINE:1744
 	  Message:playerSkillUpGrade playerID:281479271679472 skillID:1302
LOGERROR
2016-12-20_17:03:24 FILE:../src/Skill/SkillManager.cpp FUNC:SkillUpgrade LINE:1744
 	  Message:playerSkillUpGrade playerID:281479271679472 skillID:1702
LOGERROR
2016-12-20_17:03:24 FILE:../src/Skill/SkillManager.cpp FUNC:SkillUpgrade LINE:1744
 	  Message:playerSkillUpGrade playerID:281479271679472 skillID:1402
LOGERROR
2016-12-20_17:03:24 FILE:../src/Skill/SkillManager.cpp FUNC:SkillUpgrade LINE:1744
 	  Message:playerSkillUpGrade playerID:281479271679472 skillID:1602
LOGERROR
2016-12-20_17:03:26 FILE:../src/Object/Player/PlayerMessage.cpp FUNC:IsLoginON LINE:571
 	  Message:Transfer Map[220] is error
LOGERROR
2016-12-20_17:03:26 FILE:../src/Map/SceneManager.cpp FUNC:GetGameZone LINE:331
 	  Message:Get Scene but find not scene[sceneid=2203338276865]
LOGERROR
2016-12-20_17:03:26 FILE:../src/Map/SceneManager.cpp FUNC:EnterScene LINE:240
 	  Message:object enter scene but find not scene[sceneid=2203338276865]
LOGERROR
2016-12-20_17:03:26 FILE:../src/Object/Player/PlayerMessage.cpp FUNC:On_MSG_REQUEST_MSG_REQ_GT2GM_CLIENTIN LINE:780
 	  Message:client already in map and synch view but player[gs charid=281479271679460] cannot enter scene
LOGERROR
2016-12-20_17:05:25 FILE:../src/QuestNew/QuestClan.cpp FUNC:GetInitClanQuestId LINE:82
 	  Message:Player Selet Clan Task,But Not Have Property Task
LOGERROR
2016-12-20_17:05:43 FILE:../src/Skill/SkillManager.cpp FUNC:SkillUpgrade LINE:1744
 	  Message:playerSkillUpGrade playerID:281479271679457 skillID:4302
LOGERROR
2016-12-20_17:05:43 FILE:../src/Skill/SkillManager.cpp FUNC:SkillUpgrade LINE:1744
 	  Message:playerSkillUpGrade playerID:281479271679457 skillID:4502
LOGERROR
2016-12-20_17:05:43 FILE:../src/Skill/SkillManager.cpp FUNC:SkillUpgrade LINE:1744
 	  Message:playerSkillUpGrade playerID:281479271679457 skillID:4702
LOGERROR
2016-12-20_17:05:43 FILE:../src/Skill/SkillManager.cpp FUNC:SkillUpgrade LINE:1744
 	  Message:playerSkillUpGrade playerID:281479271679457 skillID:4402