
LOGERROR
2016-12-07_15:42:17 FILE:../src/Map/SceneManager.cpp FUNC:SendAllMap LINE:93
 	  Message:send map to Gateserver but gameserver map is not existed in world
LOGERROR
2016-12-07_15:42:17 FILE:../src/Map/SceneManager.cpp FUNC:SendAllMap LINE:93
 	  Message:send map to Gateserver but gameserver map is not existed in world
LOGERROR
2016-12-07_16:23:04 FILE:../src/QuestNew/QuestClan.cpp FUNC:GetInitClanQuestId LINE:82
 	  Message:Player Selet Clan Task,But Not Have Property Task
LOGERROR
2016-12-07_16:23:28 FILE:../src/Skill/SkillManager.cpp FUNC:SkillUpgrade LINE:1744
 	  Message:playerSkillUpGrade playerID:281479271679557 skillID:1302
LOGERROR
2016-12-07_16:23:28 FILE:../src/Skill/SkillManager.cpp FUNC:SkillUpgrade LINE:1744
 	  Message:playerSkillUpGrade playerID:281479271679557 skillID:1702
LOGERROR
2016-12-07_16:23:28 FILE:../src/Skill/SkillManager.cpp FUNC:SkillUpgrade LINE:1744
 	  Message:playerSkillUpGrade playerID:281479271679557 skillID:1402
LOGERROR
2016-12-07_16:23:28 FILE:../src/Skill/SkillManager.cpp FUNC:SkillUpgrade LINE:1744
 	  Message:playerSkillUpGrade playerID:281479271679557 skillID:1602
LOGERROR
2016-12-07_18:00:02 FILE:../src/Map/SceneManager.cpp FUNC:GetGameZone LINE:331
 	  Message:Get Scene but find not scene[sceneid=5501884826143]
LOGERROR
2016-12-08_10:00:15 FILE:../src/QuestNew/QuestClan.cpp FUNC:GetInitClanQuestId LINE:82
 	  Message:Player Selet Clan Task,But Not Have Property Task
LOGERROR
2016-12-08_10:04:08 FILE:../src/Object/Player/PlayerMessage.cpp FUNC:Handle_Ack LINE:329
 	  Message:Message Deal With Error=[CHECK failed: (index) < (size()): ] When Dispatching Message [messageID=1012 remoteID=1 remoteType=5]
LOGERROR
2016-12-08_11:08:06 FILE:../src/QuestNew/QuestClan.cpp FUNC:GetInitClanQuestId LINE:82
 	  Message:Player Selet Clan Task,But Not Have Property Task
LOGERROR
2016-12-08_11:08:40 FILE:../src/Skill/SkillManager.cpp FUNC:SkillUpgrade LINE:1744
 	  Message:playerSkillUpGrade playerID:281479271679566 skillID:1302
LOGERROR
2016-12-08_11:08:40 FILE:../src/Skill/SkillManager.cpp FUNC:SkillUpgrade LINE:1744
 	  Message:playerSkillUpGrade playerID:281479271679566 skillID:1702
LOGERROR
2016-12-08_11:08:40 FILE:../src/Skill/SkillManager.cpp FUNC:SkillUpgrade LINE:1744
 	  Message:playerSkillUpGrade playerID:281479271679566 skillID:1402
LOGERROR
2016-12-08_11:08:40 FILE:../src/Skill/SkillManager.cpp FUNC:SkillUpgrade LINE:1744
 	  Message:playerSkillUpGrade playerID:281479271679566 skillID:1602
LOGERROR
2016-12-08_11:09:10 FILE:../src/QuestNew/QuestClan.cpp FUNC:GetInitClanQuestId LINE:82
 	  Message:Player Selet Clan Task,But Not Have Property Task
LOGERROR
2016-12-08_11:09:31 FILE:../src/Skill/SkillManager.cpp FUNC:SkillUpgrade LINE:1744
 	  Message:playerSkillUpGrade playerID:281479271679567 skillID:1302
LOGERROR
2016-12-08_11:09:31 FILE:../src/Skill/SkillManager.cpp FUNC:SkillUpgrade LINE:1744
 	  Message:playerSkillUpGrade playerID:281479271679567 skillID:1702
LOGERROR
2016-12-08_11:09:31 FILE:../src/Skill/SkillManager.cpp FUNC:SkillUpgrade LINE:1744
 	  Message:playerSkillUpGrade playerID:281479271679567 skillID:1402
LOGERROR
2016-12-08_11:09:31 FILE:../src/Skill/SkillManager.cpp FUNC:SkillUpgrade LINE:1744
 	  Message:playerSkillUpGrade playerID:281479271679567 skillID:1602
LOGERROR
2016-12-08_11:20:36 FILE:../src/Skill/SkillManager.cpp FUNC:SkillUpgrade LINE:1744
 	  Message:playerSkillUpGrade playerID:281479271679565 skillID:1302
LOGERROR
2016-12-08_11:20:36 FILE:../src/Skill/SkillManager.cpp FUNC:SkillUpgrade LINE:1744
 	  Message:playerSkillUpGrade playerID:281479271679565 skillID:1702
LOGERROR
2016-12-08_11:20:36 FILE:../src/Skill/SkillManager.cpp FUNC:SkillUpgrade LINE:1744
 	  Message:playerSkillUpGrade playerID:281479271679565 skillID:1402
LOGERROR
2016-12-08_11:20:36 FILE:../src/Skill/SkillManager.cpp FUNC:SkillUpgrade LINE:1744
 	  Message:playerSkillUpGrade playerID:281479271679565 skillID:1602
LOGERROR
2016-12-08_11:21:28 FILE:../src/Skill/SkillManager.cpp FUNC:SkillUpgrade LINE:1744
 	  Message:playerSkillUpGrade playerID:281479271679565 skillID:1102
LOGERROR
2016-12-08_11:31:12 FILE:../src/Object/Player/PlayerMessage.cpp FUNC:On_MSG_SIMPLE_MSG_SIM_GT2GM_SYNCHPOS LINE:938
 	  Message:player synch position but player[gs charid=4294968902] is not exist
LOGERROR
2016-12-08_11:31:12 FILE:../src/Object/Player/PlayerMessage.cpp FUNC:On_MSG_REQUEST_MSG_REQ_GT2GM_SYNCHPOS LINE:1013
 	  Message:player synch position but player[gs charid=4294968902] is not exist
LOGERROR
2016-12-08_11:31:12 FILE:../src/Object/Player/PlayerMessage.cpp FUNC:On_MSG_SIMPLE_MSG_SIM_GT2GM_SYNCHPOS LINE:938
 	  Message:player synch position but player[gs charid=4294968902] is not exist
LOGERROR
2016-12-08_11:31:12 FILE:../src/Object/Player/PlayerMessage.cpp FUNC:On_MSG_REQUEST_MSG_REQ_GT2GM_SYNCHPOS LINE:1013
 	  Message:player synch position but player[gs charid=4294968902] is not exist
LOGERROR
2016-12-08_11:31:12 FILE:../src/Object/Player/PlayerMessage.cpp FUNC:On_MSG_SIMPLE_MSG_SIM_GT2GM_SYNCHPOS LINE:938
 	  Message:player synch position but player[gs charid=4294968902] is not exist
LOGERROR
2016-12-08_11:31:12 FILE:../src/Object/Player/PlayerMessage.cpp FUNC:On_MSG_REQUEST_MSG_REQ_GT2GM_SYNCHPOS LINE:1013
 	  Message:player synch position but player[gs charid=4294968902] is not exist
LOGERROR
2016-12-08_11:31:12 FILE:../src/Object/Player/PlayerMessage.cpp FUNC:On_MSG_SIMPLE_MSG_SIM_GT2GM_SYNCHPOS LINE:938
 	  Message:player synch position but player[gs charid=4294968902] is not exist
LOGERROR
2016-12-08_11:31:12 FILE:../src/Object/Player/PlayerMessage.cpp FUNC:On_MSG_SIMPLE_MSG_SIM_GT2GM_SYNCHPOS LINE:938
 	  Message:player synch position but player[gs charid=4294968902] is not exist
LOGERROR
2016-12-08_11:31:20 FILE:../src/Object/Player/PlayerMessage.cpp FUNC:On_MSG_REQUEST_MSG_REQ_GT2GM_PLAYERINFO LINE:1099
 	  Message:player[1] is online