
LOGERROR
2016-09-23_19:37:40 FILE:../src/Map/SceneManager.cpp FUNC:SendAllMap LINE:93
 	  Message:send map to Gateserver but gameserver map is not existed in world
LOGERROR
2016-09-23_19:37:40 FILE:../src/Map/SceneManager.cpp FUNC:SendAllMap LINE:93
 	  Message:send map to Gateserver but gameserver map is not existed in world
LOGERROR
2016-09-23_19:37:40 FILE:../src/Map/SceneManager.cpp FUNC:SendAllMap LINE:93
 	  Message:send map to Gateserver but gameserver map is not existed in world
LOGERROR
2016-09-23_19:37:40 FILE:../src/Map/SceneManager.cpp FUNC:SendAllMap LINE:93
 	  Message:send map to Gateserver but gameserver map is not existed in world
LOGERROR
2016-09-23_19:37:40 FILE:../src/Map/SceneManager.cpp FUNC:SendAllMap LINE:93
 	  Message:send map to Gateserver but gameserver map is not existed in world
LOGERROR
2016-09-23_19:37:40 FILE:../src/Map/SceneManager.cpp FUNC:SendAllMap LINE:93
 	  Message:send map to Gateserver but gameserver map is not existed in world
LOGERROR
2016-09-23_19:37:40 FILE:../src/Map/SceneManager.cpp FUNC:SendAllMap LINE:93
 	  Message:send map to Gateserver but gameserver map is not existed in world
LOGERROR
2016-09-23_19:37:40 FILE:../src/Map/SceneManager.cpp FUNC:SendAllMap LINE:93
 	  Message:send map to Gateserver but gameserver map is not existed in world
LOGERROR
2016-09-23_19:37:40 FILE:../src/Map/SceneManager.cpp FUNC:SendAllMap LINE:93
 	  Message:send map to Gateserver but gameserver map is not existed in world
LOGERROR
2016-09-23_19:37:40 FILE:../src/Map/SceneManager.cpp FUNC:SendAllMap LINE:93
 	  Message:send map to Gateserver but gameserver map is not existed in world
LOGERROR
2016-09-23_19:37:40 FILE:../src/Map/SceneManager.cpp FUNC:SendAllMap LINE:93
 	  Message:send map to Gateserver but gameserver map is not existed in world
LOGERROR
2016-09-23_19:38:01 FILE:../src/QuestNew/QuestClan.cpp FUNC:GetInitClanQuestId LINE:82
 	  Message:Player Selet Clan Task,But Not Have Property Task
LOGERROR
2016-09-23_19:38:24 FILE:../src/Skill/SkillManager.cpp FUNC:SkillUpgrade LINE:1744
 	  Message:playerSkillUpGrade playerID:281479271677960 skillID:1302
LOGERROR
2016-09-23_19:38:31 FILE:../src/Skill/SkillManager.cpp FUNC:SkillUpgrade LINE:1744
 	  Message:playerSkillUpGrade playerID:281479271677960 skillID:1702
LOGERROR
2016-09-23_19:38:55 FILE:../src/Skill/SkillManager.cpp FUNC:SkillUpgrade LINE:1744
 	  Message:playerSkillUpGrade playerID:281479271677960 skillID:1402
LOGERROR
2016-09-23_19:39:06 FILE:../src/Skill/SkillManager.cpp FUNC:SkillUpgrade LINE:1744
 	  Message:playerSkillUpGrade playerID:281479271677960 skillID:1602
LOGERROR
2016-09-23_19:39:25 FILE:../src/Skill/SkillFactory.cpp FUNC:GetSkillObject LINE:140
 	  Message:create skill but type is error
LOGERROR
2016-09-23_19:39:25 FILE:../src/Skill/SkillFactory.cpp FUNC:GetSkillObject LINE:140
 	  Message:create skill but type is error
LOGERROR
2016-09-23_19:39:39 FILE:../src/QuestNew/QuestClan.cpp FUNC:GetInitClanQuestId LINE:82
 	  Message:Player Selet Clan Task,But Not Have Property Task
LOGERROR
2016-09-23_20:03:52 FILE:../src/Skill/SkillManager.cpp FUNC:SkillUpgrade LINE:1744
 	  Message:playerSkillUpGrade playerID:281479271677960 skillID:1202
LOGERROR
2016-09-23_20:03:52 FILE:../src/Skill/SkillManager.cpp FUNC:SkillUpgrade LINE:1744
 	  Message:playerSkillUpGrade playerID:281479271677960 skillID:1502
LOGERROR
2016-09-23_20:03:53 FILE:../src/Container/ArticleEquipMgr.cpp FUNC:SetQuickSector LINE:309
 	  Message:SetQuickSector playerID:281479271677960 skillID:1201
LOGERROR
2016-09-23_20:03:53 FILE:../src/Container/ArticleEquipMgr.cpp FUNC:SetQuickSector LINE:309
 	  Message:SetQuickSector playerID:281479271677960 skillID:1501
LOGERROR
2016-09-23_20:05:43 FILE:../src/QuestNew/QuestClan.cpp FUNC:GetInitClanQuestId LINE:82
 	  Message:Player Selet Clan Task,But Not Have Property Task
LOGERROR
2016-09-23_20:06:32 FILE:../src/QuestNew/QuestClan.cpp FUNC:GetInitClanQuestId LINE:82
 	  Message:Player Selet Clan Task,But Not Have Property Task
LOGERROR
2016-09-23_20:07:22 FILE:../src/Object/Player/Player.cpp FUNC:SaveAllPlayer LINE:1590
 	  Message:save player[0] battle info[56] but null
LOGERROR
2016-09-23_20:07:22 FILE:../src/Object/Player/PlayerMessage.cpp FUNC:On_MSG_ACK_MSG_REQ_GM2DB_CONTAINERINFO LINE:1695
 	  Message:get player[charid=12884901899] container info but player is not existed
LOGERROR
2016-09-23_20:13:15 FILE:../src/QuestNew/QuestClan.cpp FUNC:GetInitClanQuestId LINE:82
 	  Message:Player Selet Clan Task,But Not Have Property Task
LOGERROR
2016-09-24_10:29:29 FILE:../src/Object/Player/Player.cpp FUNC:SaveAllPlayer LINE:1590
 	  Message:save player[0] battle info[56] but null
LOGERROR
2016-09-24_10:29:29 FILE:../src/Object/Player/PlayerMessage.cpp FUNC:On_MSG_ACK_MSG_REQ_GM2DB_CONTAINERINFO LINE:1695
 	  Message:get player[charid=4294967308] container info but player is not existed
LOGERROR
2016-09-24_10:29:30 FILE:../src/QuestNew/QuestClan.cpp FUNC:GetInitClanQuestId LINE:82
 	  Message:Player Selet Clan Task,But Not Have Property Task
LOGERROR
2016-09-24_10:30:30 FILE:../src/Object/Player/PlayerMessage.cpp FUNC:RemoveDelayPlayer LINE:1547
 	  Message:remove delay nowtime[1474684230082], oldtime[1474684170065], player[4294967308] and gameserver request gt exit
LOGERROR
2016-09-24_10:30:30 FILE:../src/Object/Player/PlayerMessage.cpp FUNC:RemoveDelayPlayer LINE:1547
 	  Message:remove delay nowtime[1474684230082], oldtime[1474684170071], player[12884901890] and gameserver request gt exit
LOGERROR
2016-09-24_11:10:34 FILE:../src/Skill/SkillFactory.cpp FUNC:GetSkillObject LINE:140
 	  Message:create skill but type is error
LOGERROR
2016-09-24_11:10:34 FILE:../src/Skill/SkillFactory.cpp FUNC:GetSkillObject LINE:140
 	  Message:create skill but type is error
LOGERROR
2016-09-24_11:12:27 FILE:../src/Skill/SkillFactory.cpp FUNC:GetSkillObject LINE:140
 	  Message:create skill but type is error
LOGERROR
2016-09-24_11:12:27 FILE:../src/Skill/SkillFactory.cpp FUNC:GetSkillObject LINE:140
 	  Message:create skill but type is error
LOGERROR
2016-09-24_15:30:08 FILE:../src/Map/SceneManager.cpp FUNC:GetGameZone LINE:331
 	  Message:Get Scene but find not scene[sceneid=5501877814513]
LOGERROR
2016-09-24_15:30:08 FILE:../src/Map/SceneManager.cpp FUNC:GetGameZone LINE:331
 	  Message:Get Scene but find not scene[sceneid=5501877880050]
LOGERROR
2016-09-24_15:30:08 FILE:../src/Map/SceneManager.cpp FUNC:GetGameZone LINE:331
 	  Message:Get Scene but find not scene[sceneid=5501877945587]
LOGERROR
2016-09-24_15:30:08 FILE:../src/Map/SceneManager.cpp FUNC:GetGameZone LINE:331
 	  Message:Get Scene but find not scene[sceneid=5501878011124]
LOGERROR
2016-09-24_15:35:36 FILE:../src/Skill/SkillFactory.cpp FUNC:GetSkillObject LINE:140
 	  Message:create skill but type is error
LOGERROR
2016-09-24_15:35:36 FILE:../src/Skill/SkillFactory.cpp FUNC:GetSkillObject LINE:140
 	  Message:create skill but type is error
LOGERROR
2016-09-24_15:36:19 FILE:../src/QuestNew/QuestClan.cpp FUNC:GetInitClanQuestId LINE:82
 	  Message:Player Selet Clan Task,But Not Have Property Task
LOGERROR
2016-09-24_15:37:11 FILE:../src/Skill/SkillManager.cpp FUNC:SkillUpgrade LINE:1744
 	  Message:playerSkillUpGrade playerID:281487861612557 skillID:7202
LOGERROR
2016-09-24_15:37:11 FILE:../src/Skill/SkillManager.cpp FUNC:SkillUpgrade LINE:1744
 	  Message:playerSkillUpGrade playerID:281487861612557 skillID:7302
LOGERROR
2016-09-24_15:37:11 FILE:../src/Skill/SkillManager.cpp FUNC:SkillUpgrade LINE:1744
 	  Message:playerSkillUpGrade playerID:281487861612557 skillID:7402
LOGERROR
2016-09-24_15:37:11 FILE:../src/Skill/SkillManager.cpp FUNC:SkillUpgrade LINE:1744
 	  Message:playerSkillUpGrade playerID:281487861612557 skillID:7502
LOGERROR
2016-09-24_15:37:11 FILE:../src/Skill/SkillManager.cpp FUNC:SkillUpgrade LINE:1744
 	  Message:playerSkillUpGrade playerID:281487861612557 skillID:7602
LOGERROR
2016-09-24_15:37:11 FILE:../src/Skill/SkillManager.cpp FUNC:SkillUpgrade LINE:1744
 	  Message:playerSkillUpGrade playerID:281487861612557 skillID:7702
LOGERROR
2016-09-24_15:37:12 FILE:../src/Container/ArticleEquipMgr.cpp FUNC:SetQuickSector LINE:309
 	  Message:SetQuickSector playerID:281487861612557 skillID:7401
LOGERROR
2016-09-24_15:37:12 FILE:../src/Container/ArticleEquipMgr.cpp FUNC:SetQuickSector LINE:309
 	  Message:SetQuickSector playerID:281487861612557 skillID:7501
LOGERROR
2016-09-24_15:37:12 FILE:../src/Container/ArticleEquipMgr.cpp FUNC:SetQuickSector LINE:309
 	  Message:SetQuickSector playerID:281487861612557 skillID:7601
LOGERROR
2016-09-24_15:37:12 FILE:../src/Container/ArticleEquipMgr.cpp FUNC:SetQuickSector LINE:309
 	  Message:SetQuickSector playerID:281487861612557 skillID:7701
LOGERROR
2016-09-24_15:37:12 FILE:../src/Container/ArticleEquipMgr.cpp FUNC:SetQuickSector LINE:309
 	  Message:SetQuickSector playerID:281487861612557 skillID:7201
LOGERROR
2016-09-24_15:37:12 FILE:../src/Container/ArticleEquipMgr.cpp FUNC:SetQuickSector LINE:309
 	  Message:SetQuickSector playerID:281487861612557 skillID:7301