
LOGERROR
2016-12-22_16:49:26 FILE:../src/Map/SceneManager.cpp FUNC:SendAllMap LINE:93
 	  Message:send map to Gateserver but gameserver map is not existed in world
LOGERROR
2016-12-22_16:49:26 FILE:../src/Map/SceneManager.cpp FUNC:SendAllMap LINE:93
 	  Message:send map to Gateserver but gameserver map is not existed in world
LOGERROR
2016-12-22_16:49:58 FILE:../src/QuestNew/QuestClan.cpp FUNC:GetInitClanQuestId LINE:82
 	  Message:Player Selet Clan Task,But Not Have Property Task
LOGERROR
2016-12-22_16:50:08 FILE:../src/Skill/SkillManager.cpp FUNC:SkillUpgrade LINE:1744
 	  Message:playerSkillUpGrade playerID:281479271679453 skillID:4302
LOGERROR
2016-12-22_16:50:08 FILE:../src/Skill/SkillManager.cpp FUNC:SkillUpgrade LINE:1744
 	  Message:playerSkillUpGrade playerID:281479271679453 skillID:4502
LOGERROR
2016-12-22_16:50:08 FILE:../src/Skill/SkillManager.cpp FUNC:SkillUpgrade LINE:1744
 	  Message:playerSkillUpGrade playerID:281479271679453 skillID:4702
LOGERROR
2016-12-22_16:50:08 FILE:../src/Skill/SkillManager.cpp FUNC:SkillUpgrade LINE:1744
 	  Message:playerSkillUpGrade playerID:281479271679453 skillID:4402
LOGERROR
2016-12-22_17:42:37 FILE:../src/QuestNew/QuestClan.cpp FUNC:GetInitClanQuestId LINE:82
 	  Message:Player Selet Clan Task,But Not Have Property Task