
LOGERROR
2016-12-06_12:36:05 FILE:../src/Map/SceneManager.cpp FUNC:SendAllMap LINE:93
 	  Message:send map to Gateserver but gameserver map is not existed in world
LOGERROR
2016-12-06_12:36:05 FILE:../src/Map/SceneManager.cpp FUNC:SendAllMap LINE:93
 	  Message:send map to Gateserver but gameserver map is not existed in world
LOGERROR
2016-12-06_14:13:53 FILE:../src/Object/Player/PlayerMessage.cpp FUNC:Handle_Ack LINE:329
 	  Message:Message Deal With Error=[CHECK failed: (index) < (size()): ] When Dispatching Message [messageID=1012 remoteID=1 remoteType=5]
LOGERROR
2016-12-06_14:15:23 FILE:../src/QuickMessage.cpp FUNC:On_MSG_REQUEST_MSG_REQ_GT2GM_QUICKMESSAGE LINE:203
 	  Message:quick requested message[1047] dispatch message to other module and error[vector::_M_range_insert]
LOGERROR
2016-12-06_14:15:24 FILE:../src/QuickMessage.cpp FUNC:On_MSG_REQUEST_MSG_REQ_GT2GM_QUICKMESSAGE LINE:203
 	  Message:quick requested message[1047] dispatch message to other module and error[vector::_M_range_insert]
LOGERROR
2016-12-06_14:15:25 FILE:../src/QuickMessage.cpp FUNC:On_MSG_REQUEST_MSG_REQ_GT2GM_QUICKMESSAGE LINE:203
 	  Message:quick requested message[1047] dispatch message to other module and error[vector::_M_range_insert]
LOGERROR
2016-12-06_14:15:25 FILE:../src/QuickMessage.cpp FUNC:On_MSG_REQUEST_MSG_REQ_GT2GM_QUICKMESSAGE LINE:203
 	  Message:quick requested message[1047] dispatch message to other module and error[vector::_M_range_insert]
LOGERROR
2016-12-06_14:15:25 FILE:../src/QuickMessage.cpp FUNC:On_MSG_REQUEST_MSG_REQ_GT2GM_QUICKMESSAGE LINE:203
 	  Message:quick requested message[1047] dispatch message to other module and error[vector::_M_range_insert]
LOGERROR
2016-12-06_14:15:25 FILE:../src/QuickMessage.cpp FUNC:On_MSG_REQUEST_MSG_REQ_GT2GM_QUICKMESSAGE LINE:203
 	  Message:quick requested message[1047] dispatch message to other module and error[vector::_M_range_insert]
LOGERROR
2016-12-06_14:15:50 FILE:../src/QuestNew/QuestClan.cpp FUNC:GetInitClanQuestId LINE:82
 	  Message:Player Selet Clan Task,But Not Have Property Task
LOGERROR
2016-12-06_14:16:14 FILE:../src/Skill/SkillManager.cpp FUNC:SkillUpgrade LINE:1744
 	  Message:playerSkillUpGrade playerID:281479271679534 skillID:1302
LOGERROR
2016-12-06_14:16:14 FILE:../src/Skill/SkillManager.cpp FUNC:SkillUpgrade LINE:1744
 	  Message:playerSkillUpGrade playerID:281479271679534 skillID:1702
LOGERROR
2016-12-06_14:16:14 FILE:../src/Skill/SkillManager.cpp FUNC:SkillUpgrade LINE:1744
 	  Message:playerSkillUpGrade playerID:281479271679534 skillID:1402
LOGERROR
2016-12-06_14:16:14 FILE:../src/Skill/SkillManager.cpp FUNC:SkillUpgrade LINE:1744
 	  Message:playerSkillUpGrade playerID:281479271679534 skillID:1602
LOGERROR
2016-12-06_14:20:28 FILE:../src/QuickMessage.cpp FUNC:On_MSG_REQUEST_MSG_REQ_GT2GM_QUICKMESSAGE LINE:203
 	  Message:quick requested message[1047] dispatch message to other module and error[vector::_M_range_insert]
LOGERROR
2016-12-06_14:20:49 FILE:../src/QuickMessage.cpp FUNC:On_MSG_REQUEST_MSG_REQ_GT2GM_QUICKMESSAGE LINE:203
 	  Message:quick requested message[1047] dispatch message to other module and error[vector::_M_range_insert]
LOGERROR
2016-12-06_14:20:49 FILE:../src/QuickMessage.cpp FUNC:On_MSG_REQUEST_MSG_REQ_GT2GM_QUICKMESSAGE LINE:203
 	  Message:quick requested message[1047] dispatch message to other module and error[vector::_M_range_insert]
LOGERROR
2016-12-06_14:20:50 FILE:../src/QuickMessage.cpp FUNC:On_MSG_REQUEST_MSG_REQ_GT2GM_QUICKMESSAGE LINE:203
 	  Message:quick requested message[1047] dispatch message to other module and error[vector::_M_range_insert]
LOGERROR
2016-12-06_14:20:50 FILE:../src/QuickMessage.cpp FUNC:On_MSG_REQUEST_MSG_REQ_GT2GM_QUICKMESSAGE LINE:203
 	  Message:quick requested message[1047] dispatch message to other module and error[vector::_M_range_insert]
LOGERROR
2016-12-06_14:21:47 FILE:../src/QuestNew/QuestClan.cpp FUNC:GetInitClanQuestId LINE:82
 	  Message:Player Selet Clan Task,But Not Have Property Task
LOGERROR
2016-12-06_14:23:37 FILE:../src/Object/Player/PlayerMessage.cpp FUNC:Handle_Ack LINE:329
 	  Message:Message Deal With Error=[std::bad_alloc] When Dispatching Message [messageID=1012 remoteID=1 remoteType=5]
LOGERROR
2016-12-06_14:23:44 FILE:../src/QuestNew/QuestClan.cpp FUNC:GetInitClanQuestId LINE:82
 	  Message:Player Selet Clan Task,But Not Have Property Task
LOGERROR
2016-12-06_14:24:25 FILE:../src/Object/Player/PlayerMessage.cpp FUNC:On_MSG_REQUEST_MSG_REQ_GT2GM_PLAYERINFO LINE:1099
 	  Message:player[1] is online