
LOGERROR
2016-09-19_18:53:58 FILE:../src/Map/SceneManager.cpp FUNC:SendAllMap LINE:93
 	  Message:send map to Gateserver but gameserver map is not existed in world
LOGERROR
2016-09-19_18:53:58 FILE:../src/Map/SceneManager.cpp FUNC:SendAllMap LINE:93
 	  Message:send map to Gateserver but gameserver map is not existed in world
LOGERROR
2016-09-19_18:53:58 FILE:../src/Map/SceneManager.cpp FUNC:SendAllMap LINE:93
 	  Message:send map to Gateserver but gameserver map is not existed in world
LOGERROR
2016-09-19_18:53:58 FILE:../src/Map/SceneManager.cpp FUNC:SendAllMap LINE:93
 	  Message:send map to Gateserver but gameserver map is not existed in world
LOGERROR
2016-09-20_09:27:22 FILE:../src/EquipSmith/EquipSmithEx/EquipSmithExMgr.cpp FUNC:On_MSG_REQUEST_MSG_REQ_GT2GM_STONEDAADEL LINE:776
 	  Message:add or delete stone but container type is error
LOGERROR
2016-09-20_09:28:02 FILE:../src/EquipSmith/EquipSmithEx/EquipSmithExMgr.cpp FUNC:On_MSG_REQUEST_MSG_REQ_GT2GM_STONEDAADEL LINE:776
 	  Message:add or delete stone but container type is error
LOGERROR
2016-09-20_09:28:35 FILE:../src/EquipSmith/EquipSmithEx/EquipSmithExMgr.cpp FUNC:On_MSG_REQUEST_MSG_REQ_GT2GM_STONEDAADEL LINE:776
 	  Message:add or delete stone but container type is error
LOGERROR
2016-09-20_09:31:07 FILE:../src/EquipSmith/EquipSmithEx/EquipSmithExMgr.cpp FUNC:On_MSG_REQUEST_MSG_REQ_GT2GM_STONEDAADEL LINE:776
 	  Message:add or delete stone but container type is error
LOGERROR
2016-09-20_09:34:18 FILE:../src/EquipSmith/EquipSmithEx/EquipSmithExMgr.cpp FUNC:On_MSG_REQUEST_MSG_REQ_GT2GM_STONEDAADEL LINE:776
 	  Message:add or delete stone but container type is error
LOGERROR
2016-09-20_09:34:52 FILE:../src/EquipSmith/EquipSmithEx/EquipSmithExMgr.cpp FUNC:On_MSG_REQUEST_MSG_REQ_GT2GM_STONEDAADEL LINE:776
 	  Message:add or delete stone but container type is error
LOGERROR
2016-09-20_09:35:23 FILE:../src/EquipSmith/EquipSmithEx/EquipSmithExMgr.cpp FUNC:On_MSG_REQUEST_MSG_REQ_GT2GM_STONEDAADEL LINE:776
 	  Message:add or delete stone but container type is error