
LOGERROR
2016-11-18_11:39:01 FILE:../src/Map/SceneManager.cpp FUNC:SendAllMap LINE:93
 	  Message:send map to Gateserver but gameserver map is not existed in world
LOGERROR
2016-11-18_11:39:01 FILE:../src/Map/SceneManager.cpp FUNC:SendAllMap LINE:93
 	  Message:send map to Gateserver but gameserver map is not existed in world
LOGERROR
2016-11-18_11:50:01 FILE:../src/Map/SceneManager.cpp FUNC:GetGameZone LINE:331
 	  Message:Get Scene but find not scene[sceneid=5501884825608]
LOGERROR
2016-11-18_12:27:22 FILE:../src/Object/Player/PlayerMessage.cpp FUNC:IsLoginON LINE:566
 	  Message:Transfer Map[228] is error
LOGERROR
2016-11-18_12:27:22 FILE:../src/Map/SceneManager.cpp FUNC:GetGameZone LINE:331
 	  Message:Get Scene but find not scene[sceneid=2203338276865]
LOGERROR
2016-11-18_12:27:22 FILE:../src/Map/SceneManager.cpp FUNC:EnterScene LINE:240
 	  Message:object enter scene but find not scene[sceneid=2203338276865]
LOGERROR
2016-11-18_12:27:22 FILE:../src/Object/Player/PlayerMessage.cpp FUNC:On_MSG_REQUEST_MSG_REQ_GT2GM_CLIENTIN LINE:775
 	  Message:client already in map and synch view but player[gs charid=281479271677975] cannot enter scene