
LOGERROR
2016-12-16_17:11:49 FILE:../src/Map/SceneManager.cpp FUNC:SendAllMap LINE:93
 	  Message:send map to Gateserver but gameserver map is not existed in world
LOGERROR
2016-12-16_17:11:49 FILE:../src/Map/SceneManager.cpp FUNC:SendAllMap LINE:93
 	  Message:send map to Gateserver but gameserver map is not existed in world
LOGERROR
2016-12-16_18:57:19 FILE:../src/Map/SceneManager.cpp FUNC:LeaveScene LINE:322
 	  Message:object Leave Scene but find not scene[sceneid=5501884366855]
LOGERROR
2016-12-16_18:58:03 FILE:../src/Object/Player/PlayerMessage.cpp FUNC:IsLoginON LINE:571
 	  Message:Transfer Map[221] is error
LOGERROR
2016-12-16_18:58:03 FILE:../src/Map/SceneManager.cpp FUNC:GetGameZone LINE:331
 	  Message:Get Scene but find not scene[sceneid=2203338276865]
LOGERROR
2016-12-16_18:58:03 FILE:../src/Map/SceneManager.cpp FUNC:EnterScene LINE:240
 	  Message:object enter scene but find not scene[sceneid=2203338276865]
LOGERROR
2016-12-16_18:58:03 FILE:../src/Object/Player/PlayerMessage.cpp FUNC:On_MSG_REQUEST_MSG_REQ_GT2GM_CLIENTIN LINE:780
 	  Message:client already in map and synch view but player[gs charid=281479271679464] cannot enter scene