
LOGERROR
2016-12-02_12:25:50 FILE:../src/Map/SceneManager.cpp FUNC:SendAllMap LINE:93
 	  Message:send map to Gateserver but gameserver map is not existed in world
LOGERROR
2016-12-02_12:25:50 FILE:../src/Map/SceneManager.cpp FUNC:SendAllMap LINE:93
 	  Message:send map to Gateserver but gameserver map is not existed in world
LOGERROR
2016-12-02_16:37:41 FILE:../src/Object/Player/PlayerMessage.cpp FUNC:Handle_Ack LINE:329
 	  Message:Message Deal With Error=[CHECK failed: (index) < (size()): ] When Dispatching Message [messageID=1012 remoteID=1 remoteType=5]
LOGERROR
2016-12-02_16:38:14 FILE:../src/Object/Player/PlayerMessage.cpp FUNC:Handle_Ack LINE:329
 	  Message:Message Deal With Error=[CHECK failed: (index) < (size()): ] When Dispatching Message [messageID=1012 remoteID=1 remoteType=5]
LOGERROR
2016-12-02_16:38:39 FILE:../src/Object/Player/PlayerMessage.cpp FUNC:Handle_Ack LINE:329
 	  Message:Message Deal With Error=[CHECK failed: (index) < (size()): ] When Dispatching Message [messageID=1012 remoteID=1 remoteType=5]
LOGERROR
2016-12-02_17:42:08 FILE:../src/QuestNew/QuestClan.cpp FUNC:GetInitClanQuestId LINE:82
 	  Message:Player Selet Clan Task,But Not Have Property Task
LOGERROR
2016-12-02_17:42:27 FILE:../src/Skill/SkillManager.cpp FUNC:SkillUpgrade LINE:1744
 	  Message:playerSkillUpGrade playerID:281479271679474 skillID:4302
LOGERROR
2016-12-02_17:42:27 FILE:../src/Skill/SkillManager.cpp FUNC:SkillUpgrade LINE:1744
 	  Message:playerSkillUpGrade playerID:281479271679474 skillID:4502
LOGERROR
2016-12-02_17:42:27 FILE:../src/Skill/SkillManager.cpp FUNC:SkillUpgrade LINE:1744
 	  Message:playerSkillUpGrade playerID:281479271679474 skillID:4702
LOGERROR
2016-12-02_17:42:27 FILE:../src/Skill/SkillManager.cpp FUNC:SkillUpgrade LINE:1744
 	  Message:playerSkillUpGrade playerID:281479271679474 skillID:4402
LOGERROR
2016-12-05_09:40:43 FILE:../src/Object/Player/PlayerMessage.cpp FUNC:Handle_Ack LINE:329
 	  Message:Message Deal With Error=[CHECK failed: (index) < (size()): ] When Dispatching Message [messageID=1012 remoteID=1 remoteType=5]
LOGERROR
2016-12-05_10:02:52 FILE:../src/Object/Player/PlayerMessage.cpp FUNC:Handle_Ack LINE:329
 	  Message:Message Deal With Error=[CHECK failed: (index) < (size()): ] When Dispatching Message [messageID=1012 remoteID=1 remoteType=5]
LOGERROR
2016-12-06_10:38:56 FILE:../src/QuestNew/QuestClan.cpp FUNC:GetInitClanQuestId LINE:82
 	  Message:Player Selet Clan Task,But Not Have Property Task