
LOGERROR
2016-12-22_14:34:37 FILE:../src/Map/SceneManager.cpp FUNC:SendAllMap LINE:93
 	  Message:send map to Gateserver but gameserver map is not existed in world
LOGERROR
2016-12-22_14:34:37 FILE:../src/Map/SceneManager.cpp FUNC:SendAllMap LINE:93
 	  Message:send map to Gateserver but gameserver map is not existed in world
LOGERROR
2016-12-22_15:12:20 FILE:../src/QuestNew/QuestClan.cpp FUNC:GetInitClanQuestId LINE:82
 	  Message:Player Selet Clan Task,But Not Have Property Task
LOGERROR
2016-12-22_15:14:00 FILE:../src/Object/Player/PlayerMessage.cpp FUNC:Handle_Ack LINE:329
 	  Message:Message Deal With Error=[std::bad_alloc] When Dispatching Message [messageID=1012 remoteID=1 remoteType=5]
LOGERROR
2016-12-22_15:14:01 FILE:../src/QuestNew/QuestClan.cpp FUNC:GetInitClanQuestId LINE:82
 	  Message:Player Selet Clan Task,But Not Have Property Task
LOGERROR
2016-12-22_15:15:03 FILE:../src/Object/Player/PlayerMessage.cpp FUNC:On_MSG_REQUEST_MSG_REQ_GT2GM_PLAYERINFO LINE:1104
 	  Message:player[1] is online
LOGERROR
2016-12-22_15:15:14 FILE:../src/Object/Player/PlayerMessage.cpp FUNC:RemoveDelayPlayer LINE:1564
 	  Message:remove delay nowtime[1482390914916], oldtime[1482390841187], player[4294968803] and gameserver request gt exit
LOGERROR
2016-12-22_15:15:14 FILE:../src/Object/Player/PlayerMessage.cpp FUNC:RemoveDelayPlayer LINE:1564
 	  Message:remove delay nowtime[1482390914916], oldtime[1482390841063], player[4294968818] and gameserver request gt exit
LOGERROR
2016-12-22_15:16:53 FILE:../src/Skill/SkillManager.cpp FUNC:SkillUpgrade LINE:1744
 	  Message:playerSkillUpGrade playerID:281479271679474 skillID:1302
LOGERROR
2016-12-22_15:16:53 FILE:../src/Skill/SkillManager.cpp FUNC:SkillUpgrade LINE:1744
 	  Message:playerSkillUpGrade playerID:281479271679474 skillID:1702
LOGERROR
2016-12-22_15:16:53 FILE:../src/Skill/SkillManager.cpp FUNC:SkillUpgrade LINE:1744
 	  Message:playerSkillUpGrade playerID:281479271679474 skillID:1402
LOGERROR
2016-12-22_15:16:53 FILE:../src/Skill/SkillManager.cpp FUNC:SkillUpgrade LINE:1744
 	  Message:playerSkillUpGrade playerID:281479271679474 skillID:1602
LOGERROR
2016-12-22_15:19:51 FILE:../src/QuestNew/QuestClan.cpp FUNC:GetInitClanQuestId LINE:82
 	  Message:Player Selet Clan Task,But Not Have Property Task
LOGERROR
2016-12-22_15:20:09 FILE:../src/Skill/SkillManager.cpp FUNC:SkillUpgrade LINE:1744
 	  Message:playerSkillUpGrade playerID:281479271679475 skillID:4302
LOGERROR
2016-12-22_15:20:09 FILE:../src/Skill/SkillManager.cpp FUNC:SkillUpgrade LINE:1744
 	  Message:playerSkillUpGrade playerID:281479271679475 skillID:4502
LOGERROR
2016-12-22_15:20:09 FILE:../src/Skill/SkillManager.cpp FUNC:SkillUpgrade LINE:1744
 	  Message:playerSkillUpGrade playerID:281479271679475 skillID:4702
LOGERROR
2016-12-22_15:20:09 FILE:../src/Skill/SkillManager.cpp FUNC:SkillUpgrade LINE:1744
 	  Message:playerSkillUpGrade playerID:281479271679475 skillID:4402