
LOGERROR
2016-12-23_15:27:54 FILE:../src/Map/SceneManager.cpp FUNC:SendAllMap LINE:93
 	  Message:send map to Gateserver but gameserver map is not existed in world
LOGERROR
2016-12-23_15:27:54 FILE:../src/Map/SceneManager.cpp FUNC:SendAllMap LINE:93
 	  Message:send map to Gateserver but gameserver map is not existed in world
LOGERROR
2016-12-23_15:29:00 FILE:../src/QuestNew/QuestClan.cpp FUNC:GetInitClanQuestId LINE:82
 	  Message:Player Selet Clan Task,But Not Have Property Task
LOGERROR
2016-12-23_15:29:16 FILE:../src/Skill/SkillManager.cpp FUNC:SkillUpgrade LINE:1744
 	  Message:playerSkillUpGrade playerID:281479271679460 skillID:1302
LOGERROR
2016-12-23_15:29:16 FILE:../src/Skill/SkillManager.cpp FUNC:SkillUpgrade LINE:1744
 	  Message:playerSkillUpGrade playerID:281479271679460 skillID:1702
LOGERROR
2016-12-23_15:29:16 FILE:../src/Skill/SkillManager.cpp FUNC:SkillUpgrade LINE:1744
 	  Message:playerSkillUpGrade playerID:281479271679460 skillID:1402
LOGERROR
2016-12-23_15:29:16 FILE:../src/Skill/SkillManager.cpp FUNC:SkillUpgrade LINE:1744
 	  Message:playerSkillUpGrade playerID:281479271679460 skillID:1602
LOGERROR
2016-12-23_18:00:01 FILE:../src/Map/SceneManager.cpp FUNC:GetGameZone LINE:331
 	  Message:Get Scene but find not scene[sceneid=5501884825600]
LOGERROR
2016-12-24_23:25:01 FILE:../src/Map/SceneManager.cpp FUNC:GetGameZone LINE:331
 	  Message:Get Scene but find not scene[sceneid=5501884301426]
LOGERROR
2016-12-24_23:25:01 FILE:../src/Map/SceneManager.cpp FUNC:GetGameZone LINE:331
 	  Message:Get Scene but find not scene[sceneid=5501884366963]
LOGERROR
2016-12-24_23:25:01 FILE:../src/Map/SceneManager.cpp FUNC:GetGameZone LINE:331
 	  Message:Get Scene but find not scene[sceneid=5501884432500]
LOGERROR
2016-12-24_23:25:01 FILE:../src/Map/SceneManager.cpp FUNC:GetGameZone LINE:331
 	  Message:Get Scene but find not scene[sceneid=5501884498037]
LOGERROR
2016-12-24_23:25:01 FILE:../src/Map/SceneManager.cpp FUNC:GetGameZone LINE:331
 	  Message:Get Scene but find not scene[sceneid=5501884301426]
LOGERROR
2016-12-24_23:25:01 FILE:../src/Map/SceneManager.cpp FUNC:GetGameZone LINE:331
 	  Message:Get Scene but find not scene[sceneid=5501884366963]
LOGERROR
2016-12-24_23:25:01 FILE:../src/Map/SceneManager.cpp FUNC:GetGameZone LINE:331
 	  Message:Get Scene but find not scene[sceneid=5501884432500]
LOGERROR
2016-12-24_23:25:01 FILE:../src/Map/SceneManager.cpp FUNC:GetGameZone LINE:331
 	  Message:Get Scene but find not scene[sceneid=5501884498037]
LOGERROR
2016-12-25_23:25:01 FILE:../src/Map/SceneManager.cpp FUNC:GetGameZone LINE:331
 	  Message:Get Scene but find not scene[sceneid=5501884301433]
LOGERROR
2016-12-25_23:25:01 FILE:../src/Map/SceneManager.cpp FUNC:GetGameZone LINE:331
 	  Message:Get Scene but find not scene[sceneid=5501884366970]
LOGERROR
2016-12-25_23:25:01 FILE:../src/Map/SceneManager.cpp FUNC:GetGameZone LINE:331
 	  Message:Get Scene but find not scene[sceneid=5501884432507]
LOGERROR
2016-12-25_23:25:01 FILE:../src/Map/SceneManager.cpp FUNC:GetGameZone LINE:331
 	  Message:Get Scene but find not scene[sceneid=5501884498044]
LOGERROR
2016-12-25_23:25:01 FILE:../src/Map/SceneManager.cpp FUNC:GetGameZone LINE:331
 	  Message:Get Scene but find not scene[sceneid=5501884301433]
LOGERROR
2016-12-25_23:25:01 FILE:../src/Map/SceneManager.cpp FUNC:GetGameZone LINE:331
 	  Message:Get Scene but find not scene[sceneid=5501884366970]
LOGERROR
2016-12-25_23:25:01 FILE:../src/Map/SceneManager.cpp FUNC:GetGameZone LINE:331
 	  Message:Get Scene but find not scene[sceneid=5501884432507]
LOGERROR
2016-12-25_23:25:01 FILE:../src/Map/SceneManager.cpp FUNC:GetGameZone LINE:331
 	  Message:Get Scene but find not scene[sceneid=5501884498044]