
LOGERROR
2016-11-15_15:14:18 FILE:../src/Map/SceneManager.cpp FUNC:SendAllMap LINE:93
 	  Message:send map to Gateserver but gameserver map is not existed in world
LOGERROR
2016-11-15_15:14:18 FILE:../src/Map/SceneManager.cpp FUNC:SendAllMap LINE:93
 	  Message:send map to Gateserver but gameserver map is not existed in world
LOGERROR
2016-11-16_09:45:10 FILE:../src/QuestNew/QuestClan.cpp FUNC:GetInitClanQuestId LINE:82
 	  Message:Player Selet Clan Task,But Not Have Property Task
LOGERROR
2016-11-16_09:45:50 FILE:../src/Skill/SkillManager.cpp FUNC:SkillUpgrade LINE:1744
 	  Message:playerSkillUpGrade playerID:281479271678016 skillID:1302
LOGERROR
2016-11-16_09:45:50 FILE:../src/Skill/SkillManager.cpp FUNC:SkillUpgrade LINE:1744
 	  Message:playerSkillUpGrade playerID:281479271678016 skillID:1702
LOGERROR
2016-11-16_09:45:50 FILE:../src/Skill/SkillManager.cpp FUNC:SkillUpgrade LINE:1744
 	  Message:playerSkillUpGrade playerID:281479271678016 skillID:1402
LOGERROR
2016-11-16_09:45:50 FILE:../src/Skill/SkillManager.cpp FUNC:SkillUpgrade LINE:1744
 	  Message:playerSkillUpGrade playerID:281479271678016 skillID:1602
LOGERROR
2016-11-16_10:06:22 FILE:../src/Skill/SkillManager.cpp FUNC:SkillUpgrade LINE:1744
 	  Message:playerSkillUpGrade playerID:281479271678016 skillID:1702
LOGERROR
2016-11-16_10:06:23 FILE:../src/Skill/SkillManager.cpp FUNC:SkillUpgrade LINE:1744
 	  Message:playerSkillUpGrade playerID:281479271678016 skillID:1402
LOGERROR
2016-11-16_10:06:26 FILE:../src/Skill/SkillManager.cpp FUNC:SkillUpgrade LINE:1744
 	  Message:playerSkillUpGrade playerID:281479271678016 skillID:1602
LOGERROR
2016-11-16_10:48:15 FILE:../src/QuestNew/QuestClan.cpp FUNC:GetInitClanQuestId LINE:82
 	  Message:Player Selet Clan Task,But Not Have Property Task
LOGERROR
2016-11-16_10:48:42 FILE:../src/Skill/SkillManager.cpp FUNC:SkillUpgrade LINE:1744
 	  Message:playerSkillUpGrade playerID:281479271678017 skillID:1302
LOGERROR
2016-11-16_10:48:42 FILE:../src/Skill/SkillManager.cpp FUNC:SkillUpgrade LINE:1744
 	  Message:playerSkillUpGrade playerID:281479271678017 skillID:1702
LOGERROR
2016-11-16_10:48:42 FILE:../src/Skill/SkillManager.cpp FUNC:SkillUpgrade LINE:1744
 	  Message:playerSkillUpGrade playerID:281479271678017 skillID:1402
LOGERROR
2016-11-16_10:48:42 FILE:../src/Skill/SkillManager.cpp FUNC:SkillUpgrade LINE:1744
 	  Message:playerSkillUpGrade playerID:281479271678017 skillID:1602
LOGERROR
2016-11-16_11:20:51 FILE:../src/Object/Player/PlayerMessage.cpp FUNC:On_MSG_SIMPLE_MSG_SIM_GT2GM_SYNCHPOS LINE:937
 	  Message:player synch position but player[gs charid=4294967361] is not exist
LOGERROR
2016-11-16_11:20:51 FILE:../src/Object/Player/PlayerMessage.cpp FUNC:On_MSG_REQUEST_MSG_REQ_GT2GM_SYNCHPOS LINE:1012
 	  Message:player synch position but player[gs charid=4294967361] is not exist