
LOGERROR
2016-10-14_18:20:45 FILE:../src/Map/SceneManager.cpp FUNC:SendAllMap LINE:93
 	  Message:send map to Gateserver but gameserver map is not existed in world
LOGERROR
2016-10-14_18:20:45 FILE:../src/Map/SceneManager.cpp FUNC:SendAllMap LINE:93
 	  Message:send map to Gateserver but gameserver map is not existed in world
LOGERROR
2016-10-14_18:20:45 FILE:../src/Map/SceneManager.cpp FUNC:SendAllMap LINE:93
 	  Message:send map to Gateserver but gameserver map is not existed in world
LOGERROR
2016-10-14_18:20:45 FILE:../src/Map/SceneManager.cpp FUNC:SendAllMap LINE:93
 	  Message:send map to Gateserver but gameserver map is not existed in world
LOGERROR
2016-10-14_18:20:45 FILE:../src/Map/SceneManager.cpp FUNC:SendAllMap LINE:93
 	  Message:send map to Gateserver but gameserver map is not existed in world
LOGERROR
2016-10-14_18:20:45 FILE:../src/Map/SceneManager.cpp FUNC:SendAllMap LINE:93
 	  Message:send map to Gateserver but gameserver map is not existed in world
LOGERROR
2016-10-14_18:20:45 FILE:../src/Map/SceneManager.cpp FUNC:SendAllMap LINE:93
 	  Message:send map to Gateserver but gameserver map is not existed in world
LOGERROR
2016-10-14_18:20:45 FILE:../src/Map/SceneManager.cpp FUNC:SendAllMap LINE:93
 	  Message:send map to Gateserver but gameserver map is not existed in world
LOGERROR
2016-10-14_18:20:45 FILE:../src/Map/SceneManager.cpp FUNC:SendAllMap LINE:93
 	  Message:send map to Gateserver but gameserver map is not existed in world
LOGERROR
2016-10-14_18:20:45 FILE:../src/Map/SceneManager.cpp FUNC:SendAllMap LINE:93
 	  Message:send map to Gateserver but gameserver map is not existed in world
LOGERROR
2016-10-14_18:20:45 FILE:../src/Map/SceneManager.cpp FUNC:SendAllMap LINE:93
 	  Message:send map to Gateserver but gameserver map is not existed in world
LOGERROR
2016-10-14_18:23:49 FILE:../src/Object/Player/PlayerMessage.cpp FUNC:IsLoginON LINE:565
 	  Message:Transfer Map[210] is error
LOGERROR
2016-10-14_18:23:57 FILE:../src/Object/Player/PlayerMessage.cpp FUNC:IsLoginON LINE:565
 	  Message:Transfer Map[210] is error
LOGERROR
2016-10-14_18:28:15 FILE:../src/Object/Player/PlayerMessage.cpp FUNC:IsLoginON LINE:565
 	  Message:Transfer Map[210] is error
LOGERROR
2016-10-14_18:28:29 FILE:../src/Object/Player/PlayerMessage.cpp FUNC:IsLoginON LINE:565
 	  Message:Transfer Map[210] is error
LOGERROR
2016-10-14_18:28:41 FILE:../src/Object/Player/PlayerMessage.cpp FUNC:IsLoginON LINE:565
 	  Message:Transfer Map[210] is error
LOGERROR
2016-10-14_18:34:05 FILE:../src/Object/Player/PlayerMessage.cpp FUNC:IsLoginON LINE:565
 	  Message:Transfer Map[210] is error
LOGERROR
2016-10-14_18:34:43 FILE:../src/Object/Player/PlayerMessage.cpp FUNC:RemoveDelayPlayer LINE:1547
 	  Message:remove delay nowtime[1476441283308], oldtime[1476441254336], player[12884901913] and gameserver request gt exit
LOGERROR
2016-10-14_18:36:11 FILE:../src/Object/Player/PlayerMessage.cpp FUNC:IsLoginON LINE:565
 	  Message:Transfer Map[210] is error
LOGERROR
2016-10-14_18:36:29 FILE:../src/Map/SceneManager.cpp FUNC:EnterScene LINE:240
 	  Message:object enter scene but find not scene[sceneid=5501883646013]
LOGERROR
2016-10-14_18:36:29 FILE:../src/Object/Player/PlayerMessage.cpp FUNC:On_MSG_REQUEST_MSG_REQ_GT2GM_CLIENTIN LINE:774
 	  Message:client already in map and synch view but player[gs charid=281487861612569] cannot enter scene
LOGERROR
2016-10-14_18:36:32 FILE:../src/Object/Player/PlayerMessage.cpp FUNC:On_MSG_SIMPLE_MSG_SIM_GT2GM_SYNCHPOS LINE:936
 	  Message:player synch position but player[gs charid=12884901913] is not exist
LOGERROR
2016-10-14_18:36:32 FILE:../src/Object/Player/PlayerMessage.cpp FUNC:On_MSG_REQUEST_MSG_REQ_GT2GM_SYNCHPOS LINE:1011
 	  Message:player synch position but player[gs charid=12884901913] is not exist
LOGERROR
2016-10-14_18:36:32 FILE:../src/Object/Player/PlayerMessage.cpp FUNC:On_MSG_SIMPLE_MSG_SIM_GT2GM_SYNCHPOS LINE:936
 	  Message:player synch position but player[gs charid=12884901913] is not exist
LOGERROR
2016-10-14_18:36:32 FILE:../src/Object/Player/PlayerMessage.cpp FUNC:On_MSG_SIMPLE_MSG_SIM_GT2GM_SYNCHPOS LINE:936
 	  Message:player synch position but player[gs charid=12884901913] is not exist
LOGERROR
2016-10-14_18:36:32 FILE:../src/Object/Player/PlayerMessage.cpp FUNC:On_MSG_REQUEST_MSG_REQ_GT2GM_SYNCHPOS LINE:1011
 	  Message:player synch position but player[gs charid=12884901913] is not exist
LOGERROR
2016-10-14_18:36:32 FILE:../src/Object/Player/PlayerMessage.cpp FUNC:On_MSG_SIMPLE_MSG_SIM_GT2GM_SYNCHPOS LINE:936
 	  Message:player synch position but player[gs charid=12884901913] is not exist
LOGERROR
2016-10-14_18:36:32 FILE:../src/Object/Player/PlayerMessage.cpp FUNC:On_MSG_REQUEST_MSG_REQ_GT2GM_SYNCHPOS LINE:1011
 	  Message:player synch position but player[gs charid=12884901913] is not exist
LOGERROR
2016-10-14_18:36:33 FILE:../src/Object/Player/PlayerMessage.cpp FUNC:On_MSG_SIMPLE_MSG_SIM_GT2GM_SYNCHPOS LINE:936
 	  Message:player synch position but player[gs charid=12884901913] is not exist
LOGERROR
2016-10-14_18:36:33 FILE:../src/Object/Player/PlayerMessage.cpp FUNC:On_MSG_SIMPLE_MSG_SIM_GT2GM_SYNCHPOS LINE:936
 	  Message:player synch position but player[gs charid=12884901913] is not exist
LOGERROR
2016-10-14_18:36:33 FILE:../src/Object/Player/PlayerMessage.cpp FUNC:On_MSG_REQUEST_MSG_REQ_GT2GM_SYNCHPOS LINE:1011
 	  Message:player synch position but player[gs charid=12884901913] is not exist
LOGERROR
2016-10-14_18:36:33 FILE:../src/Object/Player/PlayerMessage.cpp FUNC:On_MSG_SIMPLE_MSG_SIM_GT2GM_SYNCHPOS LINE:936
 	  Message:player synch position but player[gs charid=12884901913] is not exist
LOGERROR
2016-10-14_18:36:33 FILE:../src/Object/Player/PlayerMessage.cpp FUNC:On_MSG_REQUEST_MSG_REQ_GT2GM_SYNCHPOS LINE:1011
 	  Message:player synch position but player[gs charid=12884901913] is not exist
LOGERROR
2016-10-14_18:36:34 FILE:../src/Object/Player/PlayerMessage.cpp FUNC:On_MSG_SIMPLE_MSG_SIM_GT2GM_SYNCHPOS LINE:936
 	  Message:player synch position but player[gs charid=12884901913] is not exist
LOGERROR
2016-10-14_18:36:43 FILE:../src/Object/Player/PlayerMessage.cpp FUNC:RemoveDelayPlayer LINE:1547
 	  Message:remove delay nowtime[1476441403393], oldtime[1476441383263], player[12884901913] and gameserver request gt exit
LOGERROR
2016-10-14_18:37:20 FILE:../src/Object/Player/PlayerMessage.cpp FUNC:IsLoginON LINE:565
 	  Message:Transfer Map[210] is error
LOGERROR
2016-10-14_18:44:06 FILE:../src/Map/SceneManager.cpp FUNC:EnterScene LINE:240
 	  Message:object enter scene but find not scene[sceneid=5501883646018]
LOGERROR
2016-10-14_18:44:06 FILE:../src/Object/Player/PlayerMessage.cpp FUNC:On_MSG_REQUEST_MSG_REQ_GT2GM_CLIENTIN LINE:774
 	  Message:client already in map and synch view but player[gs charid=281487861612569] cannot enter scene
LOGERROR
2016-10-14_18:44:23 FILE:../src/Object/Player/PlayerMessage.cpp FUNC:RemoveDelayPlayer LINE:1547
 	  Message:remove delay nowtime[1476441863386], oldtime[1476441846191], player[12884901913] and gameserver request gt exit