
LOGERROR
2016-12-19_17:43:56 FILE:../src/Map/SceneManager.cpp FUNC:SendAllMap LINE:93
 	  Message:send map to Gateserver but gameserver map is not existed in world
LOGERROR
2016-12-19_17:43:56 FILE:../src/Map/SceneManager.cpp FUNC:SendAllMap LINE:93
 	  Message:send map to Gateserver but gameserver map is not existed in world
LOGERROR
2016-12-19_18:13:06 FILE:../src/QuestNew/QuestClan.cpp FUNC:GetInitClanQuestId LINE:82
 	  Message:Player Selet Clan Task,But Not Have Property Task
LOGERROR
2016-12-19_18:15:04 FILE:../src/Object/Player/PlayerMessage.cpp FUNC:Handle_Ack LINE:329
 	  Message:Message Deal With Error=[std::bad_alloc] When Dispatching Message [messageID=1012 remoteID=1 remoteType=5]
LOGERROR
2016-12-19_18:15:12 FILE:../src/QuestNew/QuestClan.cpp FUNC:GetInitClanQuestId LINE:82
 	  Message:Player Selet Clan Task,But Not Have Property Task
LOGERROR
2016-12-19_18:16:14 FILE:../src/Object/Player/PlayerMessage.cpp FUNC:RemoveDelayPlayer LINE:1564
 	  Message:remove delay nowtime[1482142574226], oldtime[1482142511094], player[4294968805] and gameserver request gt exit
LOGERROR
2016-12-19_18:19:15 FILE:../src/QuestNew/QuestClan.cpp FUNC:GetInitClanQuestId LINE:82
 	  Message:Player Selet Clan Task,But Not Have Property Task
LOGERROR
2016-12-19_18:20:05 FILE:../src/Object/Player/Player.cpp FUNC:SaveAllPlayer LINE:1573
 	  Message:save player[0] battle info[56] but null
LOGERROR
2016-12-19_18:20:07 FILE:../src/QuestNew/QuestClan.cpp FUNC:GetInitClanQuestId LINE:82
 	  Message:Player Selet Clan Task,But Not Have Property Task
LOGERROR
2016-12-19_18:20:08 FILE:../src/Object/Player/Player.cpp FUNC:SaveAllPlayer LINE:1573
 	  Message:save player[0] battle info[56] but null
LOGERROR
2016-12-19_18:20:08 FILE:../src/Object/Player/PlayerMessage.cpp FUNC:On_MSG_ACK_MSG_REQ_GM2WS_GET_WS_DATA LINE:4427
 	  Message:get player[charid=4294968804] container info but player is not existed
LOGERROR
2016-12-19_20:44:05 FILE:../src/QuestNew/QuestClan.cpp FUNC:GetInitClanQuestId LINE:82
 	  Message:Player Selet Clan Task,But Not Have Property Task
LOGERROR
2016-12-19_20:44:37 FILE:../src/Skill/SkillManager.cpp FUNC:SkillUpgrade LINE:1744
 	  Message:playerSkillUpGrade playerID:281479271679460 skillID:1302
LOGERROR
2016-12-19_20:44:37 FILE:../src/Skill/SkillManager.cpp FUNC:SkillUpgrade LINE:1744
 	  Message:playerSkillUpGrade playerID:281479271679460 skillID:1702
LOGERROR
2016-12-19_20:44:37 FILE:../src/Skill/SkillManager.cpp FUNC:SkillUpgrade LINE:1744
 	  Message:playerSkillUpGrade playerID:281479271679460 skillID:1402
LOGERROR
2016-12-19_20:44:37 FILE:../src/Skill/SkillManager.cpp FUNC:SkillUpgrade LINE:1744
 	  Message:playerSkillUpGrade playerID:281479271679460 skillID:1602
LOGERROR
2016-12-20_10:00:46 FILE:../src/QuestNew/QuestClan.cpp FUNC:GetInitClanQuestId LINE:82
 	  Message:Player Selet Clan Task,But Not Have Property Task
LOGERROR
2016-12-20_10:01:55 FILE:../src/Object/Player/PlayerMessage.cpp FUNC:RemoveDelayPlayer LINE:1564
 	  Message:remove delay nowtime[1482199315954], oldtime[1482199246173], player[4294968808] and gameserver request gt exit
LOGERROR
2016-12-20_10:01:56 FILE:../src/Object/Player/Player.cpp FUNC:SaveAllPlayer LINE:1573
 	  Message:save player[0] battle info[56] but null
LOGERROR
2016-12-20_10:01:57 FILE:../src/Object/Player/PlayerMessage.cpp FUNC:On_MSG_ACK_MSG_REQ_GM2DB_CONTAINERINFO LINE:1712
 	  Message:get player[charid=4294968808] container info but player is not existed
LOGERROR
2016-12-20_16:13:34 FILE:../src/Object/Player/PlayerMessage.cpp FUNC:RemoveDelayPlayer LINE:1564
 	  Message:remove delay nowtime[1482221614029], oldtime[1482221589893], player[4294968804] and gameserver request gt exit
LOGERROR
2016-12-20_16:41:03 FILE:../src/Map/SceneManager.cpp FUNC:GetGameZone LINE:331
 	  Message:Get Scene but find not scene[sceneid=5501884301319]
LOGERROR
2016-12-20_16:41:03 FILE:../src/Map/SceneManager.cpp FUNC:GetGameZone LINE:331
 	  Message:Get Scene but find not scene[sceneid=5501884366856]
LOGERROR
2016-12-20_16:41:03 FILE:../src/Map/SceneManager.cpp FUNC:GetGameZone LINE:331
 	  Message:Get Scene but find not scene[sceneid=5501884432393]
LOGERROR
2016-12-20_16:41:03 FILE:../src/Map/SceneManager.cpp FUNC:GetGameZone LINE:331
 	  Message:Get Scene but find not scene[sceneid=5501884497930]
LOGERROR
2016-12-20_16:41:03 FILE:../src/Map/SceneManager.cpp FUNC:GetGameZone LINE:331
 	  Message:Get Scene but find not scene[sceneid=5501884301319]
LOGERROR
2016-12-20_16:41:03 FILE:../src/Map/SceneManager.cpp FUNC:GetGameZone LINE:331
 	  Message:Get Scene but find not scene[sceneid=5501884366856]
LOGERROR
2016-12-20_16:41:03 FILE:../src/Map/SceneManager.cpp FUNC:GetGameZone LINE:331
 	  Message:Get Scene but find not scene[sceneid=5501884432393]
LOGERROR
2016-12-20_16:41:03 FILE:../src/Map/SceneManager.cpp FUNC:GetGameZone LINE:331
 	  Message:Get Scene but find not scene[sceneid=5501884497930]