
LOGERROR
2016-12-06_10:55:07 FILE:../src/Map/SceneManager.cpp FUNC:SendAllMap LINE:93
 	  Message:send map to Gateserver but gameserver map is not existed in world
LOGERROR
2016-12-06_10:55:07 FILE:../src/Map/SceneManager.cpp FUNC:SendAllMap LINE:93
 	  Message:send map to Gateserver but gameserver map is not existed in world
LOGERROR
2016-12-06_10:55:34 FILE:../src/QuestNew/QuestClan.cpp FUNC:GetInitClanQuestId LINE:82
 	  Message:Player Selet Clan Task,But Not Have Property Task
LOGERROR
2016-12-06_10:56:00 FILE:../src/Skill/SkillManager.cpp FUNC:SkillUpgrade LINE:1744
 	  Message:playerSkillUpGrade playerID:281479271679529 skillID:1302
LOGERROR
2016-12-06_10:56:00 FILE:../src/Skill/SkillManager.cpp FUNC:SkillUpgrade LINE:1744
 	  Message:playerSkillUpGrade playerID:281479271679529 skillID:1702
LOGERROR
2016-12-06_10:56:00 FILE:../src/Skill/SkillManager.cpp FUNC:SkillUpgrade LINE:1744
 	  Message:playerSkillUpGrade playerID:281479271679529 skillID:1402
LOGERROR
2016-12-06_10:56:00 FILE:../src/Skill/SkillManager.cpp FUNC:SkillUpgrade LINE:1744
 	  Message:playerSkillUpGrade playerID:281479271679529 skillID:1602
LOGERROR
2016-12-06_10:56:41 FILE:../src/Object/Player/PlayerMessage.cpp FUNC:On_MSG_SIMPLE_MSG_SIM_GT2GM_SYNCHPOS LINE:938
 	  Message:player synch position but player[gs charid=4294968873] is not exist
LOGERROR
2016-12-06_11:25:31 FILE:../src/QuestNew/QuestClan.cpp FUNC:GetInitClanQuestId LINE:82
 	  Message:Player Selet Clan Task,But Not Have Property Task
LOGERROR
2016-12-06_11:25:46 FILE:../src/Skill/SkillManager.cpp FUNC:SkillUpgrade LINE:1744
 	  Message:playerSkillUpGrade playerID:281479271679532 skillID:1302
LOGERROR
2016-12-06_11:25:46 FILE:../src/Skill/SkillManager.cpp FUNC:SkillUpgrade LINE:1744
 	  Message:playerSkillUpGrade playerID:281479271679532 skillID:1702
LOGERROR
2016-12-06_11:25:46 FILE:../src/Skill/SkillManager.cpp FUNC:SkillUpgrade LINE:1744
 	  Message:playerSkillUpGrade playerID:281479271679532 skillID:1402
LOGERROR
2016-12-06_11:25:46 FILE:../src/Skill/SkillManager.cpp FUNC:SkillUpgrade LINE:1744
 	  Message:playerSkillUpGrade playerID:281479271679532 skillID:1602