
LOGFATAL
2016-11-24_20:55:10 FILE:../src/QuickMessage.cpp FUNC:Handle_Request LINE:43
 	  Message:Message:[messageid = 18 ] DEF_MSG_DISPATCH_FUN [ Handle_Request ] and too more time[25806]
LOGFATAL
2016-11-24_20:55:10 FILE:../src/ServiceMain.cpp FUNC:Start LINE:1126
 	  Message:fps is slow  skill time[0], message time[25806], createtime[0], scene time[1],flush time[0], timer time[0], path time[0], quick message time[0], date time[0]
LOGFATAL
2016-11-25_10:47:23 FILE:../src/ServiceMain.cpp FUNC:Start LINE:1126
 	  Message:fps is slow  skill time[0], message time[0], createtime[0], scene time[1],flush time[0], timer time[0], path time[0], quick message time[0], date time[0]
LOGFATAL
2016-11-25_16:35:23 FILE:../src/Skill/SkillMessage.cpp FUNC:Handle_Request LINE:57
 	  Message:Message:[messageid = 1064 ] DEF_MSG_DISPATCH_FUN [ Handle_Request ] and too more time[61658]
LOGFATAL
2016-11-25_16:35:23 FILE:../src/ServiceMain.cpp FUNC:Start LINE:1126
 	  Message:fps is slow  skill time[0], message time[61659], createtime[0], scene time[4],flush time[0], timer time[0], path time[0], quick message time[0], date time[0]
LOGFATAL
2016-11-25_16:36:41 FILE:../src/Chat/ChatMgr.cpp FUNC:Handle_Request LINE:168
 	  Message:Message:[messageid = 6603 ] DEF_MSG_DISPATCH_FUN [ Handle_Request ] and too more time[4603]
LOGFATAL
2016-11-25_16:36:41 FILE:../src/ServiceMain.cpp FUNC:Start LINE:1126
 	  Message:fps is slow  skill time[0], message time[4603], createtime[0], scene time[3],flush time[0], timer time[0], path time[0], quick message time[0], date time[0]
LOGFATAL
2016-11-25_16:41:13 FILE:../src/Skill/SkillMessage.cpp FUNC:Handle_Request LINE:57
 	  Message:Message:[messageid = 1064 ] DEF_MSG_DISPATCH_FUN [ Handle_Request ] and too more time[226474]
LOGFATAL
2016-11-25_16:41:13 FILE:../src/ServiceMain.cpp FUNC:Start LINE:1126
 	  Message:fps is slow  skill time[0], message time[226474], createtime[0], scene time[12],flush time[0], timer time[0], path time[0], quick message time[0], date time[0]