
LOGFATAL
2016-12-19_12:11:14 FILE:../src/Object/Player/PlayerMessage.cpp FUNC:Handle_Ack LINE:329
 	  Message:Message:[messageid = 1012 ] DEF_MSG_DISPATCH_FUN [ Handle_Ack ] and too more time[221968]
LOGFATAL
2016-12-19_12:11:14 FILE:../src/ServiceMain.cpp FUNC:Start LINE:1126
 	  Message:fps is slow  skill time[0], message time[221982], createtime[57], scene time[1],flush time[0], timer time[0], path time[0], quick message time[0], date time[0]
LOGFATAL
2016-12-19_12:11:23 FILE:../src/Object/Player/PlayerMessage.cpp FUNC:Handle_Request LINE:313
 	  Message:Message:[messageid = 1022 ] DEF_MSG_DISPATCH_FUN [ Handle_Request ] and too more time[3003]
LOGFATAL
2016-12-19_12:11:23 FILE:../src/Object/Player/PlayerMessage.cpp FUNC:Handle_Request LINE:313
 	  Message:Message:[messageid = 1011 ] DEF_MSG_DISPATCH_FUN [ Handle_Request ] and too more time[101]
LOGFATAL
2016-12-19_12:11:23 FILE:../src/ServiceMain.cpp FUNC:Start LINE:1126
 	  Message:fps is slow  skill time[17], message time[3291], createtime[0], scene time[3263],flush time[0], timer time[1984], path time[0], quick message time[6], date time[0]
LOGFATAL
2016-12-19_12:11:24 FILE:../src/Object/Player/PlayerMessage.cpp FUNC:Handle_Ack LINE:329
 	  Message:Message:[messageid = 1012 ] DEF_MSG_DISPATCH_FUN [ Handle_Ack ] and too more time[749]
LOGFATAL
2016-12-19_12:11:24 FILE:../src/Object/Player/PlayerMessage.cpp FUNC:Handle_Ack LINE:329
 	  Message:Message:[messageid = 3002 ] DEF_MSG_DISPATCH_FUN [ Handle_Ack ] and too more time[141]
LOGFATAL
2016-12-19_12:11:28 FILE:../src/Object/Player/PlayerMessage.cpp FUNC:Handle_Ack LINE:329
 	  Message:Message:[messageid = 12708 ] DEF_MSG_DISPATCH_FUN [ Handle_Ack ] and too more time[2786]
LOGFATAL
2016-12-19_12:11:28 FILE:../src/ServiceMain.cpp FUNC:Start LINE:1126
 	  Message:fps is slow  skill time[0], message time[2786], createtime[0], scene time[1],flush time[0], timer time[0], path time[0], quick message time[0], date time[0]
LOGFATAL
2016-12-19_12:11:28 FILE:../src/Map/FindPathMgr.cpp FUNC:Handle_Message LINE:109
 	  Message:Message:[messageid = 20 ] DEF_MSG_DISPATCH_FUN [ Handle_Message ] and too more time[563]
LOGFATAL
2016-12-19_12:11:29 FILE:../src/Map/FindPathMgr.cpp FUNC:Handle_Message LINE:109
 	  Message:Message:[messageid = 20 ] DEF_MSG_DISPATCH_FUN [ Handle_Message ] and too more time[114]
LOGFATAL
2016-12-19_12:11:29 FILE:../src/Map/FindPathMgr.cpp FUNC:Handle_Message LINE:109
 	  Message:Message:[messageid = 20 ] DEF_MSG_DISPATCH_FUN [ Handle_Message ] and too more time[134]