
LOGFATAL
2016-11-21_10:02:58 FILE:../src/QuickMessage.cpp FUNC:Handle_Request LINE:43
 	  Message:Message:[messageid = 18 ] DEF_MSG_DISPATCH_FUN [ Handle_Request ] and too more time[21408]
LOGFATAL
2016-11-21_10:02:58 FILE:../src/ServiceMain.cpp FUNC:Start LINE:1126
 	  Message:fps is slow  skill time[0], message time[21410], createtime[0], scene time[2],flush time[0], timer time[0], path time[0], quick message time[0], date time[0]
LOGFATAL
2016-11-21_10:17:48 FILE:../src/ServiceMain.cpp FUNC:Start LINE:1126
 	  Message:fps is slow  skill time[0], message time[0], createtime[0], scene time[1],flush time[0], timer time[14835], path time[0], quick message time[0], date time[0]
LOGFATAL
2016-11-21_10:18:16 FILE:../src/ServiceMain.cpp FUNC:Start LINE:1126
 	  Message:fps is slow  skill time[0], message time[0], createtime[0], scene time[27787],flush time[0], timer time[0], path time[0], quick message time[0], date time[0]
LOGFATAL
2016-11-21_12:21:58 FILE:../src/ServiceMain.cpp FUNC:Start LINE:1126
 	  Message:fps is slow  skill time[0], message time[0], createtime[0], scene time[0],flush time[0], timer time[0], path time[0], quick message time[0], date time[0]
LOGFATAL
2016-11-22_18:12:39 FILE:../src/QuickMessage.cpp FUNC:Handle_Request LINE:43
 	  Message:Message:[messageid = 18 ] DEF_MSG_DISPATCH_FUN [ Handle_Request ] and too more time[18509]
LOGFATAL
2016-11-22_18:12:39 FILE:../src/ServiceMain.cpp FUNC:Start LINE:1126
 	  Message:fps is slow  skill time[0], message time[18510], createtime[0], scene time[1],flush time[0], timer time[0], path time[0], quick message time[0], date time[0]