
LOGFATAL
2016-12-08_14:10:29 FILE:../src/Skill/SkillMessage.cpp FUNC:Handle_Request LINE:57
 	  Message:Message:[messageid = 1056 ] DEF_MSG_DISPATCH_FUN [ Handle_Request ] and too more time[3922]
LOGFATAL
2016-12-08_14:10:29 FILE:../src/ServiceMain.cpp FUNC:Start LINE:1126
 	  Message:fps is slow  skill time[0], message time[3923], createtime[0], scene time[4],flush time[0], timer time[0], path time[0], quick message time[0], date time[0]
LOGFATAL
2016-12-08_14:10:43 FILE:../src/ServiceMain.cpp FUNC:Start LINE:1126
 	  Message:fps is slow  skill time[0], message time[1], createtime[0], scene time[1],flush time[0], timer time[13958], path time[1], quick message time[0], date time[0]
LOGFATAL
2016-12-08_14:10:56 FILE:../src/ServiceMain.cpp FUNC:Start LINE:1126
 	  Message:fps is slow  skill time[0], message time[0], createtime[0], scene time[5],flush time[0], timer time[4897], path time[0], quick message time[0], date time[0]
LOGFATAL
2016-12-08_16:23:11 FILE:../src/EquipSmith/EquipSmithEx/EquipSmithExMgr.cpp FUNC:Handle_Request LINE:75
 	  Message:Message:[messageid = 5506 ] DEF_MSG_DISPATCH_FUN [ Handle_Request ] and too more time[242565]
LOGFATAL
2016-12-08_16:23:11 FILE:../src/ServiceMain.cpp FUNC:Start LINE:1126
 	  Message:fps is slow  skill time[0], message time[242566], createtime[0], scene time[5],flush time[0], timer time[0], path time[0], quick message time[0], date time[0]
LOGFATAL
2016-12-08_16:29:00 FILE:../src/EquipSmith/EquipSmithEx/EquipSmithExMgr.cpp FUNC:Handle_Request LINE:75
 	  Message:Message:[messageid = 5506 ] DEF_MSG_DISPATCH_FUN [ Handle_Request ] and too more time[346731]
LOGFATAL
2016-12-08_16:29:00 FILE:../src/ServiceMain.cpp FUNC:Start LINE:1126
 	  Message:fps is slow  skill time[0], message time[346731], createtime[0], scene time[0],flush time[0], timer time[0], path time[0], quick message time[0], date time[0]
LOGFATAL
2016-12-08_16:32:58 FILE:../src/EquipSmith/EquipSmithEx/EquipSmithExMgr.cpp FUNC:Handle_Request LINE:75
 	  Message:Message:[messageid = 3029 ] DEF_MSG_DISPATCH_FUN [ Handle_Request ] and too more time[10109]
LOGFATAL
2016-12-08_16:32:58 FILE:../src/ServiceMain.cpp FUNC:Start LINE:1126
 	  Message:fps is slow  skill time[0], message time[10109], createtime[0], scene time[18],flush time[0], timer time[0], path time[0], quick message time[0], date time[0]
LOGFATAL
2016-12-08_17:39:59 FILE:../src/QuickMessage.cpp FUNC:Handle_Request LINE:43
 	  Message:Message:[messageid = 18 ] DEF_MSG_DISPATCH_FUN [ Handle_Request ] and too more time[169229]
LOGFATAL
2016-12-08_17:39:59 FILE:../src/ServiceMain.cpp FUNC:Start LINE:1126
 	  Message:fps is slow  skill time[0], message time[169230], createtime[0], scene time[1],flush time[0], timer time[0], path time[0], quick message time[0], date time[0]
LOGFATAL
2016-12-08_17:40:19 FILE:../src/Object/Player/PlayerMessage.cpp FUNC:Handle_Ack LINE:329
 	  Message:Message:[messageid = 12708 ] DEF_MSG_DISPATCH_FUN [ Handle_Ack ] and too more time[4285]
LOGFATAL
2016-12-08_17:40:19 FILE:../src/ServiceMain.cpp FUNC:Start LINE:1126
 	  Message:fps is slow  skill time[0], message time[4285], createtime[0], scene time[0],flush time[0], timer time[0], path time[0], quick message time[0], date time[0]
LOGFATAL
2016-12-08_18:08:44 FILE:../src/QuickMessage.cpp FUNC:Handle_Request LINE:43
 	  Message:Message:[messageid = 18 ] DEF_MSG_DISPATCH_FUN [ Handle_Request ] and too more time[47833]
LOGFATAL
2016-12-08_18:08:44 FILE:../src/ServiceMain.cpp FUNC:Start LINE:1126
 	  Message:fps is slow  skill time[0], message time[47833], createtime[0], scene time[0],flush time[0], timer time[0], path time[0], quick message time[0], date time[0]