
LOGFATAL
2016-12-22_12:28:40 FILE:../src/Object/Player/PlayerMessage.cpp FUNC:Handle_Request LINE:313
 	  Message:Message:[messageid = 1032 ] DEF_MSG_DISPATCH_FUN [ Handle_Request ] and too more time[8079]
LOGFATAL
2016-12-22_12:28:40 FILE:../src/ServiceMain.cpp FUNC:Start LINE:1126
 	  Message:fps is slow  skill time[0], message time[8080], createtime[0], scene time[2],flush time[0], timer time[0], path time[0], quick message time[0], date time[0]
LOGFATAL
2016-12-22_12:28:59 FILE:../src/ServiceMain.cpp FUNC:Start LINE:1126
 	  Message:fps is slow  skill time[0], message time[0], createtime[0], scene time[4],flush time[0], timer time[14364], path time[0], quick message time[0], date time[0]
LOGFATAL
2016-12-22_12:29:05 FILE:../src/Arena/ArenaMessage.cpp FUNC:Handle_Ack LINE:55
 	  Message:Message:[messageid = 8534 ] DEF_MSG_DISPATCH_FUN [ Handle_Ack ] and too more time[5599]
LOGFATAL
2016-12-22_12:29:05 FILE:../src/ServiceMain.cpp FUNC:Start LINE:1126
 	  Message:fps is slow  skill time[0], message time[5599], createtime[0], scene time[0],flush time[0], timer time[0], path time[0], quick message time[0], date time[0]
LOGFATAL
2016-12-22_12:30:36 FILE:../src/ServiceMain.cpp FUNC:Start LINE:1126
 	  Message:fps is slow  skill time[0], message time[0], createtime[0], scene time[3],flush time[0], timer time[25074], path time[0], quick message time[0], date time[0]
LOGFATAL
2016-12-22_12:30:47 FILE:../src/Object/Player/PlayerMessage.cpp FUNC:Handle_Request LINE:313
 	  Message:Message:[messageid = 1032 ] DEF_MSG_DISPATCH_FUN [ Handle_Request ] and too more time[2049]
LOGFATAL
2016-12-22_12:30:47 FILE:../src/ServiceMain.cpp FUNC:Start LINE:1126
 	  Message:fps is slow  skill time[0], message time[2049], createtime[0], scene time[1],flush time[0], timer time[0], path time[0], quick message time[0], date time[0]
LOGFATAL
2016-12-22_12:30:53 FILE:../src/ServiceMain.cpp FUNC:Start LINE:1126
 	  Message:fps is slow  skill time[0], message time[0], createtime[0], scene time[1],flush time[0], timer time[1252], path time[0], quick message time[0], date time[0]
LOGFATAL
2016-12-22_12:31:32 FILE:../src/Arena/ArenaMessage.cpp FUNC:Handle_Ack LINE:55
 	  Message:Message:[messageid = 8534 ] DEF_MSG_DISPATCH_FUN [ Handle_Ack ] and too more time[39149]
LOGFATAL
2016-12-22_12:31:41 FILE:../src/ServiceMain.cpp FUNC:Start LINE:1126
 	  Message:fps is slow  skill time[0], message time[47920], createtime[0], scene time[2],flush time[0], timer time[0], path time[0], quick message time[0], date time[0]
LOGFATAL
2016-12-22_12:31:43 FILE:../src/ServiceMain.cpp FUNC:Start LINE:1126
 	  Message:fps is slow  skill time[0], message time[0], createtime[0], scene time[2],flush time[0], timer time[1844], path time[0], quick message time[0], date time[0]
LOGFATAL
2016-12-22_12:31:50 FILE:../src/Object/Player/PlayerMessage.cpp FUNC:Handle_Request LINE:313
 	  Message:Message:[messageid = 1032 ] DEF_MSG_DISPATCH_FUN [ Handle_Request ] and too more time[1177]
LOGFATAL
2016-12-22_12:31:50 FILE:../src/ServiceMain.cpp FUNC:Start LINE:1126
 	  Message:fps is slow  skill time[0], message time[1177], createtime[0], scene time[2],flush time[0], timer time[0], path time[0], quick message time[0], date time[0]
LOGFATAL
2016-12-22_12:32:35 FILE:../src/Arena/ArenaMessage.cpp FUNC:Handle_Ack LINE:55
 	  Message:Message:[messageid = 8534 ] DEF_MSG_DISPATCH_FUN [ Handle_Ack ] and too more time[40117]
LOGFATAL
2016-12-22_12:32:35 FILE:../src/ServiceMain.cpp FUNC:Start LINE:1126
 	  Message:fps is slow  skill time[0], message time[40117], createtime[0], scene time[1],flush time[0], timer time[0], path time[0], quick message time[0], date time[0]
LOGFATAL
2016-12-22_12:33:32 FILE:../src/Object/Player/PlayerMessage.cpp FUNC:Handle_Request LINE:313
 	  Message:Message:[messageid = 1032 ] DEF_MSG_DISPATCH_FUN [ Handle_Request ] and too more time[5449]
LOGFATAL
2016-12-22_12:33:32 FILE:../src/ServiceMain.cpp FUNC:Start LINE:1126
 	  Message:fps is slow  skill time[0], message time[5450], createtime[0], scene time[4],flush time[0], timer time[0], path time[0], quick message time[0], date time[0]
LOGFATAL
2016-12-22_13:30:12 FILE:../src/Arena/ArenaMessage.cpp FUNC:Handle_Ack LINE:55
 	  Message:Message:[messageid = 8534 ] DEF_MSG_DISPATCH_FUN [ Handle_Ack ] and too more time[3393977]
LOGFATAL
2016-12-22_13:30:12 FILE:../src/ServiceMain.cpp FUNC:Start LINE:1126
 	  Message:fps is slow  skill time[0], message time[3393977], createtime[0], scene time[2],flush time[0], timer time[0], path time[0], quick message time[0], date time[0]