
LOGFATAL
2016-09-10_14:33:48 FILE:../src/Container/ContainerMessage.cpp FUNC:Handle_Request LINE:86
 	  Message:Message:[messageid = 3031 ] DEF_MSG_DISPATCH_FUN [ Handle_Request ] and too more time[58236]
LOGFATAL
2016-09-10_14:33:48 FILE:../src/ServiceMain.cpp FUNC:Start LINE:1123
 	  Message:fps is slow  skill time[0], message time[58236], createtime[0], scene time[1],flush time[0], timer time[0], path time[0], quick message time[0], date time[0]
LOGFATAL
2016-09-10_14:40:40 FILE:../src/Container/ContainerMessage.cpp FUNC:Handle_Request LINE:86
 	  Message:Message:[messageid = 3031 ] DEF_MSG_DISPATCH_FUN [ Handle_Request ] and too more time[16549]
LOGFATAL
2016-09-10_14:40:40 FILE:../src/ServiceMain.cpp FUNC:Start LINE:1123
 	  Message:fps is slow  skill time[0], message time[16549], createtime[0], scene time[1],flush time[0], timer time[0], path time[0], quick message time[0], date time[0]
LOGFATAL
2016-09-10_14:50:00 FILE:../src/Container/ContainerMessage.cpp FUNC:Handle_Request LINE:86
 	  Message:Message:[messageid = 3031 ] DEF_MSG_DISPATCH_FUN [ Handle_Request ] and too more time[221629]
LOGFATAL
2016-09-10_14:50:00 FILE:../src/ServiceMain.cpp FUNC:Start LINE:1123
 	  Message:fps is slow  skill time[0], message time[221629], createtime[0], scene time[1],flush time[0], timer time[0], path time[0], quick message time[0], date time[0]
LOGFATAL
2016-09-10_14:51:51 FILE:../src/Container/ContainerMessage.cpp FUNC:Handle_Request LINE:86
 	  Message:Message:[messageid = 3031 ] DEF_MSG_DISPATCH_FUN [ Handle_Request ] and too more time[65530]
LOGFATAL
2016-09-10_14:51:51 FILE:../src/ServiceMain.cpp FUNC:Start LINE:1123
 	  Message:fps is slow  skill time[0], message time[65532], createtime[0], scene time[1],flush time[0], timer time[0], path time[0], quick message time[0], date time[0]
LOGFATAL
2016-09-10_14:55:34 FILE:../src/Container/ContainerMessage.cpp FUNC:Handle_Request LINE:86
 	  Message:Message:[messageid = 3031 ] DEF_MSG_DISPATCH_FUN [ Handle_Request ] and too more time[48642]
LOGFATAL
2016-09-10_14:55:34 FILE:../src/ServiceMain.cpp FUNC:Start LINE:1123
 	  Message:fps is slow  skill time[0], message time[48642], createtime[0], scene time[1],flush time[0], timer time[0], path time[0], quick message time[0], date time[0]