
LOGFATAL
2016-09-23_20:07:20 FILE:../src/Object/Player/PlayerMessage.cpp FUNC:Handle_Ack LINE:328
 	  Message:Message:[messageid = 1012 ] DEF_MSG_DISPATCH_FUN [ Handle_Ack ] and too more time[48052]
LOGFATAL
2016-09-23_20:07:22 FILE:../src/ServiceMain.cpp FUNC:Start LINE:1124
 	  Message:fps is slow  skill time[0], message time[50238], createtime[0], scene time[0],flush time[0], timer time[0], path time[0], quick message time[0], date time[0]
LOGFATAL
2016-09-24_10:29:29 FILE:../src/Object/Player/PlayerMessage.cpp FUNC:Handle_Ack LINE:328
 	  Message:Message:[messageid = 1012 ] DEF_MSG_DISPATCH_FUN [ Handle_Ack ] and too more time[51374153]
LOGFATAL
2016-09-24_10:29:29 FILE:../src/ServiceMain.cpp FUNC:Start LINE:1124
 	  Message:fps is slow  skill time[0], message time[51374154], createtime[0], scene time[1],flush time[0], timer time[0], path time[0], quick message time[0], date time[0]
LOGFATAL
2016-09-24_11:12:19 FILE:../src/QuickMessage.cpp FUNC:Handle_Request LINE:43
 	  Message:Message:[messageid = 18 ] DEF_MSG_DISPATCH_FUN [ Handle_Request ] and too more time[23063]
LOGFATAL
2016-09-24_11:12:19 FILE:../src/ServiceMain.cpp FUNC:Start LINE:1124
 	  Message:fps is slow  skill time[0], message time[23064], createtime[0], scene time[4],flush time[0], timer time[0], path time[0], quick message time[0], date time[0]
LOGFATAL
2016-09-24_11:14:47 FILE:../src/QuickMessage.cpp FUNC:Handle_Request LINE:43
 	  Message:Message:[messageid = 18 ] DEF_MSG_DISPATCH_FUN [ Handle_Request ] and too more time[127844]
LOGFATAL
2016-09-24_11:14:47 FILE:../src/ServiceMain.cpp FUNC:Start LINE:1124
 	  Message:fps is slow  skill time[0], message time[127844], createtime[1], scene time[4],flush time[0], timer time[0], path time[0], quick message time[0], date time[0]
LOGFATAL
2016-09-24_11:18:07 FILE:../src/QuickMessage.cpp FUNC:Handle_Request LINE:43
 	  Message:Message:[messageid = 18 ] DEF_MSG_DISPATCH_FUN [ Handle_Request ] and too more time[197180]
LOGFATAL
2016-09-24_11:18:07 FILE:../src/ServiceMain.cpp FUNC:Start LINE:1124
 	  Message:fps is slow  skill time[0], message time[197181], createtime[0], scene time[4],flush time[0], timer time[0], path time[0], quick message time[0], date time[0]