
LOGFATAL
2016-09-20_09:28:35 FILE:../src/EquipSmith/EquipSmithEx/EquipSmithExMgr.cpp FUNC:Handle_Request LINE:75
 	  Message:Message:[messageid = 5502 ] DEF_MSG_DISPATCH_FUN [ Handle_Request ] and too more time[4130]
LOGFATAL
2016-09-20_09:28:35 FILE:../src/ServiceMain.cpp FUNC:Start LINE:1124
 	  Message:fps is slow  skill time[0], message time[4130], createtime[0], scene time[1],flush time[0], timer time[0], path time[0], quick message time[0], date time[0]
LOGFATAL
2016-09-20_09:30:22 FILE:../src/Object/Player/PlayerMessage.cpp FUNC:Handle_Ack LINE:328
 	  Message:Message:[messageid = 12708 ] DEF_MSG_DISPATCH_FUN [ Handle_Ack ] and too more time[9916]
LOGFATAL
2016-09-20_09:30:22 FILE:../src/ServiceMain.cpp FUNC:Start LINE:1124
 	  Message:fps is slow  skill time[0], message time[9916], createtime[0], scene time[0],flush time[0], timer time[0], path time[0], quick message time[0], date time[0]
LOGFATAL
2016-09-20_09:35:00 FILE:../src/EquipSmith/EquipSmithEx/EquipSmithExMgr.cpp FUNC:Handle_Request LINE:75
 	  Message:Message:[messageid = 5502 ] DEF_MSG_DISPATCH_FUN [ Handle_Request ] and too more time[13984]
LOGFATAL
2016-09-20_09:35:00 FILE:../src/ServiceMain.cpp FUNC:Start LINE:1124
 	  Message:fps is slow  skill time[0], message time[13984], createtime[0], scene time[0],flush time[0], timer time[0], path time[0], quick message time[0], date time[0]
LOGFATAL
2016-09-20_09:35:25 FILE:../src/EquipSmith/EquipSmithEx/EquipSmithExMgr.cpp FUNC:Handle_Request LINE:75
 	  Message:Message:[messageid = 5502 ] DEF_MSG_DISPATCH_FUN [ Handle_Request ] and too more time[18026]
LOGFATAL
2016-09-20_09:35:25 FILE:../src/ServiceMain.cpp FUNC:Start LINE:1124
 	  Message:fps is slow  skill time[0], message time[18027], createtime[0], scene time[2],flush time[0], timer time[0], path time[0], quick message time[0], date time[0]