
LOGFATAL
2016-09-14_17:26:59 FILE:../src/EquipSmith/EquipSmithEx/EquipSmithExMgr.cpp FUNC:Handle_Request LINE:75
 	  Message:Message:[messageid = 5502 ] DEF_MSG_DISPATCH_FUN [ Handle_Request ] and too more time[58772]
LOGFATAL
2016-09-14_17:26:59 FILE:../src/ServiceMain.cpp FUNC:Start LINE:1124
 	  Message:fps is slow  skill time[0], message time[58772], createtime[0], scene time[1],flush time[0], timer time[0], path time[0], quick message time[0], date time[0]
LOGFATAL
2016-09-14_17:28:26 FILE:../src/EquipSmith/EquipSmithEx/EquipSmithExMgr.cpp FUNC:Handle_Request LINE:75
 	  Message:Message:[messageid = 5502 ] DEF_MSG_DISPATCH_FUN [ Handle_Request ] and too more time[43839]
LOGFATAL
2016-09-14_17:28:26 FILE:../src/ServiceMain.cpp FUNC:Start LINE:1124
 	  Message:fps is slow  skill time[0], message time[43839], createtime[0], scene time[0],flush time[0], timer time[0], path time[0], quick message time[0], date time[0]
LOGFATAL
2016-09-14_17:30:29 FILE:../src/EquipSmith/EquipSmithEx/EquipSmithExMgr.cpp FUNC:Handle_Request LINE:75
 	  Message:Message:[messageid = 5502 ] DEF_MSG_DISPATCH_FUN [ Handle_Request ] and too more time[72117]
LOGFATAL
2016-09-14_17:30:29 FILE:../src/ServiceMain.cpp FUNC:Start LINE:1124
 	  Message:fps is slow  skill time[0], message time[72117], createtime[0], scene time[1],flush time[0], timer time[0], path time[0], quick message time[0], date time[0]
LOGFATAL
2016-09-14_17:32:02 FILE:../src/Object/Player/PlayerMessage.cpp FUNC:Handle_Ack LINE:328
 	  Message:Message:[messageid = 12708 ] DEF_MSG_DISPATCH_FUN [ Handle_Ack ] and too more time[39778]
LOGFATAL
2016-09-14_17:32:02 FILE:../src/ServiceMain.cpp FUNC:Start LINE:1124
 	  Message:fps is slow  skill time[0], message time[39778], createtime[0], scene time[0],flush time[0], timer time[0], path time[0], quick message time[0], date time[0]