
LOGFATAL
2016-12-06_14:37:43 FILE:../src/QuickMessage.cpp FUNC:Handle_Request LINE:43
 	  Message:Message:[messageid = 18 ] DEF_MSG_DISPATCH_FUN [ Handle_Request ] and too more time[7334]
LOGFATAL
2016-12-06_14:37:43 FILE:../src/ServiceMain.cpp FUNC:Start LINE:1126
 	  Message:fps is slow  skill time[0], message time[7334], createtime[0], scene time[3],flush time[0], timer time[0], path time[1], quick message time[0], date time[0]
LOGFATAL
2016-12-06_14:37:46 FILE:../src/QuickMessage.cpp FUNC:Handle_Request LINE:43
 	  Message:Message:[messageid = 18 ] DEF_MSG_DISPATCH_FUN [ Handle_Request ] and too more time[3886]
LOGFATAL
2016-12-06_14:37:52 FILE:../src/QuickMessage.cpp FUNC:Handle_Request LINE:43
 	  Message:Message:[messageid = 18 ] DEF_MSG_DISPATCH_FUN [ Handle_Request ] and too more time[5156]
LOGFATAL
2016-12-06_14:37:52 FILE:../src/ServiceMain.cpp FUNC:Start LINE:1126
 	  Message:fps is slow  skill time[0], message time[9042], createtime[0], scene time[10],flush time[0], timer time[0], path time[0], quick message time[0], date time[0]
LOGFATAL
2016-12-06_14:38:21 FILE:../src/QuickMessage.cpp FUNC:Handle_Request LINE:43
 	  Message:Message:[messageid = 18 ] DEF_MSG_DISPATCH_FUN [ Handle_Request ] and too more time[23368]
LOGFATAL
2016-12-06_14:38:21 FILE:../src/ServiceMain.cpp FUNC:Start LINE:1126
 	  Message:fps is slow  skill time[0], message time[23369], createtime[0], scene time[5],flush time[0], timer time[1], path time[0], quick message time[0], date time[0]
LOGFATAL
2016-12-06_14:38:51 FILE:../src/QuickMessage.cpp FUNC:Handle_Request LINE:43
 	  Message:Message:[messageid = 18 ] DEF_MSG_DISPATCH_FUN [ Handle_Request ] and too more time[22017]
LOGFATAL
2016-12-06_14:38:51 FILE:../src/ServiceMain.cpp FUNC:Start LINE:1126
 	  Message:fps is slow  skill time[0], message time[22018], createtime[0], scene time[12],flush time[0], timer time[0], path time[0], quick message time[0], date time[0]