
LOGFATAL
2016-11-16_09:35:23 FILE:../src/QuickMessage.cpp FUNC:Handle_Request LINE:43
 	  Message:Message:[messageid = 18 ] DEF_MSG_DISPATCH_FUN [ Handle_Request ] and too more time[13249]
LOGFATAL
2016-11-16_09:35:23 FILE:../src/ServiceMain.cpp FUNC:Start LINE:1133
 	  Message:fps is slow  skill time[0], message time[13250], createtime[0], scene time[9],flush time[0], timer time[0], path time[0], quick message time[0], date time[0]
LOGFATAL
2016-11-16_09:35:31 FILE:../src/Container/ContainerMessage.cpp FUNC:Handle_Request LINE:86
 	  Message:Message:[messageid = 3009 ] DEF_MSG_DISPATCH_FUN [ Handle_Request ] and too more time[4438]
LOGFATAL
2016-11-16_09:35:31 FILE:../src/ServiceMain.cpp FUNC:Start LINE:1133
 	  Message:fps is slow  skill time[0], message time[4438], createtime[0], scene time[28],flush time[0], timer time[0], path time[0], quick message time[0], date time[0]
LOGFATAL
2016-11-16_09:36:43 FILE:../src/QuickMessage.cpp FUNC:Handle_Request LINE:43
 	  Message:Message:[messageid = 18 ] DEF_MSG_DISPATCH_FUN [ Handle_Request ] and too more time[71669]
LOGFATAL
2016-11-16_09:36:43 FILE:../src/ServiceMain.cpp FUNC:Start LINE:1133
 	  Message:fps is slow  skill time[0], message time[71669], createtime[0], scene time[5],flush time[0], timer time[0], path time[0], quick message time[0], date time[0]
LOGFATAL
2016-11-16_11:54:20 FILE:../src/ServiceMain.cpp FUNC:Start LINE:1133
 	  Message:fps is slow  skill time[0], message time[33], createtime[0], scene time[9],flush time[0], timer time[1213], path time[0], quick message time[0], date time[0]
LOGFATAL
2016-11-16_12:01:02 FILE:../src/Map/FindPathMgr.cpp FUNC:Handle_Message LINE:109
 	  Message:Message:[messageid = 20 ] DEF_MSG_DISPATCH_FUN [ Handle_Message ] and too more time[131]