
LOGFATAL
2016-09-10_16:15:33 FILE:../src/ServiceMain.cpp FUNC:Start LINE:1123
 	  Message:fps is slow  skill time[0], message time[0], createtime[0], scene time[0],flush time[0], timer time[0], path time[0], quick message time[0], date time[0]
LOGFATAL
2016-09-10_16:17:55 FILE:../src/Object/Player/PlayerMessage.cpp FUNC:Handle_Ack LINE:328
 	  Message:Message:[messageid = 1012 ] DEF_MSG_DISPATCH_FUN [ Handle_Ack ] and too more time[58542]
LOGFATAL
2016-09-10_16:17:55 FILE:../src/ServiceMain.cpp FUNC:Start LINE:1123
 	  Message:fps is slow  skill time[0], message time[58542], createtime[0], scene time[1],flush time[0], timer time[0], path time[0], quick message time[0], date time[0]
LOGFATAL
2016-09-10_16:19:03 FILE:../src/Object/Player/PlayerMessage.cpp FUNC:Handle_Ack LINE:328
 	  Message:Message:[messageid = 1012 ] DEF_MSG_DISPATCH_FUN [ Handle_Ack ] and too more time[2853]
LOGFATAL
2016-09-10_16:19:03 FILE:../src/ServiceMain.cpp FUNC:Start LINE:1123
 	  Message:fps is slow  skill time[0], message time[2853], createtime[0], scene time[0],flush time[0], timer time[0], path time[0], quick message time[0], date time[0]
LOGFATAL
2016-09-10_16:22:34 FILE:../src/Object/Player/PlayerMessage.cpp FUNC:Handle_Ack LINE:328
 	  Message:Message:[messageid = 1012 ] DEF_MSG_DISPATCH_FUN [ Handle_Ack ] and too more time[18187]
LOGFATAL
2016-09-10_16:22:34 FILE:../src/ServiceMain.cpp FUNC:Start LINE:1123
 	  Message:fps is slow  skill time[0], message time[18187], createtime[0], scene time[1],flush time[0], timer time[0], path time[0], quick message time[0], date time[0]
LOGFATAL
2016-09-10_16:23:51 FILE:../src/Object/Player/PlayerMessage.cpp FUNC:Handle_Ack LINE:328
 	  Message:Message:[messageid = 1012 ] DEF_MSG_DISPATCH_FUN [ Handle_Ack ] and too more time[5497]
LOGFATAL
2016-09-10_16:23:51 FILE:../src/ServiceMain.cpp FUNC:Start LINE:1123
 	  Message:fps is slow  skill time[0], message time[5497], createtime[0], scene time[0],flush time[0], timer time[0], path time[0], quick message time[0], date time[0]