
LOGFATAL
2016-12-09_20:43:21 FILE:../src/Container/ContainerMessage.cpp FUNC:Handle_Request LINE:86
 	  Message:Message:[messageid = 3031 ] DEF_MSG_DISPATCH_FUN [ Handle_Request ] and too more time[207082]
LOGFATAL
2016-12-09_20:43:21 FILE:../src/ServiceMain.cpp FUNC:Start LINE:1126
 	  Message:fps is slow  skill time[0], message time[207082], createtime[0], scene time[1],flush time[0], timer time[0], path time[0], quick message time[0], date time[0]
LOGFATAL
2016-12-09_20:43:27 FILE:../src/Container/ContainerMessage.cpp FUNC:Handle_Request LINE:86
 	  Message:Message:[messageid = 3031 ] DEF_MSG_DISPATCH_FUN [ Handle_Request ] and too more time[2583]
LOGFATAL
2016-12-09_20:43:27 FILE:../src/ServiceMain.cpp FUNC:Start LINE:1126
 	  Message:fps is slow  skill time[0], message time[2583], createtime[0], scene time[2],flush time[0], timer time[0], path time[0], quick message time[0], date time[0]
LOGFATAL
2016-12-09_20:46:04 FILE:../src/Container/ContainerMessage.cpp FUNC:Handle_Request LINE:86
 	  Message:Message:[messageid = 3031 ] DEF_MSG_DISPATCH_FUN [ Handle_Request ] and too more time[153894]
LOGFATAL
2016-12-09_20:46:04 FILE:../src/ServiceMain.cpp FUNC:Start LINE:1126
 	  Message:fps is slow  skill time[0], message time[153894], createtime[0], scene time[1],flush time[0], timer time[0], path time[0], quick message time[0], date time[0]
LOGFATAL
2016-12-09_20:52:51 FILE:../src/Container/ContainerMessage.cpp FUNC:Handle_Request LINE:86
 	  Message:Message:[messageid = 3031 ] DEF_MSG_DISPATCH_FUN [ Handle_Request ] and too more time[392783]
LOGFATAL
2016-12-09_20:52:51 FILE:../src/ServiceMain.cpp FUNC:Start LINE:1126
 	  Message:fps is slow  skill time[0], message time[392783], createtime[0], scene time[1],flush time[0], timer time[0], path time[0], quick message time[0], date time[0]