
LOGFATAL
2016-12-23_11:16:39 FILE:../src/Arena/ArenaMessage.cpp FUNC:Handle_Ack LINE:55
 	  Message:Message:[messageid = 8544 ] DEF_MSG_DISPATCH_FUN [ Handle_Ack ] and too more time[1315]
LOGFATAL
2016-12-23_11:16:39 FILE:../src/ServiceMain.cpp FUNC:Start LINE:1126
 	  Message:fps is slow  skill time[0], message time[1315], createtime[0], scene time[1],flush time[0], timer time[0], path time[0], quick message time[0], date time[0]
LOGFATAL
2016-12-23_11:16:45 FILE:../src/QuickMessage.cpp FUNC:Handle_Request LINE:43
 	  Message:Message:[messageid = 18 ] DEF_MSG_DISPATCH_FUN [ Handle_Request ] and too more time[2326]
LOGFATAL
2016-12-23_11:16:45 FILE:../src/ServiceMain.cpp FUNC:Start LINE:1126
 	  Message:fps is slow  skill time[0], message time[2326], createtime[0], scene time[1],flush time[0], timer time[0], path time[0], quick message time[0], date time[0]
LOGFATAL
2016-12-23_11:17:06 FILE:../src/QuickMessage.cpp FUNC:Handle_Request LINE:43
 	  Message:Message:[messageid = 18 ] DEF_MSG_DISPATCH_FUN [ Handle_Request ] and too more time[3263]
LOGFATAL
2016-12-23_11:17:06 FILE:../src/ServiceMain.cpp FUNC:Start LINE:1126
 	  Message:fps is slow  skill time[0], message time[3263], createtime[0], scene time[2],flush time[0], timer time[0], path time[0], quick message time[0], date time[0]
LOGFATAL
2016-12-23_11:17:16 FILE:../src/Arena/ArenaMessage.cpp FUNC:Handle_Ack LINE:55
 	  Message:Message:[messageid = 8544 ] DEF_MSG_DISPATCH_FUN [ Handle_Ack ] and too more time[1288]
LOGFATAL
2016-12-23_11:17:16 FILE:../src/ServiceMain.cpp FUNC:Start LINE:1126
 	  Message:fps is slow  skill time[0], message time[1288], createtime[0], scene time[1],flush time[0], timer time[0], path time[0], quick message time[0], date time[0]
LOGFATAL
2016-12-23_11:17:20 FILE:../src/QuickMessage.cpp FUNC:Handle_Request LINE:43
 	  Message:Message:[messageid = 18 ] DEF_MSG_DISPATCH_FUN [ Handle_Request ] and too more time[3021]
LOGFATAL
2016-12-23_11:17:20 FILE:../src/ServiceMain.cpp FUNC:Start LINE:1126
 	  Message:fps is slow  skill time[0], message time[3022], createtime[0], scene time[1],flush time[0], timer time[0], path time[0], quick message time[0], date time[0]