
LOGFATAL
2016-12-06_16:28:35 FILE:../src/Object/Player/PlayerMessage.cpp FUNC:Handle_Ack LINE:329
 	  Message:Message:[messageid = 12708 ] DEF_MSG_DISPATCH_FUN [ Handle_Ack ] and too more time[95677]
LOGFATAL
2016-12-06_16:28:35 FILE:../src/ServiceMain.cpp FUNC:Start LINE:1126
 	  Message:fps is slow  skill time[0], message time[95677], createtime[0], scene time[0],flush time[0], timer time[0], path time[0], quick message time[0], date time[0]
LOGFATAL
2016-12-06_16:43:13 FILE:../src/Object/Player/PlayerMessage.cpp FUNC:Handle_Ack LINE:329
 	  Message:Message:[messageid = 12708 ] DEF_MSG_DISPATCH_FUN [ Handle_Ack ] and too more time[15250]
LOGFATAL
2016-12-06_16:43:13 FILE:../src/ServiceMain.cpp FUNC:Start LINE:1126
 	  Message:fps is slow  skill time[0], message time[15250], createtime[0], scene time[0],flush time[0], timer time[0], path time[0], quick message time[0], date time[0]
LOGFATAL
2016-12-06_16:43:56 FILE:../src/Daily/DailyMgr.cpp FUNC:Handle_Ack LINE:40
 	  Message:Message:[messageid = 10904 ] DEF_MSG_DISPATCH_FUN [ Handle_Ack ] and too more time[6665]
LOGFATAL
2016-12-06_16:43:56 FILE:../src/ServiceMain.cpp FUNC:Start LINE:1126
 	  Message:fps is slow  skill time[0], message time[6665], createtime[0], scene time[5],flush time[0], timer time[0], path time[0], quick message time[0], date time[0]
LOGFATAL
2016-12-06_16:55:11 FILE:../src/QuickMessage.cpp FUNC:Handle_Request LINE:43
 	  Message:Message:[messageid = 18 ] DEF_MSG_DISPATCH_FUN [ Handle_Request ] and too more time[61430]
LOGFATAL
2016-12-06_16:55:11 FILE:../src/ServiceMain.cpp FUNC:Start LINE:1126
 	  Message:fps is slow  skill time[0], message time[61431], createtime[0], scene time[19],flush time[0], timer time[0], path time[1], quick message time[0], date time[0]
LOGFATAL
2016-12-06_16:58:25 FILE:../src/QuickMessage.cpp FUNC:Handle_Request LINE:43
 	  Message:Message:[messageid = 18 ] DEF_MSG_DISPATCH_FUN [ Handle_Request ] and too more time[4433]
LOGFATAL
2016-12-06_16:58:25 FILE:../src/ServiceMain.cpp FUNC:Start LINE:1126
 	  Message:fps is slow  skill time[0], message time[4433], createtime[0], scene time[1],flush time[0], timer time[0], path time[0], quick message time[0], date time[0]
LOGFATAL
2016-12-06_16:58:58 FILE:../src/Daily/DailyMgr.cpp FUNC:Handle_Ack LINE:40
 	  Message:Message:[messageid = 10904 ] DEF_MSG_DISPATCH_FUN [ Handle_Ack ] and too more time[10558]
LOGFATAL
2016-12-06_16:58:58 FILE:../src/ServiceMain.cpp FUNC:Start LINE:1126
 	  Message:fps is slow  skill time[0], message time[10559], createtime[0], scene time[3],flush time[0], timer time[0], path time[1], quick message time[0], date time[0]