
LOGFATAL
2016-12-23_11:43:16 FILE:../src/QuickMessage.cpp FUNC:Handle_Request LINE:43
 	  Message:Message:[messageid = 18 ] DEF_MSG_DISPATCH_FUN [ Handle_Request ] and too more time[2450]
LOGFATAL
2016-12-23_11:43:16 FILE:../src/ServiceMain.cpp FUNC:Start LINE:1126
 	  Message:fps is slow  skill time[0], message time[2450], createtime[0], scene time[1],flush time[0], timer time[0], path time[0], quick message time[0], date time[0]
LOGFATAL
2016-12-23_11:43:18 FILE:../src/Arena/ArenaMessage.cpp FUNC:Handle_Ack LINE:55
 	  Message:Message:[messageid = 8544 ] DEF_MSG_DISPATCH_FUN [ Handle_Ack ] and too more time[1520]
LOGFATAL
2016-12-23_11:43:18 FILE:../src/ServiceMain.cpp FUNC:Start LINE:1126
 	  Message:fps is slow  skill time[0], message time[1520], createtime[0], scene time[0],flush time[0], timer time[0], path time[0], quick message time[0], date time[0]
LOGFATAL
2016-12-23_11:43:22 FILE:../src/QuickMessage.cpp FUNC:Handle_Request LINE:43
 	  Message:Message:[messageid = 18 ] DEF_MSG_DISPATCH_FUN [ Handle_Request ] and too more time[2870]
LOGFATAL
2016-12-23_11:43:22 FILE:../src/ServiceMain.cpp FUNC:Start LINE:1126
 	  Message:fps is slow  skill time[0], message time[2870], createtime[0], scene time[1],flush time[0], timer time[0], path time[0], quick message time[0], date time[0]
LOGFATAL
2016-12-23_11:43:53 FILE:../src/Arena/ArenaMessage.cpp FUNC:Handle_Ack LINE:55
 	  Message:Message:[messageid = 8544 ] DEF_MSG_DISPATCH_FUN [ Handle_Ack ] and too more time[31146]
LOGFATAL
2016-12-23_11:43:53 FILE:../src/ServiceMain.cpp FUNC:Start LINE:1126
 	  Message:fps is slow  skill time[0], message time[31146], createtime[0], scene time[0],flush time[0], timer time[0], path time[0], quick message time[0], date time[0]