
LOGFATAL
2016-12-20_20:00:54 FILE:../src/Object/Player/PlayerMessage.cpp FUNC:FastChangeMap LINE:2911
 	  Message:
  FastChangeMap 判断坐标错误 MapID[103] xpos[81]---- ypos[57]

LOGFATAL
2016-12-20_20:28:36 FILE:../src/ServiceMain.cpp FUNC:Start LINE:1126
 	  Message:fps is slow  skill time[0], message time[0], createtime[0], scene time[1],flush time[0], timer time[0], path time[0], quick message time[0], date time[0]
LOGFATAL
2016-12-20_20:28:40 FILE:../src/ServiceMain.cpp FUNC:Start LINE:1126
 	  Message:fps is slow  skill time[0], message time[0], createtime[0], scene time[1],flush time[0], timer time[0], path time[0], quick message time[0], date time[0]
LOGFATAL
2016-12-20_20:28:42 FILE:../src/ServiceMain.cpp FUNC:Start LINE:1126
 	  Message:fps is slow  skill time[0], message time[0], createtime[0], scene time[1],flush time[0], timer time[0], path time[0], quick message time[0], date time[0]
LOGFATAL
2016-12-20_20:28:44 FILE:../src/ServiceMain.cpp FUNC:Start LINE:1126
 	  Message:fps is slow  skill time[0], message time[0], createtime[0], scene time[2],flush time[0], timer time[0], path time[0], quick message time[0], date time[0]
LOGFATAL
2016-12-20_20:28:47 FILE:../src/ServiceMain.cpp FUNC:Start LINE:1126
 	  Message:fps is slow  skill time[0], message time[0], createtime[0], scene time[1],flush time[0], timer time[0], path time[1173], quick message time[0], date time[0]
LOGFATAL
2016-12-20_20:29:11 FILE:../src/ServiceMain.cpp FUNC:Start LINE:1126
 	  Message:fps is slow  skill time[0], message time[0], createtime[0], scene time[3],flush time[0], timer time[0], path time[0], quick message time[0], date time[0]
LOGFATAL
2016-12-20_20:29:20 FILE:../src/ServiceMain.cpp FUNC:Start LINE:1126
 	  Message:fps is slow  skill time[0], message time[1], createtime[0], scene time[2],flush time[0], timer time[0], path time[0], quick message time[0], date time[0]
LOGFATAL
2016-12-20_20:29:21 FILE:../src/ServiceMain.cpp FUNC:Start LINE:1126
 	  Message:fps is slow  skill time[0], message time[0], createtime[0], scene time[1],flush time[0], timer time[0], path time[0], quick message time[0], date time[0]
LOGFATAL
2016-12-20_20:29:55 FILE:../src/ServiceMain.cpp FUNC:Start LINE:1126
 	  Message:fps is slow  skill time[0], message time[0], createtime[0], scene time[2],flush time[0], timer time[0], path time[0], quick message time[0], date time[0]
LOGFATAL
2016-12-20_20:29:56 FILE:../src/Map/FindPathMgr.cpp FUNC:Handle_Message LINE:109
 	  Message:Message:[messageid = 20 ] DEF_MSG_DISPATCH_FUN [ Handle_Message ] and too more time[535]
LOGFATAL
2016-12-20_20:29:57 FILE:../src/ServiceMain.cpp FUNC:Start LINE:1126
 	  Message:fps is slow  skill time[0], message time[1116], createtime[0], scene time[480],flush time[0], timer time[0], path time[0], quick message time[0], date time[0]
LOGFATAL
2016-12-20_20:30:00 FILE:../src/ServiceMain.cpp FUNC:Start LINE:1126
 	  Message:fps is slow  skill time[0], message time[0], createtime[0], scene time[1],flush time[0], timer time[0], path time[0], quick message time[0], date time[0]
LOGFATAL
2016-12-20_20:30:06 FILE:../src/ServiceMain.cpp FUNC:Start LINE:1126
 	  Message:fps is slow  skill time[0], message time[2], createtime[0], scene time[2],flush time[0], timer time[0], path time[0], quick message time[0], date time[0]
LOGFATAL
2016-12-20_20:30:24 FILE:../src/ServiceMain.cpp FUNC:Start LINE:1126
 	  Message:fps is slow  skill time[0], message time[1], createtime[0], scene time[1],flush time[0], timer time[0], path time[0], quick message time[0], date time[0]
LOGFATAL
2016-12-20_20:30:28 FILE:../src/ServiceMain.cpp FUNC:Start LINE:1126
 	  Message:fps is slow  skill time[0], message time[0], createtime[0], scene time[1],flush time[0], timer time[0], path time[0], quick message time[0], date time[0]
LOGFATAL
2016-12-20_20:30:53 FILE:../src/ServiceMain.cpp FUNC:Start LINE:1126
 	  Message:fps is slow  skill time[0], message time[0], createtime[0], scene time[2],flush time[0], timer time[0], path time[0], quick message time[0], date time[0]
LOGFATAL
2016-12-20_20:30:57 FILE:../src/ServiceMain.cpp FUNC:Start LINE:1126
 	  Message:fps is slow  skill time[0], message time[1], createtime[0], scene time[1575],flush time[0], timer time[0], path time[0], quick message time[0], date time[0]
LOGFATAL
2016-12-20_20:31:09 FILE:../src/ServiceMain.cpp FUNC:Start LINE:1126
 	  Message:fps is slow  skill time[0], message time[0], createtime[0], scene time[2],flush time[0], timer time[0], path time[0], quick message time[0], date time[0]
LOGFATAL
2016-12-20_20:31:14 FILE:../src/ServiceMain.cpp FUNC:Start LINE:1126
 	  Message:fps is slow  skill time[0], message time[2], createtime[0], scene time[2],flush time[0], timer time[0], path time[0], quick message time[0], date time[0]
LOGFATAL
2016-12-20_20:31:35 FILE:../src/ServiceMain.cpp FUNC:Start LINE:1126
 	  Message:fps is slow  skill time[0], message time[0], createtime[0], scene time[3],flush time[0], timer time[0], path time[0], quick message time[0], date time[0]
LOGFATAL
2016-12-21_10:20:53 FILE:../src/ServiceMain.cpp FUNC:Start LINE:1126
 	  Message:fps is slow  skill time[0], message time[1], createtime[0], scene time[0],flush time[0], timer time[27379], path time[0], quick message time[0], date time[0]
LOGFATAL
2016-12-21_10:24:44 FILE:../src/ServiceMain.cpp FUNC:Start LINE:1126
 	  Message:fps is slow  skill time[0], message time[0], createtime[0], scene time[2],flush time[0], timer time[8850], path time[0], quick message time[0], date time[0]
LOGFATAL
2016-12-21_10:25:11 FILE:../src/ServiceMain.cpp FUNC:Start LINE:1126
 	  Message:fps is slow  skill time[0], message time[0], createtime[0], scene time[9],flush time[0], timer time[2439], path time[0], quick message time[0], date time[0]
LOGFATAL
2016-12-21_10:27:51 FILE:../src/ServiceMain.cpp FUNC:Start LINE:1126
 	  Message:fps is slow  skill time[0], message time[0], createtime[0], scene time[3],flush time[0], timer time[3730], path time[0], quick message time[0], date time[0]
LOGFATAL
2016-12-21_10:28:54 FILE:../src/ServiceMain.cpp FUNC:Start LINE:1126
 	  Message:fps is slow  skill time[0], message time[2], createtime[0], scene time[2],flush time[0], timer time[20481], path time[0], quick message time[0], date time[0]
LOGFATAL
2016-12-21_10:40:03 FILE:../src/ServiceMain.cpp FUNC:Start LINE:1126
 	  Message:fps is slow  skill time[0], message time[1], createtime[0], scene time[3],flush time[0], timer time[19185], path time[0], quick message time[0], date time[0]
LOGFATAL
2016-12-21_10:40:30 FILE:../src/ServiceMain.cpp FUNC:Start LINE:1126
 	  Message:fps is slow  skill time[0], message time[0], createtime[0], scene time[2],flush time[0], timer time[2796], path time[0], quick message time[0], date time[0]
LOGFATAL
2016-12-21_10:43:04 FILE:../src/ServiceMain.cpp FUNC:Start LINE:1126
 	  Message:fps is slow  skill time[0], message time[5], createtime[0], scene time[8],flush time[0], timer time[39611], path time[0], quick message time[0], date time[0]
LOGFATAL
2016-12-21_10:43:11 FILE:../src/PVP/PVPMgr.cpp FUNC:Handle_Ack LINE:311
 	  Message:Message:[messageid = 12737 ] DEF_MSG_DISPATCH_FUN [ Handle_Ack ] and too more time[6492]
LOGFATAL
2016-12-21_10:43:11 FILE:../src/ServiceMain.cpp FUNC:Start LINE:1126
 	  Message:fps is slow  skill time[0], message time[6493], createtime[0], scene time[2],flush time[0], timer time[0], path time[0], quick message time[0], date time[0]
LOGFATAL
2016-12-21_10:43:19 FILE:../src/ServiceMain.cpp FUNC:Start LINE:1126
 	  Message:fps is slow  skill time[0], message time[0], createtime[0], scene time[5],flush time[0], timer time[2466], path time[0], quick message time[0], date time[0]
LOGFATAL
2016-12-21_10:44:23 FILE:../src/ServiceMain.cpp FUNC:Start LINE:1126
 	  Message:fps is slow  skill time[0], message time[1], createtime[0], scene time[2],flush time[0], timer time[9261], path time[0], quick message time[0], date time[0]
LOGFATAL
2016-12-21_10:44:29 FILE:../src/ServiceMain.cpp FUNC:Start LINE:1126
 	  Message:fps is slow  skill time[0], message time[0], createtime[0], scene time[2],flush time[0], timer time[1844], path time[0], quick message time[0], date time[0]
LOGFATAL
2016-12-21_11:50:39 FILE:../src/ServiceMain.cpp FUNC:Start LINE:1126
 	  Message:fps is slow  skill time[0], message time[0], createtime[0], scene time[1],flush time[0], timer time[0], path time[0], quick message time[0], date time[0]
LOGFATAL
2016-12-21_11:50:44 FILE:../src/ServiceMain.cpp FUNC:Start LINE:1126
 	  Message:fps is slow  skill time[0], message time[0], createtime[0], scene time[1117],flush time[0], timer time[0], path time[0], quick message time[0], date time[0]
LOGFATAL
2016-12-21_11:50:55 FILE:../src/ServiceMain.cpp FUNC:Start LINE:1126
 	  Message:fps is slow  skill time[0], message time[0], createtime[0], scene time[1],flush time[0], timer time[0], path time[0], quick message time[0], date time[0]
LOGFATAL
2016-12-21_11:51:00 FILE:../src/ServiceMain.cpp FUNC:Start LINE:1126
 	  Message:fps is slow  skill time[0], message time[0], createtime[0], scene time[1],flush time[0], timer time[0], path time[0], quick message time[0], date time[0]
LOGFATAL
2016-12-21_11:51:22 FILE:../src/Map/FindPathMgr.cpp FUNC:Handle_Message LINE:109
 	  Message:Message:[messageid = 20 ] DEF_MSG_DISPATCH_FUN [ Handle_Message ] and too more time[391]
LOGFATAL
2016-12-21_11:51:23 FILE:../src/Object/Player/PlayerMessage.cpp FUNC:Handle_Request LINE:313
 	  Message:Message:[messageid = 1032 ] DEF_MSG_DISPATCH_FUN [ Handle_Request ] and too more time[550]
LOGFATAL
2016-12-21_11:51:37 FILE:../src/ServiceMain.cpp FUNC:Start LINE:1126
 	  Message:fps is slow  skill time[0], message time[0], createtime[0], scene time[1],flush time[0], timer time[0], path time[0], quick message time[0], date time[0]
LOGFATAL
2016-12-21_11:51:39 FILE:../src/QuickMessage.cpp FUNC:Handle_Request LINE:43
 	  Message:Message:[messageid = 18 ] DEF_MSG_DISPATCH_FUN [ Handle_Request ] and too more time[597]
LOGFATAL
2016-12-21_11:51:39 FILE:../src/ServiceMain.cpp FUNC:Start LINE:1126
 	  Message:fps is slow  skill time[0], message time[1197], createtime[0], scene time[1],flush time[0], timer time[0], path time[0], quick message time[0], date time[0]
LOGFATAL
2016-12-21_11:51:40 FILE:../src/Map/FindPathMgr.cpp FUNC:Handle_Message LINE:109
 	  Message:Message:[messageid = 20 ] DEF_MSG_DISPATCH_FUN [ Handle_Message ] and too more time[229]
LOGFATAL
2016-12-21_11:51:45 FILE:../src/ServiceMain.cpp FUNC:Start LINE:1126
 	  Message:fps is slow  skill time[0], message time[0], createtime[0], scene time[0],flush time[0], timer time[1], path time[0], quick message time[0], date time[0]
LOGFATAL
2016-12-21_18:10:01 FILE:../src/Object/Player/PlayerMessage.cpp FUNC:Handle_Message LINE:291
 	  Message:Message:[messageid = 1054 ] DEF_MSG_DISPATCH_FUN [ Handle_Message ] and too more time[201]
LOGFATAL
2016-12-21_18:43:42 FILE:../src/PVP/PVPMgr.cpp FUNC:Handle_Ack LINE:311
 	  Message:Message:[messageid = 12737 ] DEF_MSG_DISPATCH_FUN [ Handle_Ack ] and too more time[4995]
LOGFATAL
2016-12-21_18:43:42 FILE:../src/ServiceMain.cpp FUNC:Start LINE:1126
 	  Message:fps is slow  skill time[0], message time[4996], createtime[0], scene time[2],flush time[0], timer time[0], path time[0], quick message time[0], date time[0]