
LOGFATAL
2016-09-28_14:54:06 FILE:../src/QuickMessage.cpp FUNC:Handle_Request LINE:43
 	  Message:Message:[messageid = 18 ] DEF_MSG_DISPATCH_FUN [ Handle_Request ] and too more time[5683]
LOGFATAL
2016-09-28_14:54:06 FILE:../src/ServiceMain.cpp FUNC:Start LINE:1124
 	  Message:fps is slow  skill time[0], message time[5684], createtime[0], scene time[1],flush time[0], timer time[0], path time[0], quick message time[0], date time[0]
LOGFATAL
2016-09-28_14:54:08 FILE:../src/Mail/MailMessage.cpp FUNC:Handle_Ack LINE:72
 	  Message:Message:[messageid = 6713 ] DEF_MSG_DISPATCH_FUN [ Handle_Ack ] and too more time[1242]
LOGFATAL
2016-09-28_14:54:08 FILE:../src/ServiceMain.cpp FUNC:Start LINE:1124
 	  Message:fps is slow  skill time[0], message time[1242], createtime[0], scene time[0],flush time[0], timer time[0], path time[0], quick message time[0], date time[0]
LOGFATAL
2016-09-28_14:54:50 FILE:../src/QuickMessage.cpp FUNC:Handle_Request LINE:43
 	  Message:Message:[messageid = 18 ] DEF_MSG_DISPATCH_FUN [ Handle_Request ] and too more time[1807]
LOGFATAL
2016-09-28_14:54:50 FILE:../src/ServiceMain.cpp FUNC:Start LINE:1124
 	  Message:fps is slow  skill time[0], message time[1807], createtime[0], scene time[2],flush time[0], timer time[0], path time[0], quick message time[0], date time[0]
LOGFATAL
2016-09-28_14:56:34 FILE:../src/Mail/MailMessage.cpp FUNC:Handle_Ack LINE:72
 	  Message:Message:[messageid = 6713 ] DEF_MSG_DISPATCH_FUN [ Handle_Ack ] and too more time[103879]
LOGFATAL
2016-09-28_14:56:34 FILE:../src/ServiceMain.cpp FUNC:Start LINE:1124
 	  Message:fps is slow  skill time[0], message time[103879], createtime[0], scene time[0],flush time[0], timer time[0], path time[0], quick message time[0], date time[0]
LOGFATAL
2016-09-28_14:57:03 FILE:../src/QuickMessage.cpp FUNC:Handle_Request LINE:43
 	  Message:Message:[messageid = 18 ] DEF_MSG_DISPATCH_FUN [ Handle_Request ] and too more time[3015]
LOGFATAL
2016-09-28_14:57:03 FILE:../src/ServiceMain.cpp FUNC:Start LINE:1124
 	  Message:fps is slow  skill time[0], message time[3016], createtime[0], scene time[1],flush time[0], timer time[0], path time[0], quick message time[0], date time[0]
LOGFATAL
2016-09-28_14:57:11 FILE:../src/Mail/MailMessage.cpp FUNC:Handle_Ack LINE:72
 	  Message:Message:[messageid = 6713 ] DEF_MSG_DISPATCH_FUN [ Handle_Ack ] and too more time[8466]
LOGFATAL
2016-09-28_14:57:11 FILE:../src/ServiceMain.cpp FUNC:Start LINE:1124
 	  Message:fps is slow  skill time[0], message time[8466], createtime[0], scene time[0],flush time[0], timer time[0], path time[0], quick message time[0], date time[0]