
LOGFATAL
2016-11-19_15:38:04 FILE:../src/QuickMessage.cpp FUNC:Handle_Request LINE:43
 	  Message:Message:[messageid = 18 ] DEF_MSG_DISPATCH_FUN [ Handle_Request ] and too more time[16621]
LOGFATAL
2016-11-19_15:38:04 FILE:../src/ServiceMain.cpp FUNC:Start LINE:1126
 	  Message:fps is slow  skill time[0], message time[16622], createtime[0], scene time[1],flush time[0], timer time[0], path time[0], quick message time[0], date time[0]
LOGFATAL
2016-11-19_15:43:25 FILE:../src/QuickMessage.cpp FUNC:Handle_Request LINE:43
 	  Message:Message:[messageid = 18 ] DEF_MSG_DISPATCH_FUN [ Handle_Request ] and too more time[5427]
LOGFATAL
2016-11-19_15:43:25 FILE:../src/ServiceMain.cpp FUNC:Start LINE:1126
 	  Message:fps is slow  skill time[0], message time[5427], createtime[0], scene time[4],flush time[0], timer time[0], path time[0], quick message time[0], date time[0]
LOGFATAL
2016-11-19_15:43:34 FILE:../src/QuickMessage.cpp FUNC:Handle_Request LINE:43
 	  Message:Message:[messageid = 18 ] DEF_MSG_DISPATCH_FUN [ Handle_Request ] and too more time[2866]
LOGFATAL
2016-11-19_15:43:34 FILE:../src/ServiceMain.cpp FUNC:Start LINE:1126
 	  Message:fps is slow  skill time[0], message time[2866], createtime[0], scene time[7],flush time[0], timer time[0], path time[0], quick message time[0], date time[0]
LOGFATAL
2016-11-19_15:43:46 FILE:../src/QuickMessage.cpp FUNC:Handle_Request LINE:43
 	  Message:Message:[messageid = 18 ] DEF_MSG_DISPATCH_FUN [ Handle_Request ] and too more time[2436]
LOGFATAL
2016-11-19_15:43:46 FILE:../src/ServiceMain.cpp FUNC:Start LINE:1126
 	  Message:fps is slow  skill time[0], message time[2436], createtime[0], scene time[18],flush time[0], timer time[0], path time[0], quick message time[0], date time[0]
LOGFATAL
2016-11-19_15:43:57 FILE:../src/QuickMessage.cpp FUNC:Handle_Request LINE:43
 	  Message:Message:[messageid = 18 ] DEF_MSG_DISPATCH_FUN [ Handle_Request ] and too more time[3318]
LOGFATAL
2016-11-19_15:43:57 FILE:../src/ServiceMain.cpp FUNC:Start LINE:1126
 	  Message:fps is slow  skill time[0], message time[3318], createtime[0], scene time[0],flush time[0], timer time[0], path time[0], quick message time[0], date time[0]
LOGFATAL
2016-11-19_15:44:24 FILE:../src/QuickMessage.cpp FUNC:Handle_Request LINE:43
 	  Message:Message:[messageid = 18 ] DEF_MSG_DISPATCH_FUN [ Handle_Request ] and too more time[5263]
LOGFATAL
2016-11-19_15:44:24 FILE:../src/ServiceMain.cpp FUNC:Start LINE:1126
 	  Message:fps is slow  skill time[0], message time[5264], createtime[0], scene time[14],flush time[0], timer time[0], path time[0], quick message time[0], date time[0]
LOGFATAL
2016-11-19_15:44:41 FILE:../src/QuickMessage.cpp FUNC:Handle_Request LINE:43
 	  Message:Message:[messageid = 18 ] DEF_MSG_DISPATCH_FUN [ Handle_Request ] and too more time[4979]
LOGFATAL
2016-11-19_15:44:41 FILE:../src/ServiceMain.cpp FUNC:Start LINE:1126
 	  Message:fps is slow  skill time[0], message time[4979], createtime[0], scene time[18],flush time[0], timer time[0], path time[0], quick message time[0], date time[0]
LOGFATAL
2016-11-19_15:45:00 FILE:../src/QuickMessage.cpp FUNC:Handle_Request LINE:43
 	  Message:Message:[messageid = 18 ] DEF_MSG_DISPATCH_FUN [ Handle_Request ] and too more time[3196]
LOGFATAL
2016-11-19_15:45:00 FILE:../src/ServiceMain.cpp FUNC:Start LINE:1126
 	  Message:fps is slow  skill time[0], message time[3196], createtime[0], scene time[16],flush time[0], timer time[0], path time[0], quick message time[0], date time[0]
LOGFATAL
2016-11-19_15:45:10 FILE:../src/QuickMessage.cpp FUNC:Handle_Request LINE:43
 	  Message:Message:[messageid = 18 ] DEF_MSG_DISPATCH_FUN [ Handle_Request ] and too more time[4269]
LOGFATAL
2016-11-19_15:45:10 FILE:../src/ServiceMain.cpp FUNC:Start LINE:1126
 	  Message:fps is slow  skill time[0], message time[4269], createtime[0], scene time[1],flush time[0], timer time[0], path time[0], quick message time[0], date time[0]
LOGFATAL
2016-11-19_15:45:23 FILE:../src/QuickMessage.cpp FUNC:Handle_Request LINE:43
 	  Message:Message:[messageid = 18 ] DEF_MSG_DISPATCH_FUN [ Handle_Request ] and too more time[2359]
LOGFATAL
2016-11-19_15:45:23 FILE:../src/ServiceMain.cpp FUNC:Start LINE:1126
 	  Message:fps is slow  skill time[0], message time[2360], createtime[0], scene time[14],flush time[0], timer time[0], path time[0], quick message time[0], date time[0]
LOGFATAL
2016-11-19_15:45:35 FILE:../src/QuickMessage.cpp FUNC:Handle_Request LINE:43
 	  Message:Message:[messageid = 18 ] DEF_MSG_DISPATCH_FUN [ Handle_Request ] and too more time[2559]
LOGFATAL
2016-11-19_15:45:35 FILE:../src/ServiceMain.cpp FUNC:Start LINE:1126
 	  Message:fps is slow  skill time[0], message time[2560], createtime[0], scene time[12],flush time[0], timer time[0], path time[0], quick message time[0], date time[0]
LOGFATAL
2016-11-19_15:46:09 FILE:../src/QuickMessage.cpp FUNC:Handle_Request LINE:43
 	  Message:Message:[messageid = 18 ] DEF_MSG_DISPATCH_FUN [ Handle_Request ] and too more time[3512]
LOGFATAL
2016-11-19_15:46:09 FILE:../src/ServiceMain.cpp FUNC:Start LINE:1126
 	  Message:fps is slow  skill time[0], message time[3513], createtime[0], scene time[3],flush time[0], timer time[0], path time[0], quick message time[0], date time[0]