
LOGWARNING
2016-12-09_15:06:46 FILE:../src/Mail/MailMessage.cpp FUNC:On_MSG_ACK_MSG_REQ_GM2DB_MAILS LINE:141
 	  Message:gameserver request dbserver get mails and ack
LOGWARNING
2016-12-09_15:10:09 FILE:../src/Mail/MailMessage.cpp FUNC:On_MSG_ACK_MSG_REQ_GM2DB_MAILS LINE:141
 	  Message:gameserver request dbserver get mails and ack
LOGWARNING
2016-12-09_15:14:32 FILE:../src/Mail/MailMessage.cpp FUNC:On_MSG_ACK_MSG_REQ_GM2DB_MAILS LINE:141
 	  Message:gameserver request dbserver get mails and ack
LOGWARNING
2016-12-09_15:15:16 FILE:../src/Mail/MailMessage.cpp FUNC:On_MSG_ACK_MSG_REQ_GM2DB_MAILS LINE:141
 	  Message:gameserver request dbserver get mails and ack
LOGWARNING
2016-12-09_15:18:28 FILE:../src/Mail/MailMessage.cpp FUNC:On_MSG_ACK_MSG_REQ_GM2DB_MAILS LINE:141
 	  Message:gameserver request dbserver get mails and ack
LOGWARNING
2016-12-09_15:18:58 FILE:../src/Object/AI/AIBrain.cpp FUNC:UpdatePath LINE:1177
 	  Message:path already come
LOGWARNING
2016-12-09_15:24:09 FILE:../src/Object/AI/AIBrain.cpp FUNC:UpdatePath LINE:1177
 	  Message:path already come
LOGWARNING
2016-12-09_15:24:31 FILE:../src/Object/AI/AIBrain.cpp FUNC:UpdatePath LINE:1177
 	  Message:path already come
LOGWARNING
2016-12-09_15:25:22 FILE:../src/Object/AI/AIBrain.cpp FUNC:UpdatePath LINE:1177
 	  Message:path already come
LOGWARNING
2016-12-09_15:25:59 FILE:../src/Object/AI/AIBrain.cpp FUNC:UpdatePath LINE:1177
 	  Message:path already come
LOGWARNING
2016-12-09_15:29:00 FILE:../src/Object/AI/AIBrain.cpp FUNC:UpdatePath LINE:1177
 	  Message:path already come
LOGWARNING
2016-12-09_15:29:24 FILE:../src/Object/AI/AIBrain.cpp FUNC:UpdatePath LINE:1177
 	  Message:path already come
LOGWARNING
2016-12-09_15:32:12 FILE:../src/Object/AI/AIBrain.cpp FUNC:UpdatePath LINE:1177
 	  Message:path already come
LOGWARNING
2016-12-09_15:34:18 FILE:../src/Object/AI/AIBrain.cpp FUNC:UpdatePath LINE:1177
 	  Message:path already come
LOGWARNING
2016-12-09_15:34:57 FILE:../src/Object/AI/AIBrain.cpp FUNC:UpdatePath LINE:1177
 	  Message:path already come
LOGWARNING
2016-12-09_15:36:40 FILE:../src/Object/AI/AIBrain.cpp FUNC:UpdatePath LINE:1177
 	  Message:path already come
LOGWARNING
2016-12-09_15:37:25 FILE:../src/Object/AI/AIBrain.cpp FUNC:UpdatePath LINE:1177
 	  Message:path already come
LOGWARNING
2016-12-09_15:38:03 FILE:../src/Object/AI/AIBrain.cpp FUNC:UpdatePath LINE:1177
 	  Message:path already come
LOGWARNING
2016-12-09_15:38:33 FILE:../src/Object/AI/AIBrain.cpp FUNC:UpdatePath LINE:1177
 	  Message:path already come
LOGWARNING
2016-12-09_15:40:09 FILE:../src/Object/AI/AIBrain.cpp FUNC:UpdatePath LINE:1177
 	  Message:path already come
LOGWARNING
2016-12-09_15:41:34 FILE:../src/Object/AI/AIBrain.cpp FUNC:UpdatePath LINE:1177
 	  Message:path already come
LOGWARNING
2016-12-09_15:47:26 FILE:../src/Object/AI/AIBrain.cpp FUNC:UpdatePath LINE:1177
 	  Message:path already come
LOGWARNING
2016-12-09_15:47:34 FILE:../src/Object/AI/AIBrain.cpp FUNC:UpdatePath LINE:1177
 	  Message:path already come
LOGWARNING
2016-12-09_15:48:32 FILE:../src/Object/AI/AIBrain.cpp FUNC:UpdatePath LINE:1177
 	  Message:path already come
LOGWARNING
2016-12-09_15:48:38 FILE:../src/Object/AI/AIBrain.cpp FUNC:UpdatePath LINE:1177
 	  Message:path already come
LOGWARNING
2016-12-09_15:49:08 FILE:../src/Object/AI/AIBrain.cpp FUNC:UpdatePath LINE:1177
 	  Message:path already come
LOGWARNING
2016-12-09_15:49:08 FILE:../src/Object/AI/AIBrain.cpp FUNC:UpdatePath LINE:1177
 	  Message:path already come
LOGWARNING
2016-12-09_15:49:21 FILE:../src/Object/AI/AIBrain.cpp FUNC:UpdatePath LINE:1177
 	  Message:path already come
LOGWARNING
2016-12-09_15:51:17 FILE:../src/Object/AI/AIBrain.cpp FUNC:UpdatePath LINE:1177
 	  Message:path already come
LOGWARNING
2016-12-09_15:51:18 FILE:../src/Object/AI/AIBrain.cpp FUNC:UpdatePath LINE:1177
 	  Message:path already come
LOGWARNING
2016-12-09_15:51:20 FILE:../src/Object/AI/AIBrain.cpp FUNC:UpdatePath LINE:1177
 	  Message:path already come
LOGWARNING
2016-12-09_15:51:23 FILE:../src/Object/AI/AIBrain.cpp FUNC:UpdatePath LINE:1177
 	  Message:path already come
LOGWARNING
2016-12-09_15:51:24 FILE:../src/Object/AI/AIBrain.cpp FUNC:UpdatePath LINE:1177
 	  Message:path already come
LOGWARNING
2016-12-09_15:52:32 FILE:../src/Object/AI/AIBrain.cpp FUNC:UpdatePath LINE:1177
 	  Message:path already come
LOGWARNING
2016-12-09_15:52:35 FILE:../src/Object/AI/AIBrain.cpp FUNC:UpdatePath LINE:1177
 	  Message:path already come
LOGWARNING
2016-12-09_15:55:03 FILE:../src/Object/AI/AIBrain.cpp FUNC:UpdatePath LINE:1177
 	  Message:path already come
LOGWARNING
2016-12-09_15:55:13 FILE:../src/Object/AI/AIBrain.cpp FUNC:UpdatePath LINE:1177
 	  Message:path already come
LOGWARNING
2016-12-09_15:55:15 FILE:../src/Object/AI/AIBrain.cpp FUNC:UpdatePath LINE:1177
 	  Message:path already come
LOGWARNING
2016-12-09_15:55:18 FILE:../src/Object/AI/AIBrain.cpp FUNC:UpdatePath LINE:1177
 	  Message:path already come
LOGWARNING
2016-12-09_15:56:35 FILE:../src/Object/AI/AIBrain.cpp FUNC:UpdatePath LINE:1177
 	  Message:path already come
LOGWARNING
2016-12-09_15:57:26 FILE:../src/Object/AI/AIBrain.cpp FUNC:UpdatePath LINE:1177
 	  Message:path already come
LOGWARNING
2016-12-09_15:57:27 FILE:../src/Object/AI/AIBrain.cpp FUNC:UpdatePath LINE:1177
 	  Message:path already come
LOGWARNING
2016-12-09_15:58:10 FILE:../src/Object/AI/AIBrain.cpp FUNC:UpdatePath LINE:1177
 	  Message:path already come
LOGWARNING
2016-12-09_15:59:36 FILE:../src/Object/AI/AIBrain.cpp FUNC:UpdatePath LINE:1177
 	  Message:path already come
LOGWARNING
2016-12-09_15:59:36 FILE:../src/Object/AI/AIBrain.cpp FUNC:UpdatePath LINE:1177
 	  Message:path already come
LOGWARNING
2016-12-09_15:59:48 FILE:../src/Object/AI/AIBrain.cpp FUNC:UpdatePath LINE:1177
 	  Message:path already come
LOGWARNING
2016-12-09_15:59:48 FILE:../src/Object/AI/AIBrain.cpp FUNC:UpdatePath LINE:1177
 	  Message:path already come
LOGWARNING
2016-12-09_15:59:49 FILE:../src/Object/AI/AIBrain.cpp FUNC:UpdatePath LINE:1177
 	  Message:path already come
LOGWARNING
2016-12-09_16:00:36 FILE:../src/Object/AI/AIBrain.cpp FUNC:UpdatePath LINE:1177
 	  Message:path already come
LOGWARNING
2016-12-09_16:02:19 FILE:../src/Object/AI/AIBrain.cpp FUNC:UpdatePath LINE:1177
 	  Message:path already come
LOGWARNING
2016-12-09_16:03:20 FILE:../src/Object/AI/AIBrain.cpp FUNC:UpdatePath LINE:1177
 	  Message:path already come
LOGWARNING
2016-12-09_16:03:20 FILE:../src/Object/AI/AIBrain.cpp FUNC:UpdatePath LINE:1177
 	  Message:path already come
LOGWARNING
2016-12-09_16:03:21 FILE:../src/Object/AI/AIBrain.cpp FUNC:UpdatePath LINE:1177
 	  Message:path already come
LOGWARNING
2016-12-09_16:03:25 FILE:../src/Object/AI/AIBrain.cpp FUNC:UpdatePath LINE:1177
 	  Message:path already come
LOGWARNING
2016-12-09_16:04:51 FILE:../src/Object/AI/AIBrain.cpp FUNC:UpdatePath LINE:1177
 	  Message:path already come
LOGWARNING
2016-12-09_16:06:50 FILE:../src/Object/AI/AIBrain.cpp FUNC:UpdatePath LINE:1177
 	  Message:path already come
LOGWARNING
2016-12-09_16:06:58 FILE:../src/Object/AI/AIBrain.cpp FUNC:UpdatePath LINE:1177
 	  Message:path already come
LOGWARNING
2016-12-09_16:07:25 FILE:../src/Object/AI/AIBrain.cpp FUNC:UpdatePath LINE:1177
 	  Message:path already come
LOGWARNING
2016-12-09_16:08:12 FILE:../src/Object/AI/AIBrain.cpp FUNC:UpdatePath LINE:1177
 	  Message:path already come
LOGWARNING
2016-12-09_16:09:25 FILE:../src/Object/AI/AIBrain.cpp FUNC:UpdatePath LINE:1177
 	  Message:path already come
LOGWARNING
2016-12-09_16:09:25 FILE:../src/Object/AI/AIBrain.cpp FUNC:UpdatePath LINE:1177
 	  Message:path already come
LOGWARNING
2016-12-09_16:09:28 FILE:../src/Object/AI/AIBrain.cpp FUNC:UpdatePath LINE:1177
 	  Message:path already come
LOGWARNING
2016-12-09_16:09:30 FILE:../src/Object/AI/AIBrain.cpp FUNC:UpdatePath LINE:1177
 	  Message:path already come
LOGWARNING
2016-12-09_16:09:31 FILE:../src/Object/AI/AIBrain.cpp FUNC:UpdatePath LINE:1177
 	  Message:path already come
LOGWARNING
2016-12-09_16:09:31 FILE:../src/Object/AI/AIBrain.cpp FUNC:UpdatePath LINE:1177
 	  Message:path already come
LOGWARNING
2016-12-09_16:09:33 FILE:../src/Object/AI/AIBrain.cpp FUNC:UpdatePath LINE:1177
 	  Message:path already come
LOGWARNING
2016-12-09_16:09:33 FILE:../src/Object/AI/AIBrain.cpp FUNC:UpdatePath LINE:1177
 	  Message:path already come
LOGWARNING
2016-12-09_16:22:12 FILE:../src/Mail/MailMessage.cpp FUNC:On_MSG_ACK_MSG_REQ_GM2DB_MAILS LINE:141
 	  Message:gameserver request dbserver get mails and ack