
LOGWARNING
2016-12-22_11:42:38 FILE:../src/Mail/MailMessage.cpp FUNC:On_MSG_ACK_MSG_REQ_GM2DB_MAILS LINE:141
 	  Message:gameserver request dbserver get mails and ack
LOGWARNING
2016-12-22_11:43:27 FILE:../src/Mail/MailMessage.cpp FUNC:On_MSG_ACK_MSG_REQ_GM2DB_MAILS LINE:141
 	  Message:gameserver request dbserver get mails and ack
LOGWARNING
2016-12-22_11:44:57 FILE:../src/Mail/MailMessage.cpp FUNC:On_MSG_ACK_MSG_REQ_GM2DB_MAILS LINE:141
 	  Message:gameserver request dbserver get mails and ack
LOGWARNING
2016-12-22_11:46:18 FILE:../src/MapInstance/MapInstanceMessage.cpp FUNC:On_MSG_ACK_MSG_REQ_GM2WS_CREATEINSTANCE LINE:798
 	  Message:gameserver request worldserver create map and ack timeout
LOGWARNING
2016-12-22_11:55:35 FILE:../src/Mail/MailMessage.cpp FUNC:On_MSG_ACK_MSG_REQ_GM2DB_MAILS LINE:141
 	  Message:gameserver request dbserver get mails and ack
LOGWARNING
2016-12-22_11:56:58 FILE:../src/MapInstance/MapInstanceMessage.cpp FUNC:On_MSG_ACK_MSG_REQ_GM2WS_CREATEINSTANCE LINE:798
 	  Message:gameserver request worldserver create map and ack timeout
LOGWARNING
2016-12-22_11:58:04 FILE:../src/Mail/MailMessage.cpp FUNC:On_MSG_ACK_MSG_REQ_GM2DB_MAILS LINE:141
 	  Message:gameserver request dbserver get mails and ack
LOGWARNING
2016-12-22_12:00:37 FILE:../src/ServerManager.cpp FUNC:on_channel_error LINE:269
 	  Message:unknown channel build error [channelid = 87, remoteid=1, remotetype=4, ip=127.0.0.1 , errorno=30]