
LOGWARNING
2016-10-13_09:41:47 FILE:../src/Mail/MailMessage.cpp FUNC:On_MSG_ACK_MSG_REQ_GM2DB_MAILS LINE:141
 	  Message:gameserver request dbserver get mails and ack
LOGWARNING
2016-10-13_09:42:28 FILE:../src/Mail/MailMessage.cpp FUNC:On_MSG_ACK_MSG_REQ_GM2DB_MAILS LINE:141
 	  Message:gameserver request dbserver get mails and ack
LOGWARNING
2016-10-13_09:43:11 FILE:../src/Mail/MailMessage.cpp FUNC:On_MSG_ACK_MSG_REQ_GM2DB_MAILS LINE:141
 	  Message:gameserver request dbserver get mails and ack
LOGWARNING
2016-10-13_09:43:43 FILE:../src/Mail/MailMessage.cpp FUNC:On_MSG_ACK_MSG_REQ_GM2DB_MAILS LINE:141
 	  Message:gameserver request dbserver get mails and ack
LOGWARNING
2016-10-13_09:44:23 FILE:../src/Mail/MailMessage.cpp FUNC:On_MSG_ACK_MSG_REQ_GM2DB_MAILS LINE:141
 	  Message:gameserver request dbserver get mails and ack
LOGWARNING
2016-10-13_10:15:22 FILE:../src/Mail/MailMessage.cpp FUNC:On_MSG_ACK_MSG_REQ_GM2DB_MAILS LINE:141
 	  Message:gameserver request dbserver get mails and ack
LOGWARNING
2016-10-13_10:19:45 FILE:../src/Mail/MailMessage.cpp FUNC:On_MSG_ACK_MSG_REQ_GM2DB_MAILS LINE:141
 	  Message:gameserver request dbserver get mails and ack
LOGWARNING
2016-10-13_11:12:13 FILE:../src/Mail/MailMessage.cpp FUNC:On_MSG_ACK_MSG_REQ_GM2DB_MAILS LINE:141
 	  Message:gameserver request dbserver get mails and ack
LOGWARNING
2016-10-13_11:13:25 FILE:../src/Mail/MailMessage.cpp FUNC:On_MSG_ACK_MSG_REQ_GM2DB_MAILS LINE:141
 	  Message:gameserver request dbserver get mails and ack
LOGWARNING
2016-10-13_11:15:15 FILE:../src/Mail/MailMessage.cpp FUNC:On_MSG_ACK_MSG_REQ_GM2DB_MAILS LINE:141
 	  Message:gameserver request dbserver get mails and ack
LOGWARNING
2016-10-13_11:16:23 FILE:../src/Mail/MailMessage.cpp FUNC:On_MSG_ACK_MSG_REQ_GM2DB_MAILS LINE:141
 	  Message:gameserver request dbserver get mails and ack
LOGWARNING
2016-10-13_11:18:01 FILE:../src/Mail/MailMessage.cpp FUNC:On_MSG_ACK_MSG_REQ_GM2DB_MAILS LINE:141
 	  Message:gameserver request dbserver get mails and ack
LOGWARNING
2016-10-13_11:19:57 FILE:../src/Mail/MailMessage.cpp FUNC:On_MSG_ACK_MSG_REQ_GM2DB_MAILS LINE:141
 	  Message:gameserver request dbserver get mails and ack
LOGWARNING
2016-10-13_11:32:45 FILE:../src/Mail/MailMessage.cpp FUNC:On_MSG_ACK_MSG_REQ_GM2DB_MAILS LINE:141
 	  Message:gameserver request dbserver get mails and ack
LOGWARNING
2016-10-13_11:33:25 FILE:../src/Mail/MailMessage.cpp FUNC:On_MSG_ACK_MSG_REQ_GM2DB_MAILS LINE:141
 	  Message:gameserver request dbserver get mails and ack
LOGWARNING
2016-10-13_12:13:47 FILE:../src/Mail/MailMessage.cpp FUNC:On_MSG_ACK_MSG_REQ_GM2DB_MAILS LINE:141
 	  Message:gameserver request dbserver get mails and ack
LOGWARNING
2016-10-13_12:18:12 FILE:../src/Mail/MailMessage.cpp FUNC:On_MSG_ACK_MSG_REQ_GM2DB_MAILS LINE:141
 	  Message:gameserver request dbserver get mails and ack
LOGWARNING
2016-10-13_12:20:53 FILE:../src/Mail/MailMessage.cpp FUNC:On_MSG_ACK_MSG_REQ_GM2DB_MAILS LINE:141
 	  Message:gameserver request dbserver get mails and ack
LOGWARNING
2016-10-13_12:22:53 FILE:../src/Mail/MailMessage.cpp FUNC:On_MSG_ACK_MSG_REQ_GM2DB_MAILS LINE:141
 	  Message:gameserver request dbserver get mails and ack
LOGWARNING
2016-10-13_12:24:05 FILE:../src/Mail/MailMessage.cpp FUNC:On_MSG_ACK_MSG_REQ_GM2DB_MAILS LINE:141
 	  Message:gameserver request dbserver get mails and ack
LOGWARNING
2016-10-13_12:29:31 FILE:../src/Mail/MailMessage.cpp FUNC:On_MSG_ACK_MSG_REQ_GM2DB_MAILS LINE:141
 	  Message:gameserver request dbserver get mails and ack
LOGWARNING
2016-10-13_12:30:53 FILE:../src/Mail/MailMessage.cpp FUNC:On_MSG_ACK_MSG_REQ_GM2DB_MAILS LINE:141
 	  Message:gameserver request dbserver get mails and ack
LOGWARNING
2016-10-13_12:36:28 FILE:../src/Mail/MailMessage.cpp FUNC:On_MSG_ACK_MSG_REQ_GM2DB_MAILS LINE:141
 	  Message:gameserver request dbserver get mails and ack
LOGWARNING
2016-10-13_12:37:37 FILE:../src/Mail/MailMessage.cpp FUNC:On_MSG_ACK_MSG_REQ_GM2DB_MAILS LINE:141
 	  Message:gameserver request dbserver get mails and ack
LOGWARNING
2016-10-13_13:35:09 FILE:../src/Object/Monster/Monster.cpp FUNC:Dead LINE:786
 	  Message:monster dead but maxweight is null
LOGWARNING
2016-10-13_13:35:09 FILE:../src/Object/Monster/Monster.cpp FUNC:Dead LINE:786
 	  Message:monster dead but maxweight is null
LOGWARNING
2016-10-13_13:35:09 FILE:../src/Object/Monster/Monster.cpp FUNC:Dead LINE:786
 	  Message:monster dead but maxweight is null
LOGWARNING
2016-10-13_13:35:09 FILE:../src/Object/Monster/Monster.cpp FUNC:Dead LINE:786
 	  Message:monster dead but maxweight is null
LOGWARNING
2016-10-13_13:35:09 FILE:../src/Object/Monster/Monster.cpp FUNC:Dead LINE:786
 	  Message:monster dead but maxweight is null
LOGWARNING
2016-10-13_13:35:09 FILE:../src/Object/Monster/Monster.cpp FUNC:Dead LINE:786
 	  Message:monster dead but maxweight is null
LOGWARNING
2016-10-13_13:35:09 FILE:../src/Object/Monster/Monster.cpp FUNC:Dead LINE:786
 	  Message:monster dead but maxweight is null
LOGWARNING
2016-10-13_13:35:09 FILE:../src/Object/Monster/Monster.cpp FUNC:Dead LINE:786
 	  Message:monster dead but maxweight is null
LOGWARNING
2016-10-13_13:35:09 FILE:../src/Object/Monster/Monster.cpp FUNC:Dead LINE:786
 	  Message:monster dead but maxweight is null
LOGWARNING
2016-10-13_13:35:09 FILE:../src/Object/Monster/Monster.cpp FUNC:Dead LINE:786
 	  Message:monster dead but maxweight is null
LOGWARNING
2016-10-13_13:35:09 FILE:../src/Object/Monster/Monster.cpp FUNC:Dead LINE:786
 	  Message:monster dead but maxweight is null
LOGWARNING
2016-10-13_13:35:09 FILE:../src/Object/Monster/Monster.cpp FUNC:Dead LINE:786
 	  Message:monster dead but maxweight is null
LOGWARNING
2016-10-13_13:35:09 FILE:../src/Object/Monster/Monster.cpp FUNC:Dead LINE:786
 	  Message:monster dead but maxweight is null
LOGWARNING
2016-10-13_13:35:09 FILE:../src/Object/Monster/Monster.cpp FUNC:Dead LINE:786
 	  Message:monster dead but maxweight is null
LOGWARNING
2016-10-13_13:35:09 FILE:../src/Object/Monster/Monster.cpp FUNC:Dead LINE:786
 	  Message:monster dead but maxweight is null
LOGWARNING
2016-10-13_13:35:09 FILE:../src/Object/Monster/Monster.cpp FUNC:Dead LINE:786
 	  Message:monster dead but maxweight is null
LOGWARNING
2016-10-13_13:35:09 FILE:../src/Object/Monster/Monster.cpp FUNC:Dead LINE:786
 	  Message:monster dead but maxweight is null
LOGWARNING
2016-10-13_13:35:09 FILE:../src/Object/Monster/Monster.cpp FUNC:Dead LINE:786
 	  Message:monster dead but maxweight is null
LOGWARNING
2016-10-13_13:35:09 FILE:../src/Object/Monster/Monster.cpp FUNC:Dead LINE:786
 	  Message:monster dead but maxweight is null
LOGWARNING
2016-10-13_13:35:09 FILE:../src/Object/Monster/Monster.cpp FUNC:Dead LINE:786
 	  Message:monster dead but maxweight is null
LOGWARNING
2016-10-13_13:35:09 FILE:../src/Object/Monster/Monster.cpp FUNC:Dead LINE:786
 	  Message:monster dead but maxweight is null
LOGWARNING
2016-10-13_13:35:09 FILE:../src/Object/Monster/Monster.cpp FUNC:Dead LINE:786
 	  Message:monster dead but maxweight is null
LOGWARNING
2016-10-13_13:35:09 FILE:../src/Object/Monster/Monster.cpp FUNC:Dead LINE:786
 	  Message:monster dead but maxweight is null
LOGWARNING
2016-10-13_13:35:09 FILE:../src/Object/Monster/Monster.cpp FUNC:Dead LINE:786
 	  Message:monster dead but maxweight is null
LOGWARNING
2016-10-13_13:35:09 FILE:../src/Object/Monster/Monster.cpp FUNC:Dead LINE:786
 	  Message:monster dead but maxweight is null
LOGWARNING
2016-10-13_13:35:09 FILE:../src/Object/Monster/Monster.cpp FUNC:Dead LINE:786
 	  Message:monster dead but maxweight is null
LOGWARNING
2016-10-13_13:35:09 FILE:../src/Object/Monster/Monster.cpp FUNC:Dead LINE:786
 	  Message:monster dead but maxweight is null
LOGWARNING
2016-10-13_13:35:09 FILE:../src/Object/Monster/Monster.cpp FUNC:Dead LINE:786
 	  Message:monster dead but maxweight is null
LOGWARNING
2016-10-13_13:35:09 FILE:../src/Object/Monster/Monster.cpp FUNC:Dead LINE:786
 	  Message:monster dead but maxweight is null
LOGWARNING
2016-10-13_13:35:09 FILE:../src/Object/Monster/Monster.cpp FUNC:Dead LINE:786
 	  Message:monster dead but maxweight is null
LOGWARNING
2016-10-13_13:35:09 FILE:../src/Object/Monster/Monster.cpp FUNC:Dead LINE:786
 	  Message:monster dead but maxweight is null
LOGWARNING
2016-10-13_13:35:09 FILE:../src/Object/Monster/Monster.cpp FUNC:Dead LINE:786
 	  Message:monster dead but maxweight is null
LOGWARNING
2016-10-13_13:35:09 FILE:../src/Object/Monster/Monster.cpp FUNC:Dead LINE:786
 	  Message:monster dead but maxweight is null
LOGWARNING
2016-10-13_13:35:09 FILE:../src/Object/Monster/Monster.cpp FUNC:Dead LINE:786
 	  Message:monster dead but maxweight is null
LOGWARNING
2016-10-13_13:35:09 FILE:../src/Object/Monster/Monster.cpp FUNC:Dead LINE:786
 	  Message:monster dead but maxweight is null
LOGWARNING
2016-10-13_13:35:09 FILE:../src/Object/Monster/Monster.cpp FUNC:Dead LINE:786
 	  Message:monster dead but maxweight is null
LOGWARNING
2016-10-13_13:35:09 FILE:../src/Object/Monster/Monster.cpp FUNC:Dead LINE:786
 	  Message:monster dead but maxweight is null
LOGWARNING
2016-10-13_13:35:09 FILE:../src/Object/Monster/Monster.cpp FUNC:Dead LINE:786
 	  Message:monster dead but maxweight is null
LOGWARNING
2016-10-13_13:35:09 FILE:../src/Object/Monster/Monster.cpp FUNC:Dead LINE:786
 	  Message:monster dead but maxweight is null
LOGWARNING
2016-10-13_13:35:09 FILE:../src/Object/Monster/Monster.cpp FUNC:Dead LINE:786
 	  Message:monster dead but maxweight is null
LOGWARNING
2016-10-13_13:35:09 FILE:../src/Object/Monster/Monster.cpp FUNC:Dead LINE:786
 	  Message:monster dead but maxweight is null
LOGWARNING
2016-10-13_13:35:09 FILE:../src/Object/Monster/Monster.cpp FUNC:Dead LINE:786
 	  Message:monster dead but maxweight is null
LOGWARNING
2016-10-13_13:35:09 FILE:../src/Object/Monster/Monster.cpp FUNC:Dead LINE:786
 	  Message:monster dead but maxweight is null
LOGWARNING
2016-10-13_13:35:09 FILE:../src/Object/Monster/Monster.cpp FUNC:Dead LINE:786
 	  Message:monster dead but maxweight is null
LOGWARNING
2016-10-13_13:35:09 FILE:../src/Object/Monster/Monster.cpp FUNC:Dead LINE:786
 	  Message:monster dead but maxweight is null
LOGWARNING
2016-10-13_13:35:09 FILE:../src/Object/Monster/Monster.cpp FUNC:Dead LINE:786
 	  Message:monster dead but maxweight is null
LOGWARNING
2016-10-13_13:35:09 FILE:../src/Object/Monster/Monster.cpp FUNC:Dead LINE:786
 	  Message:monster dead but maxweight is null
LOGWARNING
2016-10-13_13:35:09 FILE:../src/Object/Monster/Monster.cpp FUNC:Dead LINE:786
 	  Message:monster dead but maxweight is null
LOGWARNING
2016-10-13_13:35:09 FILE:../src/Object/Monster/Monster.cpp FUNC:Dead LINE:786
 	  Message:monster dead but maxweight is null
LOGWARNING
2016-10-13_13:35:09 FILE:../src/Object/Monster/Monster.cpp FUNC:Dead LINE:786
 	  Message:monster dead but maxweight is null
LOGWARNING
2016-10-13_13:35:09 FILE:../src/Object/Monster/Monster.cpp FUNC:Dead LINE:786
 	  Message:monster dead but maxweight is null
LOGWARNING
2016-10-13_13:35:09 FILE:../src/Object/Monster/Monster.cpp FUNC:Dead LINE:786
 	  Message:monster dead but maxweight is null
LOGWARNING
2016-10-13_13:35:09 FILE:../src/Object/Monster/Monster.cpp FUNC:Dead LINE:786
 	  Message:monster dead but maxweight is null
LOGWARNING
2016-10-13_13:35:09 FILE:../src/Object/Monster/Monster.cpp FUNC:Dead LINE:786
 	  Message:monster dead but maxweight is null
LOGWARNING
2016-10-13_13:35:09 FILE:../src/Object/Monster/Monster.cpp FUNC:Dead LINE:786
 	  Message:monster dead but maxweight is null
LOGWARNING
2016-10-13_13:35:09 FILE:../src/Object/Monster/Monster.cpp FUNC:Dead LINE:786
 	  Message:monster dead but maxweight is null
LOGWARNING
2016-10-13_13:35:09 FILE:../src/Object/Monster/Monster.cpp FUNC:Dead LINE:786
 	  Message:monster dead but maxweight is null
LOGWARNING
2016-10-13_13:35:09 FILE:../src/Object/Monster/Monster.cpp FUNC:Dead LINE:786
 	  Message:monster dead but maxweight is null
LOGWARNING
2016-10-13_13:35:09 FILE:../src/Object/Monster/Monster.cpp FUNC:Dead LINE:786
 	  Message:monster dead but maxweight is null
LOGWARNING
2016-10-13_13:35:09 FILE:../src/Object/Monster/Monster.cpp FUNC:Dead LINE:786
 	  Message:monster dead but maxweight is null
LOGWARNING
2016-10-13_13:35:09 FILE:../src/Object/Monster/Monster.cpp FUNC:Dead LINE:786
 	  Message:monster dead but maxweight is null
LOGWARNING
2016-10-13_13:35:09 FILE:../src/Object/Monster/Monster.cpp FUNC:Dead LINE:786
 	  Message:monster dead but maxweight is null
LOGWARNING
2016-10-13_13:35:09 FILE:../src/Object/Monster/Monster.cpp FUNC:Dead LINE:786
 	  Message:monster dead but maxweight is null
LOGWARNING
2016-10-13_13:35:09 FILE:../src/Object/Monster/Monster.cpp FUNC:Dead LINE:786
 	  Message:monster dead but maxweight is null
LOGWARNING
2016-10-13_13:35:09 FILE:../src/Object/Monster/Monster.cpp FUNC:Dead LINE:786
 	  Message:monster dead but maxweight is null
LOGWARNING
2016-10-13_13:35:09 FILE:../src/Object/Monster/Monster.cpp FUNC:Dead LINE:786
 	  Message:monster dead but maxweight is null
LOGWARNING
2016-10-13_13:35:09 FILE:../src/Object/Monster/Monster.cpp FUNC:Dead LINE:786
 	  Message:monster dead but maxweight is null
LOGWARNING
2016-10-13_13:35:09 FILE:../src/Object/Monster/Monster.cpp FUNC:Dead LINE:786
 	  Message:monster dead but maxweight is null
LOGWARNING
2016-10-13_13:35:09 FILE:../src/Object/Monster/Monster.cpp FUNC:Dead LINE:786
 	  Message:monster dead but maxweight is null
LOGWARNING
2016-10-13_13:35:09 FILE:../src/Object/Monster/Monster.cpp FUNC:Dead LINE:786
 	  Message:monster dead but maxweight is null
LOGWARNING
2016-10-13_13:35:09 FILE:../src/Object/Monster/Monster.cpp FUNC:Dead LINE:786
 	  Message:monster dead but maxweight is null
LOGWARNING
2016-10-13_13:35:09 FILE:../src/Object/Monster/Monster.cpp FUNC:Dead LINE:786
 	  Message:monster dead but maxweight is null
LOGWARNING
2016-10-13_13:35:09 FILE:../src/Object/Monster/Monster.cpp FUNC:Dead LINE:786
 	  Message:monster dead but maxweight is null
LOGWARNING
2016-10-13_13:35:09 FILE:../src/Object/Monster/Monster.cpp FUNC:Dead LINE:786
 	  Message:monster dead but maxweight is null
LOGWARNING
2016-10-13_13:35:09 FILE:../src/Object/Monster/Monster.cpp FUNC:Dead LINE:786
 	  Message:monster dead but maxweight is null
LOGWARNING
2016-10-13_13:35:09 FILE:../src/Object/Monster/Monster.cpp FUNC:Dead LINE:786
 	  Message:monster dead but maxweight is null
LOGWARNING
2016-10-13_13:35:09 FILE:../src/Object/Monster/Monster.cpp FUNC:Dead LINE:786
 	  Message:monster dead but maxweight is null
LOGWARNING
2016-10-13_13:35:09 FILE:../src/Object/Monster/Monster.cpp FUNC:Dead LINE:786
 	  Message:monster dead but maxweight is null
LOGWARNING
2016-10-13_13:35:09 FILE:../src/Object/Monster/Monster.cpp FUNC:Dead LINE:786
 	  Message:monster dead but maxweight is null
LOGWARNING
2016-10-13_13:35:09 FILE:../src/Object/Monster/Monster.cpp FUNC:Dead LINE:786
 	  Message:monster dead but maxweight is null
LOGWARNING
2016-10-13_13:35:09 FILE:../src/Object/Monster/Monster.cpp FUNC:Dead LINE:786
 	  Message:monster dead but maxweight is null
LOGWARNING
2016-10-13_13:35:09 FILE:../src/Object/Monster/Monster.cpp FUNC:Dead LINE:786
 	  Message:monster dead but maxweight is null
LOGWARNING
2016-10-13_13:35:09 FILE:../src/Object/Monster/Monster.cpp FUNC:Dead LINE:786
 	  Message:monster dead but maxweight is null
LOGWARNING
2016-10-13_13:35:09 FILE:../src/Object/Monster/Monster.cpp FUNC:Dead LINE:786
 	  Message:monster dead but maxweight is null
LOGWARNING
2016-10-13_13:35:09 FILE:../src/Object/Monster/Monster.cpp FUNC:Dead LINE:786
 	  Message:monster dead but maxweight is null
LOGWARNING
2016-10-13_13:35:09 FILE:../src/Object/Monster/Monster.cpp FUNC:Dead LINE:786
 	  Message:monster dead but maxweight is null
LOGWARNING
2016-10-13_13:35:09 FILE:../src/Object/Monster/Monster.cpp FUNC:Dead LINE:786
 	  Message:monster dead but maxweight is null
LOGWARNING
2016-10-13_13:35:09 FILE:../src/Object/Monster/Monster.cpp FUNC:Dead LINE:786
 	  Message:monster dead but maxweight is null
LOGWARNING
2016-10-13_13:35:09 FILE:../src/Object/Monster/Monster.cpp FUNC:Dead LINE:786
 	  Message:monster dead but maxweight is null
LOGWARNING
2016-10-13_13:35:09 FILE:../src/Object/Monster/Monster.cpp FUNC:Dead LINE:786
 	  Message:monster dead but maxweight is null
LOGWARNING
2016-10-13_13:35:09 FILE:../src/Object/Monster/Monster.cpp FUNC:Dead LINE:786
 	  Message:monster dead but maxweight is null
LOGWARNING
2016-10-13_13:35:09 FILE:../src/Object/Monster/Monster.cpp FUNC:Dead LINE:786
 	  Message:monster dead but maxweight is null
LOGWARNING
2016-10-13_13:35:09 FILE:../src/Object/Monster/Monster.cpp FUNC:Dead LINE:786
 	  Message:monster dead but maxweight is null
LOGWARNING
2016-10-13_13:35:09 FILE:../src/Object/Monster/Monster.cpp FUNC:Dead LINE:786
 	  Message:monster dead but maxweight is null
LOGWARNING
2016-10-13_13:35:09 FILE:../src/Object/Monster/Monster.cpp FUNC:Dead LINE:786
 	  Message:monster dead but maxweight is null
LOGWARNING
2016-10-13_13:35:09 FILE:../src/Object/Monster/Monster.cpp FUNC:Dead LINE:786
 	  Message:monster dead but maxweight is null
LOGWARNING
2016-10-13_13:35:09 FILE:../src/Object/Monster/Monster.cpp FUNC:Dead LINE:786
 	  Message:monster dead but maxweight is null
LOGWARNING
2016-10-13_13:35:09 FILE:../src/Object/Monster/Monster.cpp FUNC:Dead LINE:786
 	  Message:monster dead but maxweight is null
LOGWARNING
2016-10-13_13:35:09 FILE:../src/Object/Monster/Monster.cpp FUNC:Dead LINE:786
 	  Message:monster dead but maxweight is null
LOGWARNING
2016-10-13_13:35:09 FILE:../src/Object/Monster/Monster.cpp FUNC:Dead LINE:786
 	  Message:monster dead but maxweight is null
LOGWARNING
2016-10-13_13:40:09 FILE:../src/Object/Monster/Monster.cpp FUNC:Dead LINE:786
 	  Message:monster dead but maxweight is null
LOGWARNING
2016-10-13_13:40:09 FILE:../src/Object/Monster/Monster.cpp FUNC:Dead LINE:786
 	  Message:monster dead but maxweight is null
LOGWARNING
2016-10-13_13:40:09 FILE:../src/Object/Monster/Monster.cpp FUNC:Dead LINE:786
 	  Message:monster dead but maxweight is null
LOGWARNING
2016-10-13_13:40:09 FILE:../src/Object/Monster/Monster.cpp FUNC:Dead LINE:786
 	  Message:monster dead but maxweight is null
LOGWARNING
2016-10-13_13:40:09 FILE:../src/Object/Monster/Monster.cpp FUNC:Dead LINE:786
 	  Message:monster dead but maxweight is null
LOGWARNING
2016-10-13_13:40:09 FILE:../src/Object/Monster/Monster.cpp FUNC:Dead LINE:786
 	  Message:monster dead but maxweight is null
LOGWARNING
2016-10-13_13:40:09 FILE:../src/Object/Monster/Monster.cpp FUNC:Dead LINE:786
 	  Message:monster dead but maxweight is null
LOGWARNING
2016-10-13_13:40:09 FILE:../src/Object/Monster/Monster.cpp FUNC:Dead LINE:786
 	  Message:monster dead but maxweight is null
LOGWARNING
2016-10-13_13:40:09 FILE:../src/Object/Monster/Monster.cpp FUNC:Dead LINE:786
 	  Message:monster dead but maxweight is null
LOGWARNING
2016-10-13_13:40:09 FILE:../src/Object/Monster/Monster.cpp FUNC:Dead LINE:786
 	  Message:monster dead but maxweight is null
LOGWARNING
2016-10-13_13:40:09 FILE:../src/Object/Monster/Monster.cpp FUNC:Dead LINE:786
 	  Message:monster dead but maxweight is null
LOGWARNING
2016-10-13_13:40:09 FILE:../src/Object/Monster/Monster.cpp FUNC:Dead LINE:786
 	  Message:monster dead but maxweight is null
LOGWARNING
2016-10-13_13:40:09 FILE:../src/Object/Monster/Monster.cpp FUNC:Dead LINE:786
 	  Message:monster dead but maxweight is null
LOGWARNING
2016-10-13_13:40:09 FILE:../src/Object/Monster/Monster.cpp FUNC:Dead LINE:786
 	  Message:monster dead but maxweight is null
LOGWARNING
2016-10-13_13:40:09 FILE:../src/Object/Monster/Monster.cpp FUNC:Dead LINE:786
 	  Message:monster dead but maxweight is null
LOGWARNING
2016-10-13_13:40:09 FILE:../src/Object/Monster/Monster.cpp FUNC:Dead LINE:786
 	  Message:monster dead but maxweight is null
LOGWARNING
2016-10-13_13:40:09 FILE:../src/Object/Monster/Monster.cpp FUNC:Dead LINE:786
 	  Message:monster dead but maxweight is null
LOGWARNING
2016-10-13_13:40:09 FILE:../src/Object/Monster/Monster.cpp FUNC:Dead LINE:786
 	  Message:monster dead but maxweight is null
LOGWARNING
2016-10-13_13:40:09 FILE:../src/Object/Monster/Monster.cpp FUNC:Dead LINE:786
 	  Message:monster dead but maxweight is null
LOGWARNING
2016-10-13_13:40:09 FILE:../src/Object/Monster/Monster.cpp FUNC:Dead LINE:786
 	  Message:monster dead but maxweight is null
LOGWARNING
2016-10-13_13:40:09 FILE:../src/Object/Monster/Monster.cpp FUNC:Dead LINE:786
 	  Message:monster dead but maxweight is null
LOGWARNING
2016-10-13_13:40:09 FILE:../src/Object/Monster/Monster.cpp FUNC:Dead LINE:786
 	  Message:monster dead but maxweight is null
LOGWARNING
2016-10-13_13:40:09 FILE:../src/Object/Monster/Monster.cpp FUNC:Dead LINE:786
 	  Message:monster dead but maxweight is null
LOGWARNING
2016-10-13_13:40:09 FILE:../src/Object/Monster/Monster.cpp FUNC:Dead LINE:786
 	  Message:monster dead but maxweight is null
LOGWARNING
2016-10-13_13:40:09 FILE:../src/Object/Monster/Monster.cpp FUNC:Dead LINE:786
 	  Message:monster dead but maxweight is null
LOGWARNING
2016-10-13_13:40:09 FILE:../src/Object/Monster/Monster.cpp FUNC:Dead LINE:786
 	  Message:monster dead but maxweight is null
LOGWARNING
2016-10-13_13:40:09 FILE:../src/Object/Monster/Monster.cpp FUNC:Dead LINE:786
 	  Message:monster dead but maxweight is null
LOGWARNING
2016-10-13_13:40:09 FILE:../src/Object/Monster/Monster.cpp FUNC:Dead LINE:786
 	  Message:monster dead but maxweight is null
LOGWARNING
2016-10-13_13:40:09 FILE:../src/Object/Monster/Monster.cpp FUNC:Dead LINE:786
 	  Message:monster dead but maxweight is null
LOGWARNING
2016-10-13_13:40:09 FILE:../src/Object/Monster/Monster.cpp FUNC:Dead LINE:786
 	  Message:monster dead but maxweight is null
LOGWARNING
2016-10-13_13:40:09 FILE:../src/Object/Monster/Monster.cpp FUNC:Dead LINE:786
 	  Message:monster dead but maxweight is null
LOGWARNING
2016-10-13_13:40:09 FILE:../src/Object/Monster/Monster.cpp FUNC:Dead LINE:786
 	  Message:monster dead but maxweight is null
LOGWARNING
2016-10-13_13:40:09 FILE:../src/Object/Monster/Monster.cpp FUNC:Dead LINE:786
 	  Message:monster dead but maxweight is null
LOGWARNING
2016-10-13_13:40:09 FILE:../src/Object/Monster/Monster.cpp FUNC:Dead LINE:786
 	  Message:monster dead but maxweight is null
LOGWARNING
2016-10-13_13:40:09 FILE:../src/Object/Monster/Monster.cpp FUNC:Dead LINE:786
 	  Message:monster dead but maxweight is null
LOGWARNING
2016-10-13_13:40:09 FILE:../src/Object/Monster/Monster.cpp FUNC:Dead LINE:786
 	  Message:monster dead but maxweight is null
LOGWARNING
2016-10-13_13:40:09 FILE:../src/Object/Monster/Monster.cpp FUNC:Dead LINE:786
 	  Message:monster dead but maxweight is null
LOGWARNING
2016-10-13_13:40:09 FILE:../src/Object/Monster/Monster.cpp FUNC:Dead LINE:786
 	  Message:monster dead but maxweight is null
LOGWARNING
2016-10-13_13:40:09 FILE:../src/Object/Monster/Monster.cpp FUNC:Dead LINE:786
 	  Message:monster dead but maxweight is null
LOGWARNING
2016-10-13_13:40:09 FILE:../src/Object/Monster/Monster.cpp FUNC:Dead LINE:786
 	  Message:monster dead but maxweight is null
LOGWARNING
2016-10-13_13:40:09 FILE:../src/Object/Monster/Monster.cpp FUNC:Dead LINE:786
 	  Message:monster dead but maxweight is null
LOGWARNING
2016-10-13_13:40:09 FILE:../src/Object/Monster/Monster.cpp FUNC:Dead LINE:786
 	  Message:monster dead but maxweight is null
LOGWARNING
2016-10-13_13:40:09 FILE:../src/Object/Monster/Monster.cpp FUNC:Dead LINE:786
 	  Message:monster dead but maxweight is null
LOGWARNING
2016-10-13_13:40:09 FILE:../src/Object/Monster/Monster.cpp FUNC:Dead LINE:786
 	  Message:monster dead but maxweight is null
LOGWARNING
2016-10-13_13:40:09 FILE:../src/Object/Monster/Monster.cpp FUNC:Dead LINE:786
 	  Message:monster dead but maxweight is null
LOGWARNING
2016-10-13_13:40:09 FILE:../src/Object/Monster/Monster.cpp FUNC:Dead LINE:786
 	  Message:monster dead but maxweight is null
LOGWARNING
2016-10-13_13:40:09 FILE:../src/Object/Monster/Monster.cpp FUNC:Dead LINE:786
 	  Message:monster dead but maxweight is null
LOGWARNING
2016-10-13_13:40:09 FILE:../src/Object/Monster/Monster.cpp FUNC:Dead LINE:786
 	  Message:monster dead but maxweight is null
LOGWARNING
2016-10-13_13:40:09 FILE:../src/Object/Monster/Monster.cpp FUNC:Dead LINE:786
 	  Message:monster dead but maxweight is null
LOGWARNING
2016-10-13_13:40:09 FILE:../src/Object/Monster/Monster.cpp FUNC:Dead LINE:786
 	  Message:monster dead but maxweight is null
LOGWARNING
2016-10-13_13:40:09 FILE:../src/Object/Monster/Monster.cpp FUNC:Dead LINE:786
 	  Message:monster dead but maxweight is null
LOGWARNING
2016-10-13_13:40:09 FILE:../src/Object/Monster/Monster.cpp FUNC:Dead LINE:786
 	  Message:monster dead but maxweight is null
LOGWARNING
2016-10-13_13:40:09 FILE:../src/Object/Monster/Monster.cpp FUNC:Dead LINE:786
 	  Message:monster dead but maxweight is null
LOGWARNING
2016-10-13_13:40:09 FILE:../src/Object/Monster/Monster.cpp FUNC:Dead LINE:786
 	  Message:monster dead but maxweight is null
LOGWARNING
2016-10-13_13:40:09 FILE:../src/Object/Monster/Monster.cpp FUNC:Dead LINE:786
 	  Message:monster dead but maxweight is null
LOGWARNING
2016-10-13_13:40:09 FILE:../src/Object/Monster/Monster.cpp FUNC:Dead LINE:786
 	  Message:monster dead but maxweight is null
LOGWARNING
2016-10-13_13:40:09 FILE:../src/Object/Monster/Monster.cpp FUNC:Dead LINE:786
 	  Message:monster dead but maxweight is null
LOGWARNING
2016-10-13_13:40:09 FILE:../src/Object/Monster/Monster.cpp FUNC:Dead LINE:786
 	  Message:monster dead but maxweight is null
LOGWARNING
2016-10-13_13:40:09 FILE:../src/Object/Monster/Monster.cpp FUNC:Dead LINE:786
 	  Message:monster dead but maxweight is null
LOGWARNING
2016-10-13_13:40:09 FILE:../src/Object/Monster/Monster.cpp FUNC:Dead LINE:786
 	  Message:monster dead but maxweight is null
LOGWARNING
2016-10-13_13:40:09 FILE:../src/Object/Monster/Monster.cpp FUNC:Dead LINE:786
 	  Message:monster dead but maxweight is null
LOGWARNING
2016-10-13_13:40:09 FILE:../src/Object/Monster/Monster.cpp FUNC:Dead LINE:786
 	  Message:monster dead but maxweight is null
LOGWARNING
2016-10-13_13:40:09 FILE:../src/Object/Monster/Monster.cpp FUNC:Dead LINE:786
 	  Message:monster dead but maxweight is null
LOGWARNING
2016-10-13_13:40:09 FILE:../src/Object/Monster/Monster.cpp FUNC:Dead LINE:786
 	  Message:monster dead but maxweight is null
LOGWARNING
2016-10-13_13:40:09 FILE:../src/Object/Monster/Monster.cpp FUNC:Dead LINE:786
 	  Message:monster dead but maxweight is null
LOGWARNING
2016-10-13_13:40:09 FILE:../src/Object/Monster/Monster.cpp FUNC:Dead LINE:786
 	  Message:monster dead but maxweight is null
LOGWARNING
2016-10-13_13:40:09 FILE:../src/Object/Monster/Monster.cpp FUNC:Dead LINE:786
 	  Message:monster dead but maxweight is null
LOGWARNING
2016-10-13_13:40:09 FILE:../src/Object/Monster/Monster.cpp FUNC:Dead LINE:786
 	  Message:monster dead but maxweight is null
LOGWARNING
2016-10-13_13:40:09 FILE:../src/Object/Monster/Monster.cpp FUNC:Dead LINE:786
 	  Message:monster dead but maxweight is null
LOGWARNING
2016-10-13_13:40:09 FILE:../src/Object/Monster/Monster.cpp FUNC:Dead LINE:786
 	  Message:monster dead but maxweight is null
LOGWARNING
2016-10-13_13:40:09 FILE:../src/Object/Monster/Monster.cpp FUNC:Dead LINE:786
 	  Message:monster dead but maxweight is null
LOGWARNING
2016-10-13_13:40:09 FILE:../src/Object/Monster/Monster.cpp FUNC:Dead LINE:786
 	  Message:monster dead but maxweight is null
LOGWARNING
2016-10-13_13:40:09 FILE:../src/Object/Monster/Monster.cpp FUNC:Dead LINE:786
 	  Message:monster dead but maxweight is null
LOGWARNING
2016-10-13_13:40:09 FILE:../src/Object/Monster/Monster.cpp FUNC:Dead LINE:786
 	  Message:monster dead but maxweight is null
LOGWARNING
2016-10-13_13:40:09 FILE:../src/Object/Monster/Monster.cpp FUNC:Dead LINE:786
 	  Message:monster dead but maxweight is null
LOGWARNING
2016-10-13_13:40:09 FILE:../src/Object/Monster/Monster.cpp FUNC:Dead LINE:786
 	  Message:monster dead but maxweight is null
LOGWARNING
2016-10-13_13:40:09 FILE:../src/Object/Monster/Monster.cpp FUNC:Dead LINE:786
 	  Message:monster dead but maxweight is null
LOGWARNING
2016-10-13_13:40:09 FILE:../src/Object/Monster/Monster.cpp FUNC:Dead LINE:786
 	  Message:monster dead but maxweight is null
LOGWARNING
2016-10-13_13:40:09 FILE:../src/Object/Monster/Monster.cpp FUNC:Dead LINE:786
 	  Message:monster dead but maxweight is null
LOGWARNING
2016-10-13_13:40:09 FILE:../src/Object/Monster/Monster.cpp FUNC:Dead LINE:786
 	  Message:monster dead but maxweight is null
LOGWARNING
2016-10-13_13:40:09 FILE:../src/Object/Monster/Monster.cpp FUNC:Dead LINE:786
 	  Message:monster dead but maxweight is null
LOGWARNING
2016-10-13_13:40:09 FILE:../src/Object/Monster/Monster.cpp FUNC:Dead LINE:786
 	  Message:monster dead but maxweight is null
LOGWARNING
2016-10-13_13:40:09 FILE:../src/Object/Monster/Monster.cpp FUNC:Dead LINE:786
 	  Message:monster dead but maxweight is null
LOGWARNING
2016-10-13_13:40:09 FILE:../src/Object/Monster/Monster.cpp FUNC:Dead LINE:786
 	  Message:monster dead but maxweight is null
LOGWARNING
2016-10-13_13:40:09 FILE:../src/Object/Monster/Monster.cpp FUNC:Dead LINE:786
 	  Message:monster dead but maxweight is null
LOGWARNING
2016-10-13_13:40:09 FILE:../src/Object/Monster/Monster.cpp FUNC:Dead LINE:786
 	  Message:monster dead but maxweight is null
LOGWARNING
2016-10-13_13:40:09 FILE:../src/Object/Monster/Monster.cpp FUNC:Dead LINE:786
 	  Message:monster dead but maxweight is null
LOGWARNING
2016-10-13_13:40:09 FILE:../src/Object/Monster/Monster.cpp FUNC:Dead LINE:786
 	  Message:monster dead but maxweight is null
LOGWARNING
2016-10-13_13:40:09 FILE:../src/Object/Monster/Monster.cpp FUNC:Dead LINE:786
 	  Message:monster dead but maxweight is null
LOGWARNING
2016-10-13_13:40:09 FILE:../src/Object/Monster/Monster.cpp FUNC:Dead LINE:786
 	  Message:monster dead but maxweight is null
LOGWARNING
2016-10-13_13:40:09 FILE:../src/Object/Monster/Monster.cpp FUNC:Dead LINE:786
 	  Message:monster dead but maxweight is null
LOGWARNING
2016-10-13_13:40:09 FILE:../src/Object/Monster/Monster.cpp FUNC:Dead LINE:786
 	  Message:monster dead but maxweight is null
LOGWARNING
2016-10-13_13:40:09 FILE:../src/Object/Monster/Monster.cpp FUNC:Dead LINE:786
 	  Message:monster dead but maxweight is null
LOGWARNING
2016-10-13_13:40:09 FILE:../src/Object/Monster/Monster.cpp FUNC:Dead LINE:786
 	  Message:monster dead but maxweight is null
LOGWARNING
2016-10-13_13:40:09 FILE:../src/Object/Monster/Monster.cpp FUNC:Dead LINE:786
 	  Message:monster dead but maxweight is null
LOGWARNING
2016-10-13_13:40:09 FILE:../src/Object/Monster/Monster.cpp FUNC:Dead LINE:786
 	  Message:monster dead but maxweight is null
LOGWARNING
2016-10-13_13:40:09 FILE:../src/Object/Monster/Monster.cpp FUNC:Dead LINE:786
 	  Message:monster dead but maxweight is null
LOGWARNING
2016-10-13_13:40:09 FILE:../src/Object/Monster/Monster.cpp FUNC:Dead LINE:786
 	  Message:monster dead but maxweight is null
LOGWARNING
2016-10-13_13:40:09 FILE:../src/Object/Monster/Monster.cpp FUNC:Dead LINE:786
 	  Message:monster dead but maxweight is null
LOGWARNING
2016-10-13_13:40:09 FILE:../src/Object/Monster/Monster.cpp FUNC:Dead LINE:786
 	  Message:monster dead but maxweight is null
LOGWARNING
2016-10-13_13:50:04 FILE:../src/Object/Monster/Monster.cpp FUNC:Dead LINE:786
 	  Message:monster dead but maxweight is null
LOGWARNING
2016-10-13_13:50:04 FILE:../src/Object/Monster/Monster.cpp FUNC:Dead LINE:786
 	  Message:monster dead but maxweight is null
LOGWARNING
2016-10-13_13:50:04 FILE:../src/Object/Monster/Monster.cpp FUNC:Dead LINE:786
 	  Message:monster dead but maxweight is null
LOGWARNING
2016-10-13_13:50:04 FILE:../src/Object/Monster/Monster.cpp FUNC:Dead LINE:786
 	  Message:monster dead but maxweight is null
LOGWARNING
2016-10-13_13:50:04 FILE:../src/Object/Monster/Monster.cpp FUNC:Dead LINE:786
 	  Message:monster dead but maxweight is null
LOGWARNING
2016-10-13_13:50:04 FILE:../src/Object/Monster/Monster.cpp FUNC:Dead LINE:786
 	  Message:monster dead but maxweight is null
LOGWARNING
2016-10-13_13:50:04 FILE:../src/Object/Monster/Monster.cpp FUNC:Dead LINE:786
 	  Message:monster dead but maxweight is null
LOGWARNING
2016-10-13_13:50:04 FILE:../src/Object/Monster/Monster.cpp FUNC:Dead LINE:786
 	  Message:monster dead but maxweight is null
LOGWARNING
2016-10-13_13:50:04 FILE:../src/Object/Monster/Monster.cpp FUNC:Dead LINE:786
 	  Message:monster dead but maxweight is null
LOGWARNING
2016-10-13_13:50:04 FILE:../src/Object/Monster/Monster.cpp FUNC:Dead LINE:786
 	  Message:monster dead but maxweight is null
LOGWARNING
2016-10-13_13:50:04 FILE:../src/Object/Monster/Monster.cpp FUNC:Dead LINE:786
 	  Message:monster dead but maxweight is null
LOGWARNING
2016-10-13_13:50:04 FILE:../src/Object/Monster/Monster.cpp FUNC:Dead LINE:786
 	  Message:monster dead but maxweight is null
LOGWARNING
2016-10-13_13:50:04 FILE:../src/Object/Monster/Monster.cpp FUNC:Dead LINE:786
 	  Message:monster dead but maxweight is null
LOGWARNING
2016-10-13_13:50:04 FILE:../src/Object/Monster/Monster.cpp FUNC:Dead LINE:786
 	  Message:monster dead but maxweight is null
LOGWARNING
2016-10-13_13:50:04 FILE:../src/Object/Monster/Monster.cpp FUNC:Dead LINE:786
 	  Message:monster dead but maxweight is null
LOGWARNING
2016-10-13_13:50:04 FILE:../src/Object/Monster/Monster.cpp FUNC:Dead LINE:786
 	  Message:monster dead but maxweight is null
LOGWARNING
2016-10-13_13:50:04 FILE:../src/Object/Monster/Monster.cpp FUNC:Dead LINE:786
 	  Message:monster dead but maxweight is null
LOGWARNING
2016-10-13_13:50:04 FILE:../src/Object/Monster/Monster.cpp FUNC:Dead LINE:786
 	  Message:monster dead but maxweight is null
LOGWARNING
2016-10-13_13:50:04 FILE:../src/Object/Monster/Monster.cpp FUNC:Dead LINE:786
 	  Message:monster dead but maxweight is null
LOGWARNING
2016-10-13_13:50:04 FILE:../src/Object/Monster/Monster.cpp FUNC:Dead LINE:786
 	  Message:monster dead but maxweight is null
LOGWARNING
2016-10-13_13:50:04 FILE:../src/Object/Monster/Monster.cpp FUNC:Dead LINE:786
 	  Message:monster dead but maxweight is null
LOGWARNING
2016-10-13_13:50:04 FILE:../src/Object/Monster/Monster.cpp FUNC:Dead LINE:786
 	  Message:monster dead but maxweight is null
LOGWARNING
2016-10-13_13:50:04 FILE:../src/Object/Monster/Monster.cpp FUNC:Dead LINE:786
 	  Message:monster dead but maxweight is null
LOGWARNING
2016-10-13_13:50:04 FILE:../src/Object/Monster/Monster.cpp FUNC:Dead LINE:786
 	  Message:monster dead but maxweight is null
LOGWARNING
2016-10-13_13:50:04 FILE:../src/Object/Monster/Monster.cpp FUNC:Dead LINE:786
 	  Message:monster dead but maxweight is null
LOGWARNING
2016-10-13_13:50:04 FILE:../src/Object/Monster/Monster.cpp FUNC:Dead LINE:786
 	  Message:monster dead but maxweight is null
LOGWARNING
2016-10-13_13:50:04 FILE:../src/Object/Monster/Monster.cpp FUNC:Dead LINE:786
 	  Message:monster dead but maxweight is null
LOGWARNING
2016-10-13_13:50:04 FILE:../src/Object/Monster/Monster.cpp FUNC:Dead LINE:786
 	  Message:monster dead but maxweight is null
LOGWARNING
2016-10-13_13:50:04 FILE:../src/Object/Monster/Monster.cpp FUNC:Dead LINE:786
 	  Message:monster dead but maxweight is null
LOGWARNING
2016-10-13_13:50:04 FILE:../src/Object/Monster/Monster.cpp FUNC:Dead LINE:786
 	  Message:monster dead but maxweight is null
LOGWARNING
2016-10-13_13:50:04 FILE:../src/Object/Monster/Monster.cpp FUNC:Dead LINE:786
 	  Message:monster dead but maxweight is null
LOGWARNING
2016-10-13_13:50:04 FILE:../src/Object/Monster/Monster.cpp FUNC:Dead LINE:786
 	  Message:monster dead but maxweight is null
LOGWARNING
2016-10-13_13:50:04 FILE:../src/Object/Monster/Monster.cpp FUNC:Dead LINE:786
 	  Message:monster dead but maxweight is null
LOGWARNING
2016-10-13_13:50:04 FILE:../src/Object/Monster/Monster.cpp FUNC:Dead LINE:786
 	  Message:monster dead but maxweight is null
LOGWARNING
2016-10-13_13:50:04 FILE:../src/Object/Monster/Monster.cpp FUNC:Dead LINE:786
 	  Message:monster dead but maxweight is null
LOGWARNING
2016-10-13_13:50:04 FILE:../src/Object/Monster/Monster.cpp FUNC:Dead LINE:786
 	  Message:monster dead but maxweight is null
LOGWARNING
2016-10-13_13:50:04 FILE:../src/Object/Monster/Monster.cpp FUNC:Dead LINE:786
 	  Message:monster dead but maxweight is null
LOGWARNING
2016-10-13_13:50:04 FILE:../src/Object/Monster/Monster.cpp FUNC:Dead LINE:786
 	  Message:monster dead but maxweight is null
LOGWARNING
2016-10-13_13:50:04 FILE:../src/Object/Monster/Monster.cpp FUNC:Dead LINE:786
 	  Message:monster dead but maxweight is null
LOGWARNING
2016-10-13_13:50:04 FILE:../src/Object/Monster/Monster.cpp FUNC:Dead LINE:786
 	  Message:monster dead but maxweight is null
LOGWARNING
2016-10-13_13:50:04 FILE:../src/Object/Monster/Monster.cpp FUNC:Dead LINE:786
 	  Message:monster dead but maxweight is null
LOGWARNING
2016-10-13_13:50:04 FILE:../src/Object/Monster/Monster.cpp FUNC:Dead LINE:786
 	  Message:monster dead but maxweight is null
LOGWARNING
2016-10-13_13:50:04 FILE:../src/Object/Monster/Monster.cpp FUNC:Dead LINE:786
 	  Message:monster dead but maxweight is null
LOGWARNING
2016-10-13_13:50:04 FILE:../src/Object/Monster/Monster.cpp FUNC:Dead LINE:786
 	  Message:monster dead but maxweight is null
LOGWARNING
2016-10-13_13:50:04 FILE:../src/Object/Monster/Monster.cpp FUNC:Dead LINE:786
 	  Message:monster dead but maxweight is null
LOGWARNING
2016-10-13_13:50:04 FILE:../src/Object/Monster/Monster.cpp FUNC:Dead LINE:786
 	  Message:monster dead but maxweight is null
LOGWARNING
2016-10-13_13:50:04 FILE:../src/Object/Monster/Monster.cpp FUNC:Dead LINE:786
 	  Message:monster dead but maxweight is null
LOGWARNING
2016-10-13_13:50:04 FILE:../src/Object/Monster/Monster.cpp FUNC:Dead LINE:786
 	  Message:monster dead but maxweight is null
LOGWARNING
2016-10-13_13:50:04 FILE:../src/Object/Monster/Monster.cpp FUNC:Dead LINE:786
 	  Message:monster dead but maxweight is null
LOGWARNING
2016-10-13_13:50:04 FILE:../src/Object/Monster/Monster.cpp FUNC:Dead LINE:786
 	  Message:monster dead but maxweight is null
LOGWARNING
2016-10-13_13:50:04 FILE:../src/Object/Monster/Monster.cpp FUNC:Dead LINE:786
 	  Message:monster dead but maxweight is null
LOGWARNING
2016-10-13_13:50:04 FILE:../src/Object/Monster/Monster.cpp FUNC:Dead LINE:786
 	  Message:monster dead but maxweight is null
LOGWARNING
2016-10-13_13:50:04 FILE:../src/Object/Monster/Monster.cpp FUNC:Dead LINE:786
 	  Message:monster dead but maxweight is null
LOGWARNING
2016-10-13_13:50:04 FILE:../src/Object/Monster/Monster.cpp FUNC:Dead LINE:786
 	  Message:monster dead but maxweight is null
LOGWARNING
2016-10-13_13:50:04 FILE:../src/Object/Monster/Monster.cpp FUNC:Dead LINE:786
 	  Message:monster dead but maxweight is null
LOGWARNING
2016-10-13_13:50:04 FILE:../src/Object/Monster/Monster.cpp FUNC:Dead LINE:786
 	  Message:monster dead but maxweight is null
LOGWARNING
2016-10-13_13:50:04 FILE:../src/Object/Monster/Monster.cpp FUNC:Dead LINE:786
 	  Message:monster dead but maxweight is null
LOGWARNING
2016-10-13_13:50:04 FILE:../src/Object/Monster/Monster.cpp FUNC:Dead LINE:786
 	  Message:monster dead but maxweight is null
LOGWARNING
2016-10-13_13:50:04 FILE:../src/Object/Monster/Monster.cpp FUNC:Dead LINE:786
 	  Message:monster dead but maxweight is null
LOGWARNING
2016-10-13_13:50:04 FILE:../src/Object/Monster/Monster.cpp FUNC:Dead LINE:786
 	  Message:monster dead but maxweight is null
LOGWARNING
2016-10-13_13:50:04 FILE:../src/Object/Monster/Monster.cpp FUNC:Dead LINE:786
 	  Message:monster dead but maxweight is null
LOGWARNING
2016-10-13_13:50:04 FILE:../src/Object/Monster/Monster.cpp FUNC:Dead LINE:786
 	  Message:monster dead but maxweight is null
LOGWARNING
2016-10-13_13:50:04 FILE:../src/Object/Monster/Monster.cpp FUNC:Dead LINE:786
 	  Message:monster dead but maxweight is null
LOGWARNING
2016-10-13_13:50:04 FILE:../src/Object/Monster/Monster.cpp FUNC:Dead LINE:786
 	  Message:monster dead but maxweight is null
LOGWARNING
2016-10-13_13:50:04 FILE:../src/Object/Monster/Monster.cpp FUNC:Dead LINE:786
 	  Message:monster dead but maxweight is null
LOGWARNING
2016-10-13_13:50:04 FILE:../src/Object/Monster/Monster.cpp FUNC:Dead LINE:786
 	  Message:monster dead but maxweight is null
LOGWARNING
2016-10-13_13:50:04 FILE:../src/Object/Monster/Monster.cpp FUNC:Dead LINE:786
 	  Message:monster dead but maxweight is null
LOGWARNING
2016-10-13_13:50:04 FILE:../src/Object/Monster/Monster.cpp FUNC:Dead LINE:786
 	  Message:monster dead but maxweight is null
LOGWARNING
2016-10-13_13:50:04 FILE:../src/Object/Monster/Monster.cpp FUNC:Dead LINE:786
 	  Message:monster dead but maxweight is null
LOGWARNING
2016-10-13_13:50:04 FILE:../src/Object/Monster/Monster.cpp FUNC:Dead LINE:786
 	  Message:monster dead but maxweight is null
LOGWARNING
2016-10-13_13:50:04 FILE:../src/Object/Monster/Monster.cpp FUNC:Dead LINE:786
 	  Message:monster dead but maxweight is null
LOGWARNING
2016-10-13_13:50:04 FILE:../src/Object/Monster/Monster.cpp FUNC:Dead LINE:786
 	  Message:monster dead but maxweight is null
LOGWARNING
2016-10-13_13:50:04 FILE:../src/Object/Monster/Monster.cpp FUNC:Dead LINE:786
 	  Message:monster dead but maxweight is null
LOGWARNING
2016-10-13_13:50:04 FILE:../src/Object/Monster/Monster.cpp FUNC:Dead LINE:786
 	  Message:monster dead but maxweight is null
LOGWARNING
2016-10-13_13:50:04 FILE:../src/Object/Monster/Monster.cpp FUNC:Dead LINE:786
 	  Message:monster dead but maxweight is null
LOGWARNING
2016-10-13_13:50:04 FILE:../src/Object/Monster/Monster.cpp FUNC:Dead LINE:786
 	  Message:monster dead but maxweight is null
LOGWARNING
2016-10-13_13:50:04 FILE:../src/Object/Monster/Monster.cpp FUNC:Dead LINE:786
 	  Message:monster dead but maxweight is null
LOGWARNING
2016-10-13_13:50:04 FILE:../src/Object/Monster/Monster.cpp FUNC:Dead LINE:786
 	  Message:monster dead but maxweight is null
LOGWARNING
2016-10-13_13:50:04 FILE:../src/Object/Monster/Monster.cpp FUNC:Dead LINE:786
 	  Message:monster dead but maxweight is null
LOGWARNING
2016-10-13_13:50:04 FILE:../src/Object/Monster/Monster.cpp FUNC:Dead LINE:786
 	  Message:monster dead but maxweight is null
LOGWARNING
2016-10-13_13:50:04 FILE:../src/Object/Monster/Monster.cpp FUNC:Dead LINE:786
 	  Message:monster dead but maxweight is null
LOGWARNING
2016-10-13_13:50:04 FILE:../src/Object/Monster/Monster.cpp FUNC:Dead LINE:786
 	  Message:monster dead but maxweight is null
LOGWARNING
2016-10-13_13:50:04 FILE:../src/Object/Monster/Monster.cpp FUNC:Dead LINE:786
 	  Message:monster dead but maxweight is null
LOGWARNING
2016-10-13_13:50:04 FILE:../src/Object/Monster/Monster.cpp FUNC:Dead LINE:786
 	  Message:monster dead but maxweight is null
LOGWARNING
2016-10-13_13:50:04 FILE:../src/Object/Monster/Monster.cpp FUNC:Dead LINE:786
 	  Message:monster dead but maxweight is null
LOGWARNING
2016-10-13_13:50:04 FILE:../src/Object/Monster/Monster.cpp FUNC:Dead LINE:786
 	  Message:monster dead but maxweight is null
LOGWARNING
2016-10-13_13:50:04 FILE:../src/Object/Monster/Monster.cpp FUNC:Dead LINE:786
 	  Message:monster dead but maxweight is null
LOGWARNING
2016-10-13_13:50:04 FILE:../src/Object/Monster/Monster.cpp FUNC:Dead LINE:786
 	  Message:monster dead but maxweight is null
LOGWARNING
2016-10-13_13:50:04 FILE:../src/Object/Monster/Monster.cpp FUNC:Dead LINE:786
 	  Message:monster dead but maxweight is null
LOGWARNING
2016-10-13_13:50:04 FILE:../src/Object/Monster/Monster.cpp FUNC:Dead LINE:786
 	  Message:monster dead but maxweight is null
LOGWARNING
2016-10-13_13:50:04 FILE:../src/Object/Monster/Monster.cpp FUNC:Dead LINE:786
 	  Message:monster dead but maxweight is null
LOGWARNING
2016-10-13_13:50:04 FILE:../src/Object/Monster/Monster.cpp FUNC:Dead LINE:786
 	  Message:monster dead but maxweight is null
LOGWARNING
2016-10-13_13:50:04 FILE:../src/Object/Monster/Monster.cpp FUNC:Dead LINE:786
 	  Message:monster dead but maxweight is null
LOGWARNING
2016-10-13_13:50:04 FILE:../src/Object/Monster/Monster.cpp FUNC:Dead LINE:786
 	  Message:monster dead but maxweight is null
LOGWARNING
2016-10-13_13:50:04 FILE:../src/Object/Monster/Monster.cpp FUNC:Dead LINE:786
 	  Message:monster dead but maxweight is null
LOGWARNING
2016-10-13_13:50:04 FILE:../src/Object/Monster/Monster.cpp FUNC:Dead LINE:786
 	  Message:monster dead but maxweight is null
LOGWARNING
2016-10-13_13:50:04 FILE:../src/Object/Monster/Monster.cpp FUNC:Dead LINE:786
 	  Message:monster dead but maxweight is null
LOGWARNING
2016-10-13_13:50:04 FILE:../src/Object/Monster/Monster.cpp FUNC:Dead LINE:786
 	  Message:monster dead but maxweight is null
LOGWARNING
2016-10-13_13:50:04 FILE:../src/Object/Monster/Monster.cpp FUNC:Dead LINE:786
 	  Message:monster dead but maxweight is null
LOGWARNING
2016-10-13_13:50:04 FILE:../src/Object/Monster/Monster.cpp FUNC:Dead LINE:786
 	  Message:monster dead but maxweight is null
LOGWARNING
2016-10-13_14:15:23 FILE:../src/Mail/MailMessage.cpp FUNC:On_MSG_ACK_MSG_REQ_GM2DB_MAILS LINE:141
 	  Message:gameserver request dbserver get mails and ack
LOGWARNING
2016-10-13_14:18:44 FILE:../src/Mail/MailMessage.cpp FUNC:On_MSG_ACK_MSG_REQ_GM2DB_MAILS LINE:141
 	  Message:gameserver request dbserver get mails and ack
LOGWARNING
2016-10-13_14:19:42 FILE:../src/Mail/MailMessage.cpp FUNC:On_MSG_ACK_MSG_REQ_GM2DB_MAILS LINE:141
 	  Message:gameserver request dbserver get mails and ack
LOGWARNING
2016-10-13_14:20:42 FILE:../src/Mail/MailMessage.cpp FUNC:On_MSG_ACK_MSG_REQ_GM2DB_MAILS LINE:141
 	  Message:gameserver request dbserver get mails and ack
LOGWARNING
2016-10-13_15:21:23 FILE:../src/Mail/MailMessage.cpp FUNC:On_MSG_ACK_MSG_REQ_GM2DB_MAILS LINE:141
 	  Message:gameserver request dbserver get mails and ack
LOGWARNING
2016-10-13_15:32:40 FILE:../src/Mail/MailMessage.cpp FUNC:On_MSG_ACK_MSG_REQ_GM2DB_MAILS LINE:141
 	  Message:gameserver request dbserver get mails and ack
LOGWARNING
2016-10-13_15:38:53 FILE:../src/Mail/MailMessage.cpp FUNC:On_MSG_ACK_MSG_REQ_GM2DB_MAILS LINE:141
 	  Message:gameserver request dbserver get mails and ack
LOGWARNING
2016-10-13_15:39:58 FILE:../src/Mail/MailMessage.cpp FUNC:On_MSG_ACK_MSG_REQ_GM2DB_MAILS LINE:141
 	  Message:gameserver request dbserver get mails and ack
LOGWARNING
2016-10-13_15:40:15 FILE:../src/Mail/MailMessage.cpp FUNC:On_MSG_ACK_MSG_REQ_GM2DB_MAILS LINE:141
 	  Message:gameserver request dbserver get mails and ack
LOGWARNING
2016-10-13_15:44:10 FILE:../src/Mail/MailMessage.cpp FUNC:On_MSG_ACK_MSG_REQ_GM2DB_MAILS LINE:141
 	  Message:gameserver request dbserver get mails and ack
LOGWARNING
2016-10-13_15:45:35 FILE:../src/Mail/MailMessage.cpp FUNC:On_MSG_ACK_MSG_REQ_GM2DB_MAILS LINE:141
 	  Message:gameserver request dbserver get mails and ack
LOGWARNING
2016-10-13_15:46:56 FILE:../src/Mail/MailMessage.cpp FUNC:On_MSG_ACK_MSG_REQ_GM2DB_MAILS LINE:141
 	  Message:gameserver request dbserver get mails and ack
LOGWARNING
2016-10-13_15:47:44 FILE:../src/Mail/MailMessage.cpp FUNC:On_MSG_ACK_MSG_REQ_GM2DB_MAILS LINE:141
 	  Message:gameserver request dbserver get mails and ack
LOGWARNING
2016-10-13_15:48:05 FILE:../src/Mail/MailMessage.cpp FUNC:On_MSG_ACK_MSG_REQ_GM2DB_MAILS LINE:141
 	  Message:gameserver request dbserver get mails and ack
LOGWARNING
2016-10-13_15:53:54 FILE:../src/Mail/MailMessage.cpp FUNC:On_MSG_ACK_MSG_REQ_GM2DB_MAILS LINE:141
 	  Message:gameserver request dbserver get mails and ack
LOGWARNING
2016-10-13_15:55:43 FILE:../src/Mail/MailMessage.cpp FUNC:On_MSG_ACK_MSG_REQ_GM2DB_MAILS LINE:141
 	  Message:gameserver request dbserver get mails and ack
LOGWARNING
2016-10-13_15:57:12 FILE:../src/Mail/MailMessage.cpp FUNC:On_MSG_ACK_MSG_REQ_GM2DB_MAILS LINE:141
 	  Message:gameserver request dbserver get mails and ack
LOGWARNING
2016-10-13_15:58:41 FILE:../src/Mail/MailMessage.cpp FUNC:On_MSG_ACK_MSG_REQ_GM2DB_MAILS LINE:141
 	  Message:gameserver request dbserver get mails and ack
LOGWARNING
2016-10-13_16:00:22 FILE:../src/Mail/MailMessage.cpp FUNC:On_MSG_ACK_MSG_REQ_GM2DB_MAILS LINE:141
 	  Message:gameserver request dbserver get mails and ack
LOGWARNING
2016-10-13_16:04:00 FILE:../src/Mail/MailMessage.cpp FUNC:On_MSG_ACK_MSG_REQ_GM2DB_MAILS LINE:141
 	  Message:gameserver request dbserver get mails and ack
LOGWARNING
2016-10-13_16:17:01 FILE:../src/Mail/MailMessage.cpp FUNC:On_MSG_ACK_MSG_REQ_GM2DB_MAILS LINE:141
 	  Message:gameserver request dbserver get mails and ack
LOGWARNING
2016-10-13_16:18:40 FILE:../src/Mail/MailMessage.cpp FUNC:On_MSG_ACK_MSG_REQ_GM2DB_MAILS LINE:141
 	  Message:gameserver request dbserver get mails and ack
LOGWARNING
2016-10-13_16:28:56 FILE:../src/Mail/MailMessage.cpp FUNC:On_MSG_ACK_MSG_REQ_GM2DB_MAILS LINE:141
 	  Message:gameserver request dbserver get mails and ack
LOGWARNING
2016-10-13_16:31:36 FILE:../src/Mail/MailMessage.cpp FUNC:On_MSG_ACK_MSG_REQ_GM2DB_MAILS LINE:141
 	  Message:gameserver request dbserver get mails and ack
LOGWARNING
2016-10-13_16:34:19 FILE:../src/Mail/MailMessage.cpp FUNC:On_MSG_ACK_MSG_REQ_GM2DB_MAILS LINE:141
 	  Message:gameserver request dbserver get mails and ack
LOGWARNING
2016-10-13_16:35:00 FILE:../src/Mail/MailMessage.cpp FUNC:On_MSG_ACK_MSG_REQ_GM2DB_MAILS LINE:141
 	  Message:gameserver request dbserver get mails and ack
LOGWARNING
2016-10-13_16:36:24 FILE:../src/Mail/MailMessage.cpp FUNC:On_MSG_ACK_MSG_REQ_GM2DB_MAILS LINE:141
 	  Message:gameserver request dbserver get mails and ack
LOGWARNING
2016-10-13_16:37:06 FILE:../src/Mail/MailMessage.cpp FUNC:On_MSG_ACK_MSG_REQ_GM2DB_MAILS LINE:141
 	  Message:gameserver request dbserver get mails and ack
LOGWARNING
2016-10-13_16:38:07 FILE:../src/Mail/MailMessage.cpp FUNC:On_MSG_ACK_MSG_REQ_GM2DB_MAILS LINE:141
 	  Message:gameserver request dbserver get mails and ack
LOGWARNING
2016-10-13_16:39:07 FILE:../src/Mail/MailMessage.cpp FUNC:On_MSG_ACK_MSG_REQ_GM2DB_MAILS LINE:141
 	  Message:gameserver request dbserver get mails and ack
LOGWARNING
2016-10-13_16:45:06 FILE:../src/Mail/MailMessage.cpp FUNC:On_MSG_ACK_MSG_REQ_GM2DB_MAILS LINE:141
 	  Message:gameserver request dbserver get mails and ack
LOGWARNING
2016-10-13_16:46:16 FILE:../src/Mail/MailMessage.cpp FUNC:On_MSG_ACK_MSG_REQ_GM2DB_MAILS LINE:141
 	  Message:gameserver request dbserver get mails and ack
LOGWARNING
2016-10-13_16:47:37 FILE:../src/Mail/MailMessage.cpp FUNC:On_MSG_ACK_MSG_REQ_GM2DB_MAILS LINE:141
 	  Message:gameserver request dbserver get mails and ack
LOGWARNING
2016-10-13_17:20:27 FILE:../src/Mail/MailMessage.cpp FUNC:On_MSG_ACK_MSG_REQ_GM2DB_MAILS LINE:141
 	  Message:gameserver request dbserver get mails and ack
LOGWARNING
2016-10-13_17:27:19 FILE:../src/Mail/MailMessage.cpp FUNC:On_MSG_ACK_MSG_REQ_GM2DB_MAILS LINE:141
 	  Message:gameserver request dbserver get mails and ack
LOGWARNING
2016-10-13_17:29:02 FILE:../src/Mail/MailMessage.cpp FUNC:On_MSG_ACK_MSG_REQ_GM2DB_MAILS LINE:141
 	  Message:gameserver request dbserver get mails and ack
LOGWARNING
2016-10-13_17:30:15 FILE:../src/Mail/MailMessage.cpp FUNC:On_MSG_ACK_MSG_REQ_GM2DB_MAILS LINE:141
 	  Message:gameserver request dbserver get mails and ack
LOGWARNING
2016-10-13_17:32:02 FILE:../src/Mail/MailMessage.cpp FUNC:On_MSG_ACK_MSG_REQ_GM2DB_MAILS LINE:141
 	  Message:gameserver request dbserver get mails and ack
LOGWARNING
2016-10-13_17:33:13 FILE:../src/Mail/MailMessage.cpp FUNC:On_MSG_ACK_MSG_REQ_GM2DB_MAILS LINE:141
 	  Message:gameserver request dbserver get mails and ack
LOGWARNING
2016-10-13_17:34:08 FILE:../src/Mail/MailMessage.cpp FUNC:On_MSG_ACK_MSG_REQ_GM2DB_MAILS LINE:141
 	  Message:gameserver request dbserver get mails and ack
LOGWARNING
2016-10-13_17:36:18 FILE:../src/Mail/MailMessage.cpp FUNC:On_MSG_ACK_MSG_REQ_GM2DB_MAILS LINE:141
 	  Message:gameserver request dbserver get mails and ack
LOGWARNING
2016-10-13_17:48:21 FILE:../src/Mail/MailMessage.cpp FUNC:On_MSG_ACK_MSG_REQ_GM2DB_MAILS LINE:141
 	  Message:gameserver request dbserver get mails and ack
LOGWARNING
2016-10-13_17:55:13 FILE:../src/Mail/MailMessage.cpp FUNC:On_MSG_ACK_MSG_REQ_GM2DB_MAILS LINE:141
 	  Message:gameserver request dbserver get mails and ack
LOGWARNING
2016-10-13_17:56:00 FILE:../src/Mail/MailMessage.cpp FUNC:On_MSG_ACK_MSG_REQ_GM2DB_MAILS LINE:141
 	  Message:gameserver request dbserver get mails and ack
LOGWARNING
2016-10-13_17:56:50 FILE:../src/Mail/MailMessage.cpp FUNC:On_MSG_ACK_MSG_REQ_GM2DB_MAILS LINE:141
 	  Message:gameserver request dbserver get mails and ack
LOGWARNING
2016-10-13_17:57:07 FILE:../src/Mail/MailMessage.cpp FUNC:On_MSG_ACK_MSG_REQ_GM2DB_MAILS LINE:141
 	  Message:gameserver request dbserver get mails and ack
LOGWARNING
2016-10-13_17:58:49 FILE:../src/Mail/MailMessage.cpp FUNC:On_MSG_ACK_MSG_REQ_GM2DB_MAILS LINE:141
 	  Message:gameserver request dbserver get mails and ack
LOGWARNING
2016-10-13_17:59:20 FILE:../src/Mail/MailMessage.cpp FUNC:On_MSG_ACK_MSG_REQ_GM2DB_MAILS LINE:141
 	  Message:gameserver request dbserver get mails and ack
LOGWARNING
2016-10-13_18:00:31 FILE:../src/Mail/MailMessage.cpp FUNC:On_MSG_ACK_MSG_REQ_GM2DB_MAILS LINE:141
 	  Message:gameserver request dbserver get mails and ack
LOGWARNING
2016-10-13_18:00:52 FILE:../src/Mail/MailMessage.cpp FUNC:On_MSG_ACK_MSG_REQ_GM2DB_MAILS LINE:141
 	  Message:gameserver request dbserver get mails and ack
LOGWARNING
2016-10-13_18:01:26 FILE:../src/Mail/MailMessage.cpp FUNC:On_MSG_ACK_MSG_REQ_GM2DB_MAILS LINE:141
 	  Message:gameserver request dbserver get mails and ack