
LOGWARNING
2016-09-22_17:59:29 FILE:../src/Mail/MailMessage.cpp FUNC:On_MSG_ACK_MSG_REQ_GM2DB_MAILS LINE:286
 	  Message:gameserver request dbserver get mails and ack
LOGWARNING
2016-09-22_18:03:14 FILE:../src/Object/AI/AIBrain.cpp FUNC:UpdatePath LINE:1177
 	  Message:path already come
LOGWARNING
2016-09-22_18:10:14 FILE:../src/Object/AI/AIBrain.cpp FUNC:UpdatePath LINE:1177
 	  Message:path already come
LOGWARNING
2016-09-22_18:14:52 FILE:../src/Object/AI/AIBrain.cpp FUNC:UpdatePath LINE:1177
 	  Message:path already come
LOGWARNING
2016-09-22_18:17:52 FILE:../src/Object/AI/AIBrain.cpp FUNC:UpdatePath LINE:1177
 	  Message:path already come
LOGWARNING
2016-09-22_18:21:47 FILE:../src/Mail/MailMessage.cpp FUNC:On_MSG_ACK_MSG_REQ_GM2DB_MAILS LINE:286
 	  Message:gameserver request dbserver get mails and ack
LOGWARNING
2016-09-22_18:23:14 FILE:../src/Object/AI/AIBrain.cpp FUNC:UpdatePath LINE:1177
 	  Message:path already come
LOGWARNING
2016-09-23_13:35:07 FILE:../src/Object/Monster/Monster.cpp FUNC:Dead LINE:786
 	  Message:monster dead but maxweight is null
LOGWARNING
2016-09-23_13:35:07 FILE:../src/Object/Monster/Monster.cpp FUNC:Dead LINE:786
 	  Message:monster dead but maxweight is null
LOGWARNING
2016-09-23_13:35:07 FILE:../src/Object/Monster/Monster.cpp FUNC:Dead LINE:786
 	  Message:monster dead but maxweight is null
LOGWARNING
2016-09-23_13:35:07 FILE:../src/Object/Monster/Monster.cpp FUNC:Dead LINE:786
 	  Message:monster dead but maxweight is null
LOGWARNING
2016-09-23_13:35:07 FILE:../src/Object/Monster/Monster.cpp FUNC:Dead LINE:786
 	  Message:monster dead but maxweight is null
LOGWARNING
2016-09-23_13:35:07 FILE:../src/Object/Monster/Monster.cpp FUNC:Dead LINE:786
 	  Message:monster dead but maxweight is null
LOGWARNING
2016-09-23_13:35:07 FILE:../src/Object/Monster/Monster.cpp FUNC:Dead LINE:786
 	  Message:monster dead but maxweight is null
LOGWARNING
2016-09-23_13:35:07 FILE:../src/Object/Monster/Monster.cpp FUNC:Dead LINE:786
 	  Message:monster dead but maxweight is null
LOGWARNING
2016-09-23_13:35:07 FILE:../src/Object/Monster/Monster.cpp FUNC:Dead LINE:786
 	  Message:monster dead but maxweight is null
LOGWARNING
2016-09-23_13:35:07 FILE:../src/Object/Monster/Monster.cpp FUNC:Dead LINE:786
 	  Message:monster dead but maxweight is null
LOGWARNING
2016-09-23_13:35:07 FILE:../src/Object/Monster/Monster.cpp FUNC:Dead LINE:786
 	  Message:monster dead but maxweight is null
LOGWARNING
2016-09-23_13:35:07 FILE:../src/Object/Monster/Monster.cpp FUNC:Dead LINE:786
 	  Message:monster dead but maxweight is null
LOGWARNING
2016-09-23_13:35:07 FILE:../src/Object/Monster/Monster.cpp FUNC:Dead LINE:786
 	  Message:monster dead but maxweight is null
LOGWARNING
2016-09-23_13:35:07 FILE:../src/Object/Monster/Monster.cpp FUNC:Dead LINE:786
 	  Message:monster dead but maxweight is null
LOGWARNING
2016-09-23_13:35:07 FILE:../src/Object/Monster/Monster.cpp FUNC:Dead LINE:786
 	  Message:monster dead but maxweight is null
LOGWARNING
2016-09-23_13:35:07 FILE:../src/Object/Monster/Monster.cpp FUNC:Dead LINE:786
 	  Message:monster dead but maxweight is null
LOGWARNING
2016-09-23_13:35:07 FILE:../src/Object/Monster/Monster.cpp FUNC:Dead LINE:786
 	  Message:monster dead but maxweight is null
LOGWARNING
2016-09-23_13:35:07 FILE:../src/Object/Monster/Monster.cpp FUNC:Dead LINE:786
 	  Message:monster dead but maxweight is null
LOGWARNING
2016-09-23_13:35:07 FILE:../src/Object/Monster/Monster.cpp FUNC:Dead LINE:786
 	  Message:monster dead but maxweight is null
LOGWARNING
2016-09-23_13:35:07 FILE:../src/Object/Monster/Monster.cpp FUNC:Dead LINE:786
 	  Message:monster dead but maxweight is null
LOGWARNING
2016-09-23_13:35:07 FILE:../src/Object/Monster/Monster.cpp FUNC:Dead LINE:786
 	  Message:monster dead but maxweight is null
LOGWARNING
2016-09-23_13:35:07 FILE:../src/Object/Monster/Monster.cpp FUNC:Dead LINE:786
 	  Message:monster dead but maxweight is null
LOGWARNING
2016-09-23_13:35:07 FILE:../src/Object/Monster/Monster.cpp FUNC:Dead LINE:786
 	  Message:monster dead but maxweight is null
LOGWARNING
2016-09-23_13:35:07 FILE:../src/Object/Monster/Monster.cpp FUNC:Dead LINE:786
 	  Message:monster dead but maxweight is null
LOGWARNING
2016-09-23_13:35:07 FILE:../src/Object/Monster/Monster.cpp FUNC:Dead LINE:786
 	  Message:monster dead but maxweight is null
LOGWARNING
2016-09-23_13:35:07 FILE:../src/Object/Monster/Monster.cpp FUNC:Dead LINE:786
 	  Message:monster dead but maxweight is null
LOGWARNING
2016-09-23_13:35:07 FILE:../src/Object/Monster/Monster.cpp FUNC:Dead LINE:786
 	  Message:monster dead but maxweight is null
LOGWARNING
2016-09-23_13:35:07 FILE:../src/Object/Monster/Monster.cpp FUNC:Dead LINE:786
 	  Message:monster dead but maxweight is null
LOGWARNING
2016-09-23_13:35:07 FILE:../src/Object/Monster/Monster.cpp FUNC:Dead LINE:786
 	  Message:monster dead but maxweight is null
LOGWARNING
2016-09-23_13:35:07 FILE:../src/Object/Monster/Monster.cpp FUNC:Dead LINE:786
 	  Message:monster dead but maxweight is null
LOGWARNING
2016-09-23_13:35:07 FILE:../src/Object/Monster/Monster.cpp FUNC:Dead LINE:786
 	  Message:monster dead but maxweight is null
LOGWARNING
2016-09-23_13:35:07 FILE:../src/Object/Monster/Monster.cpp FUNC:Dead LINE:786
 	  Message:monster dead but maxweight is null
LOGWARNING
2016-09-23_13:35:07 FILE:../src/Object/Monster/Monster.cpp FUNC:Dead LINE:786
 	  Message:monster dead but maxweight is null
LOGWARNING
2016-09-23_13:35:07 FILE:../src/Object/Monster/Monster.cpp FUNC:Dead LINE:786
 	  Message:monster dead but maxweight is null
LOGWARNING
2016-09-23_13:35:07 FILE:../src/Object/Monster/Monster.cpp FUNC:Dead LINE:786
 	  Message:monster dead but maxweight is null
LOGWARNING
2016-09-23_13:35:07 FILE:../src/Object/Monster/Monster.cpp FUNC:Dead LINE:786
 	  Message:monster dead but maxweight is null
LOGWARNING
2016-09-23_13:35:07 FILE:../src/Object/Monster/Monster.cpp FUNC:Dead LINE:786
 	  Message:monster dead but maxweight is null
LOGWARNING
2016-09-23_13:35:07 FILE:../src/Object/Monster/Monster.cpp FUNC:Dead LINE:786
 	  Message:monster dead but maxweight is null
LOGWARNING
2016-09-23_13:35:07 FILE:../src/Object/Monster/Monster.cpp FUNC:Dead LINE:786
 	  Message:monster dead but maxweight is null
LOGWARNING
2016-09-23_13:35:07 FILE:../src/Object/Monster/Monster.cpp FUNC:Dead LINE:786
 	  Message:monster dead but maxweight is null
LOGWARNING
2016-09-23_13:35:07 FILE:../src/Object/Monster/Monster.cpp FUNC:Dead LINE:786
 	  Message:monster dead but maxweight is null
LOGWARNING
2016-09-23_13:35:07 FILE:../src/Object/Monster/Monster.cpp FUNC:Dead LINE:786
 	  Message:monster dead but maxweight is null
LOGWARNING
2016-09-23_13:35:07 FILE:../src/Object/Monster/Monster.cpp FUNC:Dead LINE:786
 	  Message:monster dead but maxweight is null
LOGWARNING
2016-09-23_13:35:07 FILE:../src/Object/Monster/Monster.cpp FUNC:Dead LINE:786
 	  Message:monster dead but maxweight is null
LOGWARNING
2016-09-23_13:35:07 FILE:../src/Object/Monster/Monster.cpp FUNC:Dead LINE:786
 	  Message:monster dead but maxweight is null
LOGWARNING
2016-09-23_13:35:07 FILE:../src/Object/Monster/Monster.cpp FUNC:Dead LINE:786
 	  Message:monster dead but maxweight is null
LOGWARNING
2016-09-23_13:35:07 FILE:../src/Object/Monster/Monster.cpp FUNC:Dead LINE:786
 	  Message:monster dead but maxweight is null
LOGWARNING
2016-09-23_13:35:07 FILE:../src/Object/Monster/Monster.cpp FUNC:Dead LINE:786
 	  Message:monster dead but maxweight is null
LOGWARNING
2016-09-23_13:35:07 FILE:../src/Object/Monster/Monster.cpp FUNC:Dead LINE:786
 	  Message:monster dead but maxweight is null
LOGWARNING
2016-09-23_13:35:07 FILE:../src/Object/Monster/Monster.cpp FUNC:Dead LINE:786
 	  Message:monster dead but maxweight is null
LOGWARNING
2016-09-23_13:35:07 FILE:../src/Object/Monster/Monster.cpp FUNC:Dead LINE:786
 	  Message:monster dead but maxweight is null
LOGWARNING
2016-09-23_13:35:07 FILE:../src/Object/Monster/Monster.cpp FUNC:Dead LINE:786
 	  Message:monster dead but maxweight is null
LOGWARNING
2016-09-23_13:35:07 FILE:../src/Object/Monster/Monster.cpp FUNC:Dead LINE:786
 	  Message:monster dead but maxweight is null
LOGWARNING
2016-09-23_13:35:07 FILE:../src/Object/Monster/Monster.cpp FUNC:Dead LINE:786
 	  Message:monster dead but maxweight is null
LOGWARNING
2016-09-23_13:35:07 FILE:../src/Object/Monster/Monster.cpp FUNC:Dead LINE:786
 	  Message:monster dead but maxweight is null
LOGWARNING
2016-09-23_13:35:07 FILE:../src/Object/Monster/Monster.cpp FUNC:Dead LINE:786
 	  Message:monster dead but maxweight is null
LOGWARNING
2016-09-23_13:35:07 FILE:../src/Object/Monster/Monster.cpp FUNC:Dead LINE:786
 	  Message:monster dead but maxweight is null
LOGWARNING
2016-09-23_13:35:07 FILE:../src/Object/Monster/Monster.cpp FUNC:Dead LINE:786
 	  Message:monster dead but maxweight is null
LOGWARNING
2016-09-23_13:35:07 FILE:../src/Object/Monster/Monster.cpp FUNC:Dead LINE:786
 	  Message:monster dead but maxweight is null
LOGWARNING
2016-09-23_13:35:07 FILE:../src/Object/Monster/Monster.cpp FUNC:Dead LINE:786
 	  Message:monster dead but maxweight is null
LOGWARNING
2016-09-23_13:35:07 FILE:../src/Object/Monster/Monster.cpp FUNC:Dead LINE:786
 	  Message:monster dead but maxweight is null
LOGWARNING
2016-09-23_13:35:07 FILE:../src/Object/Monster/Monster.cpp FUNC:Dead LINE:786
 	  Message:monster dead but maxweight is null
LOGWARNING
2016-09-23_13:35:07 FILE:../src/Object/Monster/Monster.cpp FUNC:Dead LINE:786
 	  Message:monster dead but maxweight is null
LOGWARNING
2016-09-23_13:35:07 FILE:../src/Object/Monster/Monster.cpp FUNC:Dead LINE:786
 	  Message:monster dead but maxweight is null
LOGWARNING
2016-09-23_13:35:07 FILE:../src/Object/Monster/Monster.cpp FUNC:Dead LINE:786
 	  Message:monster dead but maxweight is null
LOGWARNING
2016-09-23_13:35:07 FILE:../src/Object/Monster/Monster.cpp FUNC:Dead LINE:786
 	  Message:monster dead but maxweight is null
LOGWARNING
2016-09-23_13:35:07 FILE:../src/Object/Monster/Monster.cpp FUNC:Dead LINE:786
 	  Message:monster dead but maxweight is null
LOGWARNING
2016-09-23_13:35:07 FILE:../src/Object/Monster/Monster.cpp FUNC:Dead LINE:786
 	  Message:monster dead but maxweight is null
LOGWARNING
2016-09-23_13:35:07 FILE:../src/Object/Monster/Monster.cpp FUNC:Dead LINE:786
 	  Message:monster dead but maxweight is null
LOGWARNING
2016-09-23_13:35:07 FILE:../src/Object/Monster/Monster.cpp FUNC:Dead LINE:786
 	  Message:monster dead but maxweight is null
LOGWARNING
2016-09-23_13:35:07 FILE:../src/Object/Monster/Monster.cpp FUNC:Dead LINE:786
 	  Message:monster dead but maxweight is null
LOGWARNING
2016-09-23_13:35:07 FILE:../src/Object/Monster/Monster.cpp FUNC:Dead LINE:786
 	  Message:monster dead but maxweight is null
LOGWARNING
2016-09-23_13:35:07 FILE:../src/Object/Monster/Monster.cpp FUNC:Dead LINE:786
 	  Message:monster dead but maxweight is null
LOGWARNING
2016-09-23_13:35:07 FILE:../src/Object/Monster/Monster.cpp FUNC:Dead LINE:786
 	  Message:monster dead but maxweight is null
LOGWARNING
2016-09-23_13:35:07 FILE:../src/Object/Monster/Monster.cpp FUNC:Dead LINE:786
 	  Message:monster dead but maxweight is null
LOGWARNING
2016-09-23_13:35:07 FILE:../src/Object/Monster/Monster.cpp FUNC:Dead LINE:786
 	  Message:monster dead but maxweight is null
LOGWARNING
2016-09-23_13:35:07 FILE:../src/Object/Monster/Monster.cpp FUNC:Dead LINE:786
 	  Message:monster dead but maxweight is null
LOGWARNING
2016-09-23_13:35:07 FILE:../src/Object/Monster/Monster.cpp FUNC:Dead LINE:786
 	  Message:monster dead but maxweight is null
LOGWARNING
2016-09-23_13:35:07 FILE:../src/Object/Monster/Monster.cpp FUNC:Dead LINE:786
 	  Message:monster dead but maxweight is null
LOGWARNING
2016-09-23_13:35:07 FILE:../src/Object/Monster/Monster.cpp FUNC:Dead LINE:786
 	  Message:monster dead but maxweight is null
LOGWARNING
2016-09-23_13:35:07 FILE:../src/Object/Monster/Monster.cpp FUNC:Dead LINE:786
 	  Message:monster dead but maxweight is null
LOGWARNING
2016-09-23_13:35:07 FILE:../src/Object/Monster/Monster.cpp FUNC:Dead LINE:786
 	  Message:monster dead but maxweight is null
LOGWARNING
2016-09-23_13:35:07 FILE:../src/Object/Monster/Monster.cpp FUNC:Dead LINE:786
 	  Message:monster dead but maxweight is null
LOGWARNING
2016-09-23_13:35:07 FILE:../src/Object/Monster/Monster.cpp FUNC:Dead LINE:786
 	  Message:monster dead but maxweight is null
LOGWARNING
2016-09-23_13:35:07 FILE:../src/Object/Monster/Monster.cpp FUNC:Dead LINE:786
 	  Message:monster dead but maxweight is null
LOGWARNING
2016-09-23_13:35:07 FILE:../src/Object/Monster/Monster.cpp FUNC:Dead LINE:786
 	  Message:monster dead but maxweight is null
LOGWARNING
2016-09-23_13:35:07 FILE:../src/Object/Monster/Monster.cpp FUNC:Dead LINE:786
 	  Message:monster dead but maxweight is null
LOGWARNING
2016-09-23_13:35:07 FILE:../src/Object/Monster/Monster.cpp FUNC:Dead LINE:786
 	  Message:monster dead but maxweight is null
LOGWARNING
2016-09-23_13:35:07 FILE:../src/Object/Monster/Monster.cpp FUNC:Dead LINE:786
 	  Message:monster dead but maxweight is null
LOGWARNING
2016-09-23_13:35:07 FILE:../src/Object/Monster/Monster.cpp FUNC:Dead LINE:786
 	  Message:monster dead but maxweight is null
LOGWARNING
2016-09-23_13:35:07 FILE:../src/Object/Monster/Monster.cpp FUNC:Dead LINE:786
 	  Message:monster dead but maxweight is null
LOGWARNING
2016-09-23_13:35:07 FILE:../src/Object/Monster/Monster.cpp FUNC:Dead LINE:786
 	  Message:monster dead but maxweight is null
LOGWARNING
2016-09-23_13:35:07 FILE:../src/Object/Monster/Monster.cpp FUNC:Dead LINE:786
 	  Message:monster dead but maxweight is null
LOGWARNING
2016-09-23_13:35:07 FILE:../src/Object/Monster/Monster.cpp FUNC:Dead LINE:786
 	  Message:monster dead but maxweight is null
LOGWARNING
2016-09-23_13:35:07 FILE:../src/Object/Monster/Monster.cpp FUNC:Dead LINE:786
 	  Message:monster dead but maxweight is null
LOGWARNING
2016-09-23_13:35:07 FILE:../src/Object/Monster/Monster.cpp FUNC:Dead LINE:786
 	  Message:monster dead but maxweight is null
LOGWARNING
2016-09-23_13:35:07 FILE:../src/Object/Monster/Monster.cpp FUNC:Dead LINE:786
 	  Message:monster dead but maxweight is null
LOGWARNING
2016-09-23_13:35:07 FILE:../src/Object/Monster/Monster.cpp FUNC:Dead LINE:786
 	  Message:monster dead but maxweight is null
LOGWARNING
2016-09-23_13:35:07 FILE:../src/Object/Monster/Monster.cpp FUNC:Dead LINE:786
 	  Message:monster dead but maxweight is null
LOGWARNING
2016-09-23_13:35:07 FILE:../src/Object/Monster/Monster.cpp FUNC:Dead LINE:786
 	  Message:monster dead but maxweight is null
LOGWARNING
2016-09-23_13:40:07 FILE:../src/Object/Monster/Monster.cpp FUNC:Dead LINE:786
 	  Message:monster dead but maxweight is null
LOGWARNING
2016-09-23_13:40:07 FILE:../src/Object/Monster/Monster.cpp FUNC:Dead LINE:786
 	  Message:monster dead but maxweight is null
LOGWARNING
2016-09-23_13:40:07 FILE:../src/Object/Monster/Monster.cpp FUNC:Dead LINE:786
 	  Message:monster dead but maxweight is null
LOGWARNING
2016-09-23_13:40:07 FILE:../src/Object/Monster/Monster.cpp FUNC:Dead LINE:786
 	  Message:monster dead but maxweight is null
LOGWARNING
2016-09-23_13:40:07 FILE:../src/Object/Monster/Monster.cpp FUNC:Dead LINE:786
 	  Message:monster dead but maxweight is null
LOGWARNING
2016-09-23_13:40:07 FILE:../src/Object/Monster/Monster.cpp FUNC:Dead LINE:786
 	  Message:monster dead but maxweight is null
LOGWARNING
2016-09-23_13:40:07 FILE:../src/Object/Monster/Monster.cpp FUNC:Dead LINE:786
 	  Message:monster dead but maxweight is null
LOGWARNING
2016-09-23_13:40:07 FILE:../src/Object/Monster/Monster.cpp FUNC:Dead LINE:786
 	  Message:monster dead but maxweight is null
LOGWARNING
2016-09-23_13:40:07 FILE:../src/Object/Monster/Monster.cpp FUNC:Dead LINE:786
 	  Message:monster dead but maxweight is null
LOGWARNING
2016-09-23_13:40:07 FILE:../src/Object/Monster/Monster.cpp FUNC:Dead LINE:786
 	  Message:monster dead but maxweight is null
LOGWARNING
2016-09-23_13:40:07 FILE:../src/Object/Monster/Monster.cpp FUNC:Dead LINE:786
 	  Message:monster dead but maxweight is null
LOGWARNING
2016-09-23_13:40:07 FILE:../src/Object/Monster/Monster.cpp FUNC:Dead LINE:786
 	  Message:monster dead but maxweight is null
LOGWARNING
2016-09-23_13:40:07 FILE:../src/Object/Monster/Monster.cpp FUNC:Dead LINE:786
 	  Message:monster dead but maxweight is null
LOGWARNING
2016-09-23_13:40:07 FILE:../src/Object/Monster/Monster.cpp FUNC:Dead LINE:786
 	  Message:monster dead but maxweight is null
LOGWARNING
2016-09-23_13:40:07 FILE:../src/Object/Monster/Monster.cpp FUNC:Dead LINE:786
 	  Message:monster dead but maxweight is null
LOGWARNING
2016-09-23_13:40:07 FILE:../src/Object/Monster/Monster.cpp FUNC:Dead LINE:786
 	  Message:monster dead but maxweight is null
LOGWARNING
2016-09-23_13:40:07 FILE:../src/Object/Monster/Monster.cpp FUNC:Dead LINE:786
 	  Message:monster dead but maxweight is null
LOGWARNING
2016-09-23_13:40:07 FILE:../src/Object/Monster/Monster.cpp FUNC:Dead LINE:786
 	  Message:monster dead but maxweight is null
LOGWARNING
2016-09-23_13:40:07 FILE:../src/Object/Monster/Monster.cpp FUNC:Dead LINE:786
 	  Message:monster dead but maxweight is null
LOGWARNING
2016-09-23_13:40:07 FILE:../src/Object/Monster/Monster.cpp FUNC:Dead LINE:786
 	  Message:monster dead but maxweight is null
LOGWARNING
2016-09-23_13:40:07 FILE:../src/Object/Monster/Monster.cpp FUNC:Dead LINE:786
 	  Message:monster dead but maxweight is null
LOGWARNING
2016-09-23_13:40:07 FILE:../src/Object/Monster/Monster.cpp FUNC:Dead LINE:786
 	  Message:monster dead but maxweight is null
LOGWARNING
2016-09-23_13:40:07 FILE:../src/Object/Monster/Monster.cpp FUNC:Dead LINE:786
 	  Message:monster dead but maxweight is null
LOGWARNING
2016-09-23_13:40:07 FILE:../src/Object/Monster/Monster.cpp FUNC:Dead LINE:786
 	  Message:monster dead but maxweight is null
LOGWARNING
2016-09-23_13:40:07 FILE:../src/Object/Monster/Monster.cpp FUNC:Dead LINE:786
 	  Message:monster dead but maxweight is null
LOGWARNING
2016-09-23_13:40:07 FILE:../src/Object/Monster/Monster.cpp FUNC:Dead LINE:786
 	  Message:monster dead but maxweight is null
LOGWARNING
2016-09-23_13:40:07 FILE:../src/Object/Monster/Monster.cpp FUNC:Dead LINE:786
 	  Message:monster dead but maxweight is null
LOGWARNING
2016-09-23_13:40:07 FILE:../src/Object/Monster/Monster.cpp FUNC:Dead LINE:786
 	  Message:monster dead but maxweight is null
LOGWARNING
2016-09-23_13:40:07 FILE:../src/Object/Monster/Monster.cpp FUNC:Dead LINE:786
 	  Message:monster dead but maxweight is null
LOGWARNING
2016-09-23_13:40:07 FILE:../src/Object/Monster/Monster.cpp FUNC:Dead LINE:786
 	  Message:monster dead but maxweight is null
LOGWARNING
2016-09-23_13:40:07 FILE:../src/Object/Monster/Monster.cpp FUNC:Dead LINE:786
 	  Message:monster dead but maxweight is null
LOGWARNING
2016-09-23_13:40:07 FILE:../src/Object/Monster/Monster.cpp FUNC:Dead LINE:786
 	  Message:monster dead but maxweight is null
LOGWARNING
2016-09-23_13:40:07 FILE:../src/Object/Monster/Monster.cpp FUNC:Dead LINE:786
 	  Message:monster dead but maxweight is null
LOGWARNING
2016-09-23_13:40:07 FILE:../src/Object/Monster/Monster.cpp FUNC:Dead LINE:786
 	  Message:monster dead but maxweight is null
LOGWARNING
2016-09-23_13:40:07 FILE:../src/Object/Monster/Monster.cpp FUNC:Dead LINE:786
 	  Message:monster dead but maxweight is null
LOGWARNING
2016-09-23_13:40:07 FILE:../src/Object/Monster/Monster.cpp FUNC:Dead LINE:786
 	  Message:monster dead but maxweight is null
LOGWARNING
2016-09-23_13:40:07 FILE:../src/Object/Monster/Monster.cpp FUNC:Dead LINE:786
 	  Message:monster dead but maxweight is null
LOGWARNING
2016-09-23_13:40:07 FILE:../src/Object/Monster/Monster.cpp FUNC:Dead LINE:786
 	  Message:monster dead but maxweight is null
LOGWARNING
2016-09-23_13:40:07 FILE:../src/Object/Monster/Monster.cpp FUNC:Dead LINE:786
 	  Message:monster dead but maxweight is null
LOGWARNING
2016-09-23_13:40:07 FILE:../src/Object/Monster/Monster.cpp FUNC:Dead LINE:786
 	  Message:monster dead but maxweight is null
LOGWARNING
2016-09-23_13:40:07 FILE:../src/Object/Monster/Monster.cpp FUNC:Dead LINE:786
 	  Message:monster dead but maxweight is null
LOGWARNING
2016-09-23_13:40:07 FILE:../src/Object/Monster/Monster.cpp FUNC:Dead LINE:786
 	  Message:monster dead but maxweight is null
LOGWARNING
2016-09-23_13:40:07 FILE:../src/Object/Monster/Monster.cpp FUNC:Dead LINE:786
 	  Message:monster dead but maxweight is null
LOGWARNING
2016-09-23_13:40:07 FILE:../src/Object/Monster/Monster.cpp FUNC:Dead LINE:786
 	  Message:monster dead but maxweight is null
LOGWARNING
2016-09-23_13:40:07 FILE:../src/Object/Monster/Monster.cpp FUNC:Dead LINE:786
 	  Message:monster dead but maxweight is null
LOGWARNING
2016-09-23_13:40:07 FILE:../src/Object/Monster/Monster.cpp FUNC:Dead LINE:786
 	  Message:monster dead but maxweight is null
LOGWARNING
2016-09-23_13:40:07 FILE:../src/Object/Monster/Monster.cpp FUNC:Dead LINE:786
 	  Message:monster dead but maxweight is null
LOGWARNING
2016-09-23_13:40:07 FILE:../src/Object/Monster/Monster.cpp FUNC:Dead LINE:786
 	  Message:monster dead but maxweight is null
LOGWARNING
2016-09-23_13:40:07 FILE:../src/Object/Monster/Monster.cpp FUNC:Dead LINE:786
 	  Message:monster dead but maxweight is null
LOGWARNING
2016-09-23_13:40:07 FILE:../src/Object/Monster/Monster.cpp FUNC:Dead LINE:786
 	  Message:monster dead but maxweight is null
LOGWARNING
2016-09-23_13:40:07 FILE:../src/Object/Monster/Monster.cpp FUNC:Dead LINE:786
 	  Message:monster dead but maxweight is null
LOGWARNING
2016-09-23_13:40:07 FILE:../src/Object/Monster/Monster.cpp FUNC:Dead LINE:786
 	  Message:monster dead but maxweight is null
LOGWARNING
2016-09-23_13:40:07 FILE:../src/Object/Monster/Monster.cpp FUNC:Dead LINE:786
 	  Message:monster dead but maxweight is null
LOGWARNING
2016-09-23_13:40:07 FILE:../src/Object/Monster/Monster.cpp FUNC:Dead LINE:786
 	  Message:monster dead but maxweight is null
LOGWARNING
2016-09-23_13:40:07 FILE:../src/Object/Monster/Monster.cpp FUNC:Dead LINE:786
 	  Message:monster dead but maxweight is null
LOGWARNING
2016-09-23_13:40:07 FILE:../src/Object/Monster/Monster.cpp FUNC:Dead LINE:786
 	  Message:monster dead but maxweight is null
LOGWARNING
2016-09-23_13:40:07 FILE:../src/Object/Monster/Monster.cpp FUNC:Dead LINE:786
 	  Message:monster dead but maxweight is null
LOGWARNING
2016-09-23_13:40:07 FILE:../src/Object/Monster/Monster.cpp FUNC:Dead LINE:786
 	  Message:monster dead but maxweight is null
LOGWARNING
2016-09-23_13:40:07 FILE:../src/Object/Monster/Monster.cpp FUNC:Dead LINE:786
 	  Message:monster dead but maxweight is null
LOGWARNING
2016-09-23_13:40:07 FILE:../src/Object/Monster/Monster.cpp FUNC:Dead LINE:786
 	  Message:monster dead but maxweight is null
LOGWARNING
2016-09-23_13:40:07 FILE:../src/Object/Monster/Monster.cpp FUNC:Dead LINE:786
 	  Message:monster dead but maxweight is null
LOGWARNING
2016-09-23_13:40:07 FILE:../src/Object/Monster/Monster.cpp FUNC:Dead LINE:786
 	  Message:monster dead but maxweight is null
LOGWARNING
2016-09-23_13:40:07 FILE:../src/Object/Monster/Monster.cpp FUNC:Dead LINE:786
 	  Message:monster dead but maxweight is null
LOGWARNING
2016-09-23_13:40:07 FILE:../src/Object/Monster/Monster.cpp FUNC:Dead LINE:786
 	  Message:monster dead but maxweight is null
LOGWARNING
2016-09-23_13:40:07 FILE:../src/Object/Monster/Monster.cpp FUNC:Dead LINE:786
 	  Message:monster dead but maxweight is null
LOGWARNING
2016-09-23_13:40:07 FILE:../src/Object/Monster/Monster.cpp FUNC:Dead LINE:786
 	  Message:monster dead but maxweight is null
LOGWARNING
2016-09-23_13:40:07 FILE:../src/Object/Monster/Monster.cpp FUNC:Dead LINE:786
 	  Message:monster dead but maxweight is null
LOGWARNING
2016-09-23_13:40:07 FILE:../src/Object/Monster/Monster.cpp FUNC:Dead LINE:786
 	  Message:monster dead but maxweight is null
LOGWARNING
2016-09-23_13:40:07 FILE:../src/Object/Monster/Monster.cpp FUNC:Dead LINE:786
 	  Message:monster dead but maxweight is null
LOGWARNING
2016-09-23_13:40:07 FILE:../src/Object/Monster/Monster.cpp FUNC:Dead LINE:786
 	  Message:monster dead but maxweight is null
LOGWARNING
2016-09-23_13:40:07 FILE:../src/Object/Monster/Monster.cpp FUNC:Dead LINE:786
 	  Message:monster dead but maxweight is null
LOGWARNING
2016-09-23_13:40:07 FILE:../src/Object/Monster/Monster.cpp FUNC:Dead LINE:786
 	  Message:monster dead but maxweight is null
LOGWARNING
2016-09-23_13:40:07 FILE:../src/Object/Monster/Monster.cpp FUNC:Dead LINE:786
 	  Message:monster dead but maxweight is null
LOGWARNING
2016-09-23_13:40:07 FILE:../src/Object/Monster/Monster.cpp FUNC:Dead LINE:786
 	  Message:monster dead but maxweight is null
LOGWARNING
2016-09-23_13:40:07 FILE:../src/Object/Monster/Monster.cpp FUNC:Dead LINE:786
 	  Message:monster dead but maxweight is null
LOGWARNING
2016-09-23_13:40:07 FILE:../src/Object/Monster/Monster.cpp FUNC:Dead LINE:786
 	  Message:monster dead but maxweight is null
LOGWARNING
2016-09-23_13:40:07 FILE:../src/Object/Monster/Monster.cpp FUNC:Dead LINE:786
 	  Message:monster dead but maxweight is null
LOGWARNING
2016-09-23_13:40:07 FILE:../src/Object/Monster/Monster.cpp FUNC:Dead LINE:786
 	  Message:monster dead but maxweight is null
LOGWARNING
2016-09-23_13:40:07 FILE:../src/Object/Monster/Monster.cpp FUNC:Dead LINE:786
 	  Message:monster dead but maxweight is null
LOGWARNING
2016-09-23_13:40:07 FILE:../src/Object/Monster/Monster.cpp FUNC:Dead LINE:786
 	  Message:monster dead but maxweight is null
LOGWARNING
2016-09-23_13:40:07 FILE:../src/Object/Monster/Monster.cpp FUNC:Dead LINE:786
 	  Message:monster dead but maxweight is null
LOGWARNING
2016-09-23_13:40:07 FILE:../src/Object/Monster/Monster.cpp FUNC:Dead LINE:786
 	  Message:monster dead but maxweight is null
LOGWARNING
2016-09-23_13:40:07 FILE:../src/Object/Monster/Monster.cpp FUNC:Dead LINE:786
 	  Message:monster dead but maxweight is null
LOGWARNING
2016-09-23_13:40:07 FILE:../src/Object/Monster/Monster.cpp FUNC:Dead LINE:786
 	  Message:monster dead but maxweight is null
LOGWARNING
2016-09-23_13:40:07 FILE:../src/Object/Monster/Monster.cpp FUNC:Dead LINE:786
 	  Message:monster dead but maxweight is null
LOGWARNING
2016-09-23_13:40:07 FILE:../src/Object/Monster/Monster.cpp FUNC:Dead LINE:786
 	  Message:monster dead but maxweight is null
LOGWARNING
2016-09-23_13:40:07 FILE:../src/Object/Monster/Monster.cpp FUNC:Dead LINE:786
 	  Message:monster dead but maxweight is null
LOGWARNING
2016-09-23_13:40:07 FILE:../src/Object/Monster/Monster.cpp FUNC:Dead LINE:786
 	  Message:monster dead but maxweight is null
LOGWARNING
2016-09-23_13:40:07 FILE:../src/Object/Monster/Monster.cpp FUNC:Dead LINE:786
 	  Message:monster dead but maxweight is null
LOGWARNING
2016-09-23_13:40:07 FILE:../src/Object/Monster/Monster.cpp FUNC:Dead LINE:786
 	  Message:monster dead but maxweight is null
LOGWARNING
2016-09-23_13:40:07 FILE:../src/Object/Monster/Monster.cpp FUNC:Dead LINE:786
 	  Message:monster dead but maxweight is null
LOGWARNING
2016-09-23_13:40:07 FILE:../src/Object/Monster/Monster.cpp FUNC:Dead LINE:786
 	  Message:monster dead but maxweight is null
LOGWARNING
2016-09-23_13:40:07 FILE:../src/Object/Monster/Monster.cpp FUNC:Dead LINE:786
 	  Message:monster dead but maxweight is null
LOGWARNING
2016-09-23_13:40:07 FILE:../src/Object/Monster/Monster.cpp FUNC:Dead LINE:786
 	  Message:monster dead but maxweight is null
LOGWARNING
2016-09-23_13:40:07 FILE:../src/Object/Monster/Monster.cpp FUNC:Dead LINE:786
 	  Message:monster dead but maxweight is null
LOGWARNING
2016-09-23_13:40:07 FILE:../src/Object/Monster/Monster.cpp FUNC:Dead LINE:786
 	  Message:monster dead but maxweight is null
LOGWARNING
2016-09-23_13:40:07 FILE:../src/Object/Monster/Monster.cpp FUNC:Dead LINE:786
 	  Message:monster dead but maxweight is null
LOGWARNING
2016-09-23_13:40:07 FILE:../src/Object/Monster/Monster.cpp FUNC:Dead LINE:786
 	  Message:monster dead but maxweight is null
LOGWARNING
2016-09-23_13:40:07 FILE:../src/Object/Monster/Monster.cpp FUNC:Dead LINE:786
 	  Message:monster dead but maxweight is null
LOGWARNING
2016-09-23_13:40:07 FILE:../src/Object/Monster/Monster.cpp FUNC:Dead LINE:786
 	  Message:monster dead but maxweight is null
LOGWARNING
2016-09-23_13:50:02 FILE:../src/Object/Monster/Monster.cpp FUNC:Dead LINE:786
 	  Message:monster dead but maxweight is null
LOGWARNING
2016-09-23_13:50:02 FILE:../src/Object/Monster/Monster.cpp FUNC:Dead LINE:786
 	  Message:monster dead but maxweight is null
LOGWARNING
2016-09-23_13:50:02 FILE:../src/Object/Monster/Monster.cpp FUNC:Dead LINE:786
 	  Message:monster dead but maxweight is null
LOGWARNING
2016-09-23_13:50:02 FILE:../src/Object/Monster/Monster.cpp FUNC:Dead LINE:786
 	  Message:monster dead but maxweight is null
LOGWARNING
2016-09-23_13:50:02 FILE:../src/Object/Monster/Monster.cpp FUNC:Dead LINE:786
 	  Message:monster dead but maxweight is null
LOGWARNING
2016-09-23_13:50:02 FILE:../src/Object/Monster/Monster.cpp FUNC:Dead LINE:786
 	  Message:monster dead but maxweight is null
LOGWARNING
2016-09-23_13:50:02 FILE:../src/Object/Monster/Monster.cpp FUNC:Dead LINE:786
 	  Message:monster dead but maxweight is null
LOGWARNING
2016-09-23_13:50:02 FILE:../src/Object/Monster/Monster.cpp FUNC:Dead LINE:786
 	  Message:monster dead but maxweight is null
LOGWARNING
2016-09-23_13:50:02 FILE:../src/Object/Monster/Monster.cpp FUNC:Dead LINE:786
 	  Message:monster dead but maxweight is null
LOGWARNING
2016-09-23_13:50:02 FILE:../src/Object/Monster/Monster.cpp FUNC:Dead LINE:786
 	  Message:monster dead but maxweight is null
LOGWARNING
2016-09-23_13:50:02 FILE:../src/Object/Monster/Monster.cpp FUNC:Dead LINE:786
 	  Message:monster dead but maxweight is null
LOGWARNING
2016-09-23_13:50:02 FILE:../src/Object/Monster/Monster.cpp FUNC:Dead LINE:786
 	  Message:monster dead but maxweight is null
LOGWARNING
2016-09-23_13:50:02 FILE:../src/Object/Monster/Monster.cpp FUNC:Dead LINE:786
 	  Message:monster dead but maxweight is null
LOGWARNING
2016-09-23_13:50:02 FILE:../src/Object/Monster/Monster.cpp FUNC:Dead LINE:786
 	  Message:monster dead but maxweight is null
LOGWARNING
2016-09-23_13:50:02 FILE:../src/Object/Monster/Monster.cpp FUNC:Dead LINE:786
 	  Message:monster dead but maxweight is null
LOGWARNING
2016-09-23_13:50:02 FILE:../src/Object/Monster/Monster.cpp FUNC:Dead LINE:786
 	  Message:monster dead but maxweight is null
LOGWARNING
2016-09-23_13:50:02 FILE:../src/Object/Monster/Monster.cpp FUNC:Dead LINE:786
 	  Message:monster dead but maxweight is null
LOGWARNING
2016-09-23_13:50:02 FILE:../src/Object/Monster/Monster.cpp FUNC:Dead LINE:786
 	  Message:monster dead but maxweight is null
LOGWARNING
2016-09-23_13:50:02 FILE:../src/Object/Monster/Monster.cpp FUNC:Dead LINE:786
 	  Message:monster dead but maxweight is null
LOGWARNING
2016-09-23_13:50:02 FILE:../src/Object/Monster/Monster.cpp FUNC:Dead LINE:786
 	  Message:monster dead but maxweight is null
LOGWARNING
2016-09-23_13:50:02 FILE:../src/Object/Monster/Monster.cpp FUNC:Dead LINE:786
 	  Message:monster dead but maxweight is null
LOGWARNING
2016-09-23_13:50:02 FILE:../src/Object/Monster/Monster.cpp FUNC:Dead LINE:786
 	  Message:monster dead but maxweight is null
LOGWARNING
2016-09-23_13:50:02 FILE:../src/Object/Monster/Monster.cpp FUNC:Dead LINE:786
 	  Message:monster dead but maxweight is null
LOGWARNING
2016-09-23_13:50:02 FILE:../src/Object/Monster/Monster.cpp FUNC:Dead LINE:786
 	  Message:monster dead but maxweight is null
LOGWARNING
2016-09-23_13:50:02 FILE:../src/Object/Monster/Monster.cpp FUNC:Dead LINE:786
 	  Message:monster dead but maxweight is null
LOGWARNING
2016-09-23_13:50:02 FILE:../src/Object/Monster/Monster.cpp FUNC:Dead LINE:786
 	  Message:monster dead but maxweight is null
LOGWARNING
2016-09-23_13:50:02 FILE:../src/Object/Monster/Monster.cpp FUNC:Dead LINE:786
 	  Message:monster dead but maxweight is null
LOGWARNING
2016-09-23_13:50:02 FILE:../src/Object/Monster/Monster.cpp FUNC:Dead LINE:786
 	  Message:monster dead but maxweight is null
LOGWARNING
2016-09-23_13:50:02 FILE:../src/Object/Monster/Monster.cpp FUNC:Dead LINE:786
 	  Message:monster dead but maxweight is null
LOGWARNING
2016-09-23_13:50:02 FILE:../src/Object/Monster/Monster.cpp FUNC:Dead LINE:786
 	  Message:monster dead but maxweight is null
LOGWARNING
2016-09-23_13:50:02 FILE:../src/Object/Monster/Monster.cpp FUNC:Dead LINE:786
 	  Message:monster dead but maxweight is null
LOGWARNING
2016-09-23_13:50:02 FILE:../src/Object/Monster/Monster.cpp FUNC:Dead LINE:786
 	  Message:monster dead but maxweight is null
LOGWARNING
2016-09-23_13:50:02 FILE:../src/Object/Monster/Monster.cpp FUNC:Dead LINE:786
 	  Message:monster dead but maxweight is null
LOGWARNING
2016-09-23_13:50:02 FILE:../src/Object/Monster/Monster.cpp FUNC:Dead LINE:786
 	  Message:monster dead but maxweight is null
LOGWARNING
2016-09-23_13:50:02 FILE:../src/Object/Monster/Monster.cpp FUNC:Dead LINE:786
 	  Message:monster dead but maxweight is null
LOGWARNING
2016-09-23_13:50:02 FILE:../src/Object/Monster/Monster.cpp FUNC:Dead LINE:786
 	  Message:monster dead but maxweight is null
LOGWARNING
2016-09-23_13:50:02 FILE:../src/Object/Monster/Monster.cpp FUNC:Dead LINE:786
 	  Message:monster dead but maxweight is null
LOGWARNING
2016-09-23_13:50:02 FILE:../src/Object/Monster/Monster.cpp FUNC:Dead LINE:786
 	  Message:monster dead but maxweight is null
LOGWARNING
2016-09-23_13:50:02 FILE:../src/Object/Monster/Monster.cpp FUNC:Dead LINE:786
 	  Message:monster dead but maxweight is null
LOGWARNING
2016-09-23_13:50:02 FILE:../src/Object/Monster/Monster.cpp FUNC:Dead LINE:786
 	  Message:monster dead but maxweight is null
LOGWARNING
2016-09-23_13:50:02 FILE:../src/Object/Monster/Monster.cpp FUNC:Dead LINE:786
 	  Message:monster dead but maxweight is null
LOGWARNING
2016-09-23_13:50:02 FILE:../src/Object/Monster/Monster.cpp FUNC:Dead LINE:786
 	  Message:monster dead but maxweight is null
LOGWARNING
2016-09-23_13:50:02 FILE:../src/Object/Monster/Monster.cpp FUNC:Dead LINE:786
 	  Message:monster dead but maxweight is null
LOGWARNING
2016-09-23_13:50:02 FILE:../src/Object/Monster/Monster.cpp FUNC:Dead LINE:786
 	  Message:monster dead but maxweight is null
LOGWARNING
2016-09-23_13:50:02 FILE:../src/Object/Monster/Monster.cpp FUNC:Dead LINE:786
 	  Message:monster dead but maxweight is null
LOGWARNING
2016-09-23_13:50:02 FILE:../src/Object/Monster/Monster.cpp FUNC:Dead LINE:786
 	  Message:monster dead but maxweight is null
LOGWARNING
2016-09-23_13:50:02 FILE:../src/Object/Monster/Monster.cpp FUNC:Dead LINE:786
 	  Message:monster dead but maxweight is null
LOGWARNING
2016-09-23_13:50:02 FILE:../src/Object/Monster/Monster.cpp FUNC:Dead LINE:786
 	  Message:monster dead but maxweight is null
LOGWARNING
2016-09-23_13:50:02 FILE:../src/Object/Monster/Monster.cpp FUNC:Dead LINE:786
 	  Message:monster dead but maxweight is null
LOGWARNING
2016-09-23_13:50:02 FILE:../src/Object/Monster/Monster.cpp FUNC:Dead LINE:786
 	  Message:monster dead but maxweight is null
LOGWARNING
2016-09-23_13:50:02 FILE:../src/Object/Monster/Monster.cpp FUNC:Dead LINE:786
 	  Message:monster dead but maxweight is null
LOGWARNING
2016-09-23_13:50:02 FILE:../src/Object/Monster/Monster.cpp FUNC:Dead LINE:786
 	  Message:monster dead but maxweight is null
LOGWARNING
2016-09-23_13:50:02 FILE:../src/Object/Monster/Monster.cpp FUNC:Dead LINE:786
 	  Message:monster dead but maxweight is null
LOGWARNING
2016-09-23_13:50:02 FILE:../src/Object/Monster/Monster.cpp FUNC:Dead LINE:786
 	  Message:monster dead but maxweight is null
LOGWARNING
2016-09-23_13:50:02 FILE:../src/Object/Monster/Monster.cpp FUNC:Dead LINE:786
 	  Message:monster dead but maxweight is null
LOGWARNING
2016-09-23_13:50:02 FILE:../src/Object/Monster/Monster.cpp FUNC:Dead LINE:786
 	  Message:monster dead but maxweight is null
LOGWARNING
2016-09-23_13:50:02 FILE:../src/Object/Monster/Monster.cpp FUNC:Dead LINE:786
 	  Message:monster dead but maxweight is null
LOGWARNING
2016-09-23_13:50:02 FILE:../src/Object/Monster/Monster.cpp FUNC:Dead LINE:786
 	  Message:monster dead but maxweight is null
LOGWARNING
2016-09-23_13:50:02 FILE:../src/Object/Monster/Monster.cpp FUNC:Dead LINE:786
 	  Message:monster dead but maxweight is null
LOGWARNING
2016-09-23_13:50:02 FILE:../src/Object/Monster/Monster.cpp FUNC:Dead LINE:786
 	  Message:monster dead but maxweight is null
LOGWARNING
2016-09-23_13:50:02 FILE:../src/Object/Monster/Monster.cpp FUNC:Dead LINE:786
 	  Message:monster dead but maxweight is null
LOGWARNING
2016-09-23_13:50:02 FILE:../src/Object/Monster/Monster.cpp FUNC:Dead LINE:786
 	  Message:monster dead but maxweight is null
LOGWARNING
2016-09-23_13:50:02 FILE:../src/Object/Monster/Monster.cpp FUNC:Dead LINE:786
 	  Message:monster dead but maxweight is null
LOGWARNING
2016-09-23_13:50:02 FILE:../src/Object/Monster/Monster.cpp FUNC:Dead LINE:786
 	  Message:monster dead but maxweight is null
LOGWARNING
2016-09-23_13:50:02 FILE:../src/Object/Monster/Monster.cpp FUNC:Dead LINE:786
 	  Message:monster dead but maxweight is null
LOGWARNING
2016-09-23_13:50:02 FILE:../src/Object/Monster/Monster.cpp FUNC:Dead LINE:786
 	  Message:monster dead but maxweight is null
LOGWARNING
2016-09-23_13:50:02 FILE:../src/Object/Monster/Monster.cpp FUNC:Dead LINE:786
 	  Message:monster dead but maxweight is null
LOGWARNING
2016-09-23_13:50:02 FILE:../src/Object/Monster/Monster.cpp FUNC:Dead LINE:786
 	  Message:monster dead but maxweight is null
LOGWARNING
2016-09-23_13:50:02 FILE:../src/Object/Monster/Monster.cpp FUNC:Dead LINE:786
 	  Message:monster dead but maxweight is null
LOGWARNING
2016-09-23_13:50:02 FILE:../src/Object/Monster/Monster.cpp FUNC:Dead LINE:786
 	  Message:monster dead but maxweight is null
LOGWARNING
2016-09-23_13:50:02 FILE:../src/Object/Monster/Monster.cpp FUNC:Dead LINE:786
 	  Message:monster dead but maxweight is null
LOGWARNING
2016-09-23_13:50:02 FILE:../src/Object/Monster/Monster.cpp FUNC:Dead LINE:786
 	  Message:monster dead but maxweight is null
LOGWARNING
2016-09-23_13:50:02 FILE:../src/Object/Monster/Monster.cpp FUNC:Dead LINE:786
 	  Message:monster dead but maxweight is null
LOGWARNING
2016-09-23_13:50:02 FILE:../src/Object/Monster/Monster.cpp FUNC:Dead LINE:786
 	  Message:monster dead but maxweight is null
LOGWARNING
2016-09-23_13:50:02 FILE:../src/Object/Monster/Monster.cpp FUNC:Dead LINE:786
 	  Message:monster dead but maxweight is null
LOGWARNING
2016-09-23_13:50:02 FILE:../src/Object/Monster/Monster.cpp FUNC:Dead LINE:786
 	  Message:monster dead but maxweight is null
LOGWARNING
2016-09-23_13:50:02 FILE:../src/Object/Monster/Monster.cpp FUNC:Dead LINE:786
 	  Message:monster dead but maxweight is null
LOGWARNING
2016-09-23_13:50:02 FILE:../src/Object/Monster/Monster.cpp FUNC:Dead LINE:786
 	  Message:monster dead but maxweight is null
LOGWARNING
2016-09-23_13:50:02 FILE:../src/Object/Monster/Monster.cpp FUNC:Dead LINE:786
 	  Message:monster dead but maxweight is null
LOGWARNING
2016-09-23_13:50:02 FILE:../src/Object/Monster/Monster.cpp FUNC:Dead LINE:786
 	  Message:monster dead but maxweight is null
LOGWARNING
2016-09-23_13:50:02 FILE:../src/Object/Monster/Monster.cpp FUNC:Dead LINE:786
 	  Message:monster dead but maxweight is null
LOGWARNING
2016-09-23_13:50:02 FILE:../src/Object/Monster/Monster.cpp FUNC:Dead LINE:786
 	  Message:monster dead but maxweight is null
LOGWARNING
2016-09-23_13:50:02 FILE:../src/Object/Monster/Monster.cpp FUNC:Dead LINE:786
 	  Message:monster dead but maxweight is null
LOGWARNING
2016-09-23_13:50:02 FILE:../src/Object/Monster/Monster.cpp FUNC:Dead LINE:786
 	  Message:monster dead but maxweight is null
LOGWARNING
2016-09-23_13:50:02 FILE:../src/Object/Monster/Monster.cpp FUNC:Dead LINE:786
 	  Message:monster dead but maxweight is null
LOGWARNING
2016-09-23_13:50:02 FILE:../src/Object/Monster/Monster.cpp FUNC:Dead LINE:786
 	  Message:monster dead but maxweight is null
LOGWARNING
2016-09-23_13:50:02 FILE:../src/Object/Monster/Monster.cpp FUNC:Dead LINE:786
 	  Message:monster dead but maxweight is null
LOGWARNING
2016-09-23_13:50:02 FILE:../src/Object/Monster/Monster.cpp FUNC:Dead LINE:786
 	  Message:monster dead but maxweight is null
LOGWARNING
2016-09-23_13:50:02 FILE:../src/Object/Monster/Monster.cpp FUNC:Dead LINE:786
 	  Message:monster dead but maxweight is null
LOGWARNING
2016-09-23_13:50:02 FILE:../src/Object/Monster/Monster.cpp FUNC:Dead LINE:786
 	  Message:monster dead but maxweight is null
LOGWARNING
2016-09-23_13:50:02 FILE:../src/Object/Monster/Monster.cpp FUNC:Dead LINE:786
 	  Message:monster dead but maxweight is null
LOGWARNING
2016-09-23_13:50:02 FILE:../src/Object/Monster/Monster.cpp FUNC:Dead LINE:786
 	  Message:monster dead but maxweight is null
LOGWARNING
2016-09-23_13:50:02 FILE:../src/Object/Monster/Monster.cpp FUNC:Dead LINE:786
 	  Message:monster dead but maxweight is null
LOGWARNING
2016-09-23_13:50:02 FILE:../src/Object/Monster/Monster.cpp FUNC:Dead LINE:786
 	  Message:monster dead but maxweight is null
LOGWARNING
2016-09-23_13:50:02 FILE:../src/Object/Monster/Monster.cpp FUNC:Dead LINE:786
 	  Message:monster dead but maxweight is null
LOGWARNING
2016-09-23_13:50:02 FILE:../src/Object/Monster/Monster.cpp FUNC:Dead LINE:786
 	  Message:monster dead but maxweight is null
LOGWARNING
2016-09-23_13:50:02 FILE:../src/Object/Monster/Monster.cpp FUNC:Dead LINE:786
 	  Message:monster dead but maxweight is null
LOGWARNING
2016-09-23_13:50:02 FILE:../src/Object/Monster/Monster.cpp FUNC:Dead LINE:786
 	  Message:monster dead but maxweight is null
LOGWARNING
2016-09-23_13:50:02 FILE:../src/Object/Monster/Monster.cpp FUNC:Dead LINE:786
 	  Message:monster dead but maxweight is null
LOGWARNING
2016-09-23_13:50:02 FILE:../src/Object/Monster/Monster.cpp FUNC:Dead LINE:786
 	  Message:monster dead but maxweight is null
LOGWARNING
2016-09-23_14:28:51 FILE:../src/Object/AI/AIBrain.cpp FUNC:UpdatePath LINE:1177
 	  Message:path already come
LOGWARNING
2016-09-23_14:30:15 FILE:../src/Object/AI/AIBrain.cpp FUNC:UpdatePath LINE:1177
 	  Message:path already come
LOGWARNING
2016-09-23_14:34:36 FILE:../src/Object/AI/AIBrain.cpp FUNC:UpdatePath LINE:1177
 	  Message:path already come
LOGWARNING
2016-09-23_14:41:33 FILE:../src/Object/AI/AIBrain.cpp FUNC:UpdatePath LINE:1177
 	  Message:path already come
LOGWARNING
2016-09-23_14:59:14 FILE:../src/Object/AI/AIBrain.cpp FUNC:UpdatePath LINE:1177
 	  Message:path already come
LOGWARNING
2016-09-23_15:20:58 FILE:../src/Object/AI/AIBrain.cpp FUNC:UpdatePath LINE:1177
 	  Message:path already come
LOGWARNING
2016-09-23_15:44:42 FILE:../src/Object/AI/AIBrain.cpp FUNC:UpdatePath LINE:1177
 	  Message:path already come
LOGWARNING
2016-09-23_16:08:00 FILE:../src/Mail/MailMessage.cpp FUNC:On_MSG_ACK_MSG_REQ_GM2DB_MAILS LINE:286
 	  Message:gameserver request dbserver get mails and ack
LOGWARNING
2016-09-23_16:08:06 FILE:../src/Mail/MailMessage.cpp FUNC:On_MSG_ACK_MSG_REQ_GM2DB_MAILS LINE:286
 	  Message:gameserver request dbserver get mails and ack
LOGWARNING
2016-09-23_16:15:05 FILE:../src/Object/AI/AIBrain.cpp FUNC:UpdatePath LINE:1177
 	  Message:path already come
LOGWARNING
2016-09-23_16:56:32 FILE:../src/Object/AI/AIBrain.cpp FUNC:UpdatePath LINE:1177
 	  Message:path already come
LOGWARNING
2016-09-23_17:33:03 FILE:../src/Object/AI/AIBrain.cpp FUNC:UpdatePath LINE:1177
 	  Message:path already come
LOGWARNING
2016-09-23_18:09:57 FILE:../src/Object/AI/AIBrain.cpp FUNC:UpdatePath LINE:1177
 	  Message:path already come
LOGWARNING
2016-09-23_18:30:38 FILE:../src/Object/AI/AIBrain.cpp FUNC:UpdatePath LINE:1177
 	  Message:path already come
LOGWARNING
2016-09-23_18:32:41 FILE:../src/Object/AI/AIBrain.cpp FUNC:UpdatePath LINE:1177
 	  Message:path already come
LOGWARNING
2016-09-23_18:59:20 FILE:../src/Object/AI/AIBrain.cpp FUNC:UpdatePath LINE:1177
 	  Message:path already come