
LOGWARNING
2016-10-17_09:53:09 FILE:../src/Mail/MailMessage.cpp FUNC:On_MSG_ACK_MSG_REQ_GM2DB_MAILS LINE:141
 	  Message:gameserver request dbserver get mails and ack
LOGWARNING
2016-10-17_10:01:37 FILE:../src/Mail/MailMessage.cpp FUNC:On_MSG_ACK_MSG_REQ_GM2DB_MAILS LINE:141
 	  Message:gameserver request dbserver get mails and ack
LOGWARNING
2016-10-17_10:02:53 FILE:../src/Mail/MailMessage.cpp FUNC:On_MSG_ACK_MSG_REQ_GM2DB_MAILS LINE:141
 	  Message:gameserver request dbserver get mails and ack
LOGWARNING
2016-10-17_10:07:55 FILE:../src/Mail/MailMessage.cpp FUNC:On_MSG_ACK_MSG_REQ_GM2DB_MAILS LINE:141
 	  Message:gameserver request dbserver get mails and ack
LOGWARNING
2016-10-17_10:09:36 FILE:../src/Mail/MailMessage.cpp FUNC:On_MSG_ACK_MSG_REQ_GM2DB_MAILS LINE:141
 	  Message:gameserver request dbserver get mails and ack
LOGWARNING
2016-10-17_10:16:25 FILE:../src/Mail/MailMessage.cpp FUNC:On_MSG_ACK_MSG_REQ_GM2DB_MAILS LINE:141
 	  Message:gameserver request dbserver get mails and ack
LOGWARNING
2016-10-17_10:17:26 FILE:../src/Mail/MailMessage.cpp FUNC:On_MSG_ACK_MSG_REQ_GM2DB_MAILS LINE:141
 	  Message:gameserver request dbserver get mails and ack
LOGWARNING
2016-10-17_10:19:47 FILE:../src/Mail/MailMessage.cpp FUNC:On_MSG_ACK_MSG_REQ_GM2DB_MAILS LINE:141
 	  Message:gameserver request dbserver get mails and ack
LOGWARNING
2016-10-17_10:23:13 FILE:../src/Mail/MailMessage.cpp FUNC:On_MSG_ACK_MSG_REQ_GM2DB_MAILS LINE:141
 	  Message:gameserver request dbserver get mails and ack
LOGWARNING
2016-10-17_10:26:28 FILE:../src/Mail/MailMessage.cpp FUNC:On_MSG_ACK_MSG_REQ_GM2DB_MAILS LINE:141
 	  Message:gameserver request dbserver get mails and ack
LOGWARNING
2016-10-17_10:27:14 FILE:../src/Mail/MailMessage.cpp FUNC:On_MSG_ACK_MSG_REQ_GM2DB_MAILS LINE:141
 	  Message:gameserver request dbserver get mails and ack
LOGWARNING
2016-10-17_10:29:20 FILE:../src/Mail/MailMessage.cpp FUNC:On_MSG_ACK_MSG_REQ_GM2DB_MAILS LINE:141
 	  Message:gameserver request dbserver get mails and ack
LOGWARNING
2016-10-17_10:30:01 FILE:../src/Mail/MailMessage.cpp FUNC:On_MSG_ACK_MSG_REQ_GM2DB_MAILS LINE:141
 	  Message:gameserver request dbserver get mails and ack
LOGWARNING
2016-10-17_10:33:34 FILE:../src/Mail/MailMessage.cpp FUNC:On_MSG_ACK_MSG_REQ_GM2DB_MAILS LINE:141
 	  Message:gameserver request dbserver get mails and ack
LOGWARNING
2016-10-17_10:34:30 FILE:../src/Mail/MailMessage.cpp FUNC:On_MSG_ACK_MSG_REQ_GM2DB_MAILS LINE:141
 	  Message:gameserver request dbserver get mails and ack
LOGWARNING
2016-10-17_10:35:36 FILE:../src/Mail/MailMessage.cpp FUNC:On_MSG_ACK_MSG_REQ_GM2DB_MAILS LINE:141
 	  Message:gameserver request dbserver get mails and ack
LOGWARNING
2016-10-17_10:55:27 FILE:../src/Mail/MailMessage.cpp FUNC:On_MSG_ACK_MSG_REQ_GM2DB_MAILS LINE:141
 	  Message:gameserver request dbserver get mails and ack
LOGWARNING
2016-10-17_10:59:44 FILE:../src/Mail/MailMessage.cpp FUNC:On_MSG_ACK_MSG_REQ_GM2DB_MAILS LINE:141
 	  Message:gameserver request dbserver get mails and ack
LOGWARNING
2016-10-17_11:28:02 FILE:../src/Mail/MailMessage.cpp FUNC:On_MSG_ACK_MSG_REQ_GM2DB_MAILS LINE:141
 	  Message:gameserver request dbserver get mails and ack
LOGWARNING
2016-10-17_11:36:22 FILE:../src/Mail/MailMessage.cpp FUNC:On_MSG_ACK_MSG_REQ_GM2DB_MAILS LINE:141
 	  Message:gameserver request dbserver get mails and ack
LOGWARNING
2016-10-17_11:39:23 FILE:../src/Mail/MailMessage.cpp FUNC:On_MSG_ACK_MSG_REQ_GM2DB_MAILS LINE:141
 	  Message:gameserver request dbserver get mails and ack
LOGWARNING
2016-10-17_11:42:55 FILE:../src/Mail/MailMessage.cpp FUNC:On_MSG_ACK_MSG_REQ_GM2DB_MAILS LINE:141
 	  Message:gameserver request dbserver get mails and ack
LOGWARNING
2016-10-17_11:43:54 FILE:../src/Mail/MailMessage.cpp FUNC:On_MSG_ACK_MSG_REQ_GM2DB_MAILS LINE:141
 	  Message:gameserver request dbserver get mails and ack
LOGWARNING
2016-10-17_11:45:07 FILE:../src/Mail/MailMessage.cpp FUNC:On_MSG_ACK_MSG_REQ_GM2DB_MAILS LINE:141
 	  Message:gameserver request dbserver get mails and ack
LOGWARNING
2016-10-17_11:51:58 FILE:../src/Mail/MailMessage.cpp FUNC:On_MSG_ACK_MSG_REQ_GM2DB_MAILS LINE:141
 	  Message:gameserver request dbserver get mails and ack
LOGWARNING
2016-10-17_11:54:36 FILE:../src/Mail/MailMessage.cpp FUNC:On_MSG_ACK_MSG_REQ_GM2DB_MAILS LINE:141
 	  Message:gameserver request dbserver get mails and ack
LOGWARNING
2016-10-17_11:55:44 FILE:../src/Mail/MailMessage.cpp FUNC:On_MSG_ACK_MSG_REQ_GM2DB_MAILS LINE:141
 	  Message:gameserver request dbserver get mails and ack
LOGWARNING
2016-10-17_11:58:46 FILE:../src/Mail/MailMessage.cpp FUNC:On_MSG_ACK_MSG_REQ_GM2DB_MAILS LINE:141
 	  Message:gameserver request dbserver get mails and ack
LOGWARNING
2016-10-17_11:59:37 FILE:../src/Mail/MailMessage.cpp FUNC:On_MSG_ACK_MSG_REQ_GM2DB_MAILS LINE:141
 	  Message:gameserver request dbserver get mails and ack
LOGWARNING
2016-10-17_12:01:21 FILE:../src/Mail/MailMessage.cpp FUNC:On_MSG_ACK_MSG_REQ_GM2DB_MAILS LINE:141
 	  Message:gameserver request dbserver get mails and ack
LOGWARNING
2016-10-17_13:35:08 FILE:../src/Object/Monster/Monster.cpp FUNC:Dead LINE:786
 	  Message:monster dead but maxweight is null
LOGWARNING
2016-10-17_13:35:08 FILE:../src/Object/Monster/Monster.cpp FUNC:Dead LINE:786
 	  Message:monster dead but maxweight is null
LOGWARNING
2016-10-17_13:35:08 FILE:../src/Object/Monster/Monster.cpp FUNC:Dead LINE:786
 	  Message:monster dead but maxweight is null
LOGWARNING
2016-10-17_13:35:08 FILE:../src/Object/Monster/Monster.cpp FUNC:Dead LINE:786
 	  Message:monster dead but maxweight is null
LOGWARNING
2016-10-17_13:35:08 FILE:../src/Object/Monster/Monster.cpp FUNC:Dead LINE:786
 	  Message:monster dead but maxweight is null
LOGWARNING
2016-10-17_13:35:08 FILE:../src/Object/Monster/Monster.cpp FUNC:Dead LINE:786
 	  Message:monster dead but maxweight is null
LOGWARNING
2016-10-17_13:35:08 FILE:../src/Object/Monster/Monster.cpp FUNC:Dead LINE:786
 	  Message:monster dead but maxweight is null
LOGWARNING
2016-10-17_13:35:08 FILE:../src/Object/Monster/Monster.cpp FUNC:Dead LINE:786
 	  Message:monster dead but maxweight is null
LOGWARNING
2016-10-17_13:35:08 FILE:../src/Object/Monster/Monster.cpp FUNC:Dead LINE:786
 	  Message:monster dead but maxweight is null
LOGWARNING
2016-10-17_13:35:08 FILE:../src/Object/Monster/Monster.cpp FUNC:Dead LINE:786
 	  Message:monster dead but maxweight is null
LOGWARNING
2016-10-17_13:35:08 FILE:../src/Object/Monster/Monster.cpp FUNC:Dead LINE:786
 	  Message:monster dead but maxweight is null
LOGWARNING
2016-10-17_13:35:08 FILE:../src/Object/Monster/Monster.cpp FUNC:Dead LINE:786
 	  Message:monster dead but maxweight is null
LOGWARNING
2016-10-17_13:35:08 FILE:../src/Object/Monster/Monster.cpp FUNC:Dead LINE:786
 	  Message:monster dead but maxweight is null
LOGWARNING
2016-10-17_13:35:08 FILE:../src/Object/Monster/Monster.cpp FUNC:Dead LINE:786
 	  Message:monster dead but maxweight is null
LOGWARNING
2016-10-17_13:35:08 FILE:../src/Object/Monster/Monster.cpp FUNC:Dead LINE:786
 	  Message:monster dead but maxweight is null
LOGWARNING
2016-10-17_13:35:08 FILE:../src/Object/Monster/Monster.cpp FUNC:Dead LINE:786
 	  Message:monster dead but maxweight is null
LOGWARNING
2016-10-17_13:35:08 FILE:../src/Object/Monster/Monster.cpp FUNC:Dead LINE:786
 	  Message:monster dead but maxweight is null
LOGWARNING
2016-10-17_13:35:08 FILE:../src/Object/Monster/Monster.cpp FUNC:Dead LINE:786
 	  Message:monster dead but maxweight is null
LOGWARNING
2016-10-17_13:35:08 FILE:../src/Object/Monster/Monster.cpp FUNC:Dead LINE:786
 	  Message:monster dead but maxweight is null
LOGWARNING
2016-10-17_13:35:08 FILE:../src/Object/Monster/Monster.cpp FUNC:Dead LINE:786
 	  Message:monster dead but maxweight is null
LOGWARNING
2016-10-17_13:35:08 FILE:../src/Object/Monster/Monster.cpp FUNC:Dead LINE:786
 	  Message:monster dead but maxweight is null
LOGWARNING
2016-10-17_13:35:08 FILE:../src/Object/Monster/Monster.cpp FUNC:Dead LINE:786
 	  Message:monster dead but maxweight is null
LOGWARNING
2016-10-17_13:35:08 FILE:../src/Object/Monster/Monster.cpp FUNC:Dead LINE:786
 	  Message:monster dead but maxweight is null
LOGWARNING
2016-10-17_13:35:08 FILE:../src/Object/Monster/Monster.cpp FUNC:Dead LINE:786
 	  Message:monster dead but maxweight is null
LOGWARNING
2016-10-17_13:35:08 FILE:../src/Object/Monster/Monster.cpp FUNC:Dead LINE:786
 	  Message:monster dead but maxweight is null
LOGWARNING
2016-10-17_13:35:08 FILE:../src/Object/Monster/Monster.cpp FUNC:Dead LINE:786
 	  Message:monster dead but maxweight is null
LOGWARNING
2016-10-17_13:35:08 FILE:../src/Object/Monster/Monster.cpp FUNC:Dead LINE:786
 	  Message:monster dead but maxweight is null
LOGWARNING
2016-10-17_13:35:08 FILE:../src/Object/Monster/Monster.cpp FUNC:Dead LINE:786
 	  Message:monster dead but maxweight is null
LOGWARNING
2016-10-17_13:35:08 FILE:../src/Object/Monster/Monster.cpp FUNC:Dead LINE:786
 	  Message:monster dead but maxweight is null
LOGWARNING
2016-10-17_13:35:08 FILE:../src/Object/Monster/Monster.cpp FUNC:Dead LINE:786
 	  Message:monster dead but maxweight is null
LOGWARNING
2016-10-17_13:35:08 FILE:../src/Object/Monster/Monster.cpp FUNC:Dead LINE:786
 	  Message:monster dead but maxweight is null
LOGWARNING
2016-10-17_13:35:08 FILE:../src/Object/Monster/Monster.cpp FUNC:Dead LINE:786
 	  Message:monster dead but maxweight is null
LOGWARNING
2016-10-17_13:35:08 FILE:../src/Object/Monster/Monster.cpp FUNC:Dead LINE:786
 	  Message:monster dead but maxweight is null
LOGWARNING
2016-10-17_13:35:08 FILE:../src/Object/Monster/Monster.cpp FUNC:Dead LINE:786
 	  Message:monster dead but maxweight is null
LOGWARNING
2016-10-17_13:35:08 FILE:../src/Object/Monster/Monster.cpp FUNC:Dead LINE:786
 	  Message:monster dead but maxweight is null
LOGWARNING
2016-10-17_13:35:08 FILE:../src/Object/Monster/Monster.cpp FUNC:Dead LINE:786
 	  Message:monster dead but maxweight is null
LOGWARNING
2016-10-17_13:35:08 FILE:../src/Object/Monster/Monster.cpp FUNC:Dead LINE:786
 	  Message:monster dead but maxweight is null
LOGWARNING
2016-10-17_13:35:08 FILE:../src/Object/Monster/Monster.cpp FUNC:Dead LINE:786
 	  Message:monster dead but maxweight is null
LOGWARNING
2016-10-17_13:35:08 FILE:../src/Object/Monster/Monster.cpp FUNC:Dead LINE:786
 	  Message:monster dead but maxweight is null
LOGWARNING
2016-10-17_13:35:08 FILE:../src/Object/Monster/Monster.cpp FUNC:Dead LINE:786
 	  Message:monster dead but maxweight is null
LOGWARNING
2016-10-17_13:35:08 FILE:../src/Object/Monster/Monster.cpp FUNC:Dead LINE:786
 	  Message:monster dead but maxweight is null
LOGWARNING
2016-10-17_13:35:08 FILE:../src/Object/Monster/Monster.cpp FUNC:Dead LINE:786
 	  Message:monster dead but maxweight is null
LOGWARNING
2016-10-17_13:35:08 FILE:../src/Object/Monster/Monster.cpp FUNC:Dead LINE:786
 	  Message:monster dead but maxweight is null
LOGWARNING
2016-10-17_13:35:08 FILE:../src/Object/Monster/Monster.cpp FUNC:Dead LINE:786
 	  Message:monster dead but maxweight is null
LOGWARNING
2016-10-17_13:35:08 FILE:../src/Object/Monster/Monster.cpp FUNC:Dead LINE:786
 	  Message:monster dead but maxweight is null
LOGWARNING
2016-10-17_13:35:08 FILE:../src/Object/Monster/Monster.cpp FUNC:Dead LINE:786
 	  Message:monster dead but maxweight is null
LOGWARNING
2016-10-17_13:35:08 FILE:../src/Object/Monster/Monster.cpp FUNC:Dead LINE:786
 	  Message:monster dead but maxweight is null
LOGWARNING
2016-10-17_13:35:08 FILE:../src/Object/Monster/Monster.cpp FUNC:Dead LINE:786
 	  Message:monster dead but maxweight is null
LOGWARNING
2016-10-17_13:35:08 FILE:../src/Object/Monster/Monster.cpp FUNC:Dead LINE:786
 	  Message:monster dead but maxweight is null
LOGWARNING
2016-10-17_13:35:08 FILE:../src/Object/Monster/Monster.cpp FUNC:Dead LINE:786
 	  Message:monster dead but maxweight is null
LOGWARNING
2016-10-17_13:35:08 FILE:../src/Object/Monster/Monster.cpp FUNC:Dead LINE:786
 	  Message:monster dead but maxweight is null
LOGWARNING
2016-10-17_13:35:08 FILE:../src/Object/Monster/Monster.cpp FUNC:Dead LINE:786
 	  Message:monster dead but maxweight is null
LOGWARNING
2016-10-17_13:35:08 FILE:../src/Object/Monster/Monster.cpp FUNC:Dead LINE:786
 	  Message:monster dead but maxweight is null
LOGWARNING
2016-10-17_13:35:08 FILE:../src/Object/Monster/Monster.cpp FUNC:Dead LINE:786
 	  Message:monster dead but maxweight is null
LOGWARNING
2016-10-17_13:35:08 FILE:../src/Object/Monster/Monster.cpp FUNC:Dead LINE:786
 	  Message:monster dead but maxweight is null
LOGWARNING
2016-10-17_13:35:08 FILE:../src/Object/Monster/Monster.cpp FUNC:Dead LINE:786
 	  Message:monster dead but maxweight is null
LOGWARNING
2016-10-17_13:35:08 FILE:../src/Object/Monster/Monster.cpp FUNC:Dead LINE:786
 	  Message:monster dead but maxweight is null
LOGWARNING
2016-10-17_13:35:08 FILE:../src/Object/Monster/Monster.cpp FUNC:Dead LINE:786
 	  Message:monster dead but maxweight is null
LOGWARNING
2016-10-17_13:35:08 FILE:../src/Object/Monster/Monster.cpp FUNC:Dead LINE:786
 	  Message:monster dead but maxweight is null
LOGWARNING
2016-10-17_13:35:08 FILE:../src/Object/Monster/Monster.cpp FUNC:Dead LINE:786
 	  Message:monster dead but maxweight is null
LOGWARNING
2016-10-17_13:35:08 FILE:../src/Object/Monster/Monster.cpp FUNC:Dead LINE:786
 	  Message:monster dead but maxweight is null
LOGWARNING
2016-10-17_13:35:08 FILE:../src/Object/Monster/Monster.cpp FUNC:Dead LINE:786
 	  Message:monster dead but maxweight is null
LOGWARNING
2016-10-17_13:35:08 FILE:../src/Object/Monster/Monster.cpp FUNC:Dead LINE:786
 	  Message:monster dead but maxweight is null
LOGWARNING
2016-10-17_13:35:08 FILE:../src/Object/Monster/Monster.cpp FUNC:Dead LINE:786
 	  Message:monster dead but maxweight is null
LOGWARNING
2016-10-17_13:35:08 FILE:../src/Object/Monster/Monster.cpp FUNC:Dead LINE:786
 	  Message:monster dead but maxweight is null
LOGWARNING
2016-10-17_13:35:08 FILE:../src/Object/Monster/Monster.cpp FUNC:Dead LINE:786
 	  Message:monster dead but maxweight is null
LOGWARNING
2016-10-17_13:35:08 FILE:../src/Object/Monster/Monster.cpp FUNC:Dead LINE:786
 	  Message:monster dead but maxweight is null
LOGWARNING
2016-10-17_13:35:08 FILE:../src/Object/Monster/Monster.cpp FUNC:Dead LINE:786
 	  Message:monster dead but maxweight is null
LOGWARNING
2016-10-17_13:35:08 FILE:../src/Object/Monster/Monster.cpp FUNC:Dead LINE:786
 	  Message:monster dead but maxweight is null
LOGWARNING
2016-10-17_13:35:08 FILE:../src/Object/Monster/Monster.cpp FUNC:Dead LINE:786
 	  Message:monster dead but maxweight is null
LOGWARNING
2016-10-17_13:35:08 FILE:../src/Object/Monster/Monster.cpp FUNC:Dead LINE:786
 	  Message:monster dead but maxweight is null
LOGWARNING
2016-10-17_13:35:08 FILE:../src/Object/Monster/Monster.cpp FUNC:Dead LINE:786
 	  Message:monster dead but maxweight is null
LOGWARNING
2016-10-17_13:35:08 FILE:../src/Object/Monster/Monster.cpp FUNC:Dead LINE:786
 	  Message:monster dead but maxweight is null
LOGWARNING
2016-10-17_13:35:08 FILE:../src/Object/Monster/Monster.cpp FUNC:Dead LINE:786
 	  Message:monster dead but maxweight is null
LOGWARNING
2016-10-17_13:35:08 FILE:../src/Object/Monster/Monster.cpp FUNC:Dead LINE:786
 	  Message:monster dead but maxweight is null
LOGWARNING
2016-10-17_13:35:08 FILE:../src/Object/Monster/Monster.cpp FUNC:Dead LINE:786
 	  Message:monster dead but maxweight is null
LOGWARNING
2016-10-17_13:35:08 FILE:../src/Object/Monster/Monster.cpp FUNC:Dead LINE:786
 	  Message:monster dead but maxweight is null
LOGWARNING
2016-10-17_13:35:08 FILE:../src/Object/Monster/Monster.cpp FUNC:Dead LINE:786
 	  Message:monster dead but maxweight is null
LOGWARNING
2016-10-17_13:35:08 FILE:../src/Object/Monster/Monster.cpp FUNC:Dead LINE:786
 	  Message:monster dead but maxweight is null
LOGWARNING
2016-10-17_13:35:08 FILE:../src/Object/Monster/Monster.cpp FUNC:Dead LINE:786
 	  Message:monster dead but maxweight is null
LOGWARNING
2016-10-17_13:35:08 FILE:../src/Object/Monster/Monster.cpp FUNC:Dead LINE:786
 	  Message:monster dead but maxweight is null
LOGWARNING
2016-10-17_13:35:08 FILE:../src/Object/Monster/Monster.cpp FUNC:Dead LINE:786
 	  Message:monster dead but maxweight is null
LOGWARNING
2016-10-17_13:35:08 FILE:../src/Object/Monster/Monster.cpp FUNC:Dead LINE:786
 	  Message:monster dead but maxweight is null
LOGWARNING
2016-10-17_13:35:08 FILE:../src/Object/Monster/Monster.cpp FUNC:Dead LINE:786
 	  Message:monster dead but maxweight is null
LOGWARNING
2016-10-17_13:35:08 FILE:../src/Object/Monster/Monster.cpp FUNC:Dead LINE:786
 	  Message:monster dead but maxweight is null
LOGWARNING
2016-10-17_13:35:08 FILE:../src/Object/Monster/Monster.cpp FUNC:Dead LINE:786
 	  Message:monster dead but maxweight is null
LOGWARNING
2016-10-17_13:35:08 FILE:../src/Object/Monster/Monster.cpp FUNC:Dead LINE:786
 	  Message:monster dead but maxweight is null
LOGWARNING
2016-10-17_13:35:08 FILE:../src/Object/Monster/Monster.cpp FUNC:Dead LINE:786
 	  Message:monster dead but maxweight is null
LOGWARNING
2016-10-17_13:35:08 FILE:../src/Object/Monster/Monster.cpp FUNC:Dead LINE:786
 	  Message:monster dead but maxweight is null
LOGWARNING
2016-10-17_13:35:08 FILE:../src/Object/Monster/Monster.cpp FUNC:Dead LINE:786
 	  Message:monster dead but maxweight is null
LOGWARNING
2016-10-17_13:35:08 FILE:../src/Object/Monster/Monster.cpp FUNC:Dead LINE:786
 	  Message:monster dead but maxweight is null
LOGWARNING
2016-10-17_13:35:08 FILE:../src/Object/Monster/Monster.cpp FUNC:Dead LINE:786
 	  Message:monster dead but maxweight is null
LOGWARNING
2016-10-17_13:35:08 FILE:../src/Object/Monster/Monster.cpp FUNC:Dead LINE:786
 	  Message:monster dead but maxweight is null
LOGWARNING
2016-10-17_13:35:08 FILE:../src/Object/Monster/Monster.cpp FUNC:Dead LINE:786
 	  Message:monster dead but maxweight is null
LOGWARNING
2016-10-17_13:35:08 FILE:../src/Object/Monster/Monster.cpp FUNC:Dead LINE:786
 	  Message:monster dead but maxweight is null
LOGWARNING
2016-10-17_13:35:08 FILE:../src/Object/Monster/Monster.cpp FUNC:Dead LINE:786
 	  Message:monster dead but maxweight is null
LOGWARNING
2016-10-17_13:35:08 FILE:../src/Object/Monster/Monster.cpp FUNC:Dead LINE:786
 	  Message:monster dead but maxweight is null
LOGWARNING
2016-10-17_13:35:08 FILE:../src/Object/Monster/Monster.cpp FUNC:Dead LINE:786
 	  Message:monster dead but maxweight is null
LOGWARNING
2016-10-17_13:35:08 FILE:../src/Object/Monster/Monster.cpp FUNC:Dead LINE:786
 	  Message:monster dead but maxweight is null
LOGWARNING
2016-10-17_13:35:08 FILE:../src/Object/Monster/Monster.cpp FUNC:Dead LINE:786
 	  Message:monster dead but maxweight is null
LOGWARNING
2016-10-17_13:40:08 FILE:../src/Object/Monster/Monster.cpp FUNC:Dead LINE:786
 	  Message:monster dead but maxweight is null
LOGWARNING
2016-10-17_13:40:08 FILE:../src/Object/Monster/Monster.cpp FUNC:Dead LINE:786
 	  Message:monster dead but maxweight is null
LOGWARNING
2016-10-17_13:40:08 FILE:../src/Object/Monster/Monster.cpp FUNC:Dead LINE:786
 	  Message:monster dead but maxweight is null
LOGWARNING
2016-10-17_13:40:08 FILE:../src/Object/Monster/Monster.cpp FUNC:Dead LINE:786
 	  Message:monster dead but maxweight is null
LOGWARNING
2016-10-17_13:40:08 FILE:../src/Object/Monster/Monster.cpp FUNC:Dead LINE:786
 	  Message:monster dead but maxweight is null
LOGWARNING
2016-10-17_13:40:08 FILE:../src/Object/Monster/Monster.cpp FUNC:Dead LINE:786
 	  Message:monster dead but maxweight is null
LOGWARNING
2016-10-17_13:40:08 FILE:../src/Object/Monster/Monster.cpp FUNC:Dead LINE:786
 	  Message:monster dead but maxweight is null
LOGWARNING
2016-10-17_13:40:08 FILE:../src/Object/Monster/Monster.cpp FUNC:Dead LINE:786
 	  Message:monster dead but maxweight is null
LOGWARNING
2016-10-17_13:40:08 FILE:../src/Object/Monster/Monster.cpp FUNC:Dead LINE:786
 	  Message:monster dead but maxweight is null
LOGWARNING
2016-10-17_13:40:08 FILE:../src/Object/Monster/Monster.cpp FUNC:Dead LINE:786
 	  Message:monster dead but maxweight is null
LOGWARNING
2016-10-17_13:40:08 FILE:../src/Object/Monster/Monster.cpp FUNC:Dead LINE:786
 	  Message:monster dead but maxweight is null
LOGWARNING
2016-10-17_13:40:08 FILE:../src/Object/Monster/Monster.cpp FUNC:Dead LINE:786
 	  Message:monster dead but maxweight is null
LOGWARNING
2016-10-17_13:40:08 FILE:../src/Object/Monster/Monster.cpp FUNC:Dead LINE:786
 	  Message:monster dead but maxweight is null
LOGWARNING
2016-10-17_13:40:08 FILE:../src/Object/Monster/Monster.cpp FUNC:Dead LINE:786
 	  Message:monster dead but maxweight is null
LOGWARNING
2016-10-17_13:40:08 FILE:../src/Object/Monster/Monster.cpp FUNC:Dead LINE:786
 	  Message:monster dead but maxweight is null
LOGWARNING
2016-10-17_13:40:08 FILE:../src/Object/Monster/Monster.cpp FUNC:Dead LINE:786
 	  Message:monster dead but maxweight is null
LOGWARNING
2016-10-17_13:40:08 FILE:../src/Object/Monster/Monster.cpp FUNC:Dead LINE:786
 	  Message:monster dead but maxweight is null
LOGWARNING
2016-10-17_13:40:08 FILE:../src/Object/Monster/Monster.cpp FUNC:Dead LINE:786
 	  Message:monster dead but maxweight is null
LOGWARNING
2016-10-17_13:40:08 FILE:../src/Object/Monster/Monster.cpp FUNC:Dead LINE:786
 	  Message:monster dead but maxweight is null
LOGWARNING
2016-10-17_13:40:08 FILE:../src/Object/Monster/Monster.cpp FUNC:Dead LINE:786
 	  Message:monster dead but maxweight is null
LOGWARNING
2016-10-17_13:40:08 FILE:../src/Object/Monster/Monster.cpp FUNC:Dead LINE:786
 	  Message:monster dead but maxweight is null
LOGWARNING
2016-10-17_13:40:08 FILE:../src/Object/Monster/Monster.cpp FUNC:Dead LINE:786
 	  Message:monster dead but maxweight is null
LOGWARNING
2016-10-17_13:40:08 FILE:../src/Object/Monster/Monster.cpp FUNC:Dead LINE:786
 	  Message:monster dead but maxweight is null
LOGWARNING
2016-10-17_13:40:08 FILE:../src/Object/Monster/Monster.cpp FUNC:Dead LINE:786
 	  Message:monster dead but maxweight is null
LOGWARNING
2016-10-17_13:40:08 FILE:../src/Object/Monster/Monster.cpp FUNC:Dead LINE:786
 	  Message:monster dead but maxweight is null
LOGWARNING
2016-10-17_13:40:08 FILE:../src/Object/Monster/Monster.cpp FUNC:Dead LINE:786
 	  Message:monster dead but maxweight is null
LOGWARNING
2016-10-17_13:40:08 FILE:../src/Object/Monster/Monster.cpp FUNC:Dead LINE:786
 	  Message:monster dead but maxweight is null
LOGWARNING
2016-10-17_13:40:08 FILE:../src/Object/Monster/Monster.cpp FUNC:Dead LINE:786
 	  Message:monster dead but maxweight is null
LOGWARNING
2016-10-17_13:40:08 FILE:../src/Object/Monster/Monster.cpp FUNC:Dead LINE:786
 	  Message:monster dead but maxweight is null
LOGWARNING
2016-10-17_13:40:08 FILE:../src/Object/Monster/Monster.cpp FUNC:Dead LINE:786
 	  Message:monster dead but maxweight is null
LOGWARNING
2016-10-17_13:40:08 FILE:../src/Object/Monster/Monster.cpp FUNC:Dead LINE:786
 	  Message:monster dead but maxweight is null
LOGWARNING
2016-10-17_13:40:08 FILE:../src/Object/Monster/Monster.cpp FUNC:Dead LINE:786
 	  Message:monster dead but maxweight is null
LOGWARNING
2016-10-17_13:40:08 FILE:../src/Object/Monster/Monster.cpp FUNC:Dead LINE:786
 	  Message:monster dead but maxweight is null
LOGWARNING
2016-10-17_13:40:08 FILE:../src/Object/Monster/Monster.cpp FUNC:Dead LINE:786
 	  Message:monster dead but maxweight is null
LOGWARNING
2016-10-17_13:40:08 FILE:../src/Object/Monster/Monster.cpp FUNC:Dead LINE:786
 	  Message:monster dead but maxweight is null
LOGWARNING
2016-10-17_13:40:08 FILE:../src/Object/Monster/Monster.cpp FUNC:Dead LINE:786
 	  Message:monster dead but maxweight is null
LOGWARNING
2016-10-17_13:40:08 FILE:../src/Object/Monster/Monster.cpp FUNC:Dead LINE:786
 	  Message:monster dead but maxweight is null
LOGWARNING
2016-10-17_13:40:08 FILE:../src/Object/Monster/Monster.cpp FUNC:Dead LINE:786
 	  Message:monster dead but maxweight is null
LOGWARNING
2016-10-17_13:40:08 FILE:../src/Object/Monster/Monster.cpp FUNC:Dead LINE:786
 	  Message:monster dead but maxweight is null
LOGWARNING
2016-10-17_13:40:08 FILE:../src/Object/Monster/Monster.cpp FUNC:Dead LINE:786
 	  Message:monster dead but maxweight is null
LOGWARNING
2016-10-17_13:40:08 FILE:../src/Object/Monster/Monster.cpp FUNC:Dead LINE:786
 	  Message:monster dead but maxweight is null
LOGWARNING
2016-10-17_13:40:08 FILE:../src/Object/Monster/Monster.cpp FUNC:Dead LINE:786
 	  Message:monster dead but maxweight is null
LOGWARNING
2016-10-17_13:40:08 FILE:../src/Object/Monster/Monster.cpp FUNC:Dead LINE:786
 	  Message:monster dead but maxweight is null
LOGWARNING
2016-10-17_13:40:08 FILE:../src/Object/Monster/Monster.cpp FUNC:Dead LINE:786
 	  Message:monster dead but maxweight is null
LOGWARNING
2016-10-17_13:40:08 FILE:../src/Object/Monster/Monster.cpp FUNC:Dead LINE:786
 	  Message:monster dead but maxweight is null
LOGWARNING
2016-10-17_13:40:08 FILE:../src/Object/Monster/Monster.cpp FUNC:Dead LINE:786
 	  Message:monster dead but maxweight is null
LOGWARNING
2016-10-17_13:40:08 FILE:../src/Object/Monster/Monster.cpp FUNC:Dead LINE:786
 	  Message:monster dead but maxweight is null
LOGWARNING
2016-10-17_13:40:08 FILE:../src/Object/Monster/Monster.cpp FUNC:Dead LINE:786
 	  Message:monster dead but maxweight is null
LOGWARNING
2016-10-17_13:40:08 FILE:../src/Object/Monster/Monster.cpp FUNC:Dead LINE:786
 	  Message:monster dead but maxweight is null
LOGWARNING
2016-10-17_13:40:08 FILE:../src/Object/Monster/Monster.cpp FUNC:Dead LINE:786
 	  Message:monster dead but maxweight is null
LOGWARNING
2016-10-17_13:40:08 FILE:../src/Object/Monster/Monster.cpp FUNC:Dead LINE:786
 	  Message:monster dead but maxweight is null
LOGWARNING
2016-10-17_13:40:08 FILE:../src/Object/Monster/Monster.cpp FUNC:Dead LINE:786
 	  Message:monster dead but maxweight is null
LOGWARNING
2016-10-17_13:40:08 FILE:../src/Object/Monster/Monster.cpp FUNC:Dead LINE:786
 	  Message:monster dead but maxweight is null
LOGWARNING
2016-10-17_13:40:08 FILE:../src/Object/Monster/Monster.cpp FUNC:Dead LINE:786
 	  Message:monster dead but maxweight is null
LOGWARNING
2016-10-17_13:40:08 FILE:../src/Object/Monster/Monster.cpp FUNC:Dead LINE:786
 	  Message:monster dead but maxweight is null
LOGWARNING
2016-10-17_13:40:08 FILE:../src/Object/Monster/Monster.cpp FUNC:Dead LINE:786
 	  Message:monster dead but maxweight is null
LOGWARNING
2016-10-17_13:40:08 FILE:../src/Object/Monster/Monster.cpp FUNC:Dead LINE:786
 	  Message:monster dead but maxweight is null
LOGWARNING
2016-10-17_13:40:08 FILE:../src/Object/Monster/Monster.cpp FUNC:Dead LINE:786
 	  Message:monster dead but maxweight is null
LOGWARNING
2016-10-17_13:40:08 FILE:../src/Object/Monster/Monster.cpp FUNC:Dead LINE:786
 	  Message:monster dead but maxweight is null
LOGWARNING
2016-10-17_13:40:08 FILE:../src/Object/Monster/Monster.cpp FUNC:Dead LINE:786
 	  Message:monster dead but maxweight is null
LOGWARNING
2016-10-17_13:40:08 FILE:../src/Object/Monster/Monster.cpp FUNC:Dead LINE:786
 	  Message:monster dead but maxweight is null
LOGWARNING
2016-10-17_13:40:08 FILE:../src/Object/Monster/Monster.cpp FUNC:Dead LINE:786
 	  Message:monster dead but maxweight is null
LOGWARNING
2016-10-17_13:40:08 FILE:../src/Object/Monster/Monster.cpp FUNC:Dead LINE:786
 	  Message:monster dead but maxweight is null
LOGWARNING
2016-10-17_13:40:08 FILE:../src/Object/Monster/Monster.cpp FUNC:Dead LINE:786
 	  Message:monster dead but maxweight is null
LOGWARNING
2016-10-17_13:40:08 FILE:../src/Object/Monster/Monster.cpp FUNC:Dead LINE:786
 	  Message:monster dead but maxweight is null
LOGWARNING
2016-10-17_13:40:08 FILE:../src/Object/Monster/Monster.cpp FUNC:Dead LINE:786
 	  Message:monster dead but maxweight is null
LOGWARNING
2016-10-17_13:40:08 FILE:../src/Object/Monster/Monster.cpp FUNC:Dead LINE:786
 	  Message:monster dead but maxweight is null
LOGWARNING
2016-10-17_13:40:08 FILE:../src/Object/Monster/Monster.cpp FUNC:Dead LINE:786
 	  Message:monster dead but maxweight is null
LOGWARNING
2016-10-17_13:40:08 FILE:../src/Object/Monster/Monster.cpp FUNC:Dead LINE:786
 	  Message:monster dead but maxweight is null
LOGWARNING
2016-10-17_13:40:08 FILE:../src/Object/Monster/Monster.cpp FUNC:Dead LINE:786
 	  Message:monster dead but maxweight is null
LOGWARNING
2016-10-17_13:40:08 FILE:../src/Object/Monster/Monster.cpp FUNC:Dead LINE:786
 	  Message:monster dead but maxweight is null
LOGWARNING
2016-10-17_13:40:08 FILE:../src/Object/Monster/Monster.cpp FUNC:Dead LINE:786
 	  Message:monster dead but maxweight is null
LOGWARNING
2016-10-17_13:40:08 FILE:../src/Object/Monster/Monster.cpp FUNC:Dead LINE:786
 	  Message:monster dead but maxweight is null
LOGWARNING
2016-10-17_13:40:08 FILE:../src/Object/Monster/Monster.cpp FUNC:Dead LINE:786
 	  Message:monster dead but maxweight is null
LOGWARNING
2016-10-17_13:40:08 FILE:../src/Object/Monster/Monster.cpp FUNC:Dead LINE:786
 	  Message:monster dead but maxweight is null
LOGWARNING
2016-10-17_13:40:08 FILE:../src/Object/Monster/Monster.cpp FUNC:Dead LINE:786
 	  Message:monster dead but maxweight is null
LOGWARNING
2016-10-17_13:40:08 FILE:../src/Object/Monster/Monster.cpp FUNC:Dead LINE:786
 	  Message:monster dead but maxweight is null
LOGWARNING
2016-10-17_13:40:08 FILE:../src/Object/Monster/Monster.cpp FUNC:Dead LINE:786
 	  Message:monster dead but maxweight is null
LOGWARNING
2016-10-17_13:40:08 FILE:../src/Object/Monster/Monster.cpp FUNC:Dead LINE:786
 	  Message:monster dead but maxweight is null
LOGWARNING
2016-10-17_13:40:08 FILE:../src/Object/Monster/Monster.cpp FUNC:Dead LINE:786
 	  Message:monster dead but maxweight is null
LOGWARNING
2016-10-17_13:40:08 FILE:../src/Object/Monster/Monster.cpp FUNC:Dead LINE:786
 	  Message:monster dead but maxweight is null
LOGWARNING
2016-10-17_13:40:08 FILE:../src/Object/Monster/Monster.cpp FUNC:Dead LINE:786
 	  Message:monster dead but maxweight is null
LOGWARNING
2016-10-17_13:40:08 FILE:../src/Object/Monster/Monster.cpp FUNC:Dead LINE:786
 	  Message:monster dead but maxweight is null
LOGWARNING
2016-10-17_13:40:08 FILE:../src/Object/Monster/Monster.cpp FUNC:Dead LINE:786
 	  Message:monster dead but maxweight is null
LOGWARNING
2016-10-17_13:40:08 FILE:../src/Object/Monster/Monster.cpp FUNC:Dead LINE:786
 	  Message:monster dead but maxweight is null
LOGWARNING
2016-10-17_13:40:08 FILE:../src/Object/Monster/Monster.cpp FUNC:Dead LINE:786
 	  Message:monster dead but maxweight is null
LOGWARNING
2016-10-17_13:40:08 FILE:../src/Object/Monster/Monster.cpp FUNC:Dead LINE:786
 	  Message:monster dead but maxweight is null
LOGWARNING
2016-10-17_13:40:08 FILE:../src/Object/Monster/Monster.cpp FUNC:Dead LINE:786
 	  Message:monster dead but maxweight is null
LOGWARNING
2016-10-17_13:40:08 FILE:../src/Object/Monster/Monster.cpp FUNC:Dead LINE:786
 	  Message:monster dead but maxweight is null
LOGWARNING
2016-10-17_13:40:08 FILE:../src/Object/Monster/Monster.cpp FUNC:Dead LINE:786
 	  Message:monster dead but maxweight is null
LOGWARNING
2016-10-17_13:40:08 FILE:../src/Object/Monster/Monster.cpp FUNC:Dead LINE:786
 	  Message:monster dead but maxweight is null
LOGWARNING
2016-10-17_13:40:08 FILE:../src/Object/Monster/Monster.cpp FUNC:Dead LINE:786
 	  Message:monster dead but maxweight is null
LOGWARNING
2016-10-17_13:40:08 FILE:../src/Object/Monster/Monster.cpp FUNC:Dead LINE:786
 	  Message:monster dead but maxweight is null
LOGWARNING
2016-10-17_13:40:08 FILE:../src/Object/Monster/Monster.cpp FUNC:Dead LINE:786
 	  Message:monster dead but maxweight is null
LOGWARNING
2016-10-17_13:40:08 FILE:../src/Object/Monster/Monster.cpp FUNC:Dead LINE:786
 	  Message:monster dead but maxweight is null
LOGWARNING
2016-10-17_13:40:08 FILE:../src/Object/Monster/Monster.cpp FUNC:Dead LINE:786
 	  Message:monster dead but maxweight is null
LOGWARNING
2016-10-17_13:40:08 FILE:../src/Object/Monster/Monster.cpp FUNC:Dead LINE:786
 	  Message:monster dead but maxweight is null
LOGWARNING
2016-10-17_13:40:08 FILE:../src/Object/Monster/Monster.cpp FUNC:Dead LINE:786
 	  Message:monster dead but maxweight is null
LOGWARNING
2016-10-17_13:40:08 FILE:../src/Object/Monster/Monster.cpp FUNC:Dead LINE:786
 	  Message:monster dead but maxweight is null
LOGWARNING
2016-10-17_13:40:08 FILE:../src/Object/Monster/Monster.cpp FUNC:Dead LINE:786
 	  Message:monster dead but maxweight is null
LOGWARNING
2016-10-17_13:50:03 FILE:../src/Object/Monster/Monster.cpp FUNC:Dead LINE:786
 	  Message:monster dead but maxweight is null
LOGWARNING
2016-10-17_13:50:03 FILE:../src/Object/Monster/Monster.cpp FUNC:Dead LINE:786
 	  Message:monster dead but maxweight is null
LOGWARNING
2016-10-17_13:50:03 FILE:../src/Object/Monster/Monster.cpp FUNC:Dead LINE:786
 	  Message:monster dead but maxweight is null
LOGWARNING
2016-10-17_13:50:03 FILE:../src/Object/Monster/Monster.cpp FUNC:Dead LINE:786
 	  Message:monster dead but maxweight is null
LOGWARNING
2016-10-17_13:50:03 FILE:../src/Object/Monster/Monster.cpp FUNC:Dead LINE:786
 	  Message:monster dead but maxweight is null
LOGWARNING
2016-10-17_13:50:03 FILE:../src/Object/Monster/Monster.cpp FUNC:Dead LINE:786
 	  Message:monster dead but maxweight is null
LOGWARNING
2016-10-17_13:50:03 FILE:../src/Object/Monster/Monster.cpp FUNC:Dead LINE:786
 	  Message:monster dead but maxweight is null
LOGWARNING
2016-10-17_13:50:03 FILE:../src/Object/Monster/Monster.cpp FUNC:Dead LINE:786
 	  Message:monster dead but maxweight is null
LOGWARNING
2016-10-17_13:50:03 FILE:../src/Object/Monster/Monster.cpp FUNC:Dead LINE:786
 	  Message:monster dead but maxweight is null
LOGWARNING
2016-10-17_13:50:03 FILE:../src/Object/Monster/Monster.cpp FUNC:Dead LINE:786
 	  Message:monster dead but maxweight is null
LOGWARNING
2016-10-17_13:50:03 FILE:../src/Object/Monster/Monster.cpp FUNC:Dead LINE:786
 	  Message:monster dead but maxweight is null
LOGWARNING
2016-10-17_13:50:03 FILE:../src/Object/Monster/Monster.cpp FUNC:Dead LINE:786
 	  Message:monster dead but maxweight is null
LOGWARNING
2016-10-17_13:50:03 FILE:../src/Object/Monster/Monster.cpp FUNC:Dead LINE:786
 	  Message:monster dead but maxweight is null
LOGWARNING
2016-10-17_13:50:03 FILE:../src/Object/Monster/Monster.cpp FUNC:Dead LINE:786
 	  Message:monster dead but maxweight is null
LOGWARNING
2016-10-17_13:50:03 FILE:../src/Object/Monster/Monster.cpp FUNC:Dead LINE:786
 	  Message:monster dead but maxweight is null
LOGWARNING
2016-10-17_13:50:03 FILE:../src/Object/Monster/Monster.cpp FUNC:Dead LINE:786
 	  Message:monster dead but maxweight is null
LOGWARNING
2016-10-17_13:50:03 FILE:../src/Object/Monster/Monster.cpp FUNC:Dead LINE:786
 	  Message:monster dead but maxweight is null
LOGWARNING
2016-10-17_13:50:03 FILE:../src/Object/Monster/Monster.cpp FUNC:Dead LINE:786
 	  Message:monster dead but maxweight is null
LOGWARNING
2016-10-17_13:50:03 FILE:../src/Object/Monster/Monster.cpp FUNC:Dead LINE:786
 	  Message:monster dead but maxweight is null
LOGWARNING
2016-10-17_13:50:03 FILE:../src/Object/Monster/Monster.cpp FUNC:Dead LINE:786
 	  Message:monster dead but maxweight is null
LOGWARNING
2016-10-17_13:50:03 FILE:../src/Object/Monster/Monster.cpp FUNC:Dead LINE:786
 	  Message:monster dead but maxweight is null
LOGWARNING
2016-10-17_13:50:03 FILE:../src/Object/Monster/Monster.cpp FUNC:Dead LINE:786
 	  Message:monster dead but maxweight is null
LOGWARNING
2016-10-17_13:50:03 FILE:../src/Object/Monster/Monster.cpp FUNC:Dead LINE:786
 	  Message:monster dead but maxweight is null
LOGWARNING
2016-10-17_13:50:03 FILE:../src/Object/Monster/Monster.cpp FUNC:Dead LINE:786
 	  Message:monster dead but maxweight is null
LOGWARNING
2016-10-17_13:50:03 FILE:../src/Object/Monster/Monster.cpp FUNC:Dead LINE:786
 	  Message:monster dead but maxweight is null
LOGWARNING
2016-10-17_13:50:03 FILE:../src/Object/Monster/Monster.cpp FUNC:Dead LINE:786
 	  Message:monster dead but maxweight is null
LOGWARNING
2016-10-17_13:50:03 FILE:../src/Object/Monster/Monster.cpp FUNC:Dead LINE:786
 	  Message:monster dead but maxweight is null
LOGWARNING
2016-10-17_13:50:03 FILE:../src/Object/Monster/Monster.cpp FUNC:Dead LINE:786
 	  Message:monster dead but maxweight is null
LOGWARNING
2016-10-17_13:50:03 FILE:../src/Object/Monster/Monster.cpp FUNC:Dead LINE:786
 	  Message:monster dead but maxweight is null
LOGWARNING
2016-10-17_13:50:03 FILE:../src/Object/Monster/Monster.cpp FUNC:Dead LINE:786
 	  Message:monster dead but maxweight is null
LOGWARNING
2016-10-17_13:50:03 FILE:../src/Object/Monster/Monster.cpp FUNC:Dead LINE:786
 	  Message:monster dead but maxweight is null
LOGWARNING
2016-10-17_13:50:03 FILE:../src/Object/Monster/Monster.cpp FUNC:Dead LINE:786
 	  Message:monster dead but maxweight is null
LOGWARNING
2016-10-17_13:50:03 FILE:../src/Object/Monster/Monster.cpp FUNC:Dead LINE:786
 	  Message:monster dead but maxweight is null
LOGWARNING
2016-10-17_13:50:03 FILE:../src/Object/Monster/Monster.cpp FUNC:Dead LINE:786
 	  Message:monster dead but maxweight is null
LOGWARNING
2016-10-17_13:50:03 FILE:../src/Object/Monster/Monster.cpp FUNC:Dead LINE:786
 	  Message:monster dead but maxweight is null
LOGWARNING
2016-10-17_13:50:03 FILE:../src/Object/Monster/Monster.cpp FUNC:Dead LINE:786
 	  Message:monster dead but maxweight is null
LOGWARNING
2016-10-17_13:50:03 FILE:../src/Object/Monster/Monster.cpp FUNC:Dead LINE:786
 	  Message:monster dead but maxweight is null
LOGWARNING
2016-10-17_13:50:03 FILE:../src/Object/Monster/Monster.cpp FUNC:Dead LINE:786
 	  Message:monster dead but maxweight is null
LOGWARNING
2016-10-17_13:50:03 FILE:../src/Object/Monster/Monster.cpp FUNC:Dead LINE:786
 	  Message:monster dead but maxweight is null
LOGWARNING
2016-10-17_13:50:03 FILE:../src/Object/Monster/Monster.cpp FUNC:Dead LINE:786
 	  Message:monster dead but maxweight is null
LOGWARNING
2016-10-17_13:50:03 FILE:../src/Object/Monster/Monster.cpp FUNC:Dead LINE:786
 	  Message:monster dead but maxweight is null
LOGWARNING
2016-10-17_13:50:03 FILE:../src/Object/Monster/Monster.cpp FUNC:Dead LINE:786
 	  Message:monster dead but maxweight is null
LOGWARNING
2016-10-17_13:50:03 FILE:../src/Object/Monster/Monster.cpp FUNC:Dead LINE:786
 	  Message:monster dead but maxweight is null
LOGWARNING
2016-10-17_13:50:03 FILE:../src/Object/Monster/Monster.cpp FUNC:Dead LINE:786
 	  Message:monster dead but maxweight is null
LOGWARNING
2016-10-17_13:50:03 FILE:../src/Object/Monster/Monster.cpp FUNC:Dead LINE:786
 	  Message:monster dead but maxweight is null
LOGWARNING
2016-10-17_13:50:03 FILE:../src/Object/Monster/Monster.cpp FUNC:Dead LINE:786
 	  Message:monster dead but maxweight is null
LOGWARNING
2016-10-17_13:50:03 FILE:../src/Object/Monster/Monster.cpp FUNC:Dead LINE:786
 	  Message:monster dead but maxweight is null
LOGWARNING
2016-10-17_13:50:03 FILE:../src/Object/Monster/Monster.cpp FUNC:Dead LINE:786
 	  Message:monster dead but maxweight is null
LOGWARNING
2016-10-17_13:50:03 FILE:../src/Object/Monster/Monster.cpp FUNC:Dead LINE:786
 	  Message:monster dead but maxweight is null
LOGWARNING
2016-10-17_13:50:03 FILE:../src/Object/Monster/Monster.cpp FUNC:Dead LINE:786
 	  Message:monster dead but maxweight is null
LOGWARNING
2016-10-17_13:50:03 FILE:../src/Object/Monster/Monster.cpp FUNC:Dead LINE:786
 	  Message:monster dead but maxweight is null
LOGWARNING
2016-10-17_13:50:03 FILE:../src/Object/Monster/Monster.cpp FUNC:Dead LINE:786
 	  Message:monster dead but maxweight is null
LOGWARNING
2016-10-17_13:50:03 FILE:../src/Object/Monster/Monster.cpp FUNC:Dead LINE:786
 	  Message:monster dead but maxweight is null
LOGWARNING
2016-10-17_13:50:03 FILE:../src/Object/Monster/Monster.cpp FUNC:Dead LINE:786
 	  Message:monster dead but maxweight is null
LOGWARNING
2016-10-17_13:50:03 FILE:../src/Object/Monster/Monster.cpp FUNC:Dead LINE:786
 	  Message:monster dead but maxweight is null
LOGWARNING
2016-10-17_13:50:03 FILE:../src/Object/Monster/Monster.cpp FUNC:Dead LINE:786
 	  Message:monster dead but maxweight is null
LOGWARNING
2016-10-17_13:50:03 FILE:../src/Object/Monster/Monster.cpp FUNC:Dead LINE:786
 	  Message:monster dead but maxweight is null
LOGWARNING
2016-10-17_13:50:03 FILE:../src/Object/Monster/Monster.cpp FUNC:Dead LINE:786
 	  Message:monster dead but maxweight is null
LOGWARNING
2016-10-17_13:50:03 FILE:../src/Object/Monster/Monster.cpp FUNC:Dead LINE:786
 	  Message:monster dead but maxweight is null
LOGWARNING
2016-10-17_13:50:03 FILE:../src/Object/Monster/Monster.cpp FUNC:Dead LINE:786
 	  Message:monster dead but maxweight is null
LOGWARNING
2016-10-17_13:50:03 FILE:../src/Object/Monster/Monster.cpp FUNC:Dead LINE:786
 	  Message:monster dead but maxweight is null
LOGWARNING
2016-10-17_13:50:03 FILE:../src/Object/Monster/Monster.cpp FUNC:Dead LINE:786
 	  Message:monster dead but maxweight is null
LOGWARNING
2016-10-17_13:50:03 FILE:../src/Object/Monster/Monster.cpp FUNC:Dead LINE:786
 	  Message:monster dead but maxweight is null
LOGWARNING
2016-10-17_13:50:03 FILE:../src/Object/Monster/Monster.cpp FUNC:Dead LINE:786
 	  Message:monster dead but maxweight is null
LOGWARNING
2016-10-17_13:50:03 FILE:../src/Object/Monster/Monster.cpp FUNC:Dead LINE:786
 	  Message:monster dead but maxweight is null
LOGWARNING
2016-10-17_13:50:03 FILE:../src/Object/Monster/Monster.cpp FUNC:Dead LINE:786
 	  Message:monster dead but maxweight is null
LOGWARNING
2016-10-17_13:50:03 FILE:../src/Object/Monster/Monster.cpp FUNC:Dead LINE:786
 	  Message:monster dead but maxweight is null
LOGWARNING
2016-10-17_13:50:03 FILE:../src/Object/Monster/Monster.cpp FUNC:Dead LINE:786
 	  Message:monster dead but maxweight is null
LOGWARNING
2016-10-17_13:50:03 FILE:../src/Object/Monster/Monster.cpp FUNC:Dead LINE:786
 	  Message:monster dead but maxweight is null
LOGWARNING
2016-10-17_13:50:03 FILE:../src/Object/Monster/Monster.cpp FUNC:Dead LINE:786
 	  Message:monster dead but maxweight is null
LOGWARNING
2016-10-17_13:50:03 FILE:../src/Object/Monster/Monster.cpp FUNC:Dead LINE:786
 	  Message:monster dead but maxweight is null
LOGWARNING
2016-10-17_13:50:03 FILE:../src/Object/Monster/Monster.cpp FUNC:Dead LINE:786
 	  Message:monster dead but maxweight is null
LOGWARNING
2016-10-17_13:50:03 FILE:../src/Object/Monster/Monster.cpp FUNC:Dead LINE:786
 	  Message:monster dead but maxweight is null
LOGWARNING
2016-10-17_13:50:03 FILE:../src/Object/Monster/Monster.cpp FUNC:Dead LINE:786
 	  Message:monster dead but maxweight is null
LOGWARNING
2016-10-17_13:50:03 FILE:../src/Object/Monster/Monster.cpp FUNC:Dead LINE:786
 	  Message:monster dead but maxweight is null
LOGWARNING
2016-10-17_13:50:03 FILE:../src/Object/Monster/Monster.cpp FUNC:Dead LINE:786
 	  Message:monster dead but maxweight is null
LOGWARNING
2016-10-17_13:50:03 FILE:../src/Object/Monster/Monster.cpp FUNC:Dead LINE:786
 	  Message:monster dead but maxweight is null
LOGWARNING
2016-10-17_13:50:03 FILE:../src/Object/Monster/Monster.cpp FUNC:Dead LINE:786
 	  Message:monster dead but maxweight is null
LOGWARNING
2016-10-17_13:50:03 FILE:../src/Object/Monster/Monster.cpp FUNC:Dead LINE:786
 	  Message:monster dead but maxweight is null
LOGWARNING
2016-10-17_13:50:03 FILE:../src/Object/Monster/Monster.cpp FUNC:Dead LINE:786
 	  Message:monster dead but maxweight is null
LOGWARNING
2016-10-17_13:50:03 FILE:../src/Object/Monster/Monster.cpp FUNC:Dead LINE:786
 	  Message:monster dead but maxweight is null
LOGWARNING
2016-10-17_13:50:03 FILE:../src/Object/Monster/Monster.cpp FUNC:Dead LINE:786
 	  Message:monster dead but maxweight is null
LOGWARNING
2016-10-17_13:50:03 FILE:../src/Object/Monster/Monster.cpp FUNC:Dead LINE:786
 	  Message:monster dead but maxweight is null
LOGWARNING
2016-10-17_13:50:03 FILE:../src/Object/Monster/Monster.cpp FUNC:Dead LINE:786
 	  Message:monster dead but maxweight is null
LOGWARNING
2016-10-17_13:50:03 FILE:../src/Object/Monster/Monster.cpp FUNC:Dead LINE:786
 	  Message:monster dead but maxweight is null
LOGWARNING
2016-10-17_13:50:03 FILE:../src/Object/Monster/Monster.cpp FUNC:Dead LINE:786
 	  Message:monster dead but maxweight is null
LOGWARNING
2016-10-17_13:50:03 FILE:../src/Object/Monster/Monster.cpp FUNC:Dead LINE:786
 	  Message:monster dead but maxweight is null
LOGWARNING
2016-10-17_13:50:03 FILE:../src/Object/Monster/Monster.cpp FUNC:Dead LINE:786
 	  Message:monster dead but maxweight is null
LOGWARNING
2016-10-17_13:50:03 FILE:../src/Object/Monster/Monster.cpp FUNC:Dead LINE:786
 	  Message:monster dead but maxweight is null
LOGWARNING
2016-10-17_13:50:03 FILE:../src/Object/Monster/Monster.cpp FUNC:Dead LINE:786
 	  Message:monster dead but maxweight is null
LOGWARNING
2016-10-17_13:50:03 FILE:../src/Object/Monster/Monster.cpp FUNC:Dead LINE:786
 	  Message:monster dead but maxweight is null
LOGWARNING
2016-10-17_13:50:03 FILE:../src/Object/Monster/Monster.cpp FUNC:Dead LINE:786
 	  Message:monster dead but maxweight is null
LOGWARNING
2016-10-17_13:50:03 FILE:../src/Object/Monster/Monster.cpp FUNC:Dead LINE:786
 	  Message:monster dead but maxweight is null
LOGWARNING
2016-10-17_13:50:03 FILE:../src/Object/Monster/Monster.cpp FUNC:Dead LINE:786
 	  Message:monster dead but maxweight is null
LOGWARNING
2016-10-17_13:50:03 FILE:../src/Object/Monster/Monster.cpp FUNC:Dead LINE:786
 	  Message:monster dead but maxweight is null
LOGWARNING
2016-10-17_13:50:03 FILE:../src/Object/Monster/Monster.cpp FUNC:Dead LINE:786
 	  Message:monster dead but maxweight is null
LOGWARNING
2016-10-17_13:50:03 FILE:../src/Object/Monster/Monster.cpp FUNC:Dead LINE:786
 	  Message:monster dead but maxweight is null
LOGWARNING
2016-10-17_13:50:03 FILE:../src/Object/Monster/Monster.cpp FUNC:Dead LINE:786
 	  Message:monster dead but maxweight is null
LOGWARNING
2016-10-17_13:50:03 FILE:../src/Object/Monster/Monster.cpp FUNC:Dead LINE:786
 	  Message:monster dead but maxweight is null
LOGWARNING
2016-10-17_13:50:03 FILE:../src/Object/Monster/Monster.cpp FUNC:Dead LINE:786
 	  Message:monster dead but maxweight is null
LOGWARNING
2016-10-17_14:33:10 FILE:../src/Mail/MailMessage.cpp FUNC:On_MSG_ACK_MSG_REQ_GM2DB_MAILS LINE:141
 	  Message:gameserver request dbserver get mails and ack
LOGWARNING
2016-10-17_14:34:15 FILE:../src/Mail/MailMessage.cpp FUNC:On_MSG_ACK_MSG_REQ_GM2DB_MAILS LINE:141
 	  Message:gameserver request dbserver get mails and ack
LOGWARNING
2016-10-17_14:36:26 FILE:../src/Mail/MailMessage.cpp FUNC:On_MSG_ACK_MSG_REQ_GM2DB_MAILS LINE:141
 	  Message:gameserver request dbserver get mails and ack
LOGWARNING
2016-10-17_14:40:30 FILE:../src/Mail/MailMessage.cpp FUNC:On_MSG_ACK_MSG_REQ_GM2DB_MAILS LINE:141
 	  Message:gameserver request dbserver get mails and ack
LOGWARNING
2016-10-17_14:41:39 FILE:../src/Mail/MailMessage.cpp FUNC:On_MSG_ACK_MSG_REQ_GM2DB_MAILS LINE:141
 	  Message:gameserver request dbserver get mails and ack