
LOGWARNING
2016-11-25_16:51:54 FILE:../src/Mail/MailMessage.cpp FUNC:On_MSG_ACK_MSG_REQ_GM2DB_MAILS LINE:141
 	  Message:gameserver request dbserver get mails and ack
LOGWARNING
2016-11-25_16:55:21 FILE:../src/Mail/MailMessage.cpp FUNC:On_MSG_ACK_MSG_REQ_GM2DB_MAILS LINE:141
 	  Message:gameserver request dbserver get mails and ack
LOGWARNING
2016-11-25_16:56:24 FILE:../src/Mail/MailMessage.cpp FUNC:On_MSG_ACK_MSG_REQ_GM2DB_MAILS LINE:141
 	  Message:gameserver request dbserver get mails and ack
LOGWARNING
2016-11-25_16:57:46 FILE:../src/Mail/MailMessage.cpp FUNC:On_MSG_ACK_MSG_REQ_GM2DB_MAILS LINE:141
 	  Message:gameserver request dbserver get mails and ack
LOGWARNING
2016-11-25_17:01:38 FILE:../src/Mail/MailMessage.cpp FUNC:On_MSG_ACK_MSG_REQ_GM2DB_MAILS LINE:141
 	  Message:gameserver request dbserver get mails and ack
LOGWARNING
2016-11-25_17:04:15 FILE:../src/Mail/MailMessage.cpp FUNC:On_MSG_ACK_MSG_REQ_GM2DB_MAILS LINE:141
 	  Message:gameserver request dbserver get mails and ack
LOGWARNING
2016-11-25_17:05:57 FILE:../src/Mail/MailMessage.cpp FUNC:On_MSG_ACK_MSG_REQ_GM2DB_MAILS LINE:141
 	  Message:gameserver request dbserver get mails and ack
LOGWARNING
2016-11-25_17:06:57 FILE:../src/Mail/MailMessage.cpp FUNC:On_MSG_ACK_MSG_REQ_GM2DB_MAILS LINE:141
 	  Message:gameserver request dbserver get mails and ack
LOGWARNING
2016-11-25_17:09:40 FILE:../src/Mail/MailMessage.cpp FUNC:On_MSG_ACK_MSG_REQ_GM2DB_MAILS LINE:141
 	  Message:gameserver request dbserver get mails and ack
LOGWARNING
2016-11-25_17:12:52 FILE:../src/Mail/MailMessage.cpp FUNC:On_MSG_ACK_MSG_REQ_GM2DB_MAILS LINE:141
 	  Message:gameserver request dbserver get mails and ack
LOGWARNING
2016-11-25_17:27:04 FILE:../src/Mail/MailMessage.cpp FUNC:On_MSG_ACK_MSG_REQ_GM2DB_MAILS LINE:141
 	  Message:gameserver request dbserver get mails and ack
LOGWARNING
2016-11-25_17:30:16 FILE:../src/Mail/MailMessage.cpp FUNC:On_MSG_ACK_MSG_REQ_GM2DB_MAILS LINE:141
 	  Message:gameserver request dbserver get mails and ack
LOGWARNING
2016-11-25_17:31:01 FILE:../src/Mail/MailMessage.cpp FUNC:On_MSG_ACK_MSG_REQ_GM2DB_MAILS LINE:141
 	  Message:gameserver request dbserver get mails and ack
LOGWARNING
2016-11-25_17:31:50 FILE:../src/Mail/MailMessage.cpp FUNC:On_MSG_ACK_MSG_REQ_GM2DB_MAILS LINE:141
 	  Message:gameserver request dbserver get mails and ack
LOGWARNING
2016-11-25_17:42:59 FILE:../src/Mail/MailMessage.cpp FUNC:On_MSG_ACK_MSG_REQ_GM2DB_MAILS LINE:141
 	  Message:gameserver request dbserver get mails and ack
LOGWARNING
2016-11-25_17:47:47 FILE:../src/Mail/MailMessage.cpp FUNC:On_MSG_ACK_MSG_REQ_GM2DB_MAILS LINE:141
 	  Message:gameserver request dbserver get mails and ack
LOGWARNING
2016-11-25_17:49:54 FILE:../src/Mail/MailMessage.cpp FUNC:On_MSG_ACK_MSG_REQ_GM2DB_MAILS LINE:141
 	  Message:gameserver request dbserver get mails and ack
LOGWARNING
2016-11-25_17:52:22 FILE:../src/Mail/MailMessage.cpp FUNC:On_MSG_ACK_MSG_REQ_GM2DB_MAILS LINE:141
 	  Message:gameserver request dbserver get mails and ack
LOGWARNING
2016-11-25_17:52:52 FILE:../src/Mail/MailMessage.cpp FUNC:On_MSG_ACK_MSG_REQ_GM2DB_MAILS LINE:141
 	  Message:gameserver request dbserver get mails and ack
LOGWARNING
2016-11-25_17:56:07 FILE:../src/Mail/MailMessage.cpp FUNC:On_MSG_ACK_MSG_REQ_GM2DB_MAILS LINE:141
 	  Message:gameserver request dbserver get mails and ack
LOGWARNING
2016-11-25_17:59:59 FILE:../src/Mail/MailMessage.cpp FUNC:On_MSG_ACK_MSG_REQ_GM2DB_MAILS LINE:141
 	  Message:gameserver request dbserver get mails and ack
LOGWARNING
2016-11-25_18:01:20 FILE:../src/Mail/MailMessage.cpp FUNC:On_MSG_ACK_MSG_REQ_GM2DB_MAILS LINE:141
 	  Message:gameserver request dbserver get mails and ack
LOGWARNING
2016-11-25_18:02:03 FILE:../src/Mail/MailMessage.cpp FUNC:On_MSG_ACK_MSG_REQ_GM2DB_MAILS LINE:141
 	  Message:gameserver request dbserver get mails and ack
LOGWARNING
2016-11-25_18:02:58 FILE:../src/Mail/MailMessage.cpp FUNC:On_MSG_ACK_MSG_REQ_GM2DB_MAILS LINE:141
 	  Message:gameserver request dbserver get mails and ack
LOGWARNING
2016-11-25_18:04:59 FILE:../src/Mail/MailMessage.cpp FUNC:On_MSG_ACK_MSG_REQ_GM2DB_MAILS LINE:141
 	  Message:gameserver request dbserver get mails and ack
LOGWARNING
2016-11-25_18:08:58 FILE:../src/Mail/MailMessage.cpp FUNC:On_MSG_ACK_MSG_REQ_GM2DB_MAILS LINE:141
 	  Message:gameserver request dbserver get mails and ack
LOGWARNING
2016-11-26_16:38:37 FILE:../src/Mail/MailMessage.cpp FUNC:On_MSG_ACK_MSG_REQ_GM2DB_MAILS LINE:141
 	  Message:gameserver request dbserver get mails and ack
LOGWARNING
2016-11-26_16:39:31 FILE:../src/Object/AI/AIBrain.cpp FUNC:UpdatePath LINE:1177
 	  Message:path already come