
LOGWARNING
2016-12-08_22:28:46 FILE:../src/Mail/MailMessage.cpp FUNC:On_MSG_ACK_MSG_REQ_GM2DB_MAILS LINE:141
 	  Message:gameserver request dbserver get mails and ack
LOGWARNING
2016-12-08_22:31:23 FILE:../src/Object/AI/AIBrain.cpp FUNC:UpdatePath LINE:1177
 	  Message:path already come
LOGWARNING
2016-12-08_22:37:04 FILE:../src/Object/AI/AIBrain.cpp FUNC:UpdatePath LINE:1177
 	  Message:path already come
LOGWARNING
2016-12-08_22:37:35 FILE:../src/Object/AI/AIBrain.cpp FUNC:UpdatePath LINE:1177
 	  Message:path already come
LOGWARNING
2016-12-08_22:37:35 FILE:../src/Object/AI/AIBrain.cpp FUNC:UpdatePath LINE:1177
 	  Message:path already come
LOGWARNING
2016-12-08_22:37:40 FILE:../src/Object/AI/AIBrain.cpp FUNC:UpdatePath LINE:1177
 	  Message:path already come
LOGWARNING
2016-12-08_22:38:40 FILE:../src/Object/AI/AIBrain.cpp FUNC:UpdatePath LINE:1177
 	  Message:path already come
LOGWARNING
2016-12-08_22:50:17 FILE:../src/Mail/MailMessage.cpp FUNC:On_MSG_ACK_MSG_REQ_GM2DB_MAILS LINE:141
 	  Message:gameserver request dbserver get mails and ack
LOGWARNING
2016-12-08_23:03:51 FILE:../src/Mail/MailMessage.cpp FUNC:On_MSG_ACK_MSG_REQ_GM2DB_MAILS LINE:141
 	  Message:gameserver request dbserver get mails and ack
LOGWARNING
2016-12-08_23:06:06 FILE:../src/Object/AI/AIBrain.cpp FUNC:UpdatePath LINE:1177
 	  Message:path already come
LOGWARNING
2016-12-08_23:12:17 FILE:../src/Object/AI/AIBrain.cpp FUNC:UpdatePath LINE:1177
 	  Message:path already come
LOGWARNING
2016-12-08_23:12:50 FILE:../src/Object/AI/AIBrain.cpp FUNC:UpdatePath LINE:1177
 	  Message:path already come
LOGWARNING
2016-12-08_23:14:33 FILE:../src/Mail/MailMessage.cpp FUNC:On_MSG_ACK_MSG_REQ_GM2DB_MAILS LINE:141
 	  Message:gameserver request dbserver get mails and ack
LOGWARNING
2016-12-08_23:14:40 FILE:../src/Object/AI/AIBrain.cpp FUNC:UpdatePath LINE:1177
 	  Message:path already come
LOGWARNING
2016-12-08_23:20:23 FILE:../src/Mail/MailMessage.cpp FUNC:On_MSG_ACK_MSG_REQ_GM2DB_MAILS LINE:141
 	  Message:gameserver request dbserver get mails and ack
LOGWARNING
2016-12-08_23:20:23 FILE:../src/Object/AI/AIBrain.cpp FUNC:UpdatePath LINE:1177
 	  Message:path already come
LOGWARNING
2016-12-08_23:20:56 FILE:../src/Object/AI/AIBrain.cpp FUNC:UpdatePath LINE:1177
 	  Message:path already come
LOGWARNING
2016-12-08_23:21:34 FILE:../src/Object/AI/AIBrain.cpp FUNC:UpdatePath LINE:1177
 	  Message:path already come
LOGWARNING
2016-12-08_23:21:34 FILE:../src/Object/AI/AIBrain.cpp FUNC:UpdatePath LINE:1177
 	  Message:path already come
LOGWARNING
2016-12-08_23:21:34 FILE:../src/Object/AI/AIBrain.cpp FUNC:UpdatePath LINE:1177
 	  Message:path already come
LOGWARNING
2016-12-08_23:21:34 FILE:../src/Object/AI/AIBrain.cpp FUNC:UpdatePath LINE:1177
 	  Message:path already come
LOGWARNING
2016-12-08_23:21:45 FILE:../src/Object/AI/AIBrain.cpp FUNC:UpdatePath LINE:1177
 	  Message:path already come
LOGWARNING
2016-12-08_23:21:45 FILE:../src/Object/AI/AIBrain.cpp FUNC:UpdatePath LINE:1177
 	  Message:path already come
LOGWARNING
2016-12-08_23:21:45 FILE:../src/Object/AI/AIBrain.cpp FUNC:UpdatePath LINE:1177
 	  Message:path already come
LOGWARNING
2016-12-08_23:21:45 FILE:../src/Object/AI/AIBrain.cpp FUNC:UpdatePath LINE:1177
 	  Message:path already come
LOGWARNING
2016-12-08_23:21:45 FILE:../src/Object/AI/AIBrain.cpp FUNC:UpdatePath LINE:1177
 	  Message:path already come
LOGWARNING
2016-12-08_23:21:45 FILE:../src/Object/AI/AIBrain.cpp FUNC:UpdatePath LINE:1177
 	  Message:path already come
LOGWARNING
2016-12-08_23:21:45 FILE:../src/Object/AI/AIBrain.cpp FUNC:UpdatePath LINE:1177
 	  Message:path already come
LOGWARNING
2016-12-08_23:21:45 FILE:../src/Object/AI/AIBrain.cpp FUNC:UpdatePath LINE:1177
 	  Message:path already come
LOGWARNING
2016-12-08_23:21:45 FILE:../src/Object/AI/AIBrain.cpp FUNC:UpdatePath LINE:1177
 	  Message:path already come
LOGWARNING
2016-12-08_23:21:45 FILE:../src/Object/AI/AIBrain.cpp FUNC:UpdatePath LINE:1177
 	  Message:path already come
LOGWARNING
2016-12-08_23:21:45 FILE:../src/Object/AI/AIBrain.cpp FUNC:UpdatePath LINE:1177
 	  Message:path already come
LOGWARNING
2016-12-08_23:21:45 FILE:../src/Object/AI/AIBrain.cpp FUNC:UpdatePath LINE:1177
 	  Message:path already come
LOGWARNING
2016-12-08_23:21:46 FILE:../src/Object/AI/AIBrain.cpp FUNC:UpdatePath LINE:1177
 	  Message:path already come
LOGWARNING
2016-12-08_23:21:46 FILE:../src/Object/AI/AIBrain.cpp FUNC:UpdatePath LINE:1177
 	  Message:path already come
LOGWARNING
2016-12-08_23:21:46 FILE:../src/Object/AI/AIBrain.cpp FUNC:UpdatePath LINE:1177
 	  Message:path already come
LOGWARNING
2016-12-08_23:21:46 FILE:../src/Object/AI/AIBrain.cpp FUNC:UpdatePath LINE:1177
 	  Message:path already come
LOGWARNING
2016-12-08_23:21:46 FILE:../src/Object/AI/AIBrain.cpp FUNC:UpdatePath LINE:1177
 	  Message:path already come
LOGWARNING
2016-12-08_23:21:46 FILE:../src/Object/AI/AIBrain.cpp FUNC:UpdatePath LINE:1177
 	  Message:path already come
LOGWARNING
2016-12-08_23:21:46 FILE:../src/Object/AI/AIBrain.cpp FUNC:UpdatePath LINE:1177
 	  Message:path already come
LOGWARNING
2016-12-08_23:21:46 FILE:../src/Object/AI/AIBrain.cpp FUNC:UpdatePath LINE:1177
 	  Message:path already come
LOGWARNING
2016-12-08_23:21:46 FILE:../src/Object/AI/AIBrain.cpp FUNC:UpdatePath LINE:1177
 	  Message:path already come
LOGWARNING
2016-12-08_23:21:46 FILE:../src/Object/AI/AIBrain.cpp FUNC:UpdatePath LINE:1177
 	  Message:path already come
LOGWARNING
2016-12-08_23:21:46 FILE:../src/Object/AI/AIBrain.cpp FUNC:UpdatePath LINE:1177
 	  Message:path already come
LOGWARNING
2016-12-08_23:21:46 FILE:../src/Object/AI/AIBrain.cpp FUNC:UpdatePath LINE:1177
 	  Message:path already come
LOGWARNING
2016-12-08_23:21:48 FILE:../src/Object/AI/AIBrain.cpp FUNC:UpdatePath LINE:1177
 	  Message:path already come
LOGWARNING
2016-12-08_23:21:48 FILE:../src/Object/AI/AIBrain.cpp FUNC:UpdatePath LINE:1177
 	  Message:path already come
LOGWARNING
2016-12-08_23:21:48 FILE:../src/Object/AI/AIBrain.cpp FUNC:UpdatePath LINE:1177
 	  Message:path already come
LOGWARNING
2016-12-08_23:21:48 FILE:../src/Object/AI/AIBrain.cpp FUNC:UpdatePath LINE:1177
 	  Message:path already come
LOGWARNING
2016-12-08_23:21:48 FILE:../src/Object/AI/AIBrain.cpp FUNC:UpdatePath LINE:1177
 	  Message:path already come
LOGWARNING
2016-12-08_23:21:48 FILE:../src/Object/AI/AIBrain.cpp FUNC:UpdatePath LINE:1177
 	  Message:path already come
LOGWARNING
2016-12-08_23:21:48 FILE:../src/Object/AI/AIBrain.cpp FUNC:UpdatePath LINE:1177
 	  Message:path already come
LOGWARNING
2016-12-08_23:21:48 FILE:../src/Object/AI/AIBrain.cpp FUNC:UpdatePath LINE:1177
 	  Message:path already come
LOGWARNING
2016-12-08_23:21:48 FILE:../src/Object/AI/AIBrain.cpp FUNC:UpdatePath LINE:1177
 	  Message:path already come
LOGWARNING
2016-12-08_23:21:48 FILE:../src/Object/AI/AIBrain.cpp FUNC:UpdatePath LINE:1177
 	  Message:path already come
LOGWARNING
2016-12-08_23:21:48 FILE:../src/Object/AI/AIBrain.cpp FUNC:UpdatePath LINE:1177
 	  Message:path already come
LOGWARNING
2016-12-08_23:21:48 FILE:../src/Object/AI/AIBrain.cpp FUNC:UpdatePath LINE:1177
 	  Message:path already come
LOGWARNING
2016-12-08_23:21:54 FILE:../src/Object/AI/AIBrain.cpp FUNC:UpdatePath LINE:1177
 	  Message:path already come
LOGWARNING
2016-12-08_23:22:01 FILE:../src/Object/AI/AIBrain.cpp FUNC:UpdatePath LINE:1177
 	  Message:path already come
LOGWARNING
2016-12-08_23:22:03 FILE:../src/Object/AI/AIBrain.cpp FUNC:UpdatePath LINE:1177
 	  Message:path already come
LOGWARNING
2016-12-08_23:22:03 FILE:../src/Object/AI/AIBrain.cpp FUNC:UpdatePath LINE:1177
 	  Message:path already come
LOGWARNING
2016-12-08_23:22:03 FILE:../src/Object/AI/AIBrain.cpp FUNC:UpdatePath LINE:1177
 	  Message:path already come
LOGWARNING
2016-12-08_23:22:03 FILE:../src/Object/AI/AIBrain.cpp FUNC:UpdatePath LINE:1177
 	  Message:path already come
LOGWARNING
2016-12-08_23:22:03 FILE:../src/Object/AI/AIBrain.cpp FUNC:UpdatePath LINE:1177
 	  Message:path already come
LOGWARNING
2016-12-08_23:22:03 FILE:../src/Object/AI/AIBrain.cpp FUNC:UpdatePath LINE:1177
 	  Message:path already come
LOGWARNING
2016-12-08_23:22:03 FILE:../src/Object/AI/AIBrain.cpp FUNC:UpdatePath LINE:1177
 	  Message:path already come
LOGWARNING
2016-12-08_23:22:03 FILE:../src/Object/AI/AIBrain.cpp FUNC:UpdatePath LINE:1177
 	  Message:path already come
LOGWARNING
2016-12-08_23:22:03 FILE:../src/Object/AI/AIBrain.cpp FUNC:UpdatePath LINE:1177
 	  Message:path already come
LOGWARNING
2016-12-08_23:22:04 FILE:../src/Object/AI/AIBrain.cpp FUNC:UpdatePath LINE:1177
 	  Message:path already come
LOGWARNING
2016-12-08_23:22:04 FILE:../src/Object/AI/AIBrain.cpp FUNC:UpdatePath LINE:1177
 	  Message:path already come
LOGWARNING
2016-12-08_23:24:21 FILE:../src/Mail/MailMessage.cpp FUNC:On_MSG_ACK_MSG_REQ_GM2DB_MAILS LINE:141
 	  Message:gameserver request dbserver get mails and ack
LOGWARNING
2016-12-08_23:25:01 FILE:../src/Mail/MailMessage.cpp FUNC:On_MSG_ACK_MSG_REQ_GM2DB_MAILS LINE:141
 	  Message:gameserver request dbserver get mails and ack
LOGWARNING
2016-12-08_23:25:01 FILE:../src/Object/AI/AIBrain.cpp FUNC:UpdatePath LINE:1177
 	  Message:path already come
LOGWARNING
2016-12-08_23:27:03 FILE:../src/Mail/MailMessage.cpp FUNC:On_MSG_ACK_MSG_REQ_GM2DB_MAILS LINE:141
 	  Message:gameserver request dbserver get mails and ack
LOGWARNING
2016-12-08_23:27:55 FILE:../src/Mail/MailMessage.cpp FUNC:On_MSG_ACK_MSG_REQ_GM2DB_MAILS LINE:141
 	  Message:gameserver request dbserver get mails and ack
LOGWARNING
2016-12-08_23:30:20 FILE:../src/Mail/MailMessage.cpp FUNC:On_MSG_ACK_MSG_REQ_GM2DB_MAILS LINE:141
 	  Message:gameserver request dbserver get mails and ack
LOGWARNING
2016-12-08_23:32:41 FILE:../src/Mail/MailMessage.cpp FUNC:On_MSG_ACK_MSG_REQ_GM2DB_MAILS LINE:141
 	  Message:gameserver request dbserver get mails and ack
LOGWARNING
2016-12-08_23:33:34 FILE:../src/Mail/MailMessage.cpp FUNC:On_MSG_ACK_MSG_REQ_GM2DB_MAILS LINE:141
 	  Message:gameserver request dbserver get mails and ack
LOGWARNING
2016-12-08_23:34:00 FILE:../src/Object/AI/AIBrain.cpp FUNC:UpdatePath LINE:1177
 	  Message:path already come
LOGWARNING
2016-12-08_23:34:02 FILE:../src/Object/AI/AIBrain.cpp FUNC:UpdatePath LINE:1177
 	  Message:path already come
LOGWARNING
2016-12-08_23:35:58 FILE:../src/Mail/MailMessage.cpp FUNC:On_MSG_ACK_MSG_REQ_GM2DB_MAILS LINE:141
 	  Message:gameserver request dbserver get mails and ack
LOGWARNING
2016-12-08_23:36:04 FILE:../src/Object/AI/AIBrain.cpp FUNC:UpdatePath LINE:1177
 	  Message:path already come
LOGWARNING
2016-12-08_23:36:04 FILE:../src/Object/AI/AIBrain.cpp FUNC:UpdatePath LINE:1177
 	  Message:path already come
LOGWARNING
2016-12-08_23:36:04 FILE:../src/Object/AI/AIBrain.cpp FUNC:UpdatePath LINE:1177
 	  Message:path already come
LOGWARNING
2016-12-08_23:36:04 FILE:../src/Object/AI/AIBrain.cpp FUNC:UpdatePath LINE:1177
 	  Message:path already come
LOGWARNING
2016-12-08_23:36:04 FILE:../src/Object/AI/AIBrain.cpp FUNC:UpdatePath LINE:1177
 	  Message:path already come
LOGWARNING
2016-12-08_23:36:04 FILE:../src/Object/AI/AIBrain.cpp FUNC:UpdatePath LINE:1177
 	  Message:path already come
LOGWARNING
2016-12-08_23:36:04 FILE:../src/Object/AI/AIBrain.cpp FUNC:UpdatePath LINE:1177
 	  Message:path already come
LOGWARNING
2016-12-08_23:36:04 FILE:../src/Object/AI/AIBrain.cpp FUNC:UpdatePath LINE:1177
 	  Message:path already come
LOGWARNING
2016-12-08_23:37:48 FILE:../src/Mail/MailMessage.cpp FUNC:On_MSG_ACK_MSG_REQ_GM2DB_MAILS LINE:141
 	  Message:gameserver request dbserver get mails and ack
LOGWARNING
2016-12-08_23:38:02 FILE:../src/Mail/MailMessage.cpp FUNC:On_MSG_ACK_MSG_REQ_GM2DB_MAILS LINE:141
 	  Message:gameserver request dbserver get mails and ack
LOGWARNING
2016-12-08_23:40:27 FILE:../src/Object/AI/AIBrain.cpp FUNC:UpdatePath LINE:1177
 	  Message:path already come
LOGWARNING
2016-12-08_23:40:27 FILE:../src/Object/AI/AIBrain.cpp FUNC:UpdatePath LINE:1177
 	  Message:path already come
LOGWARNING
2016-12-08_23:40:27 FILE:../src/Object/AI/AIBrain.cpp FUNC:UpdatePath LINE:1177
 	  Message:path already come
LOGWARNING
2016-12-08_23:40:27 FILE:../src/Object/AI/AIBrain.cpp FUNC:UpdatePath LINE:1177
 	  Message:path already come
LOGWARNING
2016-12-08_23:51:54 FILE:../src/Mail/MailMessage.cpp FUNC:On_MSG_ACK_MSG_REQ_GM2DB_MAILS LINE:141
 	  Message:gameserver request dbserver get mails and ack
LOGWARNING
2016-12-08_23:59:33 FILE:../src/Object/AI/AIBrain.cpp FUNC:UpdatePath LINE:1177
 	  Message:path already come
LOGWARNING
2016-12-08_23:59:33 FILE:../src/Object/AI/AIBrain.cpp FUNC:UpdatePath LINE:1177
 	  Message:path already come
LOGWARNING
2016-12-08_23:59:33 FILE:../src/Object/AI/AIBrain.cpp FUNC:UpdatePath LINE:1177
 	  Message:path already come
LOGWARNING
2016-12-08_23:59:33 FILE:../src/Object/AI/AIBrain.cpp FUNC:UpdatePath LINE:1177
 	  Message:path already come
LOGWARNING
2016-12-08_23:59:33 FILE:../src/Object/AI/AIBrain.cpp FUNC:UpdatePath LINE:1177
 	  Message:path already come
LOGWARNING
2016-12-08_23:59:52 FILE:../src/Object/AI/AIBrain.cpp FUNC:UpdatePath LINE:1177
 	  Message:path already come
LOGWARNING
2016-12-09_00:00:20 FILE:../src/Object/AI/AIBrain.cpp FUNC:UpdatePath LINE:1177
 	  Message:path already come
LOGWARNING
2016-12-09_00:00:24 FILE:../src/Object/AI/AIBrain.cpp FUNC:UpdatePath LINE:1177
 	  Message:path already come
LOGWARNING
2016-12-09_00:01:25 FILE:../src/Mail/MailMessage.cpp FUNC:On_MSG_ACK_MSG_REQ_GM2DB_MAILS LINE:141
 	  Message:gameserver request dbserver get mails and ack
LOGWARNING
2016-12-09_00:04:17 FILE:../src/Mail/MailMessage.cpp FUNC:On_MSG_ACK_MSG_REQ_GM2DB_MAILS LINE:141
 	  Message:gameserver request dbserver get mails and ack
LOGWARNING
2016-12-09_00:23:30 FILE:../src/Mail/MailMessage.cpp FUNC:On_MSG_ACK_MSG_REQ_GM2DB_MAILS LINE:141
 	  Message:gameserver request dbserver get mails and ack
LOGWARNING
2016-12-09_00:24:18 FILE:../src/Mail/MailMessage.cpp FUNC:On_MSG_ACK_MSG_REQ_GM2DB_MAILS LINE:141
 	  Message:gameserver request dbserver get mails and ack
LOGWARNING
2016-12-09_00:33:51 FILE:../src/Mail/MailMessage.cpp FUNC:On_MSG_ACK_MSG_REQ_GM2DB_MAILS LINE:141
 	  Message:gameserver request dbserver get mails and ack
LOGWARNING
2016-12-09_10:35:05 FILE:../src/Mail/MailMessage.cpp FUNC:On_MSG_ACK_MSG_REQ_GM2DB_MAILS LINE:141
 	  Message:gameserver request dbserver get mails and ack
LOGWARNING
2016-12-09_10:35:05 FILE:../src/Object/AI/AIBrain.cpp FUNC:UpdatePath LINE:1177
 	  Message:path already come
LOGWARNING
2016-12-09_10:39:43 FILE:../src/Object/AI/AIBrain.cpp FUNC:UpdatePath LINE:1177
 	  Message:path already come
LOGWARNING
2016-12-09_10:41:04 FILE:../src/Object/AI/AIBrain.cpp FUNC:UpdatePath LINE:1177
 	  Message:path already come
LOGWARNING
2016-12-09_10:42:29 FILE:../src/Object/AI/AIBrain.cpp FUNC:UpdatePath LINE:1177
 	  Message:path already come
LOGWARNING
2016-12-09_10:46:56 FILE:../src/Object/AI/AIBrain.cpp FUNC:UpdatePath LINE:1177
 	  Message:path already come
LOGWARNING
2016-12-09_10:50:47 FILE:../src/Object/AI/AIBrain.cpp FUNC:UpdatePath LINE:1177
 	  Message:path already come
LOGWARNING
2016-12-09_10:55:00 FILE:../src/Object/AI/AIBrain.cpp FUNC:UpdatePath LINE:1177
 	  Message:path already come
LOGWARNING
2016-12-09_10:58:15 FILE:../src/Object/AI/AIBrain.cpp FUNC:UpdatePath LINE:1177
 	  Message:path already come
LOGWARNING
2016-12-09_10:59:53 FILE:../src/Object/AI/AIBrain.cpp FUNC:UpdatePath LINE:1177
 	  Message:path already come
LOGWARNING
2016-12-09_11:03:33 FILE:../src/Mail/MailMessage.cpp FUNC:On_MSG_ACK_MSG_REQ_GM2DB_MAILS LINE:141
 	  Message:gameserver request dbserver get mails and ack
LOGWARNING
2016-12-09_11:10:43 FILE:../src/Mail/MailMessage.cpp FUNC:On_MSG_ACK_MSG_REQ_GM2DB_MAILS LINE:141
 	  Message:gameserver request dbserver get mails and ack
LOGWARNING
2016-12-09_11:27:32 FILE:../src/Mail/MailMessage.cpp FUNC:On_MSG_ACK_MSG_REQ_GM2DB_MAILS LINE:141
 	  Message:gameserver request dbserver get mails and ack
LOGWARNING
2016-12-09_11:33:24 FILE:../src/Object/AI/AIBrain.cpp FUNC:UpdatePath LINE:1177
 	  Message:path already come
LOGWARNING
2016-12-09_11:37:01 FILE:../src/Mail/MailMessage.cpp FUNC:On_MSG_ACK_MSG_REQ_GM2DB_MAILS LINE:141
 	  Message:gameserver request dbserver get mails and ack
LOGWARNING
2016-12-09_11:43:06 FILE:../src/Object/AI/AIBrain.cpp FUNC:UpdatePath LINE:1177
 	  Message:path already come
LOGWARNING
2016-12-09_11:43:07 FILE:../src/Object/AI/AIBrain.cpp FUNC:UpdatePath LINE:1177
 	  Message:path already come
LOGWARNING
2016-12-09_11:43:07 FILE:../src/Object/AI/AIBrain.cpp FUNC:UpdatePath LINE:1177
 	  Message:path already come
LOGWARNING
2016-12-09_11:46:59 FILE:../src/Mail/MailMessage.cpp FUNC:On_MSG_ACK_MSG_REQ_GM2DB_MAILS LINE:141
 	  Message:gameserver request dbserver get mails and ack
LOGWARNING
2016-12-09_11:47:14 FILE:../src/Object/AI/AIBrain.cpp FUNC:UpdatePath LINE:1177
 	  Message:path already come
LOGWARNING
2016-12-09_11:47:35 FILE:../src/Object/AI/AIBrain.cpp FUNC:UpdatePath LINE:1177
 	  Message:path already come
LOGWARNING
2016-12-09_11:47:35 FILE:../src/Object/AI/AIBrain.cpp FUNC:UpdatePath LINE:1177
 	  Message:path already come
LOGWARNING
2016-12-09_11:52:08 FILE:../src/Object/AI/AIBrain.cpp FUNC:UpdatePath LINE:1177
 	  Message:path already come
LOGWARNING
2016-12-09_11:52:13 FILE:../src/Object/AI/AIBrain.cpp FUNC:UpdatePath LINE:1177
 	  Message:path already come
LOGWARNING
2016-12-09_11:52:13 FILE:../src/Object/AI/AIBrain.cpp FUNC:UpdatePath LINE:1177
 	  Message:path already come
LOGWARNING
2016-12-09_11:52:13 FILE:../src/Object/AI/AIBrain.cpp FUNC:UpdatePath LINE:1177
 	  Message:path already come
LOGWARNING
2016-12-09_11:53:27 FILE:../src/Object/AI/AIBrain.cpp FUNC:UpdatePath LINE:1177
 	  Message:path already come
LOGWARNING
2016-12-09_11:53:27 FILE:../src/Object/AI/AIBrain.cpp FUNC:UpdatePath LINE:1177
 	  Message:path already come
LOGWARNING
2016-12-09_11:53:27 FILE:../src/Object/AI/AIBrain.cpp FUNC:UpdatePath LINE:1177
 	  Message:path already come
LOGWARNING
2016-12-09_11:53:27 FILE:../src/Object/AI/AIBrain.cpp FUNC:UpdatePath LINE:1177
 	  Message:path already come
LOGWARNING
2016-12-09_11:53:27 FILE:../src/Object/AI/AIBrain.cpp FUNC:UpdatePath LINE:1177
 	  Message:path already come
LOGWARNING
2016-12-09_11:53:27 FILE:../src/Object/AI/AIBrain.cpp FUNC:UpdatePath LINE:1177
 	  Message:path already come
LOGWARNING
2016-12-09_11:53:27 FILE:../src/Object/AI/AIBrain.cpp FUNC:UpdatePath LINE:1177
 	  Message:path already come
LOGWARNING
2016-12-09_11:53:27 FILE:../src/Object/AI/AIBrain.cpp FUNC:UpdatePath LINE:1177
 	  Message:path already come
LOGWARNING
2016-12-09_11:53:27 FILE:../src/Object/AI/AIBrain.cpp FUNC:UpdatePath LINE:1177
 	  Message:path already come
LOGWARNING
2016-12-09_11:53:27 FILE:../src/Object/AI/AIBrain.cpp FUNC:UpdatePath LINE:1177
 	  Message:path already come
LOGWARNING
2016-12-09_11:53:27 FILE:../src/Object/AI/AIBrain.cpp FUNC:UpdatePath LINE:1177
 	  Message:path already come
LOGWARNING
2016-12-09_11:53:27 FILE:../src/Object/AI/AIBrain.cpp FUNC:UpdatePath LINE:1177
 	  Message:path already come
LOGWARNING
2016-12-09_11:53:27 FILE:../src/Object/AI/AIBrain.cpp FUNC:UpdatePath LINE:1177
 	  Message:path already come
LOGWARNING
2016-12-09_11:53:27 FILE:../src/Object/AI/AIBrain.cpp FUNC:UpdatePath LINE:1177
 	  Message:path already come
LOGWARNING
2016-12-09_11:53:27 FILE:../src/Object/AI/AIBrain.cpp FUNC:UpdatePath LINE:1177
 	  Message:path already come
LOGWARNING
2016-12-09_11:53:27 FILE:../src/Object/AI/AIBrain.cpp FUNC:UpdatePath LINE:1177
 	  Message:path already come
LOGWARNING
2016-12-09_11:53:29 FILE:../src/Object/AI/AIBrain.cpp FUNC:UpdatePath LINE:1177
 	  Message:path already come
LOGWARNING
2016-12-09_11:53:29 FILE:../src/Object/AI/AIBrain.cpp FUNC:UpdatePath LINE:1177
 	  Message:path already come
LOGWARNING
2016-12-09_11:54:37 FILE:../src/Mail/MailMessage.cpp FUNC:On_MSG_ACK_MSG_REQ_GM2DB_MAILS LINE:141
 	  Message:gameserver request dbserver get mails and ack
LOGWARNING
2016-12-09_12:01:29 FILE:../src/Mail/MailMessage.cpp FUNC:On_MSG_ACK_MSG_REQ_GM2DB_MAILS LINE:141
 	  Message:gameserver request dbserver get mails and ack
LOGWARNING
2016-12-09_12:01:29 FILE:../src/Object/AI/AIBrain.cpp FUNC:UpdatePath LINE:1177
 	  Message:path already come
LOGWARNING
2016-12-09_12:01:29 FILE:../src/Object/AI/AIBrain.cpp FUNC:UpdatePath LINE:1177
 	  Message:path already come
LOGWARNING
2016-12-09_12:03:09 FILE:../src/Object/AI/AIBrain.cpp FUNC:UpdatePath LINE:1177
 	  Message:path already come
LOGWARNING
2016-12-09_12:04:04 FILE:../src/Object/AI/AIBrain.cpp FUNC:UpdatePath LINE:1177
 	  Message:path already come
LOGWARNING
2016-12-09_12:04:04 FILE:../src/Object/AI/AIBrain.cpp FUNC:UpdatePath LINE:1177
 	  Message:path already come
LOGWARNING
2016-12-09_12:04:04 FILE:../src/Object/AI/AIBrain.cpp FUNC:UpdatePath LINE:1177
 	  Message:path already come
LOGWARNING
2016-12-09_12:04:04 FILE:../src/Object/AI/AIBrain.cpp FUNC:UpdatePath LINE:1177
 	  Message:path already come
LOGWARNING
2016-12-09_12:04:12 FILE:../src/Object/AI/AIBrain.cpp FUNC:UpdatePath LINE:1177
 	  Message:path already come
LOGWARNING
2016-12-09_12:04:45 FILE:../src/Object/AI/AIBrain.cpp FUNC:UpdatePath LINE:1177
 	  Message:path already come
LOGWARNING
2016-12-09_12:04:56 FILE:../src/Object/AI/AIBrain.cpp FUNC:UpdatePath LINE:1177
 	  Message:path already come
LOGWARNING
2016-12-09_12:05:24 FILE:../src/Object/AI/AIBrain.cpp FUNC:UpdatePath LINE:1177
 	  Message:path already come
LOGWARNING
2016-12-09_12:05:24 FILE:../src/Object/AI/AIBrain.cpp FUNC:UpdatePath LINE:1177
 	  Message:path already come
LOGWARNING
2016-12-09_12:05:59 FILE:../src/Object/AI/AIBrain.cpp FUNC:UpdatePath LINE:1177
 	  Message:path already come
LOGWARNING
2016-12-09_12:08:00 FILE:../src/Object/AI/AIBrain.cpp FUNC:UpdatePath LINE:1177
 	  Message:path already come
LOGWARNING
2016-12-09_12:08:00 FILE:../src/Object/AI/AIBrain.cpp FUNC:UpdatePath LINE:1177
 	  Message:path already come
LOGWARNING
2016-12-09_12:08:02 FILE:../src/Object/AI/AIBrain.cpp FUNC:UpdatePath LINE:1177
 	  Message:path already come
LOGWARNING
2016-12-09_12:28:38 FILE:../src/Mail/MailMessage.cpp FUNC:On_MSG_ACK_MSG_REQ_GM2DB_MAILS LINE:141
 	  Message:gameserver request dbserver get mails and ack
LOGWARNING
2016-12-09_12:30:10 FILE:../src/Object/AI/AIBrain.cpp FUNC:UpdatePath LINE:1177
 	  Message:path already come
LOGWARNING
2016-12-09_12:31:08 FILE:../src/Object/AI/AIBrain.cpp FUNC:UpdatePath LINE:1177
 	  Message:path already come
LOGWARNING
2016-12-09_12:31:08 FILE:../src/Object/AI/AIBrain.cpp FUNC:UpdatePath LINE:1177
 	  Message:path already come
LOGWARNING
2016-12-09_12:31:20 FILE:../src/Object/AI/AIBrain.cpp FUNC:UpdatePath LINE:1177
 	  Message:path already come
LOGWARNING
2016-12-09_12:31:20 FILE:../src/Object/AI/AIBrain.cpp FUNC:UpdatePath LINE:1177
 	  Message:path already come
LOGWARNING
2016-12-09_12:32:02 FILE:../src/Object/AI/AIBrain.cpp FUNC:UpdatePath LINE:1177
 	  Message:path already come
LOGWARNING
2016-12-09_12:32:05 FILE:../src/Object/AI/AIBrain.cpp FUNC:UpdatePath LINE:1177
 	  Message:path already come
LOGWARNING
2016-12-09_12:32:05 FILE:../src/Object/AI/AIBrain.cpp FUNC:UpdatePath LINE:1177
 	  Message:path already come
LOGWARNING
2016-12-09_12:32:05 FILE:../src/Object/AI/AIBrain.cpp FUNC:UpdatePath LINE:1177
 	  Message:path already come
LOGWARNING
2016-12-09_12:37:03 FILE:../src/Object/AI/AIBrain.cpp FUNC:UpdatePath LINE:1177
 	  Message:path already come
LOGWARNING
2016-12-09_12:39:40 FILE:../src/Object/AI/AIBrain.cpp FUNC:UpdatePath LINE:1177
 	  Message:path already come
LOGWARNING
2016-12-09_12:40:23 FILE:../src/Object/AI/AIBrain.cpp FUNC:UpdatePath LINE:1177
 	  Message:path already come
LOGWARNING
2016-12-09_12:40:28 FILE:../src/Object/AI/AIBrain.cpp FUNC:UpdatePath LINE:1177
 	  Message:path already come
LOGWARNING
2016-12-09_12:42:58 FILE:../src/Object/AI/AIBrain.cpp FUNC:UpdatePath LINE:1177
 	  Message:path already come
LOGWARNING
2016-12-09_12:50:53 FILE:../src/Object/AI/AIBrain.cpp FUNC:UpdatePath LINE:1177
 	  Message:path already come
LOGWARNING
2016-12-09_13:01:08 FILE:../src/Object/AI/AIBrain.cpp FUNC:UpdatePath LINE:1177
 	  Message:path already come
LOGWARNING
2016-12-09_13:05:39 FILE:../src/Object/AI/AIBrain.cpp FUNC:UpdatePath LINE:1177
 	  Message:path already come
LOGWARNING
2016-12-09_13:07:39 FILE:../src/Object/AI/AIBrain.cpp FUNC:UpdatePath LINE:1177
 	  Message:path already come
LOGWARNING
2016-12-09_13:08:24 FILE:../src/Object/AI/AIBrain.cpp FUNC:UpdatePath LINE:1177
 	  Message:path already come
LOGWARNING
2016-12-09_13:16:42 FILE:../src/Object/AI/AIBrain.cpp FUNC:UpdatePath LINE:1177
 	  Message:path already come
LOGWARNING
2016-12-09_13:17:02 FILE:../src/Object/AI/AIBrain.cpp FUNC:UpdatePath LINE:1177
 	  Message:path already come
LOGWARNING
2016-12-09_13:17:26 FILE:../src/Object/AI/AIBrain.cpp FUNC:UpdatePath LINE:1177
 	  Message:path already come
LOGWARNING
2016-12-09_13:18:04 FILE:../src/Object/AI/AIBrain.cpp FUNC:UpdatePath LINE:1177
 	  Message:path already come
LOGWARNING
2016-12-09_13:19:47 FILE:../src/Object/AI/AIBrain.cpp FUNC:UpdatePath LINE:1177
 	  Message:path already come
LOGWARNING
2016-12-09_13:20:40 FILE:../src/Object/AI/AIBrain.cpp FUNC:UpdatePath LINE:1177
 	  Message:path already come
LOGWARNING
2016-12-09_13:20:40 FILE:../src/Object/AI/AIBrain.cpp FUNC:UpdatePath LINE:1177
 	  Message:path already come
LOGWARNING
2016-12-09_13:20:40 FILE:../src/Object/AI/AIBrain.cpp FUNC:UpdatePath LINE:1177
 	  Message:path already come
LOGWARNING
2016-12-09_13:20:40 FILE:../src/Object/AI/AIBrain.cpp FUNC:UpdatePath LINE:1177
 	  Message:path already come
LOGWARNING
2016-12-09_13:20:47 FILE:../src/Object/AI/AIBrain.cpp FUNC:UpdatePath LINE:1177
 	  Message:path already come
LOGWARNING
2016-12-09_13:20:50 FILE:../src/Object/AI/AIBrain.cpp FUNC:UpdatePath LINE:1177
 	  Message:path already come
LOGWARNING
2016-12-09_13:20:56 FILE:../src/Object/AI/AIBrain.cpp FUNC:UpdatePath LINE:1177
 	  Message:path already come
LOGWARNING
2016-12-09_13:20:56 FILE:../src/Object/AI/AIBrain.cpp FUNC:UpdatePath LINE:1177
 	  Message:path already come
LOGWARNING
2016-12-09_13:20:56 FILE:../src/Object/AI/AIBrain.cpp FUNC:UpdatePath LINE:1177
 	  Message:path already come
LOGWARNING
2016-12-09_13:21:14 FILE:../src/Object/AI/AIBrain.cpp FUNC:UpdatePath LINE:1177
 	  Message:path already come
LOGWARNING
2016-12-09_13:21:14 FILE:../src/Object/AI/AIBrain.cpp FUNC:UpdatePath LINE:1177
 	  Message:path already come
LOGWARNING
2016-12-09_13:21:14 FILE:../src/Object/AI/AIBrain.cpp FUNC:UpdatePath LINE:1177
 	  Message:path already come
LOGWARNING
2016-12-09_13:21:15 FILE:../src/Object/AI/AIBrain.cpp FUNC:UpdatePath LINE:1177
 	  Message:path already come
LOGWARNING
2016-12-09_13:21:15 FILE:../src/Object/AI/AIBrain.cpp FUNC:UpdatePath LINE:1177
 	  Message:path already come
LOGWARNING
2016-12-09_13:21:32 FILE:../src/Object/AI/AIBrain.cpp FUNC:UpdatePath LINE:1177
 	  Message:path already come
LOGWARNING
2016-12-09_13:22:04 FILE:../src/Object/AI/AIBrain.cpp FUNC:UpdatePath LINE:1177
 	  Message:path already come
LOGWARNING
2016-12-09_13:23:40 FILE:../src/Object/AI/AIBrain.cpp FUNC:UpdatePath LINE:1177
 	  Message:path already come
LOGWARNING
2016-12-09_13:24:07 FILE:../src/Object/AI/AIBrain.cpp FUNC:UpdatePath LINE:1177
 	  Message:path already come
LOGWARNING
2016-12-09_13:24:11 FILE:../src/Object/AI/AIBrain.cpp FUNC:UpdatePath LINE:1177
 	  Message:path already come
LOGWARNING
2016-12-09_13:32:40 FILE:../src/Object/AI/AIBrain.cpp FUNC:UpdatePath LINE:1177
 	  Message:path already come
LOGWARNING
2016-12-09_13:34:54 FILE:../src/Object/AI/AIBrain.cpp FUNC:UpdatePath LINE:1177
 	  Message:path already come
LOGWARNING
2016-12-09_13:35:25 FILE:../src/Object/AI/AIBrain.cpp FUNC:UpdatePath LINE:1177
 	  Message:path already come
LOGWARNING
2016-12-09_13:36:02 FILE:../src/Object/AI/AIBrain.cpp FUNC:UpdatePath LINE:1177
 	  Message:path already come
LOGWARNING
2016-12-09_13:38:59 FILE:../src/Object/AI/AIBrain.cpp FUNC:UpdatePath LINE:1177
 	  Message:path already come
LOGWARNING
2016-12-09_13:41:49 FILE:../src/Object/AI/AIBrain.cpp FUNC:UpdatePath LINE:1177
 	  Message:path already come
LOGWARNING
2016-12-09_13:44:55 FILE:../src/Object/AI/AIBrain.cpp FUNC:UpdatePath LINE:1177
 	  Message:path already come
LOGWARNING
2016-12-09_13:47:10 FILE:../src/Object/AI/AIBrain.cpp FUNC:UpdatePath LINE:1177
 	  Message:path already come
LOGWARNING
2016-12-09_13:47:47 FILE:../src/Object/AI/AIBrain.cpp FUNC:UpdatePath LINE:1177
 	  Message:path already come
LOGWARNING
2016-12-09_13:47:50 FILE:../src/Object/AI/AIBrain.cpp FUNC:UpdatePath LINE:1177
 	  Message:path already come
LOGWARNING
2016-12-09_13:48:56 FILE:../src/Object/AI/AIBrain.cpp FUNC:UpdatePath LINE:1177
 	  Message:path already come
LOGWARNING
2016-12-09_13:50:10 FILE:../src/Object/AI/AIBrain.cpp FUNC:UpdatePath LINE:1177
 	  Message:path already come
LOGWARNING
2016-12-09_13:53:10 FILE:../src/Object/AI/AIBrain.cpp FUNC:UpdatePath LINE:1177
 	  Message:path already come
LOGWARNING
2016-12-09_13:55:28 FILE:../src/Object/AI/AIBrain.cpp FUNC:UpdatePath LINE:1177
 	  Message:path already come
LOGWARNING
2016-12-09_13:55:52 FILE:../src/Object/AI/AIBrain.cpp FUNC:UpdatePath LINE:1177
 	  Message:path already come
LOGWARNING
2016-12-09_13:57:40 FILE:../src/Object/AI/AIBrain.cpp FUNC:UpdatePath LINE:1177
 	  Message:path already come
LOGWARNING
2016-12-09_13:59:22 FILE:../src/Object/AI/AIBrain.cpp FUNC:UpdatePath LINE:1177
 	  Message:path already come
LOGWARNING
2016-12-09_14:00:39 FILE:../src/Object/AI/AIBrain.cpp FUNC:UpdatePath LINE:1177
 	  Message:path already come
LOGWARNING
2016-12-09_14:00:40 FILE:../src/Object/AI/AIBrain.cpp FUNC:UpdatePath LINE:1177
 	  Message:path already come
LOGWARNING
2016-12-09_14:04:58 FILE:../src/Object/AI/AIBrain.cpp FUNC:UpdatePath LINE:1177
 	  Message:path already come
LOGWARNING
2016-12-09_14:05:19 FILE:../src/Object/AI/AIBrain.cpp FUNC:UpdatePath LINE:1177
 	  Message:path already come
LOGWARNING
2016-12-09_14:05:20 FILE:../src/Object/AI/AIBrain.cpp FUNC:UpdatePath LINE:1177
 	  Message:path already come
LOGWARNING
2016-12-09_14:05:21 FILE:../src/Object/AI/AIBrain.cpp FUNC:UpdatePath LINE:1177
 	  Message:path already come
LOGWARNING
2016-12-09_14:14:07 FILE:../src/Object/AI/AIBrain.cpp FUNC:UpdatePath LINE:1177
 	  Message:path already come
LOGWARNING
2016-12-09_14:14:25 FILE:../src/Object/AI/AIBrain.cpp FUNC:UpdatePath LINE:1177
 	  Message:path already come
LOGWARNING
2016-12-09_14:14:48 FILE:../src/Object/AI/AIBrain.cpp FUNC:UpdatePath LINE:1177
 	  Message:path already come