
LOGBASE
2016-12-19_15:40:22 FILE:../Network/DispatchMessage.cpp FUNC:Dispatch LINE:214
 	  Message:------------------ despatch request message[id=1007 , len=21] time[43005] too more-----------------
LOGBASE
2016-12-19_15:40:22 FILE:../Network/DispatchMessage.cpp FUNC:svr LINE:399
 	  Message:dispatch[index=0] message[count = 1] time = 43004538
LOGBASE
2016-12-19_15:40:25 FILE:../Network/DispatchMessage.cpp FUNC:Dispatch LINE:214
 	  Message:------------------ despatch request message[id=1007 , len=17] time[2893] too more-----------------
LOGBASE
2016-12-19_15:40:25 FILE:../Network/DispatchMessage.cpp FUNC:svr LINE:399
 	  Message:dispatch[index=0] message[count = 1] time = 2892756
LOGBASE
2016-12-19_15:47:07 FILE:../Network/EpollMain.cpp FUNC:svr LINE:363
 	  Message:client close channel[36] event 
LOGBASE
2016-12-19_15:47:07 FILE:../Network/Message_Facade.cpp FUNC:CloseChannel LINE:154
 	  Message:message facade close session[36] , @@@@@@@@@@@@@@@@@
LOGBASE
2016-12-19_15:47:07 FILE:../Network/EpollMain.cpp FUNC:EpollCtl LINE:455
 	  Message:epoll add socket event error